#! /opt/oss-cad-suite/bin/vvp
:ivl_version "13.0 (devel)" "(s20250103-31-g7e238e7ca)";
:ivl_delay_selection "TYPICAL";
:vpi_time_precision + 0;
:vpi_module "/opt/oss-cad-suite/lib/ivl/system.vpi";
:vpi_module "/opt/oss-cad-suite/lib/ivl/vhdl_sys.vpi";
:vpi_module "/opt/oss-cad-suite/lib/ivl/vhdl_textio.vpi";
:vpi_module "/opt/oss-cad-suite/lib/ivl/v2005_math.vpi";
:vpi_module "/opt/oss-cad-suite/lib/ivl/va_math.vpi";
S_0x555594009de0 .scope module, "top_module" "top_module" 2 1;
 .timescale 0 0;
    .port_info 0 /INPUT 1 "clk";
    .port_info 1 /INPUT 4 "X";
    .port_info 2 /INPUT 4 "Y";
    .port_info 3 /OUTPUT 8 "R";
L_0x5555940567e0 .functor BUFZ 8, L_0x555594056870, C4<00000000>, C4<00000000>, C4<00000000>;
L_0x555594056870 .functor BUFZ 8, L_0x555594056f50, C4<00000000>, C4<00000000>, C4<00000000>;
v0x55559400a000_0 .net "R", 7 0, L_0x5555940567e0;  1 drivers
o0x78e521be3048 .functor BUFZ 4, c4<zzzz>; HiZ drive
v0x555594055b60_0 .net "X", 3 0, o0x78e521be3048;  0 drivers
o0x78e521be3078 .functor BUFZ 4, c4<zzzz>; HiZ drive
v0x555594055c40_0 .net "Y", 3 0, o0x78e521be3078;  0 drivers
v0x555594055d00_0 .net *"_ivl_11", 0 0, L_0x555594056be0;  1 drivers
v0x555594055de0_0 .net *"_ivl_13", 3 0, L_0x555594056cb0;  1 drivers
v0x555594055f10_0 .net *"_ivl_5", 0 0, L_0x5555940568e0;  1 drivers
v0x555594055ff0_0 .net *"_ivl_7", 3 0, L_0x555594056980;  1 drivers
o0x78e521be3168 .functor BUFZ 1, c4<z>; HiZ drive
v0x5555940560d0_0 .net "clk", 0 0, o0x78e521be3168;  0 drivers
v0x555594056190_0 .net "n1", 7 0, L_0x555594056aa0;  1 drivers
v0x555594056300_0 .net "n2", 7 0, L_0x555594056dd0;  1 drivers
v0x5555940563e0_0 .net "n3", 7 0, L_0x555594056f50;  1 drivers
v0x5555940564c0_0 .net "rr", 7 0, L_0x555594056870;  1 drivers
o0x78e521be3258 .functor BUFZ 4, c4<zzzz>; HiZ drive
v0x5555940565a0_0 .net "xx", 3 0, o0x78e521be3258;  0 drivers
o0x78e521be3288 .functor BUFZ 4, c4<zzzz>; HiZ drive
v0x555594056680_0 .net "yy", 3 0, o0x78e521be3288;  0 drivers
L_0x5555940568e0 .part o0x78e521be3258, 3, 1;
L_0x555594056980 .repeat 4, 4, L_0x5555940568e0;
L_0x555594056aa0 .concat [ 4 4 0 0], o0x78e521be3258, L_0x555594056980;
L_0x555594056be0 .part o0x78e521be3288, 3, 1;
L_0x555594056cb0 .repeat 4, 4, L_0x555594056be0;
L_0x555594056dd0 .concat [ 4 4 0 0], o0x78e521be3288, L_0x555594056cb0;
L_0x555594056f50 .arith/mult 8, L_0x555594056aa0, L_0x555594056dd0;
# The file index is used to find the file name in the following table.
:file_names 3;
    "N/A";
    "<interactive>";
    "mult4_ghdl.v";
