#! /opt/oss-cad-suite/bin/vvp
:ivl_version "13.0 (devel)" "(s20250103-31-g7e238e7ca)";
:ivl_delay_selection "TYPICAL";
:vpi_time_precision + 0;
:vpi_module "/opt/oss-cad-suite/lib/ivl/system.vpi";
:vpi_module "/opt/oss-cad-suite/lib/ivl/vhdl_sys.vpi";
:vpi_module "/opt/oss-cad-suite/lib/ivl/vhdl_textio.vpi";
:vpi_module "/opt/oss-cad-suite/lib/ivl/v2005_math.vpi";
:vpi_module "/opt/oss-cad-suite/lib/ivl/va_math.vpi";
S_0x55557ad46a60 .scope module, "top_module" "top_module" 2 58;
 .timescale 0 0;
    .port_info 0 /INPUT 1 "clk";
    .port_info 1 /INPUT 34 "X";
    .port_info 2 /INPUT 34 "Y";
    .port_info 3 /OUTPUT 34 "R";
P_0x55557acc1900 .param/l "n85" 1 2 140, C4<000000000000000000000000000000000>;
L_0x55557ad41a50 .functor BUFZ 34, L_0x55557ad7b920, C4<0000000000000000000000000000000000>, C4<0000000000000000000000000000000000>, C4<0000000000000000000000000000000000>;
L_0x55557ad325b0 .functor BUFZ 1, L_0x55557ad75630, C4<0>, C4<0>, C4<0>;
L_0x55557ad32c30 .functor BUFZ 8, L_0x55557ad75880, C4<00000000>, C4<00000000>, C4<00000000>;
L_0x55557acfd600 .functor BUFZ 8, L_0x55557ad759c0, C4<00000000>, C4<00000000>, C4<00000000>;
L_0x55557ad32430 .functor BUFZ 10, L_0x55557ad75df0, C4<0000000000>, C4<0000000000>, C4<0000000000>;
L_0x55557ad740e0 .functor BUFZ 10, L_0x55557ad75ff0, C4<0000000000>, C4<0000000000>, C4<0000000000>;
L_0x55557ad741b0 .functor BUFZ 24, L_0x55557ad76270, C4<000000000000000000000000>, C4<000000000000000000000000>, C4<000000000000000000000000>;
L_0x55557ad742d0 .functor BUFZ 24, L_0x55557ad76500, C4<000000000000000000000000>, C4<000000000000000000000000>, C4<000000000000000000000000>;
L_0x55557ad74340 .functor BUFZ 48, L_0x55557ad75e90, C4<000000000000000000000000000000000000000000000000>, C4<000000000000000000000000000000000000000000000000>, C4<000000000000000000000000000000000000000000000000>;
L_0x55557ad744a0 .functor BUFZ 4, L_0x55557ad76a70, C4<0000>, C4<0000>, C4<0000>;
L_0x55557ad74540 .functor BUFZ 2, v0x55557ad61590_0, C4<00>, C4<00>, C4<00>;
L_0x55557ad746f0 .functor BUFZ 1, L_0x55557ad77ba0, C4<0>, C4<0>, C4<0>;
L_0x55557ad74920 .functor BUFZ 10, L_0x55557ad77ef0, C4<0000000000>, C4<0000000000>, C4<0000000000>;
L_0x55557ad74a90 .functor BUFZ 48, L_0x55557ad784a0, C4<000000000000000000000000000000000000000000000000>, C4<000000000000000000000000000000000000000000000000>, C4<000000000000000000000000000000000000000000000000>;
L_0x55557ad74ce0 .functor BUFZ 33, L_0x55557ad78b10, C4<000000000000000000000000000000000>, C4<000000000000000000000000000000000>, C4<000000000000000000000000000000000>;
L_0x55557ad74da0 .functor BUFZ 1, L_0x55557ad78ca0, C4<0>, C4<0>, C4<0>;
L_0x55557ad74f30 .functor BUFZ 1, L_0x55557ad79210, C4<0>, C4<0>, C4<0>;
L_0x55557ad75000 .functor BUFZ 1, L_0x55557ad798a0, C4<0>, C4<0>, C4<0>;
L_0x55557ad75190 .functor BUFZ 33, L_0x55557ad79b30, C4<000000000000000000000000000000000>, C4<000000000000000000000000000000000>, C4<000000000000000000000000000000000>;
L_0x55557ad75280 .functor BUFZ 2, v0x55557ad5eda0_0, C4<00>, C4<00>, C4<00>;
L_0x55557ad75630 .functor XOR 1, L_0x55557ad749f0, L_0x55557ad75530, C4<0>, C4<0>;
L_0x55557ad76690 .functor OR 1, L_0x55557ad76b60, L_0x55557ad76d30, C4<0>, C4<0>;
L_0x55557ad77090 .functor OR 1, L_0x55557ad76690, L_0x55557ad76ec0, C4<0>, C4<0>;
L_0x55557ad77530 .functor OR 1, L_0x55557ad77340, L_0x55557ad76ff0, C4<0>, C4<0>;
L_0x55557ad777f0 .functor OR 1, L_0x55557ad77530, L_0x55557ad77640, C4<0>, C4<0>;
L_0x55557ad77f90 .functor NOT 1, L_0x55557ad793f0, C4<0>, C4<0>, C4<0>;
L_0x55557ad790e0 .functor AND 1, L_0x55557ad74f30, L_0x55557ad77f90, C4<1>, C4<1>;
L_0x55557ad79790 .functor OR 1, L_0x55557ad790e0, L_0x55557ad796f0, C4<0>, C4<0>;
L_0x55557ad798a0 .functor AND 1, L_0x55557ad74da0, L_0x55557ad79790, C4<1>, C4<1>;
L_0x55557ad79de0 .functor OR 1, L_0x55557ad7a740, L_0x55557ad7a870, C4<0>, C4<0>;
L_0x55557ad7b0b0 .functor OR 1, L_0x55557ad7ad00, L_0x55557ad7afc0, C4<0>, C4<0>;
L_0x55557ad7b490 .functor OR 1, L_0x55557ad7b0b0, L_0x55557ad79a00, C4<0>, C4<0>;
v0x55557ad5c1b0_0 .net "R", 33 0, L_0x55557ad41a50;  1 drivers
o0x74220ff35648 .functor BUFZ 34, c4<zzzzzzzzzzzzzzzzzzzzzzzzzzzzzzzzzz>; HiZ drive
v0x55557ad5c2b0_0 .net "X", 33 0, o0x74220ff35648;  0 drivers
o0x74220ff35678 .functor BUFZ 34, c4<zzzzzzzzzzzzzzzzzzzzzzzzzzzzzzzzzz>; HiZ drive
v0x55557ad5c390_0 .net "Y", 33 0, o0x74220ff35678;  0 drivers
L_0x74220feec1c8 .functor BUFT 1, C4<0001>, C4<0>, C4<0>, C4<0>;
v0x55557ad5c450_0 .net/2u *"_ivl_100", 3 0, L_0x74220feec1c8;  1 drivers
L_0x74220feec210 .functor BUFT 1, C4<0100>, C4<0>, C4<0>, C4<0>;
v0x55557ad5c530_0 .net/2u *"_ivl_106", 3 0, L_0x74220feec210;  1 drivers
L_0x74220feec258 .functor BUFT 1, C4<0101>, C4<0>, C4<0>, C4<0>;
v0x55557ad5c610_0 .net/2u *"_ivl_112", 3 0, L_0x74220feec258;  1 drivers
L_0x74220feec2a0 .functor BUFT 1, C4<0110>, C4<0>, C4<0>, C4<0>;
v0x55557ad5c6f0_0 .net/2u *"_ivl_116", 3 0, L_0x74220feec2a0;  1 drivers
L_0x74220feec2e8 .functor BUFT 1, C4<1001>, C4<0>, C4<0>, C4<0>;
v0x55557ad5c7d0_0 .net/2u *"_ivl_120", 3 0, L_0x74220feec2e8;  1 drivers
L_0x74220feec330 .functor BUFT 1, C4<1010>, C4<0>, C4<0>, C4<0>;
v0x55557ad5c8b0_0 .net/2u *"_ivl_126", 3 0, L_0x74220feec330;  1 drivers
L_0x74220feec378 .functor BUFT 1, C4<000000000>, C4<0>, C4<0>, C4<0>;
v0x55557ad5ca20_0 .net/2u *"_ivl_136", 8 0, L_0x74220feec378;  1 drivers
L_0x74220feec3c0 .functor BUFT 1, C4<0>, C4<0>, C4<0>, C4<0>;
v0x55557ad5cb00_0 .net/2u *"_ivl_144", 0 0, L_0x74220feec3c0;  1 drivers
L_0x74220feec408 .functor BUFT 1, C4<00>, C4<0>, C4<0>, C4<0>;
v0x55557ad5cbe0_0 .net/2u *"_ivl_152", 1 0, L_0x74220feec408;  1 drivers
L_0x74220feec450 .functor BUFT 1, C4<000000000000000000000000>, C4<0>, C4<0>, C4<0>;
v0x55557ad5ccc0_0 .net/2u *"_ivl_164", 23 0, L_0x74220feec450;  1 drivers
L_0x74220feec498 .functor BUFT 1, C4<0>, C4<0>, C4<0>, C4<0>;
v0x55557ad5cda0_0 .net/2u *"_ivl_168", 0 0, L_0x74220feec498;  1 drivers
L_0x74220feec4e0 .functor BUFT 1, C4<1>, C4<0>, C4<0>, C4<0>;
v0x55557ad5ce80_0 .net/2u *"_ivl_170", 0 0, L_0x74220feec4e0;  1 drivers
L_0x74220feec5b8 .functor BUFT 1, C4<00>, C4<0>, C4<0>, C4<0>;
v0x55557ad5cf60_0 .net/2u *"_ivl_190", 1 0, L_0x74220feec5b8;  1 drivers
L_0x74220feec600 .functor BUFT 1, C4<01>, C4<0>, C4<0>, C4<0>;
v0x55557ad5d040_0 .net/2u *"_ivl_194", 1 0, L_0x74220feec600;  1 drivers
L_0x74220feec648 .functor BUFT 1, C4<11>, C4<0>, C4<0>, C4<0>;
v0x55557ad5d230_0 .net/2u *"_ivl_198", 1 0, L_0x74220feec648;  1 drivers
L_0x74220feec690 .functor BUFT 1, C4<10>, C4<0>, C4<0>, C4<0>;
v0x55557ad5d310_0 .net/2u *"_ivl_202", 1 0, L_0x74220feec690;  1 drivers
L_0x74220feec6d8 .functor BUFT 1, C4<11>, C4<0>, C4<0>, C4<0>;
v0x55557ad5d3f0_0 .net/2u *"_ivl_210", 1 0, L_0x74220feec6d8;  1 drivers
L_0x74220feec720 .functor BUFT 1, C4<10>, C4<0>, C4<0>, C4<0>;
v0x55557ad5d4d0_0 .net/2u *"_ivl_214", 1 0, L_0x74220feec720;  1 drivers
L_0x74220feec768 .functor BUFT 1, C4<00>, C4<0>, C4<0>, C4<0>;
v0x55557ad5d5b0_0 .net/2u *"_ivl_220", 1 0, L_0x74220feec768;  1 drivers
L_0x74220feec060 .functor BUFT 1, C4<00>, C4<0>, C4<0>, C4<0>;
v0x55557ad5d690_0 .net/2u *"_ivl_66", 1 0, L_0x74220feec060;  1 drivers
L_0x74220feec0a8 .functor BUFT 1, C4<00>, C4<0>, C4<0>, C4<0>;
v0x55557ad5d770_0 .net/2u *"_ivl_70", 1 0, L_0x74220feec0a8;  1 drivers
L_0x74220feec0f0 .functor BUFT 1, C4<1>, C4<0>, C4<0>, C4<0>;
v0x55557ad5d850_0 .net/2u *"_ivl_80", 0 0, L_0x74220feec0f0;  1 drivers
L_0x74220feec138 .functor BUFT 1, C4<1>, C4<0>, C4<0>, C4<0>;
v0x55557ad5d930_0 .net/2u *"_ivl_86", 0 0, L_0x74220feec138;  1 drivers
L_0x74220feec180 .functor BUFT 1, C4<0000>, C4<0>, C4<0>, C4<0>;
v0x55557ad5da10_0 .net/2u *"_ivl_96", 3 0, L_0x74220feec180;  1 drivers
L_0x74220feec018 .functor BUFT 1, C4<0001111111>, C4<0>, C4<0>, C4<0>;
v0x55557ad5daf0_0 .net "bias", 9 0, L_0x74220feec018;  1 drivers
v0x55557ad5dbd0_0 .net "bias_d1", 9 0, v0x55557ad5f820_0;  1 drivers
o0x74220ff350a8 .functor BUFZ 1, c4<z>; HiZ drive
v0x55557ad5dcb0_0 .net "clk", 0 0, o0x74220ff350a8;  0 drivers
v0x55557ad5dd50_0 .net "exc", 1 0, L_0x55557ad74540;  1 drivers
v0x55557ad5de30_0 .net "exc_d1", 1 0, v0x55557ad5f9c0_0;  1 drivers
v0x55557ad5df10_0 .net "excpostnorm", 1 0, L_0x55557ad75280;  1 drivers
v0x55557ad5e200_0 .net "excsel", 3 0, L_0x55557ad744a0;  1 drivers
v0x55557ad5e2e0_0 .net "exppostnorm", 9 0, L_0x55557ad74920;  1 drivers
v0x55557ad5e3c0_0 .net "expsig", 32 0, L_0x55557ad74ce0;  1 drivers
v0x55557ad5e480_0 .net "expsigpostround", 32 0, L_0x55557ad75190;  1 drivers
v0x55557ad5e540_0 .net "expsum", 9 0, L_0x55557ad740e0;  1 drivers
v0x55557ad5e620_0 .net "expsumpresub", 9 0, L_0x55557ad32430;  1 drivers
v0x55557ad5e700_0 .net "expsumpresub_d1", 9 0, v0x55557ad5f740_0;  1 drivers
v0x55557ad5e7e0_0 .net "expx", 7 0, L_0x55557ad32c30;  1 drivers
v0x55557ad5e8c0_0 .net "expy", 7 0, L_0x55557acfd600;  1 drivers
v0x55557ad5e9a0_0 .net "finalexc", 1 0, v0x55557ad5f300_0;  1 drivers
v0x55557ad5ea80_0 .net "guard", 0 0, L_0x55557ad74f30;  1 drivers
v0x55557ad5eb40_0 .net "n100", 0 0, L_0x55557ad7a870;  1 drivers
v0x55557ad5ec00_0 .net "n101", 0 0, L_0x55557ad79de0;  1 drivers
v0x55557ad5ecc0_0 .net "n103", 2 0, L_0x55557ad7ab70;  1 drivers
v0x55557ad5eda0_0 .var "n104", 1 0;
v0x55557ad5ee80_0 .net "n106", 0 0, L_0x55557ad7ad00;  1 drivers
v0x55557ad5ef40_0 .net "n108", 0 0, L_0x55557ad7afc0;  1 drivers
v0x55557ad5f000_0 .net "n109", 0 0, L_0x55557ad7b0b0;  1 drivers
v0x55557ad5f0c0_0 .net "n11", 0 0, L_0x55557ad749f0;  1 drivers
v0x55557ad5f180_0 .net "n111", 0 0, L_0x55557ad79a00;  1 drivers
v0x55557ad5f240_0 .net "n112", 0 0, L_0x55557ad7b490;  1 drivers
v0x55557ad5f300_0 .var "n113", 1 0;
v0x55557ad5f3e0_0 .net "n114", 2 0, L_0x55557ad7b5a0;  1 drivers
v0x55557ad5f4c0_0 .net "n115", 30 0, L_0x55557ad7b6e0;  1 drivers
v0x55557ad5f5a0_0 .net "n116", 33 0, L_0x55557ad7b920;  1 drivers
v0x55557ad5f680_0 .var "n117", 0 0;
v0x55557ad5f740_0 .var "n118", 9 0;
v0x55557ad5f820_0 .var "n119", 9 0;
v0x55557ad5f900_0 .net "n12", 0 0, L_0x55557ad75530;  1 drivers
v0x55557ad5f9c0_0 .var "n120", 1 0;
v0x55557ad5faa0_0 .var "n121", 0 0;
v0x55557ad5fb60_0 .var "n122", 47 0;
v0x55557ad60050_0 .net "n13", 0 0, L_0x55557ad75630;  1 drivers
v0x55557ad60110_0 .net "n14", 7 0, L_0x55557ad75880;  1 drivers
v0x55557ad601f0_0 .net "n15", 7 0, L_0x55557ad759c0;  1 drivers
v0x55557ad602d0_0 .net "n17", 9 0, L_0x55557ad75b30;  1 drivers
v0x55557ad603b0_0 .net "n19", 9 0, L_0x55557ad75c70;  1 drivers
v0x55557ad60490_0 .net "n20", 9 0, L_0x55557ad75df0;  1 drivers
v0x55557ad60570_0 .net "n22", 9 0, L_0x55557ad75ff0;  1 drivers
v0x55557ad60650_0 .net "n23", 22 0, L_0x55557ad761d0;  1 drivers
v0x55557ad60730_0 .net "n25", 23 0, L_0x55557ad76270;  1 drivers
v0x55557ad60810_0 .net "n26", 22 0, L_0x55557ad76460;  1 drivers
v0x55557ad608f0_0 .net "n28", 23 0, L_0x55557ad76500;  1 drivers
v0x55557ad609d0_0 .net "n32", 1 0, L_0x55557ad768b0;  1 drivers
v0x55557ad60ab0_0 .net "n33", 1 0, L_0x55557ad76950;  1 drivers
v0x55557ad60b90_0 .net "n34", 3 0, L_0x55557ad76a70;  1 drivers
v0x55557ad60c70_0 .net "n37", 0 0, L_0x55557ad76b60;  1 drivers
v0x55557ad60d30_0 .net "n39", 0 0, L_0x55557ad76d30;  1 drivers
v0x55557ad60df0_0 .net "n40", 0 0, L_0x55557ad76690;  1 drivers
v0x55557ad60eb0_0 .net "n42", 0 0, L_0x55557ad76ec0;  1 drivers
v0x55557ad60f70_0 .net "n43", 0 0, L_0x55557ad77090;  1 drivers
v0x55557ad61030_0 .net "n46", 0 0, L_0x55557ad772a0;  1 drivers
v0x55557ad610f0_0 .net "n49", 0 0, L_0x55557ad77340;  1 drivers
v0x55557ad611b0_0 .net "n51", 0 0, L_0x55557ad76ff0;  1 drivers
v0x55557ad61270_0 .net "n52", 0 0, L_0x55557ad77530;  1 drivers
v0x55557ad61330_0 .net "n54", 0 0, L_0x55557ad77640;  1 drivers
v0x55557ad613f0_0 .net "n55", 0 0, L_0x55557ad777f0;  1 drivers
v0x55557ad614b0_0 .net "n57", 2 0, L_0x55557ad77a10;  1 drivers
v0x55557ad61590_0 .var "n58", 1 0;
v0x55557ad61670_0 .net "n59", 0 0, L_0x55557ad77ba0;  1 drivers
v0x55557ad61730_0 .net "n61", 9 0, L_0x55557ad77db0;  1 drivers
v0x55557ad61810_0 .net "n62", 9 0, L_0x55557ad77ef0;  1 drivers
v0x55557ad618f0_0 .net "n63", 46 0, L_0x55557ad781d0;  1 drivers
v0x55557ad619d0_0 .net "n65", 47 0, L_0x55557ad78270;  1 drivers
v0x55557ad61ab0_0 .net "n66", 47 0, L_0x55557ad784a0;  1 drivers
v0x55557ad61b90_0 .net "n67", 45 0, L_0x55557ad78630;  1 drivers
v0x55557ad61c70_0 .net "n69", 47 0, L_0x55557ad787d0;  1 drivers
v0x55557ad61d50_0 .net "n70", 22 0, L_0x55557ad78910;  1 drivers
v0x55557ad61e30_0 .net "n71", 32 0, L_0x55557ad78b10;  1 drivers
v0x55557ad61f10_0 .net "n72", 0 0, L_0x55557ad78ca0;  1 drivers
v0x55557ad61fd0_0 .net "n74", 23 0, L_0x55557ad78f00;  1 drivers
v0x55557ad620b0_0 .net "n76", 0 0, L_0x55557ad78fa0;  1 drivers
v0x55557ad62170_0 .net "n77", 0 0, L_0x55557ad79210;  1 drivers
v0x55557ad62230_0 .net "n79", 0 0, L_0x55557ad793f0;  1 drivers
v0x55557ad622f0_0 .net "n80", 0 0, L_0x55557ad77f90;  1 drivers
v0x55557ad623b0_0 .net "n81", 0 0, L_0x55557ad790e0;  1 drivers
v0x55557ad62470_0 .net "n82", 0 0, L_0x55557ad796f0;  1 drivers
v0x55557ad62530_0 .net "n83", 0 0, L_0x55557ad79790;  1 drivers
v0x55557ad625f0_0 .net "n84", 0 0, L_0x55557ad798a0;  1 drivers
v0x55557ad626b0_0 .net "n89", 1 0, L_0x55557ad7a170;  1 drivers
v0x55557ad62790_0 .net "n92", 0 0, L_0x55557ad7a3b0;  1 drivers
v0x55557ad62850_0 .net "n95", 0 0, L_0x55557ad7a4f0;  1 drivers
v0x55557ad62910_0 .net "n98", 0 0, L_0x55557ad7a740;  1 drivers
v0x55557ad629d0_0 .net "norm", 0 0, L_0x55557ad746f0;  1 drivers
v0x55557ad62a90_0 .net "norm_d1", 0 0, v0x55557ad5faa0_0;  1 drivers
v0x55557ad62b50_0 .net "round", 0 0, L_0x55557ad75000;  1 drivers
v0x55557ad62bf0_0 .net "roundingadder_n86", 32 0, L_0x55557ad79b30;  1 drivers
v0x55557ad62cc0_0 .net "sign", 0 0, L_0x55557ad325b0;  1 drivers
v0x55557ad62d60_0 .net "sign_d1", 0 0, v0x55557ad5f680_0;  1 drivers
v0x55557ad62e20_0 .net "significandmultiplication_n29", 47 0, L_0x55557ad75e90;  1 drivers
v0x55557ad62f10_0 .net "sigprod", 47 0, L_0x55557ad74340;  1 drivers
v0x55557ad62fd0_0 .net "sigprodext", 47 0, L_0x55557ad74a90;  1 drivers
v0x55557ad630b0_0 .net "sigprodext_d1", 47 0, v0x55557ad5fb60_0;  1 drivers
v0x55557ad63190_0 .net "sigx", 23 0, L_0x55557ad741b0;  1 drivers
v0x55557ad63280_0 .net "sigy", 23 0, L_0x55557ad742d0;  1 drivers
v0x55557ad63350_0 .net "sticky", 0 0, L_0x55557ad74da0;  1 drivers
E_0x55557acc15a0 .event anyedge, v0x55557ad5f240_0, v0x55557ad5de30_0, v0x55557ad5df10_0;
E_0x55557acf9c50 .event anyedge, v0x55557ad5ecc0_0;
E_0x55557acfaa70 .event anyedge, v0x55557ad614b0_0;
L_0x55557ad749f0 .part o0x74220ff35648, 31, 1;
L_0x55557ad75530 .part o0x74220ff35678, 31, 1;
L_0x55557ad75880 .part o0x74220ff35648, 23, 8;
L_0x55557ad759c0 .part o0x74220ff35678, 23, 8;
L_0x55557ad75b30 .concat [ 8 2 0 0], L_0x55557ad32c30, L_0x74220feec060;
L_0x55557ad75c70 .concat [ 8 2 0 0], L_0x55557acfd600, L_0x74220feec0a8;
L_0x55557ad75df0 .arith/sum 10, L_0x55557ad75b30, L_0x55557ad75c70;
L_0x55557ad75ff0 .arith/sub 10, v0x55557ad5f740_0, v0x55557ad5f820_0;
L_0x55557ad761d0 .part o0x74220ff35648, 0, 23;
L_0x55557ad76270 .concat [ 23 1 0 0], L_0x55557ad761d0, L_0x74220feec0f0;
L_0x55557ad76460 .part o0x74220ff35678, 0, 23;
L_0x55557ad76500 .concat [ 23 1 0 0], L_0x55557ad76460, L_0x74220feec138;
L_0x55557ad768b0 .part o0x74220ff35648, 32, 2;
L_0x55557ad76950 .part o0x74220ff35678, 32, 2;
L_0x55557ad76a70 .concat [ 2 2 0 0], L_0x55557ad76950, L_0x55557ad768b0;
L_0x55557ad76b60 .cmp/eq 4, L_0x55557ad744a0, L_0x74220feec180;
L_0x55557ad76d30 .cmp/eq 4, L_0x55557ad744a0, L_0x74220feec1c8;
L_0x55557ad76ec0 .cmp/eq 4, L_0x55557ad744a0, L_0x74220feec210;
L_0x55557ad772a0 .cmp/eq 4, L_0x55557ad744a0, L_0x74220feec258;
L_0x55557ad77340 .cmp/eq 4, L_0x55557ad744a0, L_0x74220feec2a0;
L_0x55557ad76ff0 .cmp/eq 4, L_0x55557ad744a0, L_0x74220feec2e8;
L_0x55557ad77640 .cmp/eq 4, L_0x55557ad744a0, L_0x74220feec330;
L_0x55557ad77a10 .concat [ 1 1 1 0], L_0x55557ad77090, L_0x55557ad772a0, L_0x55557ad777f0;
L_0x55557ad77ba0 .part L_0x55557ad74340, 47, 1;
L_0x55557ad77db0 .concat [ 1 9 0 0], v0x55557ad5faa0_0, L_0x74220feec378;
L_0x55557ad77ef0 .arith/sum 10, L_0x55557ad740e0, L_0x55557ad77db0;
L_0x55557ad781d0 .part L_0x55557ad74340, 0, 47;
L_0x55557ad78270 .concat [ 1 47 0 0], L_0x74220feec3c0, L_0x55557ad781d0;
L_0x55557ad784a0 .functor MUXZ 48, L_0x55557ad787d0, L_0x55557ad78270, L_0x55557ad746f0, C4<>;
L_0x55557ad78630 .part L_0x55557ad74340, 0, 46;
L_0x55557ad787d0 .concat [ 2 46 0 0], L_0x74220feec408, L_0x55557ad78630;
L_0x55557ad78910 .part v0x55557ad5fb60_0, 25, 23;
L_0x55557ad78b10 .concat [ 23 10 0 0], L_0x55557ad78910, L_0x55557ad74920;
L_0x55557ad78ca0 .part L_0x55557ad74a90, 24, 1;
L_0x55557ad78f00 .part L_0x55557ad74a90, 0, 24;
L_0x55557ad78fa0 .cmp/eq 24, L_0x55557ad78f00, L_0x74220feec450;
L_0x55557ad79210 .functor MUXZ 1, L_0x74220feec4e0, L_0x74220feec498, L_0x55557ad78fa0, C4<>;
L_0x55557ad793f0 .part L_0x55557ad74a90, 25, 1;
L_0x55557ad796f0 .part L_0x55557ad74a90, 25, 1;
L_0x55557ad7a170 .part L_0x55557ad75190, 31, 2;
L_0x55557ad7a3b0 .cmp/eq 2, L_0x55557ad7a170, L_0x74220feec5b8;
L_0x55557ad7a4f0 .cmp/eq 2, L_0x55557ad7a170, L_0x74220feec600;
L_0x55557ad7a740 .cmp/eq 2, L_0x55557ad7a170, L_0x74220feec648;
L_0x55557ad7a870 .cmp/eq 2, L_0x55557ad7a170, L_0x74220feec690;
L_0x55557ad7ab70 .concat [ 1 1 1 0], L_0x55557ad7a3b0, L_0x55557ad7a4f0, L_0x55557ad79de0;
L_0x55557ad7ad00 .cmp/eq 2, v0x55557ad5f9c0_0, L_0x74220feec6d8;
L_0x55557ad7afc0 .cmp/eq 2, v0x55557ad5f9c0_0, L_0x74220feec720;
L_0x55557ad79a00 .cmp/eq 2, v0x55557ad5f9c0_0, L_0x74220feec768;
L_0x55557ad7b5a0 .concat [ 1 2 0 0], v0x55557ad5f680_0, v0x55557ad5f300_0;
L_0x55557ad7b6e0 .part L_0x55557ad75190, 0, 31;
L_0x55557ad7b920 .concat [ 31 3 0 0], L_0x55557ad7b6e0, L_0x55557ad7b5a0;
S_0x55557ad3d140 .scope module, "roundingadder" "intadder_33_freq500_uid9" 2 330, 2 1 0, S_0x55557ad46a60;
 .timescale 0 0;
    .port_info 0 /INPUT 1 "clk";
    .port_info 1 /INPUT 33 "x";
    .port_info 2 /INPUT 33 "y";
    .port_info 3 /INPUT 1 "cin";
    .port_info 4 /OUTPUT 33 "r";
L_0x55557ad79b30 .functor BUFZ 33, L_0x55557ad79ba0, C4<000000000000000000000000000000000>, C4<000000000000000000000000000000000>, C4<000000000000000000000000000000000>;
L_0x55557ad79ba0 .functor BUFZ 33, L_0x55557ad79fe0, C4<000000000000000000000000000000000>, C4<000000000000000000000000000000000>, C4<000000000000000000000000000000000>;
L_0x74220feec528 .functor BUFT 1, C4<00000000000000000000000000000000>, C4<0>, C4<0>, C4<0>;
v0x55557ad4a010_0 .net/2u *"_ivl_10", 31 0, L_0x74220feec528;  1 drivers
v0x55557ad4a310_0 .net "cin", 0 0, L_0x55557ad75000;  alias, 1 drivers
v0x55557ad4a5f0_0 .net "cin_d1", 0 0, v0x55557ad5b290_0;  1 drivers
v0x55557ad4a940_0 .net "clk", 0 0, o0x74220ff350a8;  alias, 0 drivers
v0x55557ad41d50_0 .net "n134", 32 0, L_0x55557ad79d40;  1 drivers
v0x55557ad32900_0 .net "n135", 32 0, L_0x55557ad79ea0;  1 drivers
v0x55557ad32100_0 .net "n136", 32 0, L_0x55557ad79fe0;  1 drivers
v0x55557ad5b1b0_0 .var "n137", 32 0;
v0x55557ad5b290_0 .var "n138", 0 0;
v0x55557ad5b350_0 .net "r", 32 0, L_0x55557ad79b30;  alias, 1 drivers
v0x55557ad5b430_0 .net "rtmp", 32 0, L_0x55557ad79ba0;  1 drivers
v0x55557ad5b510_0 .net "x", 32 0, L_0x55557ad74ce0;  alias, 1 drivers
L_0x74220feec570 .functor BUFT 1, C4<000000000000000000000000000000000>, C4<0>, C4<0>, C4<0>;
v0x55557ad5b5f0_0 .net "y", 32 0, L_0x74220feec570;  1 drivers
v0x55557ad5b6d0_0 .net "y_d1", 32 0, v0x55557ad5b1b0_0;  1 drivers
E_0x55557ace56a0 .event posedge, v0x55557ad4a940_0;
L_0x55557ad79d40 .arith/sum 33, L_0x55557ad74ce0, v0x55557ad5b1b0_0;
L_0x55557ad79ea0 .concat [ 1 32 0 0], v0x55557ad5b290_0, L_0x74220feec528;
L_0x55557ad79fe0 .arith/sum 33, L_0x55557ad79d40, L_0x55557ad79ea0;
S_0x55557ad42f60 .scope module, "significandmultiplication" "intmultiplier_24x24_48_freq500_uid5" 2 247, 2 36 0, S_0x55557ad46a60;
 .timescale 0 0;
    .port_info 0 /INPUT 1 "clk";
    .port_info 1 /INPUT 24 "x";
    .port_info 2 /INPUT 24 "y";
    .port_info 3 /OUTPUT 48 "r";
L_0x55557ad75e90 .functor BUFZ 48, L_0x55557ad76700, C4<000000000000000000000000000000000000000000000000>, C4<000000000000000000000000000000000000000000000000>, C4<000000000000000000000000000000000000000000000000>;
L_0x55557ad76700 .functor BUFZ 48, L_0x55557ad767c0, C4<000000000000000000000000000000000000000000000000>, C4<000000000000000000000000000000000000000000000000>, C4<000000000000000000000000000000000000000000000000>;
v0x55557ad5b870_0 .net "clk", 0 0, o0x74220ff350a8;  alias, 0 drivers
L_0x74220feec7b0 .functor BUFT 1, C4<000000000000000000000000zzzzzzzzzzzzzzzzzzzzzzzz>, C4<0>, C4<0>, C4<0>;
v0x55557ad5b910_0 .net "n124", 47 0, L_0x74220feec7b0;  1 drivers
L_0x74220feec7f8 .functor BUFT 1, C4<000000000000000000000000zzzzzzzzzzzzzzzzzzzzzzzz>, C4<0>, C4<0>, C4<0>;
v0x55557ad5b9d0_0 .net "n125", 47 0, L_0x74220feec7f8;  1 drivers
v0x55557ad5bac0_0 .net "n126", 47 0, L_0x55557ad767c0;  1 drivers
v0x55557ad5bba0_0 .net "r", 47 0, L_0x55557ad75e90;  alias, 1 drivers
v0x55557ad5bcd0_0 .net "rr", 47 0, L_0x55557ad76700;  1 drivers
v0x55557ad5bdb0_0 .net "x", 23 0, L_0x55557ad741b0;  alias, 1 drivers
o0x74220ff354c8 .functor BUFZ 24, c4<zzzzzzzzzzzzzzzzzzzzzzzz>; HiZ drive
v0x55557ad5be90_0 .net "xx", 23 0, o0x74220ff354c8;  0 drivers
v0x55557ad5bf70_0 .net "y", 23 0, L_0x55557ad742d0;  alias, 1 drivers
o0x74220ff35528 .functor BUFZ 24, c4<zzzzzzzzzzzzzzzzzzzzzzzz>; HiZ drive
v0x55557ad5c050_0 .net "yy", 23 0, o0x74220ff35528;  0 drivers
L_0x55557ad767c0 .arith/mult 48, L_0x74220feec7b0, L_0x74220feec7f8;
    .scope S_0x55557ad3d140;
T_0 ;
    %wait E_0x55557ace56a0;
    %load/vec4 v0x55557ad5b5f0_0;
    %assign/vec4 v0x55557ad5b1b0_0, 0;
    %jmp T_0;
    .thread T_0;
    .scope S_0x55557ad3d140;
T_1 ;
    %wait E_0x55557ace56a0;
    %load/vec4 v0x55557ad4a310_0;
    %assign/vec4 v0x55557ad5b290_0, 0;
    %jmp T_1;
    .thread T_1;
    .scope S_0x55557ad46a60;
T_2 ;
    %wait E_0x55557acfaa70;
    %load/vec4 v0x55557ad614b0_0;
    %dup/vec4;
    %pushi/vec4 4, 0, 3;
    %cmp/u;
    %jmp/1 T_2.0, 6;
    %dup/vec4;
    %pushi/vec4 2, 0, 3;
    %cmp/u;
    %jmp/1 T_2.1, 6;
    %dup/vec4;
    %pushi/vec4 1, 0, 3;
    %cmp/u;
    %jmp/1 T_2.2, 6;
    %pushi/vec4 3, 0, 2;
    %store/vec4 v0x55557ad61590_0, 0, 2;
    %jmp T_2.4;
T_2.0 ;
    %pushi/vec4 2, 0, 2;
    %store/vec4 v0x55557ad61590_0, 0, 2;
    %jmp T_2.4;
T_2.1 ;
    %pushi/vec4 1, 0, 2;
    %store/vec4 v0x55557ad61590_0, 0, 2;
    %jmp T_2.4;
T_2.2 ;
    %pushi/vec4 0, 0, 2;
    %store/vec4 v0x55557ad61590_0, 0, 2;
    %jmp T_2.4;
T_2.4 ;
    %pop/vec4 1;
    %jmp T_2;
    .thread T_2, $push;
    .scope S_0x55557ad46a60;
T_3 ;
    %wait E_0x55557acf9c50;
    %load/vec4 v0x55557ad5ecc0_0;
    %dup/vec4;
    %pushi/vec4 4, 0, 3;
    %cmp/u;
    %jmp/1 T_3.0, 6;
    %dup/vec4;
    %pushi/vec4 2, 0, 3;
    %cmp/u;
    %jmp/1 T_3.1, 6;
    %dup/vec4;
    %pushi/vec4 1, 0, 3;
    %cmp/u;
    %jmp/1 T_3.2, 6;
    %pushi/vec4 3, 0, 2;
    %store/vec4 v0x55557ad5eda0_0, 0, 2;
    %jmp T_3.4;
T_3.0 ;
    %pushi/vec4 0, 0, 2;
    %store/vec4 v0x55557ad5eda0_0, 0, 2;
    %jmp T_3.4;
T_3.1 ;
    %pushi/vec4 2, 0, 2;
    %store/vec4 v0x55557ad5eda0_0, 0, 2;
    %jmp T_3.4;
T_3.2 ;
    %pushi/vec4 1, 0, 2;
    %store/vec4 v0x55557ad5eda0_0, 0, 2;
    %jmp T_3.4;
T_3.4 ;
    %pop/vec4 1;
    %jmp T_3;
    .thread T_3, $push;
    .scope S_0x55557ad46a60;
T_4 ;
    %wait E_0x55557acc15a0;
    %load/vec4 v0x55557ad5f240_0;
    %dup/vec4;
    %pushi/vec4 1, 0, 1;
    %cmp/u;
    %jmp/1 T_4.0, 6;
    %load/vec4 v0x55557ad5df10_0;
    %store/vec4 v0x55557ad5f300_0, 0, 2;
    %jmp T_4.2;
T_4.0 ;
    %load/vec4 v0x55557ad5de30_0;
    %store/vec4 v0x55557ad5f300_0, 0, 2;
    %jmp T_4.2;
T_4.2 ;
    %pop/vec4 1;
    %jmp T_4;
    .thread T_4, $push;
    .scope S_0x55557ad46a60;
T_5 ;
    %wait E_0x55557ace56a0;
    %load/vec4 v0x55557ad62cc0_0;
    %assign/vec4 v0x55557ad5f680_0, 0;
    %jmp T_5;
    .thread T_5;
    .scope S_0x55557ad46a60;
T_6 ;
    %wait E_0x55557ace56a0;
    %load/vec4 v0x55557ad5e620_0;
    %assign/vec4 v0x55557ad5f740_0, 0;
    %jmp T_6;
    .thread T_6;
    .scope S_0x55557ad46a60;
T_7 ;
    %wait E_0x55557ace56a0;
    %load/vec4 v0x55557ad5daf0_0;
    %assign/vec4 v0x55557ad5f820_0, 0;
    %jmp T_7;
    .thread T_7;
    .scope S_0x55557ad46a60;
T_8 ;
    %wait E_0x55557ace56a0;
    %load/vec4 v0x55557ad5dd50_0;
    %assign/vec4 v0x55557ad5f9c0_0, 0;
    %jmp T_8;
    .thread T_8;
    .scope S_0x55557ad46a60;
T_9 ;
    %wait E_0x55557ace56a0;
    %load/vec4 v0x55557ad629d0_0;
    %assign/vec4 v0x55557ad5faa0_0, 0;
    %jmp T_9;
    .thread T_9;
    .scope S_0x55557ad46a60;
T_10 ;
    %wait E_0x55557ace56a0;
    %load/vec4 v0x55557ad62fd0_0;
    %assign/vec4 v0x55557ad5fb60_0, 0;
    %jmp T_10;
    .thread T_10;
# The file index is used to find the file name in the following table.
:file_names 3;
    "N/A";
    "<interactive>";
    "fpmult32_ghdl.v";
