#! /opt/oss-cad-suite/bin/vvp
:ivl_version "13.0 (devel)" "(s20250103-31-g7e238e7ca)";
:ivl_delay_selection "TYPICAL";
:vpi_time_precision + 0;
:vpi_module "/opt/oss-cad-suite/lib/ivl/system.vpi";
:vpi_module "/opt/oss-cad-suite/lib/ivl/vhdl_sys.vpi";
:vpi_module "/opt/oss-cad-suite/lib/ivl/vhdl_textio.vpi";
:vpi_module "/opt/oss-cad-suite/lib/ivl/v2005_math.vpi";
:vpi_module "/opt/oss-cad-suite/lib/ivl/va_math.vpi";
S_0x55555dac99c0 .scope module, "top_module" "top_module" 2 595;
 .timescale 0 0;
    .port_info 0 /INPUT 1 "clk";
    .port_info 1 /INPUT 10 "X";
    .port_info 2 /INPUT 10 "Y";
    .port_info 3 /OUTPUT 10 "R";
P_0x55555da58cf0 .param/l "n269" 1 2 838, C4<0000000000>;
L_0x55555daa6550 .functor BUFZ 10, L_0x55555da53a90, C4<0000000000>, C4<0000000000>, C4<0000000000>;
L_0x55555daa68a0 .functor BUFZ 9, L_0x55555dabbe70, C4<000000000>, C4<000000000>, C4<000000000>;
L_0x55555daa6bd0 .functor BUFZ 9, L_0x55555dad85c0, C4<000000000>, C4<000000000>, C4<000000000>;
L_0x55555daa6ee0 .functor BUFZ 1, L_0x55555dad8890, C4<0>, C4<0>, C4<0>;
L_0x55555da95460 .functor BUFZ 4, L_0x55555dad8c60, C4<0000>, C4<0000>, C4<0000>;
L_0x55555da95980 .functor BUFZ 4, L_0x55555dad8fc0, C4<0000>, C4<0000>, C4<0000>;
L_0x55555da95cb0 .functor BUFZ 4, L_0x55555dad9180, C4<0000>, C4<0000>, C4<0000>;
L_0x55555da5e190 .functor BUFZ 10, L_0x55555dad9660, C4<0000000000>, C4<0000000000>, C4<0000000000>;
L_0x55555da5e260 .functor BUFZ 10, L_0x55555dad98a0, C4<0000000000>, C4<0000000000>, C4<0000000000>;
L_0x55555da5d670 .functor BUFZ 4, L_0x55555dad9990, C4<0000>, C4<0000>, C4<0000>;
L_0x55555da5ce10 .functor BUFZ 2, L_0x55555dad9b70, C4<00>, C4<00>, C4<00>;
L_0x55555da5cd00 .functor BUFZ 2, L_0x55555dad9c60, C4<00>, C4<00>, C4<00>;
L_0x55555da5bc30 .functor BUFZ 1, L_0x55555dad9ad0, C4<0>, C4<0>, C4<0>;
L_0x55555da5aea0 .functor BUFZ 1, L_0x55555dad9ea0, C4<0>, C4<0>, C4<0>;
L_0x55555dabb1e0 .functor BUFZ 1, L_0x55555dada000, C4<0>, C4<0>, C4<0>;
L_0x55555dabb280 .functor BUFZ 1, v0x55555daad700_0, C4<0>, C4<0>, C4<0>;
L_0x55555daba320 .functor BUFZ 1, v0x55555daad310_0, C4<0>, C4<0>, C4<0>;
L_0x55555dab88f0 .functor BUFZ 1, v0x55555daad3d0_0, C4<0>, C4<0>, C4<0>;
L_0x55555dab8000 .functor BUFZ 1, v0x55555daac610_0, C4<0>, C4<0>, C4<0>;
L_0x55555dab7d60 .functor BUFZ 6, L_0x55555dada7c0, C4<000000>, C4<000000>, C4<000000>;
L_0x55555dab6520 .functor BUFZ 4, L_0x55555dadab70, C4<0000>, C4<0000>, C4<0000>;
L_0x55555dab6590 .functor BUFZ 2, v0x55555da80cc0_0, C4<00>, C4<00>, C4<00>;
L_0x55555dab6600 .functor BUFZ 2, v0x55555daaa550_0, C4<00>, C4<00>, C4<00>;
L_0x55555da8aa70 .functor BUFZ 2, v0x55555daaa630_0, C4<00>, C4<00>, C4<00>;
L_0x55555da899c0 .functor BUFZ 2, v0x55555daa9110_0, C4<00>, C4<00>, C4<00>;
L_0x55555da8ab40 .functor BUFZ 2, v0x55555daa91f0_0, C4<00>, C4<00>, C4<00>;
L_0x55555da890e0 .functor BUFZ 2, v0x55555daa8d10_0, C4<00>, C4<00>, C4<00>;
L_0x55555da88520 .functor BUFZ 1, L_0x55555dae4bf0, C4<0>, C4<0>, C4<0>;
L_0x55555da88fb0 .functor BUFZ 1, v0x55555daa86a0_0, C4<0>, C4<0>, C4<0>;
L_0x55555da85a60 .functor BUFZ 1, v0x55555daa7ce0_0, C4<0>, C4<0>, C4<0>;
L_0x55555da85b00 .functor BUFZ 1, v0x55555daa7da0_0, C4<0>, C4<0>, C4<0>;
L_0x55555da85170 .functor BUFZ 1, v0x55555daa7570_0, C4<0>, C4<0>, C4<0>;
L_0x55555da83130 .functor BUFZ 1, L_0x55555dae50a0, C4<0>, C4<0>, C4<0>;
L_0x55555da83200 .functor BUFZ 3, L_0x55555dae5620, C4<000>, C4<000>, C4<000>;
L_0x55555da83270 .functor BUFZ 6, L_0x55555dae5800, C4<000000>, C4<000000>, C4<000000>;
L_0x55555da8d720 .functor BUFZ 1, L_0x55555dae5870, C4<0>, C4<0>, C4<0>;
L_0x55555da8d800 .functor BUFZ 7, L_0x55555dae8ab0, C4<0000000>, C4<0000000>, C4<0000000>;
L_0x55555da8ced0 .functor BUFZ 7, L_0x55555dae9280, C4<0000000>, C4<0000000>, C4<0000000>;
L_0x55555da8c2d0 .functor BUFZ 7, L_0x55555dae93c0, C4<0000000>, C4<0000000>, C4<0000000>;
L_0x55555da8c340 .functor BUFZ 7, L_0x55555dae9d40, C4<0000000>, C4<0000000>, C4<0000000>;
L_0x55555da8bea0 .functor BUFZ 1, L_0x55555daea210, C4<0>, C4<0>, C4<0>;
L_0x55555da8bf10 .functor BUFZ 7, L_0x55555dae9520, C4<0000000>, C4<0000000>, C4<0000000>;
L_0x55555daa2090 .functor BUFZ 8, L_0x55555daeaac0, C4<00000000>, C4<00000000>, C4<00000000>;
L_0x55555daa2100 .functor BUFZ 4, L_0x55555dae98b0, C4<0000>, C4<0000>, C4<0000>;
L_0x55555dad6b10 .functor BUFZ 8, L_0x55555daeac00, C4<00000000>, C4<00000000>, C4<00000000>;
L_0x55555dad6dd0 .functor BUFZ 5, L_0x55555daedf10, C4<00000>, C4<00000>, C4<00000>;
L_0x55555dad6e70 .functor BUFZ 5, v0x55555da92260_0, C4<00000>, C4<00000>, C4<00000>;
L_0x55555daa21c0 .functor BUFZ 5, v0x55555da92340_0, C4<00000>, C4<00000>, C4<00000>;
L_0x55555dad6f10 .functor BUFZ 5, v0x55555da91b30_0, C4<00000>, C4<00000>, C4<00000>;
L_0x55555dad6fb0 .functor BUFZ 5, v0x55555da91c10_0, C4<00000>, C4<00000>, C4<00000>;
L_0x55555daa0f60 .functor BUFZ 6, L_0x55555daee630, C4<000000>, C4<000000>, C4<000000>;
L_0x55555daa1000 .functor BUFZ 1, L_0x55555daeebb0, C4<0>, C4<0>, C4<0>;
L_0x55555daa0ca0 .functor BUFZ 1, v0x55555da8fce0_0, C4<0>, C4<0>, C4<0>;
L_0x55555da9f5d0 .functor BUFZ 10, L_0x55555daef140, C4<0000000000>, C4<0000000000>, C4<0000000000>;
L_0x55555da9e350 .functor BUFZ 1, L_0x55555daefab0, C4<0>, C4<0>, C4<0>;
L_0x55555da9e420 .functor BUFZ 1, L_0x55555daea370, C4<0>, C4<0>, C4<0>;
L_0x55555da9dfe0 .functor BUFZ 1, L_0x55555daea700, C4<0>, C4<0>, C4<0>;
L_0x55555da9e0b0 .functor BUFZ 1, L_0x55555daefef0, C4<0>, C4<0>, C4<0>;
L_0x55555da9c760 .functor BUFZ 10, L_0x55555daf0930, C4<0000000000>, C4<0000000000>, C4<0000000000>;
L_0x55555da9c850 .functor BUFZ 2, L_0x55555db03270, C4<00>, C4<00>, C4<00>;
L_0x55555da9bf20 .functor BUFZ 3, L_0x55555db03310, C4<000>, C4<000>, C4<000>;
L_0x55555da9bb40 .functor BUFZ 4, L_0x55555db036c0, C4<0000>, C4<0000>, C4<0000>;
L_0x55555daa4c90 .functor BUFZ 4, L_0x55555db03760, C4<0000>, C4<0000>, C4<0000>;
L_0x55555daa4d30 .functor BUFZ 2, v0x55555dac3dc0_0, C4<00>, C4<00>, C4<00>;
L_0x55555daa3ad0 .functor BUFZ 2, L_0x55555db05a40, C4<00>, C4<00>, C4<00>;
L_0x55555daa36e0 .functor BUFZ 1, L_0x55555db05d30, C4<0>, C4<0>, C4<0>;
L_0x55555daa37b0 .functor BUFZ 1, v0x55555da7ea40_0, C4<0>, C4<0>, C4<0>;
L_0x55555da53a90 .functor BUFZ 10, L_0x55555db071c0, C4<0000000000>, C4<0000000000>, C4<0000000000>;
L_0x55555dad8eb0 .functor NOT 1, L_0x55555daa6ee0, C4<0>, C4<0>, C4<0>;
L_0x55555dad8d00 .functor NOT 1, L_0x55555daa6ee0, C4<0>, C4<0>, C4<0>;
L_0x55555dad9830 .functor NOT 1, L_0x55555daa6ee0, C4<0>, C4<0>, C4<0>;
L_0x55555dada000 .functor XOR 1, v0x55555daadb10_0, v0x55555daadbd0_0, C4<0>, C4<0>;
L_0x55555dadb3f0 .functor OR 1, L_0x55555dadb0c0, L_0x55555dadb300, C4<0>, C4<0>;
L_0x55555dadb6b0 .functor OR 1, L_0x55555dadb3f0, L_0x55555dadb500, C4<0>, C4<0>;
L_0x55555dadbb80 .functor OR 1, L_0x55555dadb6b0, L_0x55555dadbae0, C4<0>, C4<0>;
L_0x55555dadbf90 .functor OR 1, L_0x55555dadbc90, L_0x55555dadbea0, C4<0>, C4<0>;
L_0x55555dadc5f0 .functor OR 1, L_0x55555dadbf90, L_0x55555dadc3d0, C4<0>, C4<0>;
L_0x55555dadc7f0 .functor OR 1, L_0x55555dadc5f0, L_0x55555dadc700, C4<0>, C4<0>;
L_0x55555dadc4c0 .functor OR 1, L_0x55555dadc7f0, L_0x55555dadcc40, C4<0>, C4<0>;
L_0x55555dadcf60 .functor OR 1, L_0x55555dadc4c0, L_0x55555dadce70, C4<0>, C4<0>;
L_0x55555dadd600 .functor OR 1, L_0x55555dadcf60, L_0x55555dadd3c0, C4<0>, C4<0>;
L_0x55555dadd800 .functor OR 1, L_0x55555dadd600, L_0x55555dadd710, C4<0>, C4<0>;
L_0x55555daddec0 .functor OR 1, L_0x55555dadd800, L_0x55555daddc70, C4<0>, C4<0>;
L_0x55555dade0c0 .functor OR 1, L_0x55555daddec0, L_0x55555daddfd0, C4<0>, C4<0>;
L_0x55555dade7a0 .functor OR 1, L_0x55555dade0c0, L_0x55555dade540, C4<0>, C4<0>;
L_0x55555dade9a0 .functor OR 1, L_0x55555dade7a0, L_0x55555dade8b0, C4<0>, C4<0>;
L_0x55555dadf190 .functor OR 1, L_0x55555dadee30, L_0x55555dadf0a0, C4<0>, C4<0>;
L_0x55555dadf520 .functor OR 1, L_0x55555dadf190, L_0x55555dadf2a0, C4<0>, C4<0>;
L_0x55555dadfab0 .functor OR 1, L_0x55555dadf520, L_0x55555dadf9c0, C4<0>, C4<0>;
L_0x55555dadfe50 .functor OR 1, L_0x55555dadfab0, L_0x55555dadfbc0, C4<0>, C4<0>;
L_0x55555dae03f0 .functor OR 1, L_0x55555dadfe50, L_0x55555dae0300, C4<0>, C4<0>;
L_0x55555dae07a0 .functor OR 1, L_0x55555dae03f0, L_0x55555dae0500, C4<0>, C4<0>;
L_0x55555dae0d50 .functor OR 1, L_0x55555dae07a0, L_0x55555dae0c60, C4<0>, C4<0>;
L_0x55555dae1110 .functor OR 1, L_0x55555dae0d50, L_0x55555dae0e60, C4<0>, C4<0>;
L_0x55555dae16d0 .functor OR 1, L_0x55555dae1110, L_0x55555dae15e0, C4<0>, C4<0>;
L_0x55555dae1aa0 .functor OR 1, L_0x55555dae16d0, L_0x55555dae17e0, C4<0>, C4<0>;
L_0x55555dae2280 .functor OR 1, L_0x55555dae1aa0, L_0x55555dae2190, C4<0>, C4<0>;
L_0x55555dae2660 .functor OR 1, L_0x55555dae2280, L_0x55555dae2390, C4<0>, C4<0>;
L_0x55555dae2c40 .functor OR 1, L_0x55555dae2660, L_0x55555dae2b50, C4<0>, C4<0>;
L_0x55555dae3030 .functor OR 1, L_0x55555dae2c40, L_0x55555dae2d50, C4<0>, C4<0>;
L_0x55555dae3620 .functor OR 1, L_0x55555dae3030, L_0x55555dae3530, C4<0>, C4<0>;
L_0x55555dae3a20 .functor OR 1, L_0x55555dae3620, L_0x55555dae3730, C4<0>, C4<0>;
L_0x55555da45330 .functor OR 1, L_0x55555dae3a20, L_0x55555dae3f30, C4<0>, C4<0>;
L_0x55555dae46d0 .functor OR 1, L_0x55555dae42d0, L_0x55555dae43c0, C4<0>, C4<0>;
L_0x55555dae5560 .functor NOT 1, L_0x55555da83130, C4<0>, C4<0>, C4<0>;
L_0x55555dae93c0 .functor XOR 7, v0x55555da92a30_0, v0x55555da92560_0, C4<0000000>, C4<0000000>;
L_0x55555daea150 .functor NOT 1, v0x55555da92970_0, C4<0>, C4<0>, C4<0>;
L_0x55555daea210 .functor AND 1, v0x55555daad7c0_0, L_0x55555daea150, C4<1>, C4<1>;
L_0x55555daedfb0 .functor OR 1, L_0x55555daef5a0, L_0x55555daef640, C4<0>, C4<0>;
L_0x55555daefab0 .functor OR 1, L_0x55555daedfb0, L_0x55555daefa10, C4<0>, C4<0>;
L_0x55555daf0050 .functor AND 1, L_0x55555da9e350, L_0x55555da9e420, C4<1>, C4<1>;
L_0x55555daf00c0 .functor NOT 1, L_0x55555da9e350, C4<0>, C4<0>, C4<0>;
L_0x55555daefc10 .functor AND 1, L_0x55555daf00c0, L_0x55555da9e420, C4<1>, C4<1>;
L_0x55555daefcd0 .functor AND 1, L_0x55555da9dfe0, L_0x55555daefc10, C4<1>, C4<1>;
L_0x55555daefde0 .functor OR 1, L_0x55555daf0050, L_0x55555daefcd0, C4<0>, C4<0>;
L_0x55555daf27d0 .functor OR 1, L_0x55555db03b70, L_0x55555db03cb0, C4<0>, C4<0>;
L_0x55555daf1e90 .functor OR 1, L_0x55555daf27d0, L_0x55555daf0130, C4<0>, C4<0>;
L_0x55555daf0360 .functor OR 1, L_0x55555daf1e90, L_0x55555daf0270, C4<0>, C4<0>;
L_0x55555db04170 .functor OR 1, L_0x55555daf0360, L_0x55555daf0470, C4<0>, C4<0>;
L_0x55555db04370 .functor OR 1, L_0x55555db04170, L_0x55555db04280, C4<0>, C4<0>;
L_0x55555db05620 .functor OR 1, L_0x55555db04920, L_0x55555db05580, C4<0>, C4<0>;
L_0x55555db05820 .functor OR 1, L_0x55555db05620, L_0x55555db05730, C4<0>, C4<0>;
L_0x55555db051e0 .functor OR 1, L_0x55555db05820, L_0x55555db050f0, C4<0>, C4<0>;
L_0x55555db053e0 .functor OR 1, L_0x55555db051e0, L_0x55555db052f0, C4<0>, C4<0>;
L_0x55555db05ed0 .functor AND 1, v0x55555daabc10_0, v0x55555da8fda0_0, C4<1>, C4<1>;
L_0x55555db06120 .functor NOT 1, L_0x55555db05fe0, C4<0>, C4<0>, C4<0>;
L_0x55555db05930 .functor AND 1, L_0x55555db06120, L_0x55555db05ed0, C4<1>, C4<1>;
L_0x55555db05c20 .functor AND 1, v0x55555daac550_0, v0x55555da90e60_0, C4<1>, C4<1>;
v0x55555da42860_0 .net "R", 9 0, L_0x55555daa6550;  1 drivers
o0x774f62567ec8 .functor BUFZ 10, c4<zzzzzzzzzz>; HiZ drive
v0x55555da42940_0 .net "X", 9 0, o0x774f62567ec8;  0 drivers
o0x774f62567ef8 .functor BUFZ 10, c4<zzzzzzzzzz>; HiZ drive
v0x55555da47cc0_0 .net "Y", 9 0, o0x774f62567ef8;  0 drivers
L_0x774f6251c018 .functor BUFT 1, C4<1>, C4<0>, C4<0>, C4<0>;
v0x55555da47d80_0 .net/2u *"_ivl_198", 0 0, L_0x774f6251c018;  1 drivers
L_0x774f6251c060 .functor BUFT 1, C4<0>, C4<0>, C4<0>, C4<0>;
v0x55555da478d0_0 .net/2u *"_ivl_200", 0 0, L_0x774f6251c060;  1 drivers
L_0x774f6251c0a8 .functor BUFT 1, C4<00>, C4<0>, C4<0>, C4<0>;
v0x55555da47990_0 .net/2u *"_ivl_246", 1 0, L_0x774f6251c0a8;  1 drivers
L_0x774f6251c0f0 .functor BUFT 1, C4<0000>, C4<0>, C4<0>, C4<0>;
v0x55555da474e0_0 .net/2u *"_ivl_250", 3 0, L_0x774f6251c0f0;  1 drivers
L_0x774f6251c138 .functor BUFT 1, C4<1>, C4<0>, C4<0>, C4<0>;
v0x55555da475c0_0 .net/2u *"_ivl_256", 0 0, L_0x774f6251c138;  1 drivers
L_0x774f6251c180 .functor BUFT 1, C4<000000>, C4<0>, C4<0>, C4<0>;
v0x55555da470f0_0 .net/2u *"_ivl_260", 5 0, L_0x774f6251c180;  1 drivers
L_0x774f6251c1c8 .functor BUFT 1, C4<010000>, C4<0>, C4<0>, C4<0>;
v0x55555da471d0_0 .net/2u *"_ivl_264", 5 0, L_0x774f6251c1c8;  1 drivers
L_0x774f6251c210 .functor BUFT 1, C4<100000>, C4<0>, C4<0>, C4<0>;
v0x55555da46d00_0 .net/2u *"_ivl_270", 5 0, L_0x774f6251c210;  1 drivers
L_0x774f6251c258 .functor BUFT 1, C4<110000>, C4<0>, C4<0>, C4<0>;
v0x55555da46de0_0 .net/2u *"_ivl_276", 5 0, L_0x774f6251c258;  1 drivers
L_0x774f6251c2a0 .functor BUFT 1, C4<000101>, C4<0>, C4<0>, C4<0>;
v0x55555da46940_0 .net/2u *"_ivl_282", 5 0, L_0x774f6251c2a0;  1 drivers
L_0x774f6251c2e8 .functor BUFT 1, C4<010101>, C4<0>, C4<0>, C4<0>;
v0x55555da46a20_0 .net/2u *"_ivl_286", 5 0, L_0x774f6251c2e8;  1 drivers
L_0x774f6251c330 .functor BUFT 1, C4<100101>, C4<0>, C4<0>, C4<0>;
v0x55555da46550_0 .net/2u *"_ivl_292", 5 0, L_0x774f6251c330;  1 drivers
L_0x774f6251c378 .functor BUFT 1, C4<110101>, C4<0>, C4<0>, C4<0>;
v0x55555da46630_0 .net/2u *"_ivl_298", 5 0, L_0x774f6251c378;  1 drivers
L_0x774f6251c3c0 .functor BUFT 1, C4<000100>, C4<0>, C4<0>, C4<0>;
v0x55555da46190_0 .net/2u *"_ivl_304", 5 0, L_0x774f6251c3c0;  1 drivers
L_0x774f6251c408 .functor BUFT 1, C4<010100>, C4<0>, C4<0>, C4<0>;
v0x55555da46270_0 .net/2u *"_ivl_310", 5 0, L_0x774f6251c408;  1 drivers
L_0x774f6251c450 .functor BUFT 1, C4<100100>, C4<0>, C4<0>, C4<0>;
v0x55555da45da0_0 .net/2u *"_ivl_316", 5 0, L_0x774f6251c450;  1 drivers
L_0x774f6251c498 .functor BUFT 1, C4<110100>, C4<0>, C4<0>, C4<0>;
v0x55555da45e80_0 .net/2u *"_ivl_322", 5 0, L_0x774f6251c498;  1 drivers
L_0x774f6251c4e0 .functor BUFT 1, C4<000001>, C4<0>, C4<0>, C4<0>;
v0x55555da459e0_0 .net/2u *"_ivl_328", 5 0, L_0x774f6251c4e0;  1 drivers
L_0x774f6251c528 .functor BUFT 1, C4<010001>, C4<0>, C4<0>, C4<0>;
v0x55555da45ac0_0 .net/2u *"_ivl_334", 5 0, L_0x774f6251c528;  1 drivers
L_0x774f6251c570 .functor BUFT 1, C4<100001>, C4<0>, C4<0>, C4<0>;
v0x55555da42540_0 .net/2u *"_ivl_340", 5 0, L_0x774f6251c570;  1 drivers
L_0x774f6251c5b8 .functor BUFT 1, C4<110001>, C4<0>, C4<0>, C4<0>;
v0x55555da42620_0 .net/2u *"_ivl_346", 5 0, L_0x774f6251c5b8;  1 drivers
L_0x774f6251c600 .functor BUFT 1, C4<111010>, C4<0>, C4<0>, C4<0>;
v0x55555da45610_0 .net/2u *"_ivl_352", 5 0, L_0x774f6251c600;  1 drivers
L_0x774f6251c648 .functor BUFT 1, C4<001010>, C4<0>, C4<0>, C4<0>;
v0x55555da456f0_0 .net/2u *"_ivl_356", 5 0, L_0x774f6251c648;  1 drivers
L_0x774f6251c690 .functor BUFT 1, C4<001000>, C4<0>, C4<0>, C4<0>;
v0x55555da45270_0 .net/2u *"_ivl_362", 5 0, L_0x774f6251c690;  1 drivers
L_0x774f6251c6d8 .functor BUFT 1, C4<011000>, C4<0>, C4<0>, C4<0>;
v0x55555da44e70_0 .net/2u *"_ivl_368", 5 0, L_0x774f6251c6d8;  1 drivers
L_0x774f6251c720 .functor BUFT 1, C4<101000>, C4<0>, C4<0>, C4<0>;
v0x55555da44f50_0 .net/2u *"_ivl_374", 5 0, L_0x774f6251c720;  1 drivers
L_0x774f6251c768 .functor BUFT 1, C4<111000>, C4<0>, C4<0>, C4<0>;
v0x55555da44a80_0 .net/2u *"_ivl_380", 5 0, L_0x774f6251c768;  1 drivers
L_0x774f6251c7b0 .functor BUFT 1, C4<000010>, C4<0>, C4<0>, C4<0>;
v0x55555da44b60_0 .net/2u *"_ivl_386", 5 0, L_0x774f6251c7b0;  1 drivers
L_0x774f6251c7f8 .functor BUFT 1, C4<010010>, C4<0>, C4<0>, C4<0>;
v0x55555da446c0_0 .net/2u *"_ivl_392", 5 0, L_0x774f6251c7f8;  1 drivers
L_0x774f6251c840 .functor BUFT 1, C4<100010>, C4<0>, C4<0>, C4<0>;
v0x55555da447a0_0 .net/2u *"_ivl_398", 5 0, L_0x774f6251c840;  1 drivers
L_0x774f6251c888 .functor BUFT 1, C4<110010>, C4<0>, C4<0>, C4<0>;
v0x55555da442d0_0 .net/2u *"_ivl_404", 5 0, L_0x774f6251c888;  1 drivers
L_0x774f6251c8d0 .functor BUFT 1, C4<001001>, C4<0>, C4<0>, C4<0>;
v0x55555da44390_0 .net/2u *"_ivl_410", 5 0, L_0x774f6251c8d0;  1 drivers
L_0x774f6251c918 .functor BUFT 1, C4<011001>, C4<0>, C4<0>, C4<0>;
v0x55555da57ad0_0 .net/2u *"_ivl_416", 5 0, L_0x774f6251c918;  1 drivers
L_0x774f6251c960 .functor BUFT 1, C4<101001>, C4<0>, C4<0>, C4<0>;
v0x55555da57bb0_0 .net/2u *"_ivl_422", 5 0, L_0x774f6251c960;  1 drivers
L_0x774f6251c9a8 .functor BUFT 1, C4<111001>, C4<0>, C4<0>, C4<0>;
v0x55555da57700_0 .net/2u *"_ivl_428", 5 0, L_0x774f6251c9a8;  1 drivers
L_0x774f6251c9f0 .functor BUFT 1, C4<000110>, C4<0>, C4<0>, C4<0>;
v0x55555da577e0_0 .net/2u *"_ivl_434", 5 0, L_0x774f6251c9f0;  1 drivers
L_0x774f6251ca38 .functor BUFT 1, C4<010110>, C4<0>, C4<0>, C4<0>;
v0x55555da57330_0 .net/2u *"_ivl_440", 5 0, L_0x774f6251ca38;  1 drivers
L_0x774f6251ca80 .functor BUFT 1, C4<100110>, C4<0>, C4<0>, C4<0>;
v0x55555da56f30_0 .net/2u *"_ivl_446", 5 0, L_0x774f6251ca80;  1 drivers
L_0x774f6251cac8 .functor BUFT 1, C4<110110>, C4<0>, C4<0>, C4<0>;
v0x55555da57010_0 .net/2u *"_ivl_452", 5 0, L_0x774f6251cac8;  1 drivers
L_0x774f6251cb10 .functor BUFT 1, C4<100000>, C4<0>, C4<0>, C4<0>;
v0x55555da56b70_0 .net/2u *"_ivl_460", 5 0, L_0x774f6251cb10;  1 drivers
L_0x774f6251cb58 .functor BUFT 1, C4<010000>, C4<0>, C4<0>, C4<0>;
v0x55555da56c50_0 .net/2u *"_ivl_464", 5 0, L_0x774f6251cb58;  1 drivers
L_0x774f6251cba0 .functor BUFT 1, C4<0>, C4<0>, C4<0>, C4<0>;
v0x55555da56780_0 .net/2u *"_ivl_470", 0 0, L_0x774f6251cba0;  1 drivers
L_0x774f6251cbe8 .functor BUFT 1, C4<0101>, C4<0>, C4<0>, C4<0>;
v0x55555da56860_0 .net/2u *"_ivl_474", 3 0, L_0x774f6251cbe8;  1 drivers
L_0x774f6251cc30 .functor BUFT 1, C4<1>, C4<0>, C4<0>, C4<0>;
v0x55555da43f10_0 .net/2u *"_ivl_478", 0 0, L_0x774f6251cc30;  1 drivers
L_0x774f6251cc78 .functor BUFT 1, C4<0>, C4<0>, C4<0>, C4<0>;
v0x55555da43fd0_0 .net/2u *"_ivl_480", 0 0, L_0x774f6251cc78;  1 drivers
L_0x774f6251ccc0 .functor BUFT 1, C4<110>, C4<0>, C4<0>, C4<0>;
v0x55555da56390_0 .net/2u *"_ivl_488", 2 0, L_0x774f6251ccc0;  1 drivers
L_0x774f6251d0b0 .functor BUFT 1, C4<0>, C4<0>, C4<0>, C4<0>;
v0x55555da56470_0 .net/2u *"_ivl_492", 0 0, L_0x774f6251d0b0;  1 drivers
L_0x774f6251d0f8 .functor BUFT 1, C4<01>, C4<0>, C4<0>, C4<0>;
v0x55555da55ff0_0 .net/2u *"_ivl_506", 1 0, L_0x774f6251d0f8;  1 drivers
L_0x774f6251d140 .functor BUFT 1, C4<00>, C4<0>, C4<0>, C4<0>;
v0x55555da560d0_0 .net/2u *"_ivl_510", 1 0, L_0x774f6251d140;  1 drivers
L_0x774f6251d650 .functor BUFT 1, C4<0>, C4<0>, C4<0>, C4<0>;
v0x55555da55c20_0 .net/2u *"_ivl_520", 0 0, L_0x774f6251d650;  1 drivers
L_0x774f6251d698 .functor BUFT 1, C4<00001>, C4<0>, C4<0>, C4<0>;
v0x55555da55820_0 .net/2u *"_ivl_524", 4 0, L_0x774f6251d698;  1 drivers
L_0x774f6251d6e0 .functor BUFT 1, C4<0>, C4<0>, C4<0>, C4<0>;
v0x55555da55900_0 .net/2u *"_ivl_528", 0 0, L_0x774f6251d6e0;  1 drivers
L_0x774f6251d728 .functor BUFT 1, C4<00>, C4<0>, C4<0>, C4<0>;
v0x55555da55430_0 .net/2u *"_ivl_532", 1 0, L_0x774f6251d728;  1 drivers
L_0x774f6251d770 .functor BUFT 1, C4<1111>, C4<0>, C4<0>, C4<0>;
v0x55555da55510_0 .net/2u *"_ivl_538", 3 0, L_0x774f6251d770;  1 drivers
L_0x774f6251d7b8 .functor BUFT 1, C4<1>, C4<0>, C4<0>, C4<0>;
v0x55555da55070_0 .net/2u *"_ivl_542", 0 0, L_0x774f6251d7b8;  1 drivers
L_0x774f6251d800 .functor BUFT 1, C4<0>, C4<0>, C4<0>, C4<0>;
v0x55555da55150_0 .net/2u *"_ivl_544", 0 0, L_0x774f6251d800;  1 drivers
L_0x774f6251d848 .functor BUFT 1, C4<1>, C4<0>, C4<0>, C4<0>;
v0x55555da54cb0_0 .net/2u *"_ivl_576", 0 0, L_0x774f6251d848;  1 drivers
L_0x774f6251d890 .functor BUFT 1, C4<0>, C4<0>, C4<0>, C4<0>;
v0x55555da54d70_0 .net/2u *"_ivl_578", 0 0, L_0x774f6251d890;  1 drivers
L_0x774f6251dad0 .functor BUFT 1, C4<0000>, C4<0>, C4<0>, C4<0>;
v0x55555da548f0_0 .net/2u *"_ivl_592", 3 0, L_0x774f6251dad0;  1 drivers
L_0x774f6251db18 .functor BUFT 1, C4<0100>, C4<0>, C4<0>, C4<0>;
v0x55555da549d0_0 .net/2u *"_ivl_596", 3 0, L_0x774f6251db18;  1 drivers
L_0x774f6251db60 .functor BUFT 1, C4<1000>, C4<0>, C4<0>, C4<0>;
v0x55555da54550_0 .net/2u *"_ivl_602", 3 0, L_0x774f6251db60;  1 drivers
L_0x774f6251dba8 .functor BUFT 1, C4<1100>, C4<0>, C4<0>, C4<0>;
v0x55555da54630_0 .net/2u *"_ivl_608", 3 0, L_0x774f6251dba8;  1 drivers
L_0x774f6251dbf0 .functor BUFT 1, C4<1001>, C4<0>, C4<0>, C4<0>;
v0x55555da54170_0 .net/2u *"_ivl_614", 3 0, L_0x774f6251dbf0;  1 drivers
L_0x774f6251dc38 .functor BUFT 1, C4<1101>, C4<0>, C4<0>, C4<0>;
v0x55555da54250_0 .net/2u *"_ivl_620", 3 0, L_0x774f6251dc38;  1 drivers
L_0x774f6251dc80 .functor BUFT 1, C4<0001>, C4<0>, C4<0>, C4<0>;
v0x55555da43b50_0 .net/2u *"_ivl_626", 3 0, L_0x774f6251dc80;  1 drivers
L_0x774f6251dcc8 .functor BUFT 1, C4<0010>, C4<0>, C4<0>, C4<0>;
v0x55555da43c30_0 .net/2u *"_ivl_630", 3 0, L_0x774f6251dcc8;  1 drivers
L_0x774f6251dd10 .functor BUFT 1, C4<0110>, C4<0>, C4<0>, C4<0>;
v0x55555da53db0_0 .net/2u *"_ivl_634", 3 0, L_0x774f6251dd10;  1 drivers
L_0x774f6251dd58 .functor BUFT 1, C4<1010>, C4<0>, C4<0>, C4<0>;
v0x55555da53e90_0 .net/2u *"_ivl_640", 3 0, L_0x774f6251dd58;  1 drivers
L_0x774f6251dda0 .functor BUFT 1, C4<1110>, C4<0>, C4<0>, C4<0>;
v0x55555da53630_0 .net/2u *"_ivl_646", 3 0, L_0x774f6251dda0;  1 drivers
L_0x774f6251dde8 .functor BUFT 1, C4<0101>, C4<0>, C4<0>, C4<0>;
v0x55555da536f0_0 .net/2u *"_ivl_652", 3 0, L_0x774f6251dde8;  1 drivers
L_0x774f6251de30 .functor BUFT 1, C4<11>, C4<0>, C4<0>, C4<0>;
v0x55555da53240_0 .net/2u *"_ivl_662", 1 0, L_0x774f6251de30;  1 drivers
L_0x774f6251de78 .functor BUFT 1, C4<00>, C4<0>, C4<0>, C4<0>;
v0x55555da53320_0 .net/2u *"_ivl_670", 1 0, L_0x774f6251de78;  1 drivers
L_0x774f6251dec0 .functor BUFT 1, C4<0>, C4<0>, C4<0>, C4<0>;
v0x55555da52e70_0 .net/2u *"_ivl_676", 0 0, L_0x774f6251dec0;  1 drivers
v0x55555da52f50_0 .net "cinsigadd", 0 0, L_0x55555da8bea0;  1 drivers
o0x774f62565078 .functor BUFZ 1, c4<z>; HiZ drive
v0x55555da52a60_0 .net "clk", 0 0, o0x774f62565078;  0 drivers
v0x55555da52b00_0 .net "computedr", 9 0, L_0x55555da53a90;  1 drivers
v0x55555da526a0_0 .net "effsub", 0 0, L_0x55555dabb1e0;  1 drivers
v0x55555da52760_0 .net "effsub_d1", 0 0, L_0x55555dabb280;  1 drivers
v0x55555da522e0_0 .net "effsub_d2", 0 0, v0x55555daad7c0_0;  1 drivers
v0x55555da52380_0 .net "effsub_d3", 0 0, L_0x55555daba320;  1 drivers
v0x55555da51ef0_0 .net "effsub_d4", 0 0, L_0x55555dab88f0;  1 drivers
v0x55555da51fb0_0 .net "effsub_d5", 0 0, v0x55555daac550_0;  1 drivers
v0x55555da51b00_0 .net "effsub_d6", 0 0, L_0x55555dab8000;  1 drivers
v0x55555da51ba0_0 .net "effsub_d7", 0 0, v0x55555daabc10_0;  1 drivers
v0x55555da43760_0 .net "effsubvector", 6 0, L_0x55555da8ced0;  1 drivers
v0x55555da43840_0 .net "effsubvector_d1", 6 0, v0x55555da92560_0;  1 drivers
v0x55555da51710_0 .net "eqdiffsign", 0 0, L_0x55555daa1000;  1 drivers
v0x55555da517b0_0 .net "eqdiffsign_d1", 0 0, v0x55555da90e60_0;  1 drivers
v0x55555da51320_0 .net "eqdiffsign_d2", 0 0, L_0x55555daa0ca0;  1 drivers
v0x55555da513e0_0 .net "eqdiffsign_d3", 0 0, v0x55555da8fda0_0;  1 drivers
v0x55555da50f30_0 .net "excexpfracx", 8 0, L_0x55555daa68a0;  1 drivers
v0x55555da50ff0_0 .net "excexpfracy", 8 0, L_0x55555daa6bd0;  1 drivers
v0x55555da50b70_0 .net "excr", 1 0, L_0x55555daa3ad0;  1 drivers
v0x55555da50c50_0 .net "excrt", 1 0, L_0x55555dab6590;  1 drivers
v0x55555da507b0_0 .net "excrt2", 1 0, L_0x55555daa4d30;  1 drivers
v0x55555da50870_0 .net "excrt2_d1", 1 0, v0x55555da7e960_0;  1 drivers
v0x55555da503c0_0 .net "excrt_d1", 1 0, L_0x55555dab6600;  1 drivers
v0x55555da504a0_0 .net "excrt_d2", 1 0, L_0x55555da8aa70;  1 drivers
v0x55555da50000_0 .net "excrt_d3", 1 0, L_0x55555da899c0;  1 drivers
v0x55555da500c0_0 .net "excrt_d4", 1 0, L_0x55555da8ab40;  1 drivers
v0x55555da4fc40_0 .net "excrt_d5", 1 0, L_0x55555da890e0;  1 drivers
v0x55555da4fd20_0 .net "excrt_d6", 1 0, v0x55555daa8df0_0;  1 drivers
v0x55555da4f880_0 .net "excrt_d7", 1 0, v0x55555daa85c0_0;  1 drivers
v0x55555da4f940_0 .net "excx", 1 0, L_0x55555da5ce10;  1 drivers
v0x55555da4f4c0_0 .net "excy", 1 0, L_0x55555da5cd00;  1 drivers
v0x55555da4f5a0_0 .net "excy_d1", 1 0, v0x55555daae020_0;  1 drivers
v0x55555da433c0_0 .net "exexpexc", 3 0, L_0x55555daa4c90;  1 drivers
v0x55555da434a0_0 .net "exmey", 3 0, L_0x55555da95460;  1 drivers
v0x55555da4f140_0 .net "expdiff", 3 0, L_0x55555da95cb0;  1 drivers
v0x55555da4ed40_0 .net "expdiff_d1", 3 0, v0x55555daae370_0;  1 drivers
v0x55555da4ee20_0 .net "expfrac", 9 0, L_0x55555da9f5d0;  1 drivers
v0x55555da4e950_0 .net "expr", 3 0, L_0x55555da9bb40;  1 drivers
v0x55555da4ea10_0 .net "expr_d1", 3 0, v0x55555da7f210_0;  1 drivers
v0x55555da4e590_0 .net "expx", 3 0, L_0x55555da5d670;  1 drivers
v0x55555da4e670_0 .net "expx_d1", 3 0, v0x55555daadf40_0;  1 drivers
v0x55555da4e1a0_0 .net "extendedexpinc", 4 0, L_0x55555dad6dd0;  1 drivers
v0x55555da4e280_0 .net "extendedexpinc_d1", 4 0, L_0x55555dad6e70;  1 drivers
v0x55555dab0310_0 .net "extendedexpinc_d2", 4 0, L_0x55555daa21c0;  1 drivers
v0x55555dab03f0_0 .net "extendedexpinc_d3", 4 0, L_0x55555dad6f10;  1 drivers
v0x55555daaff70_0 .net "extendedexpinc_d4", 4 0, L_0x55555dad6fb0;  1 drivers
v0x55555dab0050_0 .net "extendedexpinc_d5", 4 0, v0x55555da90d80_0;  1 drivers
v0x55555dab58a0_0 .net "eymex", 3 0, L_0x55555da95980;  1 drivers
v0x55555dab54a0_0 .net "fracadder_n227", 6 0, L_0x55555dae9520;  1 drivers
v0x55555dab5590_0 .net "fracaddresult", 6 0, L_0x55555da8bf10;  1 drivers
v0x55555daafb60_0 .net "fracr", 2 0, L_0x55555da9bf20;  1 drivers
v0x55555daafc40_0 .net "fracr_d1", 2 0, v0x55555da7f130_0;  1 drivers
v0x55555dab50e0_0 .net "fracsticky", 7 0, L_0x55555daa2090;  1 drivers
v0x55555dab51d0_0 .net "fracxpad", 6 0, L_0x55555da8c340;  1 drivers
v0x55555dab4cf0_0 .net "fracy", 3 0, L_0x55555dab6520;  1 drivers
v0x55555dab4dc0_0 .net "fracypad", 6 0, L_0x55555da8d800;  1 drivers
v0x55555dab4900_0 .net "fracypad_d1", 6 0, v0x55555da92a30_0;  1 drivers
v0x55555dab49e0_0 .net "fracypadxorop", 6 0, L_0x55555da8c2d0;  1 drivers
v0x55555dab4540_0 .net "lsb", 0 0, L_0x55555da9dfe0;  1 drivers
v0x55555dab45e0_0 .net "lzcandshifter_n231", 3 0, L_0x55555dae98b0;  1 drivers
v0x55555dab4150_0 .net "lzcandshifter_n232", 7 0, L_0x55555daeac00;  1 drivers
v0x55555dab4210_0 .net "n101", 0 0, L_0x55555dadbc90;  1 drivers
v0x55555dab3d30_0 .net "n103", 0 0, L_0x55555dadbea0;  1 drivers
v0x55555dab3df0_0 .net "n104", 0 0, L_0x55555dadbf90;  1 drivers
v0x55555dab3940_0 .net "n106", 0 0, L_0x55555dadc3d0;  1 drivers
v0x55555dab39e0_0 .net "n107", 0 0, L_0x55555dadc5f0;  1 drivers
v0x55555dab3550_0 .net "n109", 0 0, L_0x55555dadc700;  1 drivers
v0x55555dab3610_0 .net "n110", 0 0, L_0x55555dadc7f0;  1 drivers
v0x55555dab3190_0 .net "n112", 0 0, L_0x55555dadcc40;  1 drivers
v0x55555dab3230_0 .net "n113", 0 0, L_0x55555dadc4c0;  1 drivers
v0x55555dab2da0_0 .net "n115", 0 0, L_0x55555dadce70;  1 drivers
v0x55555dab2e60_0 .net "n116", 0 0, L_0x55555dadcf60;  1 drivers
v0x55555daaf7a0_0 .net "n118", 0 0, L_0x55555dadd3c0;  1 drivers
v0x55555daaf840_0 .net "n119", 0 0, L_0x55555dadd600;  1 drivers
v0x55555dab29e0_0 .net "n121", 0 0, L_0x55555dadd710;  1 drivers
v0x55555dab2aa0_0 .net "n122", 0 0, L_0x55555dadd800;  1 drivers
v0x55555dab2620_0 .net "n124", 0 0, L_0x55555daddc70;  1 drivers
v0x55555dab26c0_0 .net "n125", 0 0, L_0x55555daddec0;  1 drivers
v0x55555dab2260_0 .net "n127", 0 0, L_0x55555daddfd0;  1 drivers
v0x55555dab2320_0 .net "n128", 0 0, L_0x55555dade0c0;  1 drivers
v0x55555dab1ea0_0 .net "n130", 0 0, L_0x55555dade540;  1 drivers
v0x55555dab1f40_0 .net "n131", 0 0, L_0x55555dade7a0;  1 drivers
v0x55555dab1ab0_0 .net "n133", 0 0, L_0x55555dade8b0;  1 drivers
v0x55555dab1b70_0 .net "n134", 0 0, L_0x55555dade9a0;  1 drivers
v0x55555dab16c0_0 .net "n137", 0 0, L_0x55555dadee30;  1 drivers
v0x55555dab1760_0 .net "n139", 0 0, L_0x55555dadf0a0;  1 drivers
v0x55555dab12d0_0 .net "n140", 0 0, L_0x55555dadf190;  1 drivers
v0x55555dab1390_0 .net "n142", 0 0, L_0x55555dadf2a0;  1 drivers
v0x55555dab0ee0_0 .net "n143", 0 0, L_0x55555dadf520;  1 drivers
v0x55555dab0f80_0 .net "n145", 0 0, L_0x55555dadf9c0;  1 drivers
v0x55555dab0af0_0 .net "n146", 0 0, L_0x55555dadfab0;  1 drivers
v0x55555dab0bb0_0 .net "n148", 0 0, L_0x55555dadfbc0;  1 drivers
v0x55555dab0700_0 .net "n149", 0 0, L_0x55555dadfe50;  1 drivers
v0x55555dab07a0_0 .net "n151", 0 0, L_0x55555dae0300;  1 drivers
v0x55555daaf3b0_0 .net "n152", 0 0, L_0x55555dae03f0;  1 drivers
v0x55555daaf470_0 .net "n154", 0 0, L_0x55555dae0500;  1 drivers
v0x55555da80510_0 .net "n155", 0 0, L_0x55555dae07a0;  1 drivers
v0x55555da805b0_0 .net "n157", 0 0, L_0x55555dae0c60;  1 drivers
v0x55555da80180_0 .net "n158", 0 0, L_0x55555dae0d50;  1 drivers
v0x55555da80240_0 .net "n160", 0 0, L_0x55555dae0e60;  1 drivers
v0x55555da7fdc0_0 .net "n161", 0 0, L_0x55555dae1110;  1 drivers
v0x55555da7fe60_0 .net "n163", 0 0, L_0x55555dae15e0;  1 drivers
v0x55555da7f9d0_0 .net "n164", 0 0, L_0x55555dae16d0;  1 drivers
v0x55555da7fa90_0 .net "n166", 0 0, L_0x55555dae17e0;  1 drivers
v0x55555da82ac0_0 .net "n167", 0 0, L_0x55555dae1aa0;  1 drivers
v0x55555da82b60_0 .net "n169", 0 0, L_0x55555dae2190;  1 drivers
v0x55555da82760_0 .net "n170", 0 0, L_0x55555dae2280;  1 drivers
v0x55555da82820_0 .net "n172", 0 0, L_0x55555dae2390;  1 drivers
v0x55555da823a0_0 .net "n173", 0 0, L_0x55555dae2660;  1 drivers
v0x55555da82440_0 .net "n175", 0 0, L_0x55555dae2b50;  1 drivers
v0x55555da81fe0_0 .net "n176", 0 0, L_0x55555dae2c40;  1 drivers
v0x55555da820a0_0 .net "n178", 0 0, L_0x55555dae2d50;  1 drivers
v0x55555da81bf0_0 .net "n179", 0 0, L_0x55555dae3030;  1 drivers
v0x55555da81c90_0 .net "n181", 0 0, L_0x55555dae3530;  1 drivers
v0x55555da81830_0 .net "n182", 0 0, L_0x55555dae3620;  1 drivers
v0x55555da818f0_0 .net "n184", 0 0, L_0x55555dae3730;  1 drivers
v0x55555da81470_0 .net "n185", 0 0, L_0x55555dae3a20;  1 drivers
v0x55555da81510_0 .net "n187", 0 0, L_0x55555dae3f30;  1 drivers
v0x55555da81080_0 .net "n188", 0 0, L_0x55555da45330;  1 drivers
v0x55555da81140_0 .net "n190", 2 0, L_0x55555dae3fd0;  1 drivers
v0x55555da80cc0_0 .var "n191", 1 0;
v0x55555da80da0_0 .net "n194", 0 0, L_0x55555dae42d0;  1 drivers
v0x55555da808d0_0 .net "n196", 0 0, L_0x55555dae43c0;  1 drivers
v0x55555da80990_0 .net "n197", 0 0, L_0x55555dae46d0;  1 drivers
v0x55555da7f610_0 .net "n198", 0 0, L_0x55555dae4bf0;  1 drivers
v0x55555da7f6b0_0 .net "n201", 0 0, L_0x55555dae4d30;  1 drivers
v0x55555da977a0_0 .net "n202", 0 0, L_0x55555dae50a0;  1 drivers
v0x55555da97860_0 .net "n204", 2 0, L_0x55555dae5280;  1 drivers
v0x55555da973b0_0 .net "n205", 0 0, L_0x55555dae5560;  1 drivers
v0x55555da97470_0 .net "n206", 2 0, L_0x55555dae5620;  1 drivers
v0x55555da96ff0_0 .net "n215", 6 0, L_0x55555dae8ab0;  1 drivers
v0x55555da970d0_0 .net "n216", 3 0, L_0x55555dae8e90;  1 drivers
v0x55555da9a920_0 .net "n217", 2 0, L_0x55555dae8f80;  1 drivers
v0x55555da9a9e0_0 .net "n218", 6 0, L_0x55555dae9280;  1 drivers
v0x55555da9a590_0 .net "n219", 6 0, L_0x55555dae93c0;  1 drivers
v0x55555da9a670_0 .net "n220", 2 0, L_0x55555dae9940;  1 drivers
v0x55555da9a1d0_0 .net "n222", 4 0, L_0x55555dae9c50;  1 drivers
v0x55555da9a290_0 .net "n224", 6 0, L_0x55555dae9d40;  1 drivers
v0x55555da96c00_0 .net "n225", 0 0, L_0x55555daea150;  1 drivers
v0x55555da96cc0_0 .net "n226", 0 0, L_0x55555daea210;  1 drivers
v0x55555da99de0_0 .net "n230", 7 0, L_0x55555daeaac0;  1 drivers
v0x55555da99ea0_0 .net "n238", 4 0, L_0x55555daedb40;  1 drivers
v0x55555da99a20_0 .net "n241", 4 0, L_0x55555daedf10;  1 drivers
v0x55555da99b00_0 .net "n243", 5 0, L_0x55555daee110;  1 drivers
v0x55555da99630_0 .net "n245", 5 0, L_0x55555daee4f0;  1 drivers
v0x55555da996f0_0 .net "n246", 5 0, L_0x55555daee630;  1 drivers
v0x55555da99270_0 .net "n249", 0 0, L_0x55555daeea70;  1 drivers
v0x55555da99330_0 .net "n250", 0 0, L_0x55555daeebb0;  1 drivers
v0x55555da98eb0_0 .net "n252", 3 0, L_0x55555daef050;  1 drivers
v0x55555da98f70_0 .net "n253", 9 0, L_0x55555daef140;  1 drivers
v0x55555da98ac0_0 .net "n254", 0 0, L_0x55555daef5a0;  1 drivers
v0x55555da98b80_0 .net "n255", 0 0, L_0x55555daef640;  1 drivers
v0x55555da98700_0 .net "n256", 0 0, L_0x55555daedfb0;  1 drivers
v0x55555da987a0_0 .net "n257", 0 0, L_0x55555daefa10;  1 drivers
v0x55555da98310_0 .net "n258", 0 0, L_0x55555daefab0;  1 drivers
v0x55555da983d0_0 .net "n259", 0 0, L_0x55555daea370;  1 drivers
v0x55555da97f50_0 .net "n260", 0 0, L_0x55555daea700;  1 drivers
v0x55555da97ff0_0 .net "n262", 0 0, L_0x55555daf0050;  1 drivers
v0x55555da97b90_0 .net "n263", 0 0, L_0x55555daf00c0;  1 drivers
v0x55555da97c50_0 .net "n264", 0 0, L_0x55555daefc10;  1 drivers
v0x55555da96840_0 .net "n265", 0 0, L_0x55555daefcd0;  1 drivers
v0x55555da968e0_0 .net "n266", 0 0, L_0x55555daefde0;  1 drivers
v0x55555da93e20_0 .net "n267", 0 0, L_0x55555daefef0;  1 drivers
v0x55555da93ee0_0 .net "n273", 1 0, L_0x55555db03270;  1 drivers
v0x55555da93a30_0 .net "n274", 2 0, L_0x55555db03310;  1 drivers
v0x55555da93b10_0 .net "n275", 3 0, L_0x55555db036c0;  1 drivers
v0x55555dacb630_0 .net "n276", 3 0, L_0x55555db03760;  1 drivers
v0x55555dacb6f0_0 .net "n279", 0 0, L_0x55555db03b70;  1 drivers
v0x55555dacae40_0 .net "n281", 0 0, L_0x55555db03cb0;  1 drivers
v0x55555dacaf00_0 .net "n282", 0 0, L_0x55555daf27d0;  1 drivers
v0x55555dacaa20_0 .net "n284", 0 0, L_0x55555daf0130;  1 drivers
v0x55555dacaae0_0 .net "n285", 0 0, L_0x55555daf1e90;  1 drivers
v0x55555daca230_0 .net "n287", 0 0, L_0x55555daf0270;  1 drivers
v0x55555daca2f0_0 .net "n288", 0 0, L_0x55555daf0360;  1 drivers
v0x55555dac9e20_0 .net "n290", 0 0, L_0x55555daf0470;  1 drivers
v0x55555dac9ee0_0 .net "n291", 0 0, L_0x55555db04170;  1 drivers
v0x55555dac9240_0 .net "n293", 0 0, L_0x55555db04280;  1 drivers
v0x55555dac9300_0 .net "n294", 0 0, L_0x55555db04370;  1 drivers
v0x55555dac8960_0 .net "n297", 0 0, L_0x55555db04480;  1 drivers
v0x55555dac8a20_0 .net "n300", 0 0, L_0x55555db04920;  1 drivers
v0x55555dac7d40_0 .net "n302", 0 0, L_0x55555db05580;  1 drivers
v0x55555dac7e00_0 .net "n303", 0 0, L_0x55555db05620;  1 drivers
v0x55555dac7120_0 .net "n305", 0 0, L_0x55555db05730;  1 drivers
v0x55555dac71e0_0 .net "n306", 0 0, L_0x55555db05820;  1 drivers
v0x55555dac6500_0 .net "n308", 0 0, L_0x55555db050f0;  1 drivers
v0x55555dac65c0_0 .net "n309", 0 0, L_0x55555db051e0;  1 drivers
v0x55555dac4900_0 .net "n311", 0 0, L_0x55555db052f0;  1 drivers
v0x55555dac49c0_0 .net "n312", 0 0, L_0x55555db053e0;  1 drivers
v0x55555dac3ce0_0 .net "n314", 2 0, L_0x55555db05de0;  1 drivers
v0x55555dac3dc0_0 .var "n315", 1 0;
v0x55555dac30c0_0 .net "n317", 0 0, L_0x55555db05ed0;  1 drivers
v0x55555dac3180_0 .net "n319", 0 0, L_0x55555db05fe0;  1 drivers
v0x55555dac24a0_0 .net "n320", 0 0, L_0x55555db06120;  1 drivers
v0x55555dac2560_0 .net "n321", 0 0, L_0x55555db05930;  1 drivers
v0x55555dac1880_0 .net "n322", 1 0, L_0x55555db05a40;  1 drivers
v0x55555dac1960_0 .net "n324", 0 0, L_0x55555db05c20;  1 drivers
v0x55555dac0030_0 .net "n325", 0 0, L_0x55555db05d30;  1 drivers
v0x55555dac00f0_0 .net "n326", 2 0, L_0x55555db06b90;  1 drivers
v0x55555daaeed0_0 .net "n327", 6 0, L_0x55555db06cd0;  1 drivers
v0x55555daaefb0_0 .net "n328", 9 0, L_0x55555db071c0;  1 drivers
v0x55555daae370_0 .var "n329", 3 0;
v0x55555daae450_0 .var "n330", 9 0;
v0x55555daadf40_0 .var "n331", 3 0;
v0x55555daae020_0 .var "n332", 1 0;
v0x55555daadb10_0 .var "n333", 0 0;
v0x55555daadbd0_0 .var "n334", 0 0;
v0x55555daad700_0 .var "n335", 0 0;
v0x55555daad7c0_0 .var "n336", 0 0;
v0x55555daad310_0 .var "n337", 0 0;
v0x55555daad3d0_0 .var "n338", 0 0;
v0x55555daac550_0 .var "n339", 0 0;
v0x55555daac610_0 .var "n340", 0 0;
v0x55555daabc10_0 .var "n341", 0 0;
v0x55555daabcd0_0 .var "n342", 5 0;
v0x55555daaa550_0 .var "n343", 1 0;
v0x55555daaa630_0 .var "n344", 1 0;
v0x55555daa9110_0 .var "n345", 1 0;
v0x55555daa91f0_0 .var "n346", 1 0;
v0x55555daa8d10_0 .var "n347", 1 0;
v0x55555daa8df0_0 .var "n348", 1 0;
v0x55555daa85c0_0 .var "n349", 1 0;
v0x55555daa86a0_0 .var "n350", 0 0;
v0x55555daa7ce0_0 .var "n351", 0 0;
v0x55555daa7da0_0 .var "n352", 0 0;
v0x55555daa7570_0 .var "n353", 0 0;
v0x55555daa7630_0 .var "n354", 0 0;
v0x55555da92970_0 .var "n355", 0 0;
v0x55555da92a30_0 .var "n356", 6 0;
v0x55555da92560_0 .var "n357", 6 0;
v0x55555da92640_0 .var "n358", 3 0;
v0x55555da92260_0 .var "n359", 4 0;
v0x55555da92340_0 .var "n360", 4 0;
v0x55555da91b30_0 .var "n361", 4 0;
v0x55555da91c10_0 .var "n362", 4 0;
v0x55555da90d80_0 .var "n363", 4 0;
v0x55555da90e60_0 .var "n364", 0 0;
v0x55555da8fce0_0 .var "n365", 0 0;
v0x55555da8fda0_0 .var "n366", 0 0;
v0x55555da7f130_0 .var "n367", 2 0;
v0x55555da7f210_0 .var "n368", 3 0;
v0x55555da7e960_0 .var "n369", 1 0;
v0x55555da7ea40_0 .var "n370", 0 0;
v0x55555da7df90_0 .var "n371", 0 0;
v0x55555da7e050_0 .net "n48", 1 0, L_0x55555da5ae00;  1 drivers
v0x55555da7cc00_0 .net "n49", 6 0, L_0x55555dabbd50;  1 drivers
v0x55555da7cce0_0 .net "n50", 8 0, L_0x55555dabbe70;  1 drivers
v0x55555da7c410_0 .net "n51", 1 0, L_0x55555dad8430;  1 drivers
v0x55555da7c4f0_0 .net "n52", 6 0, L_0x55555dad84d0;  1 drivers
v0x55555da7ab50_0 .net "n53", 8 0, L_0x55555dad85c0;  1 drivers
v0x55555da7ac30_0 .net "n55", 0 0, L_0x55555dad8750;  1 drivers
v0x55555da79f30_0 .net "n56", 0 0, L_0x55555dad8890;  1 drivers
v0x55555da79ff0_0 .net "n58", 3 0, L_0x55555dad8ac0;  1 drivers
v0x55555da79310_0 .net "n59", 3 0, L_0x55555dad8b60;  1 drivers
v0x55555da793f0_0 .net "n60", 3 0, L_0x55555dad8c60;  1 drivers
v0x55555da786f0_0 .net "n61", 3 0, L_0x55555dad8e10;  1 drivers
v0x55555da787d0_0 .net "n62", 3 0, L_0x55555dad8f20;  1 drivers
v0x55555da77ad0_0 .net "n63", 3 0, L_0x55555dad8fc0;  1 drivers
v0x55555da77bb0_0 .net "n64", 0 0, L_0x55555dad8eb0;  1 drivers
v0x55555da76eb0_0 .net "n65", 3 0, L_0x55555dad9180;  1 drivers
v0x55555da76f90_0 .net "n66", 0 0, L_0x55555dad8d00;  1 drivers
v0x55555da76290_0 .net "n67", 9 0, L_0x55555dad9660;  1 drivers
v0x55555da76370_0 .net "n68", 0 0, L_0x55555dad9830;  1 drivers
v0x55555da75670_0 .net "n69", 9 0, L_0x55555dad98a0;  1 drivers
v0x55555da75750_0 .net "n70", 3 0, L_0x55555dad9990;  1 drivers
v0x55555da74a50_0 .net "n71", 1 0, L_0x55555dad9b70;  1 drivers
v0x55555da74b30_0 .net "n72", 1 0, L_0x55555dad9c60;  1 drivers
v0x55555da73e30_0 .net "n73", 0 0, L_0x55555dad9ad0;  1 drivers
v0x55555da73ef0_0 .net "n74", 0 0, L_0x55555dad9ea0;  1 drivers
v0x55555da73210_0 .net "n75", 0 0, L_0x55555dada000;  1 drivers
v0x55555da732d0_0 .net "n76", 1 0, L_0x55555dada470;  1 drivers
v0x55555da725f0_0 .net "n77", 3 0, L_0x55555dada5b0;  1 drivers
v0x55555da726d0_0 .net "n78", 5 0, L_0x55555dada7c0;  1 drivers
v0x55555da719d0_0 .net "n82", 0 0, L_0x55555dada950;  1 drivers
v0x55555da71a90_0 .net "n83", 3 0, L_0x55555dadab70;  1 drivers
v0x55555da70db0_0 .net "n84", 2 0, L_0x55555dadad00;  1 drivers
v0x55555da70e90_0 .net "n86", 3 0, L_0x55555dadaf30;  1 drivers
v0x55555da70190_0 .net "n89", 0 0, L_0x55555dadb0c0;  1 drivers
v0x55555da70250_0 .net "n91", 0 0, L_0x55555dadb300;  1 drivers
v0x55555da6f570_0 .net "n92", 0 0, L_0x55555dadb3f0;  1 drivers
v0x55555da6f630_0 .net "n94", 0 0, L_0x55555dadb500;  1 drivers
v0x55555da6e950_0 .net "n95", 0 0, L_0x55555dadb6b0;  1 drivers
v0x55555da6ea10_0 .net "n97", 0 0, L_0x55555dadbae0;  1 drivers
v0x55555da6d540_0 .net "n98", 0 0, L_0x55555dadbb80;  1 drivers
v0x55555da6d600_0 .net "needtoround", 0 0, L_0x55555da9e0b0;  1 drivers
v0x55555da6c920_0 .net "newx", 9 0, L_0x55555da5e190;  1 drivers
v0x55555da6c9e0_0 .net "newy", 9 0, L_0x55555da5e260;  1 drivers
v0x55555da6bd00_0 .net "newy_d1", 9 0, v0x55555daae450_0;  1 drivers
v0x55555da6bde0_0 .net "nzerosnew", 3 0, L_0x55555daa2100;  1 drivers
v0x55555da6b0e0_0 .net "nzerosnew_d1", 3 0, v0x55555da92640_0;  1 drivers
v0x55555da6b1a0_0 .net "rightshiftercomponent_n208", 5 0, L_0x55555dae5800;  1 drivers
v0x55555da6a4c0_0 .net "rightshiftercomponent_n209", 0 0, L_0x55555dae5870;  1 drivers
v0x55555da6a560_0 .net "rnd", 0 0, L_0x55555da9e420;  1 drivers
v0x55555da698a0_0 .net "roundedexpfrac", 9 0, L_0x55555da9c760;  1 drivers
v0x55555da69960_0 .net "roundingadder_n270", 9 0, L_0x55555daf0930;  1 drivers
v0x55555da68c80_0 .net "shiftedfrac", 7 0, L_0x55555dad6b10;  1 drivers
v0x55555da68d40_0 .net "shiftedfracy", 5 0, L_0x55555da83270;  1 drivers
v0x55555da68060_0 .net "shiftedout", 0 0, L_0x55555da83130;  1 drivers
v0x55555da68120_0 .net "shiftval", 2 0, L_0x55555da83200;  1 drivers
v0x55555da67440_0 .net "signr", 0 0, L_0x55555da88520;  1 drivers
v0x55555da67500_0 .net "signr2", 0 0, L_0x55555daa36e0;  1 drivers
v0x55555da66820_0 .net "signr2_d1", 0 0, L_0x55555daa37b0;  1 drivers
v0x55555da668e0_0 .net "signr2_d2", 0 0, v0x55555da7df90_0;  1 drivers
v0x55555da65c00_0 .net "signr_d1", 0 0, L_0x55555da88fb0;  1 drivers
v0x55555da65cc0_0 .net "signr_d2", 0 0, L_0x55555da85a60;  1 drivers
v0x55555da647f0_0 .net "signr_d3", 0 0, L_0x55555da85b00;  1 drivers
v0x55555da648b0_0 .net "signr_d4", 0 0, L_0x55555da85170;  1 drivers
v0x55555da63bd0_0 .net "signr_d5", 0 0, v0x55555daa7630_0;  1 drivers
v0x55555da63c90_0 .net "signx", 0 0, L_0x55555da5bc30;  1 drivers
v0x55555da62fb0_0 .net "signx_d1", 0 0, v0x55555daadb10_0;  1 drivers
v0x55555da63070_0 .net "signy", 0 0, L_0x55555da5aea0;  1 drivers
v0x55555da61db0_0 .net "signy_d1", 0 0, v0x55555daadbd0_0;  1 drivers
v0x55555da61e70_0 .net "sticky", 0 0, L_0x55555da8d720;  1 drivers
v0x55555da60fb0_0 .net "sticky_d1", 0 0, v0x55555da92970_0;  1 drivers
v0x55555da61070_0 .net "stk", 0 0, L_0x55555da9e350;  1 drivers
v0x55555da5f440_0 .net "swap", 0 0, L_0x55555daa6ee0;  1 drivers
v0x55555da5f500_0 .net "sxsyexnxy", 5 0, L_0x55555dab7d60;  1 drivers
v0x55555da5e9b0_0 .net "sxsyexnxy_d1", 5 0, v0x55555daabcd0_0;  1 drivers
v0x55555da5ea90_0 .net "updatedexp", 5 0, L_0x55555daa0f60;  1 drivers
v0x55555da5e5a0_0 .net "upexc", 1 0, L_0x55555da9c850;  1 drivers
E_0x55555d95eb10 .event anyedge, v0x55555dac3ce0_0;
E_0x55555d95ee60 .event anyedge, v0x55555da81140_0;
L_0x55555da5ae00 .part o0x774f62567ec8, 8, 2;
L_0x55555dabbd50 .part o0x774f62567ec8, 0, 7;
L_0x55555dabbe70 .concat [ 7 2 0 0], L_0x55555dabbd50, L_0x55555da5ae00;
L_0x55555dad8430 .part o0x774f62567ef8, 8, 2;
L_0x55555dad84d0 .part o0x774f62567ef8, 0, 7;
L_0x55555dad85c0 .concat [ 7 2 0 0], L_0x55555dad84d0, L_0x55555dad8430;
L_0x55555dad8750 .cmp/gt 9, L_0x55555daa6bd0, L_0x55555daa68a0;
L_0x55555dad8890 .functor MUXZ 1, L_0x774f6251c060, L_0x774f6251c018, L_0x55555dad8750, C4<>;
L_0x55555dad8ac0 .part o0x774f62567ec8, 3, 4;
L_0x55555dad8b60 .part o0x774f62567ef8, 3, 4;
L_0x55555dad8c60 .arith/sub 4, L_0x55555dad8ac0, L_0x55555dad8b60;
L_0x55555dad8e10 .part o0x774f62567ef8, 3, 4;
L_0x55555dad8f20 .part o0x774f62567ec8, 3, 4;
L_0x55555dad8fc0 .arith/sub 4, L_0x55555dad8e10, L_0x55555dad8f20;
L_0x55555dad9180 .functor MUXZ 4, L_0x55555da95980, L_0x55555da95460, L_0x55555dad8eb0, C4<>;
L_0x55555dad9660 .functor MUXZ 10, o0x774f62567ef8, o0x774f62567ec8, L_0x55555dad8d00, C4<>;
L_0x55555dad98a0 .functor MUXZ 10, o0x774f62567ec8, o0x774f62567ef8, L_0x55555dad9830, C4<>;
L_0x55555dad9990 .part L_0x55555da5e190, 3, 4;
L_0x55555dad9b70 .part L_0x55555da5e190, 8, 2;
L_0x55555dad9c60 .part L_0x55555da5e260, 8, 2;
L_0x55555dad9ad0 .part L_0x55555da5e190, 7, 1;
L_0x55555dad9ea0 .part L_0x55555da5e260, 7, 1;
L_0x55555dada470 .concat [ 1 1 0 0], L_0x55555da5aea0, L_0x55555da5bc30;
L_0x55555dada5b0 .concat [ 2 2 0 0], L_0x55555da5ce10, L_0x55555dada470;
L_0x55555dada7c0 .concat [ 2 4 0 0], L_0x55555da5cd00, L_0x55555dada5b0;
L_0x55555dada950 .cmp/eq 2, v0x55555daae020_0, L_0x774f6251c0a8;
L_0x55555dadab70 .functor MUXZ 4, L_0x55555dadaf30, L_0x774f6251c0f0, L_0x55555dada950, C4<>;
L_0x55555dadad00 .part v0x55555daae450_0, 0, 3;
L_0x55555dadaf30 .concat [ 3 1 0 0], L_0x55555dadad00, L_0x774f6251c138;
L_0x55555dadb0c0 .cmp/eq 6, v0x55555daabcd0_0, L_0x774f6251c180;
L_0x55555dadb300 .cmp/eq 6, v0x55555daabcd0_0, L_0x774f6251c1c8;
L_0x55555dadb500 .cmp/eq 6, v0x55555daabcd0_0, L_0x774f6251c210;
L_0x55555dadbae0 .cmp/eq 6, v0x55555daabcd0_0, L_0x774f6251c258;
L_0x55555dadbc90 .cmp/eq 6, v0x55555daabcd0_0, L_0x774f6251c2a0;
L_0x55555dadbea0 .cmp/eq 6, v0x55555daabcd0_0, L_0x774f6251c2e8;
L_0x55555dadc3d0 .cmp/eq 6, v0x55555daabcd0_0, L_0x774f6251c330;
L_0x55555dadc700 .cmp/eq 6, v0x55555daabcd0_0, L_0x774f6251c378;
L_0x55555dadcc40 .cmp/eq 6, v0x55555daabcd0_0, L_0x774f6251c3c0;
L_0x55555dadce70 .cmp/eq 6, v0x55555daabcd0_0, L_0x774f6251c408;
L_0x55555dadd3c0 .cmp/eq 6, v0x55555daabcd0_0, L_0x774f6251c450;
L_0x55555dadd710 .cmp/eq 6, v0x55555daabcd0_0, L_0x774f6251c498;
L_0x55555daddc70 .cmp/eq 6, v0x55555daabcd0_0, L_0x774f6251c4e0;
L_0x55555daddfd0 .cmp/eq 6, v0x55555daabcd0_0, L_0x774f6251c528;
L_0x55555dade540 .cmp/eq 6, v0x55555daabcd0_0, L_0x774f6251c570;
L_0x55555dade8b0 .cmp/eq 6, v0x55555daabcd0_0, L_0x774f6251c5b8;
L_0x55555dadee30 .cmp/eq 6, v0x55555daabcd0_0, L_0x774f6251c600;
L_0x55555dadf0a0 .cmp/eq 6, v0x55555daabcd0_0, L_0x774f6251c648;
L_0x55555dadf2a0 .cmp/eq 6, v0x55555daabcd0_0, L_0x774f6251c690;
L_0x55555dadf9c0 .cmp/eq 6, v0x55555daabcd0_0, L_0x774f6251c6d8;
L_0x55555dadfbc0 .cmp/eq 6, v0x55555daabcd0_0, L_0x774f6251c720;
L_0x55555dae0300 .cmp/eq 6, v0x55555daabcd0_0, L_0x774f6251c768;
L_0x55555dae0500 .cmp/eq 6, v0x55555daabcd0_0, L_0x774f6251c7b0;
L_0x55555dae0c60 .cmp/eq 6, v0x55555daabcd0_0, L_0x774f6251c7f8;
L_0x55555dae0e60 .cmp/eq 6, v0x55555daabcd0_0, L_0x774f6251c840;
L_0x55555dae15e0 .cmp/eq 6, v0x55555daabcd0_0, L_0x774f6251c888;
L_0x55555dae17e0 .cmp/eq 6, v0x55555daabcd0_0, L_0x774f6251c8d0;
L_0x55555dae2190 .cmp/eq 6, v0x55555daabcd0_0, L_0x774f6251c918;
L_0x55555dae2390 .cmp/eq 6, v0x55555daabcd0_0, L_0x774f6251c960;
L_0x55555dae2b50 .cmp/eq 6, v0x55555daabcd0_0, L_0x774f6251c9a8;
L_0x55555dae2d50 .cmp/eq 6, v0x55555daabcd0_0, L_0x774f6251c9f0;
L_0x55555dae3530 .cmp/eq 6, v0x55555daabcd0_0, L_0x774f6251ca38;
L_0x55555dae3730 .cmp/eq 6, v0x55555daabcd0_0, L_0x774f6251ca80;
L_0x55555dae3f30 .cmp/eq 6, v0x55555daabcd0_0, L_0x774f6251cac8;
L_0x55555dae3fd0 .concat [ 1 1 1 0], L_0x55555dadbb80, L_0x55555dade9a0, L_0x55555da45330;
L_0x55555dae42d0 .cmp/eq 6, v0x55555daabcd0_0, L_0x774f6251cb10;
L_0x55555dae43c0 .cmp/eq 6, v0x55555daabcd0_0, L_0x774f6251cb58;
L_0x55555dae4bf0 .functor MUXZ 1, v0x55555daadb10_0, L_0x774f6251cba0, L_0x55555dae46d0, C4<>;
L_0x55555dae4d30 .cmp/gt 4, v0x55555daae370_0, L_0x774f6251cbe8;
L_0x55555dae50a0 .functor MUXZ 1, L_0x774f6251cc78, L_0x774f6251cc30, L_0x55555dae4d30, C4<>;
L_0x55555dae5280 .part v0x55555daae370_0, 0, 3;
L_0x55555dae5620 .functor MUXZ 3, L_0x774f6251ccc0, L_0x55555dae5280, L_0x55555dae5560, C4<>;
L_0x55555dae8ab0 .concat [ 6 1 0 0], L_0x55555da83270, L_0x774f6251d0b0;
L_0x55555dae8e90 .concat [ 1 1 1 1], L_0x55555dabb1e0, L_0x55555dabb1e0, L_0x55555dabb1e0, L_0x55555dabb1e0;
L_0x55555dae8f80 .concat [ 1 1 1 0], L_0x55555dabb1e0, L_0x55555dabb1e0, L_0x55555dabb1e0;
L_0x55555dae9280 .concat [ 3 4 0 0], L_0x55555dae8f80, L_0x55555dae8e90;
L_0x55555dae9940 .part L_0x55555da5e190, 0, 3;
L_0x55555dae9c50 .concat [ 3 2 0 0], L_0x55555dae9940, L_0x774f6251d0f8;
L_0x55555dae9d40 .concat [ 2 5 0 0], L_0x774f6251d140, L_0x55555dae9c50;
L_0x55555daeaac0 .concat [ 1 7 0 0], v0x55555da92970_0, L_0x55555da8bf10;
L_0x55555daedb40 .concat [ 4 1 0 0], v0x55555daadf40_0, L_0x774f6251d650;
L_0x55555daedf10 .arith/sum 5, L_0x55555daedb40, L_0x774f6251d698;
L_0x55555daee110 .concat [ 5 1 0 0], v0x55555da90d80_0, L_0x774f6251d6e0;
L_0x55555daee4f0 .concat [ 4 2 0 0], v0x55555da92640_0, L_0x774f6251d728;
L_0x55555daee630 .arith/sub 6, L_0x55555daee110, L_0x55555daee4f0;
L_0x55555daeea70 .cmp/eq 4, L_0x55555daa2100, L_0x774f6251d770;
L_0x55555daeebb0 .functor MUXZ 1, L_0x774f6251d800, L_0x774f6251d7b8, L_0x55555daeea70, C4<>;
L_0x55555daef050 .part L_0x55555dad6b10, 3, 4;
L_0x55555daef140 .concat [ 4 6 0 0], L_0x55555daef050, L_0x55555daa0f60;
L_0x55555daef5a0 .part L_0x55555dad6b10, 2, 1;
L_0x55555daef640 .part L_0x55555dad6b10, 1, 1;
L_0x55555daefa10 .part L_0x55555dad6b10, 0, 1;
L_0x55555daea370 .part L_0x55555dad6b10, 3, 1;
L_0x55555daea700 .part L_0x55555dad6b10, 4, 1;
L_0x55555daefef0 .functor MUXZ 1, L_0x774f6251d890, L_0x774f6251d848, L_0x55555daefde0, C4<>;
L_0x55555db03270 .part L_0x55555da9c760, 8, 2;
L_0x55555db03310 .part L_0x55555da9c760, 1, 3;
L_0x55555db036c0 .part L_0x55555da9c760, 4, 4;
L_0x55555db03760 .concat [ 2 2 0 0], v0x55555daa8df0_0, L_0x55555da9c850;
L_0x55555db03b70 .cmp/eq 4, L_0x55555daa4c90, L_0x774f6251dad0;
L_0x55555db03cb0 .cmp/eq 4, L_0x55555daa4c90, L_0x774f6251db18;
L_0x55555daf0130 .cmp/eq 4, L_0x55555daa4c90, L_0x774f6251db60;
L_0x55555daf0270 .cmp/eq 4, L_0x55555daa4c90, L_0x774f6251dba8;
L_0x55555daf0470 .cmp/eq 4, L_0x55555daa4c90, L_0x774f6251dbf0;
L_0x55555db04280 .cmp/eq 4, L_0x55555daa4c90, L_0x774f6251dc38;
L_0x55555db04480 .cmp/eq 4, L_0x55555daa4c90, L_0x774f6251dc80;
L_0x55555db04920 .cmp/eq 4, L_0x55555daa4c90, L_0x774f6251dcc8;
L_0x55555db05580 .cmp/eq 4, L_0x55555daa4c90, L_0x774f6251dd10;
L_0x55555db05730 .cmp/eq 4, L_0x55555daa4c90, L_0x774f6251dd58;
L_0x55555db050f0 .cmp/eq 4, L_0x55555daa4c90, L_0x774f6251dda0;
L_0x55555db052f0 .cmp/eq 4, L_0x55555daa4c90, L_0x774f6251dde8;
L_0x55555db05de0 .concat [ 1 1 1 0], L_0x55555db04370, L_0x55555db04480, L_0x55555db053e0;
L_0x55555db05fe0 .cmp/eq 2, v0x55555daa85c0_0, L_0x774f6251de30;
L_0x55555db05a40 .functor MUXZ 2, v0x55555da7e960_0, L_0x774f6251de78, L_0x55555db05930, C4<>;
L_0x55555db05d30 .functor MUXZ 1, v0x55555daa7630_0, L_0x774f6251dec0, L_0x55555db05c20, C4<>;
L_0x55555db06b90 .concat [ 1 2 0 0], v0x55555da7df90_0, L_0x55555daa3ad0;
L_0x55555db06cd0 .concat [ 4 3 0 0], v0x55555da7f210_0, L_0x55555db06b90;
L_0x55555db071c0 .concat [ 3 7 0 0], v0x55555da7f130_0, L_0x55555db06cd0;
S_0x55555dac3840 .scope module, "fracadder" "intadder_7_freq500_uid6" 2 1351, 2 381 0, S_0x55555dac99c0;
 .timescale 0 0;
    .port_info 0 /INPUT 1 "clk";
    .port_info 1 /INPUT 7 "x";
    .port_info 2 /INPUT 7 "y";
    .port_info 3 /INPUT 1 "cin";
    .port_info 4 /OUTPUT 7 "r";
L_0x55555dae9520 .functor BUFZ 7, L_0x55555dae9590, C4<0000000>, C4<0000000>, C4<0000000>;
L_0x55555dae9590 .functor BUFZ 7, L_0x55555daea930, C4<0000000>, C4<0000000>, C4<0000000>;
L_0x55555dae9650 .functor BUFZ 7, v0x55555da95dc0_0, C4<0000000>, C4<0000000>, C4<0000000>;
L_0x55555dae96c0 .functor BUFZ 7, v0x55555da905c0_0, C4<0000000>, C4<0000000>, C4<0000000>;
L_0x774f6251d188 .functor BUFT 1, C4<000000>, C4<0>, C4<0>, C4<0>;
v0x55555daa6660_0 .net/2u *"_ivl_14", 5 0, L_0x774f6251d188;  1 drivers
v0x55555daa69b0_0 .net "cin", 0 0, L_0x55555da8bea0;  alias, 1 drivers
v0x55555daa6ce0_0 .net "clk", 0 0, o0x774f62565078;  alias, 0 drivers
v0x55555daa6ff0_0 .net "n441", 6 0, L_0x55555dae9810;  1 drivers
v0x55555da95760_0 .net "n442", 6 0, L_0x55555daea840;  1 drivers
v0x55555da95a90_0 .net "n443", 6 0, L_0x55555daea930;  1 drivers
v0x55555da95dc0_0 .var "n444", 6 0;
v0x55555da905c0_0 .var "n445", 6 0;
v0x55555da90150_0 .var "n446", 6 0;
v0x55555da7e780_0 .var "n447", 6 0;
v0x55555da7b050_0 .net "r", 6 0, L_0x55555dae9520;  alias, 1 drivers
v0x55555da617d0_0 .net "rtmp", 6 0, L_0x55555dae9590;  1 drivers
v0x55555da60070_0 .net "x", 6 0, L_0x55555da8c340;  alias, 1 drivers
v0x55555da5fc20_0 .net "x_d1", 6 0, L_0x55555dae9650;  1 drivers
v0x55555da5f860_0 .net "x_d2", 6 0, L_0x55555dae96c0;  1 drivers
v0x55555da5f210_0 .net "x_d3", 6 0, v0x55555da90150_0;  1 drivers
v0x55555da5edc0_0 .net "y", 6 0, L_0x55555da8c2d0;  alias, 1 drivers
v0x55555da5ee60_0 .net "y_d1", 6 0, v0x55555da7e780_0;  1 drivers
E_0x55555d95f1b0 .event posedge, v0x55555daa6ce0_0;
L_0x55555dae9810 .arith/sum 7, v0x55555da90150_0, v0x55555da7e780_0;
L_0x55555daea840 .concat [ 1 6 0 0], L_0x55555da8bea0, L_0x774f6251d188;
L_0x55555daea930 .arith/sum 7, L_0x55555dae9810, L_0x55555daea840;
S_0x55555dac4460 .scope module, "lzcandshifter" "normalizer_z_8_8_8_freq500_uid8" 2 1360, 2 211 0, S_0x55555dac99c0;
 .timescale 0 0;
    .port_info 0 /INPUT 1 "clk";
    .port_info 1 /INPUT 8 "x";
    .port_info 2 /OUTPUT 4 "count";
    .port_info 3 /OUTPUT 8 "r";
L_0x55555dae98b0 .functor BUFZ 4, L_0x55555daeb4c0, C4<0000>, C4<0000>, C4<0000>;
L_0x55555daeac00 .functor BUFZ 8, L_0x55555daeb450, C4<00000000>, C4<00000000>, C4<00000000>;
L_0x55555daeace0 .functor BUFZ 1, L_0x55555daeb710, C4<0>, C4<0>, C4<0>;
L_0x55555daeae30 .functor BUFZ 8, L_0x55555daeb9b0, C4<00000000>, C4<00000000>, C4<00000000>;
L_0x55555daeaea0 .functor BUFZ 1, L_0x55555daebdc0, C4<0>, C4<0>, C4<0>;
L_0x55555daeafd0 .functor BUFZ 8, L_0x55555daeb580, C4<00000000>, C4<00000000>, C4<00000000>;
L_0x55555daeb110 .functor BUFZ 1, L_0x55555daec620, C4<0>, C4<0>, C4<0>;
L_0x55555daeb1f0 .functor BUFZ 8, L_0x55555daec930, C4<00000000>, C4<00000000>, C4<00000000>;
L_0x55555daeb180 .functor BUFZ 1, L_0x55555daecfb0, C4<0>, C4<0>, C4<0>;
L_0x55555daeb450 .functor BUFZ 8, L_0x55555daed250, C4<00000000>, C4<00000000>, C4<00000000>;
L_0x55555daeb4c0 .functor BUFZ 4, L_0x55555daed9b0, C4<0000>, C4<0000>, C4<0000>;
L_0x55555daeb8f0 .functor NOT 1, v0x55555dac1470_0, C4<0>, C4<0>, C4<0>;
L_0x55555daebfa0 .functor NOT 1, L_0x55555daeaea0, C4<0>, C4<0>, C4<0>;
L_0x55555daec870 .functor NOT 1, L_0x55555daeb110, C4<0>, C4<0>, C4<0>;
L_0x774f6251d530 .functor BUFT 1, C4<0>, C4<0>, C4<0>, C4<0>;
L_0x55555daec6c0 .functor XNOR 1, L_0x55555daeccd0, L_0x774f6251d530, C4<0>, C4<0>;
L_0x55555daed190 .functor NOT 1, v0x55555dabfca0_0, C4<0>, C4<0>, C4<0>;
L_0x774f6251d578 .functor BUFT 1, C4<1>, C4<0>, C4<0>, C4<0>;
v0x55555da5d1a0_0 .net/2u *"_ivl_102", 0 0, L_0x774f6251d578;  1 drivers
L_0x774f6251d5c0 .functor BUFT 1, C4<0>, C4<0>, C4<0>, C4<0>;
v0x55555da5c9f0_0 .net/2u *"_ivl_104", 0 0, L_0x774f6251d5c0;  1 drivers
L_0x774f6251d608 .functor BUFT 1, C4<0>, C4<0>, C4<0>, C4<0>;
v0x55555da5bfe0_0 .net/2u *"_ivl_114", 0 0, L_0x774f6251d608;  1 drivers
L_0x774f6251d1d0 .functor BUFT 1, C4<00000000>, C4<0>, C4<0>, C4<0>;
v0x55555da5c0a0_0 .net/2u *"_ivl_36", 7 0, L_0x774f6251d1d0;  1 drivers
L_0x774f6251d218 .functor BUFT 1, C4<1>, C4<0>, C4<0>, C4<0>;
v0x55555da5b240_0 .net/2u *"_ivl_40", 0 0, L_0x774f6251d218;  1 drivers
L_0x774f6251d260 .functor BUFT 1, C4<0>, C4<0>, C4<0>, C4<0>;
v0x55555da597e0_0 .net/2u *"_ivl_42", 0 0, L_0x774f6251d260;  1 drivers
L_0x774f6251d2a8 .functor BUFT 1, C4<00000000>, C4<0>, C4<0>, C4<0>;
v0x55555da59530_0 .net/2u *"_ivl_48", 7 0, L_0x774f6251d2a8;  1 drivers
L_0x774f6251d2f0 .functor BUFT 1, C4<0000>, C4<0>, C4<0>, C4<0>;
v0x55555da590c0_0 .net/2u *"_ivl_54", 3 0, L_0x774f6251d2f0;  1 drivers
L_0x774f6251d338 .functor BUFT 1, C4<1>, C4<0>, C4<0>, C4<0>;
v0x55555da58b10_0 .net/2u *"_ivl_58", 0 0, L_0x774f6251d338;  1 drivers
L_0x774f6251d380 .functor BUFT 1, C4<0>, C4<0>, C4<0>, C4<0>;
v0x55555da58860_0 .net/2u *"_ivl_60", 0 0, L_0x774f6251d380;  1 drivers
L_0x774f6251d3c8 .functor BUFT 1, C4<0000>, C4<0>, C4<0>, C4<0>;
v0x55555da583f0_0 .net/2u *"_ivl_70", 3 0, L_0x774f6251d3c8;  1 drivers
L_0x774f6251d410 .functor BUFT 1, C4<00>, C4<0>, C4<0>, C4<0>;
v0x55555dabbad0_0 .net/2u *"_ivl_76", 1 0, L_0x774f6251d410;  1 drivers
L_0x774f6251d458 .functor BUFT 1, C4<1>, C4<0>, C4<0>, C4<0>;
v0x55555dab9d40_0 .net/2u *"_ivl_80", 0 0, L_0x774f6251d458;  1 drivers
L_0x774f6251d4a0 .functor BUFT 1, C4<0>, C4<0>, C4<0>, C4<0>;
v0x55555dab91e0_0 .net/2u *"_ivl_82", 0 0, L_0x774f6251d4a0;  1 drivers
L_0x774f6251d4e8 .functor BUFT 1, C4<00>, C4<0>, C4<0>, C4<0>;
v0x55555dab8d00_0 .net/2u *"_ivl_92", 1 0, L_0x774f6251d4e8;  1 drivers
v0x55555dab6b10_0 .net/2u *"_ivl_98", 0 0, L_0x774f6251d530;  1 drivers
v0x55555dab5f10_0 .net "clk", 0 0, o0x774f62565078;  alias, 0 drivers
v0x55555dab5fb0_0 .net "count", 3 0, L_0x55555dae98b0;  alias, 1 drivers
v0x55555da8afd0_0 .net "count0", 0 0, L_0x55555daeb180;  1 drivers
v0x55555da8b090_0 .net "count0_d1", 0 0, v0x55555dabfca0_0;  1 drivers
v0x55555da8a490_0 .net "count1", 0 0, L_0x55555daeb110;  1 drivers
v0x55555da8a550_0 .net "count2", 0 0, L_0x55555daeaea0;  1 drivers
v0x55555da89d40_0 .net "count2_d1", 0 0, v0x55555d972a80_0;  1 drivers
v0x55555da89de0_0 .net "count3", 0 0, L_0x55555daeace0;  1 drivers
v0x55555da89680_0 .net "count3_d1", 0 0, v0x55555dac1470_0;  1 drivers
v0x55555da89740_0 .net "count3_d2", 0 0, v0x55555dac1530_0;  1 drivers
v0x55555da87dc0_0 .net "level0", 7 0, L_0x55555daeb450;  1 drivers
v0x55555da87220_0 .net "level1", 7 0, L_0x55555daeb1f0;  1 drivers
v0x55555da86650_0 .net "level1_d1", 7 0, v0x55555dac0df0_0;  1 drivers
v0x55555da85f00_0 .net "level2", 7 0, L_0x55555daeafd0;  1 drivers
v0x55555da85840_0 .net "level2_d1", 7 0, v0x55555dac0d10_0;  1 drivers
v0x55555da84380_0 .net "level3", 7 0, L_0x55555daeae30;  1 drivers
o0x774f62565a38 .functor BUFZ 8, c4<zzzzzzzz>; HiZ drive
v0x55555da837e0_0 .net "level4", 7 0, o0x774f62565a38;  0 drivers
v0x55555d986820_0 .net "level4_d1", 7 0, v0x55555dac20e0_0;  1 drivers
v0x55555d986900_0 .net "n463", 0 0, L_0x55555daeb620;  1 drivers
v0x55555d9869c0_0 .net "n464", 0 0, L_0x55555daeb710;  1 drivers
v0x55555da83880_0 .net "n466", 0 0, L_0x55555daeb8f0;  1 drivers
v0x55555da8e310_0 .net "n467", 7 0, L_0x55555daeb9b0;  1 drivers
v0x55555da8dbc0_0 .net "n470", 3 0, L_0x55555daebb90;  1 drivers
v0x55555da8d500_0 .net "n472", 0 0, L_0x55555daebc80;  1 drivers
v0x55555da8d5c0_0 .net "n473", 0 0, L_0x55555daebdc0;  1 drivers
v0x55555daa25f0_0 .net "n475", 0 0, L_0x55555daebfa0;  1 drivers
v0x55555daa26b0_0 .net "n476", 7 0, L_0x55555daeb580;  1 drivers
v0x55555daa1ab0_0 .net "n477", 3 0, L_0x55555daec1b0;  1 drivers
v0x55555daa1360_0 .net "n479", 7 0, L_0x55555daec2a0;  1 drivers
v0x55555da9fac0_0 .net "n481", 1 0, L_0x55555daec3e0;  1 drivers
v0x55555da9eef0_0 .net "n483", 0 0, L_0x55555daec530;  1 drivers
v0x55555da9efb0_0 .net "n484", 0 0, L_0x55555daec620;  1 drivers
v0x55555da9e7a0_0 .net "n486", 0 0, L_0x55555daec870;  1 drivers
v0x55555da9e860_0 .net "n487", 7 0, L_0x55555daec930;  1 drivers
v0x55555da9cf00_0 .net "n488", 5 0, L_0x55555daeca70;  1 drivers
v0x55555daa57e0_0 .net "n490", 7 0, L_0x55555daecb90;  1 drivers
v0x55555daa5420_0 .net "n492", 0 0, L_0x55555daeccd0;  1 drivers
v0x55555daa54e0_0 .net "n494", 0 0, L_0x55555daec6c0;  1 drivers
v0x55555daa5060_0 .net "n495", 0 0, L_0x55555daecfb0;  1 drivers
v0x55555daa5120_0 .net "n497", 0 0, L_0x55555daed190;  1 drivers
v0x55555daa46b0_0 .net "n498", 7 0, L_0x55555daed250;  1 drivers
v0x55555daa3ed0_0 .net "n499", 6 0, L_0x55555daed480;  1 drivers
v0x55555da59b80_0 .net "n501", 7 0, L_0x55555daed520;  1 drivers
v0x55555dac2c20_0 .net "n502", 1 0, L_0x55555daed2f0;  1 drivers
v0x55555dac2d00_0 .net "n503", 2 0, L_0x55555daed800;  1 drivers
v0x55555dac2000_0 .net "n504", 3 0, L_0x55555daed9b0;  1 drivers
v0x55555dac20e0_0 .var "n505", 7 0;
v0x55555dac1470_0 .var "n506", 0 0;
v0x55555dac1530_0 .var "n507", 0 0;
v0x55555d972a80_0 .var "n508", 0 0;
v0x55555dac0d10_0 .var "n509", 7 0;
v0x55555dac0df0_0 .var "n510", 7 0;
v0x55555dabfca0_0 .var "n511", 0 0;
v0x55555dabfd60_0 .net "r", 7 0, L_0x55555daeac00;  alias, 1 drivers
v0x55555daa9980_0 .net "scount", 3 0, L_0x55555daeb4c0;  1 drivers
v0x55555daa9a60_0 .net "x", 7 0, L_0x55555daa2090;  alias, 1 drivers
L_0x55555daeb620 .cmp/eq 8, o0x774f62565a38, L_0x774f6251d1d0;
L_0x55555daeb710 .functor MUXZ 1, L_0x774f6251d260, L_0x774f6251d218, L_0x55555daeb620, C4<>;
L_0x55555daeb9b0 .functor MUXZ 8, L_0x774f6251d2a8, v0x55555dac20e0_0, L_0x55555daeb8f0, C4<>;
L_0x55555daebb90 .part L_0x55555daeae30, 4, 4;
L_0x55555daebc80 .cmp/eq 4, L_0x55555daebb90, L_0x774f6251d2f0;
L_0x55555daebdc0 .functor MUXZ 1, L_0x774f6251d380, L_0x774f6251d338, L_0x55555daebc80, C4<>;
L_0x55555daeb580 .functor MUXZ 8, L_0x55555daec2a0, L_0x55555daeae30, L_0x55555daebfa0, C4<>;
L_0x55555daec1b0 .part L_0x55555daeae30, 0, 4;
L_0x55555daec2a0 .concat [ 4 4 0 0], L_0x774f6251d3c8, L_0x55555daec1b0;
L_0x55555daec3e0 .part v0x55555dac0d10_0, 6, 2;
L_0x55555daec530 .cmp/eq 2, L_0x55555daec3e0, L_0x774f6251d410;
L_0x55555daec620 .functor MUXZ 1, L_0x774f6251d4a0, L_0x774f6251d458, L_0x55555daec530, C4<>;
L_0x55555daec930 .functor MUXZ 8, L_0x55555daecb90, v0x55555dac0d10_0, L_0x55555daec870, C4<>;
L_0x55555daeca70 .part v0x55555dac0d10_0, 0, 6;
L_0x55555daecb90 .concat [ 2 6 0 0], L_0x774f6251d4e8, L_0x55555daeca70;
L_0x55555daeccd0 .part L_0x55555daeb1f0, 7, 1;
L_0x55555daecfb0 .functor MUXZ 1, L_0x774f6251d5c0, L_0x774f6251d578, L_0x55555daec6c0, C4<>;
L_0x55555daed250 .functor MUXZ 8, L_0x55555daed520, v0x55555dac0df0_0, L_0x55555daed190, C4<>;
L_0x55555daed480 .part v0x55555dac0df0_0, 0, 7;
L_0x55555daed520 .concat [ 1 7 0 0], L_0x774f6251d608, L_0x55555daed480;
L_0x55555daed2f0 .concat [ 1 1 0 0], v0x55555d972a80_0, v0x55555dac1530_0;
L_0x55555daed800 .concat [ 1 2 0 0], L_0x55555daeb110, L_0x55555daed2f0;
L_0x55555daed9b0 .concat [ 1 3 0 0], L_0x55555daeb180, L_0x55555daed800;
S_0x55555dac5080 .scope module, "rightshiftercomponent" "rightshiftersticky4_by_max_6_freq500_uid4" 2 1327, 2 430 0, S_0x55555dac99c0;
 .timescale 0 0;
    .port_info 0 /INPUT 1 "clk";
    .port_info 1 /INPUT 4 "x";
    .port_info 2 /INPUT 3 "s";
    .port_info 3 /OUTPUT 6 "r";
    .port_info 4 /OUTPUT 1 "sticky";
L_0x55555dae5800 .functor BUFZ 6, L_0x55555dae5f20, C4<000000>, C4<000000>, C4<000000>;
L_0x55555dae5870 .functor BUFZ 1, L_0x55555dae5e40, C4<0>, C4<0>, C4<0>;
L_0x55555dae5950 .functor BUFZ 6, L_0x55555dae60b0, C4<000000>, C4<000000>, C4<000000>;
L_0x55555dae59c0 .functor BUFZ 6, L_0x55555dae5950, C4<000000>, C4<000000>, C4<000000>;
L_0x55555dae5a80 .functor BUFZ 1, L_0x55555dae6660, C4<0>, C4<0>, C4<0>;
L_0x55555dae5b60 .functor BUFZ 6, L_0x55555dae69f0, C4<000000>, C4<000000>, C4<000000>;
L_0x55555dae5c90 .functor BUFZ 1, L_0x55555dae73c0, C4<0>, C4<0>, C4<0>;
L_0x55555dae5d60 .functor BUFZ 6, L_0x55555dae7210, C4<000000>, C4<000000>, C4<000000>;
L_0x55555dae5eb0 .functor BUFZ 1, L_0x55555dae8190, C4<0>, C4<0>, C4<0>;
L_0x55555dae5f20 .functor BUFZ 6, L_0x55555dae8560, C4<000000>, C4<000000>, C4<000000>;
L_0x55555dae5e40 .functor BUFZ 1, L_0x55555dae5eb0, C4<0>, C4<0>, C4<0>;
L_0x55555dae64c0 .functor AND 1, L_0x55555dae6420, L_0x55555dae62e0, C4<1>, C4<1>;
L_0x55555dae6930 .functor NOT 1, L_0x55555dae6840, C4<0>, C4<0>, C4<0>;
L_0x55555dae7100 .functor AND 1, L_0x55555dae6fa0, L_0x55555dae6eb0, C4<1>, C4<1>;
L_0x55555dae72b0 .functor OR 1, L_0x55555dae7100, v0x55555da688c0_0, C4<0>, C4<0>;
L_0x55555dae7090 .functor NOT 1, L_0x55555dae75a0, C4<0>, C4<0>, C4<0>;
L_0x774f6251cf90 .functor BUFT 1, C4<0>, C4<0>, C4<0>, C4<0>;
L_0x55555dae7d00 .functor XOR 1, L_0x55555dae7b70, L_0x774f6251cf90, C4<0>, C4<0>;
L_0x55555dae7eb0 .functor AND 1, L_0x55555dae7e10, L_0x55555dae7d00, C4<1>, C4<1>;
L_0x55555dae8080 .functor OR 1, L_0x55555dae7eb0, L_0x55555dae5c90, C4<0>, C4<0>;
L_0x55555dae8420 .functor NOT 1, L_0x55555dae7c60, C4<0>, C4<0>, C4<0>;
L_0x774f6251cfd8 .functor BUFT 1, C4<1>, C4<0>, C4<0>, C4<0>;
v0x55555da7d470_0 .net/2u *"_ivl_104", 0 0, L_0x774f6251cfd8;  1 drivers
L_0x774f6251d020 .functor BUFT 1, C4<0>, C4<0>, C4<0>, C4<0>;
v0x55555da7bf70_0 .net/2u *"_ivl_106", 0 0, L_0x774f6251d020;  1 drivers
L_0x774f6251d068 .functor BUFT 1, C4<0>, C4<0>, C4<0>, C4<0>;
v0x55555da7c050_0 .net/2u *"_ivl_118", 0 0, L_0x774f6251d068;  1 drivers
L_0x774f6251cd08 .functor BUFT 1, C4<00>, C4<0>, C4<0>, C4<0>;
v0x55555da7b780_0 .net/2u *"_ivl_30", 1 0, L_0x774f6251cd08;  1 drivers
L_0x774f6251cd50 .functor BUFT 1, C4<0000>, C4<0>, C4<0>, C4<0>;
v0x55555da7b860_0 .net/2u *"_ivl_36", 3 0, L_0x774f6251cd50;  1 drivers
L_0x774f6251cd98 .functor BUFT 1, C4<1>, C4<0>, C4<0>, C4<0>;
v0x55555da7a6b0_0 .net/2u *"_ivl_44", 0 0, L_0x774f6251cd98;  1 drivers
L_0x774f6251cde0 .functor BUFT 1, C4<0>, C4<0>, C4<0>, C4<0>;
v0x55555da7a790_0 .net/2u *"_ivl_46", 0 0, L_0x774f6251cde0;  1 drivers
L_0x774f6251ce28 .functor BUFT 1, C4<0000>, C4<0>, C4<0>, C4<0>;
v0x55555da79a90_0 .net/2u *"_ivl_58", 3 0, L_0x774f6251ce28;  1 drivers
L_0x774f6251ce70 .functor BUFT 1, C4<00>, C4<0>, C4<0>, C4<0>;
v0x55555da79b70_0 .net/2u *"_ivl_64", 1 0, L_0x774f6251ce70;  1 drivers
L_0x774f6251ceb8 .functor BUFT 1, C4<1>, C4<0>, C4<0>, C4<0>;
v0x55555da78e70_0 .net/2u *"_ivl_74", 0 0, L_0x774f6251ceb8;  1 drivers
L_0x774f6251cf00 .functor BUFT 1, C4<0>, C4<0>, C4<0>, C4<0>;
v0x55555da78f50_0 .net/2u *"_ivl_76", 0 0, L_0x774f6251cf00;  1 drivers
L_0x774f6251cf48 .functor BUFT 1, C4<00>, C4<0>, C4<0>, C4<0>;
v0x55555da78250_0 .net/2u *"_ivl_88", 1 0, L_0x774f6251cf48;  1 drivers
v0x55555da78330_0 .net/2u *"_ivl_94", 0 0, L_0x774f6251cf90;  1 drivers
v0x55555da77630_0 .net "clk", 0 0, o0x774f62565078;  alias, 0 drivers
v0x55555da776d0_0 .net "level0", 5 0, L_0x55555dae5f20;  1 drivers
v0x55555da76a10_0 .net "level1", 5 0, L_0x55555dae5d60;  1 drivers
v0x55555da76af0_0 .net "level1_d1", 5 0, v0x55555da67ca0_0;  1 drivers
v0x55555da75df0_0 .net "level2", 5 0, L_0x55555dae5b60;  1 drivers
v0x55555da75ed0_0 .net "level2_d1", 5 0, v0x55555da67bc0_0;  1 drivers
v0x55555da751d0_0 .net "level3", 5 0, L_0x55555dae59c0;  1 drivers
v0x55555da752b0_0 .net "n383", 5 0, L_0x55555dae60b0;  1 drivers
v0x55555da745b0_0 .net "n385", 3 0, L_0x55555dae61f0;  1 drivers
v0x55555da74690_0 .net "n387", 0 0, L_0x55555dae62e0;  1 drivers
v0x55555da73990_0 .net "n388", 0 0, L_0x55555dae6420;  1 drivers
v0x55555da73a50_0 .net "n389", 0 0, L_0x55555dae64c0;  1 drivers
v0x55555da72d70_0 .net "n390", 0 0, L_0x55555dae6660;  1 drivers
v0x55555da72e30_0 .net "n392", 0 0, L_0x55555dae6840;  1 drivers
v0x55555da72150_0 .net "n393", 0 0, L_0x55555dae6930;  1 drivers
v0x55555da72210_0 .net "n394", 5 0, L_0x55555dae69f0;  1 drivers
v0x55555da71530_0 .net "n395", 1 0, L_0x55555dae6b30;  1 drivers
v0x55555da71610_0 .net "n397", 5 0, L_0x55555dae6c20;  1 drivers
v0x55555da70910_0 .net "n399", 1 0, L_0x55555dae6d60;  1 drivers
v0x55555da709f0_0 .net "n401", 0 0, L_0x55555dae6eb0;  1 drivers
v0x55555da6fcf0_0 .net "n402", 0 0, L_0x55555dae6fa0;  1 drivers
v0x55555da6fdb0_0 .net "n403", 0 0, L_0x55555dae7100;  1 drivers
v0x55555da6f0d0_0 .net "n404", 0 0, L_0x55555dae72b0;  1 drivers
v0x55555da6f190_0 .net "n405", 0 0, L_0x55555dae73c0;  1 drivers
v0x55555da6e4b0_0 .net "n407", 0 0, L_0x55555dae75a0;  1 drivers
v0x55555da6e570_0 .net "n408", 0 0, L_0x55555dae7090;  1 drivers
v0x55555da6dcc0_0 .net "n409", 5 0, L_0x55555dae7210;  1 drivers
v0x55555da6dda0_0 .net "n410", 3 0, L_0x55555dae78b0;  1 drivers
v0x55555da6d0a0_0 .net "n412", 5 0, L_0x55555dae79e0;  1 drivers
v0x55555da6d180_0 .net "n414", 0 0, L_0x55555dae7b70;  1 drivers
v0x55555da6c480_0 .net "n416", 0 0, L_0x55555dae7d00;  1 drivers
v0x55555da6c540_0 .net "n417", 0 0, L_0x55555dae7e10;  1 drivers
v0x55555da6b860_0 .net "n418", 0 0, L_0x55555dae7eb0;  1 drivers
v0x55555da6b920_0 .net "n419", 0 0, L_0x55555dae8080;  1 drivers
v0x55555da6ac40_0 .net "n420", 0 0, L_0x55555dae8190;  1 drivers
v0x55555da6ad00_0 .net "n422", 0 0, L_0x55555dae7c60;  1 drivers
v0x55555da6a020_0 .net "n423", 0 0, L_0x55555dae8420;  1 drivers
v0x55555da6a0e0_0 .net "n424", 5 0, L_0x55555dae8560;  1 drivers
v0x55555da69400_0 .net "n425", 4 0, L_0x55555dae87b0;  1 drivers
v0x55555da694e0_0 .net "n427", 5 0, L_0x55555dae8850;  1 drivers
v0x55555da687e0_0 .var "n428", 2 0;
v0x55555da688c0_0 .var "n429", 0 0;
v0x55555da67bc0_0 .var "n430", 5 0;
v0x55555da67ca0_0 .var "n431", 5 0;
o0x774f62566cf8 .functor BUFZ 3, c4<zzz>; HiZ drive
v0x55555da66fa0_0 .net "ps", 2 0, o0x774f62566cf8;  0 drivers
v0x55555da67080_0 .net "ps_d1", 2 0, v0x55555da687e0_0;  1 drivers
v0x55555da66380_0 .net "r", 5 0, L_0x55555dae5800;  alias, 1 drivers
v0x55555da66460_0 .net "s", 2 0, L_0x55555da83200;  alias, 1 drivers
v0x55555da65760_0 .net "sticky", 0 0, L_0x55555dae5870;  alias, 1 drivers
v0x55555da65820_0 .net "stk", 0 0, L_0x55555dae5e40;  1 drivers
v0x55555da64f70_0 .net "stk0", 0 0, L_0x55555dae5eb0;  1 drivers
v0x55555da65030_0 .net "stk1", 0 0, L_0x55555dae5c90;  1 drivers
v0x55555d98d0e0_0 .net "stk2", 0 0, L_0x55555dae5a80;  1 drivers
v0x55555da64350_0 .net "stk2_d1", 0 0, v0x55555da688c0_0;  1 drivers
v0x55555da64410_0 .net "x", 3 0, L_0x55555dab6520;  alias, 1 drivers
v0x55555da63730_0 .net "xpadded", 5 0, L_0x55555dae5950;  1 drivers
L_0x55555dae60b0 .concat [ 2 4 0 0], L_0x774f6251cd08, L_0x55555dab6520;
L_0x55555dae61f0 .part L_0x55555dae59c0, 0, 4;
L_0x55555dae62e0 .cmp/ne 4, L_0x55555dae61f0, L_0x774f6251cd50;
L_0x55555dae6420 .part o0x774f62566cf8, 2, 1;
L_0x55555dae6660 .functor MUXZ 1, L_0x774f6251cde0, L_0x774f6251cd98, L_0x55555dae64c0, C4<>;
L_0x55555dae6840 .part o0x774f62566cf8, 2, 1;
L_0x55555dae69f0 .functor MUXZ 6, L_0x55555dae6c20, L_0x55555dae59c0, L_0x55555dae6930, C4<>;
L_0x55555dae6b30 .part L_0x55555dae59c0, 4, 2;
L_0x55555dae6c20 .concat [ 2 4 0 0], L_0x55555dae6b30, L_0x774f6251ce28;
L_0x55555dae6d60 .part v0x55555da67bc0_0, 0, 2;
L_0x55555dae6eb0 .cmp/ne 2, L_0x55555dae6d60, L_0x774f6251ce70;
L_0x55555dae6fa0 .part v0x55555da687e0_0, 1, 1;
L_0x55555dae73c0 .functor MUXZ 1, L_0x774f6251cf00, L_0x774f6251ceb8, L_0x55555dae72b0, C4<>;
L_0x55555dae75a0 .part o0x774f62566cf8, 1, 1;
L_0x55555dae7210 .functor MUXZ 6, L_0x55555dae79e0, L_0x55555dae5b60, L_0x55555dae7090, C4<>;
L_0x55555dae78b0 .part L_0x55555dae5b60, 2, 4;
L_0x55555dae79e0 .concat [ 4 2 0 0], L_0x55555dae78b0, L_0x774f6251cf48;
L_0x55555dae7b70 .part v0x55555da67ca0_0, 0, 1;
L_0x55555dae7e10 .part v0x55555da687e0_0, 0, 1;
L_0x55555dae8190 .functor MUXZ 1, L_0x774f6251d020, L_0x774f6251cfd8, L_0x55555dae8080, C4<>;
L_0x55555dae7c60 .part o0x774f62566cf8, 0, 1;
L_0x55555dae8560 .functor MUXZ 6, L_0x55555dae8850, L_0x55555dae5d60, L_0x55555dae8420, C4<>;
L_0x55555dae87b0 .part L_0x55555dae5d60, 1, 5;
L_0x55555dae8850 .concat [ 5 1 0 0], L_0x55555dae87b0, L_0x774f6251d068;
S_0x55555dac5870 .scope module, "roundingadder" "intadder_10_freq500_uid11" 2 1410, 2 1 0, S_0x55555dac99c0;
 .timescale 0 0;
    .port_info 0 /INPUT 1 "clk";
    .port_info 1 /INPUT 10 "x";
    .port_info 2 /INPUT 10 "y";
    .port_info 3 /INPUT 1 "cin";
    .port_info 4 /OUTPUT 10 "r";
L_0x55555daf0930 .functor BUFZ 10, L_0x55555daf3030, C4<0000000000>, C4<0000000000>, C4<0000000000>;
L_0x55555daf0a10 .functor BUFZ 8, L_0x55555daf1a80, C4<00000000>, C4<00000000>, C4<00000000>;
L_0x55555daf0af0 .functor BUFZ 8, L_0x55555daf1c60, C4<00000000>, C4<00000000>, C4<00000000>;
L_0x55555daf0b60 .functor BUFZ 8, v0x55555da4bf20_0, C4<00000000>, C4<00000000>, C4<00000000>;
L_0x55555daf0bd0 .functor BUFZ 8, v0x55555da4c000_0, C4<00000000>, C4<00000000>, C4<00000000>;
L_0x55555daf0c40 .functor BUFZ 8, v0x55555da42c20_0, C4<00000000>, C4<00000000>, C4<00000000>;
L_0x55555daf0d00 .functor BUFZ 8, v0x55555da42d00_0, C4<00000000>, C4<00000000>, C4<00000000>;
L_0x55555daf0d70 .functor BUFZ 8, v0x55555da4dde0_0, C4<00000000>, C4<00000000>, C4<00000000>;
L_0x55555daf0e40 .functor BUFZ 8, v0x55555da4dec0_0, C4<00000000>, C4<00000000>, C4<00000000>;
L_0x55555daf0f90 .functor BUFZ 8, L_0x55555daf20e0, C4<00000000>, C4<00000000>, C4<00000000>;
L_0x55555daf1000 .functor BUFZ 7, L_0x55555daf2270, C4<0000000>, C4<0000000>, C4<0000000>;
L_0x55555daf0f20 .functor BUFZ 1, L_0x55555daf2400, C4<0>, C4<0>, C4<0>;
L_0x55555daf10f0 .functor BUFZ 4, L_0x55555daf25f0, C4<0000>, C4<0000>, C4<0000>;
L_0x55555daf1260 .functor BUFZ 4, L_0x55555daf2840, C4<0000>, C4<0000>, C4<0000>;
L_0x55555daf1370 .functor BUFZ 4, v0x55555da4caf0_0, C4<0000>, C4<0000>, C4<0000>;
L_0x55555daf13e0 .functor BUFZ 4, v0x55555da4cbd0_0, C4<0000>, C4<0000>, C4<0000>;
L_0x55555daf1500 .functor BUFZ 4, v0x55555da42fe0_0, C4<0000>, C4<0000>, C4<0000>;
L_0x55555daf1570 .functor BUFZ 4, v0x55555da430c0_0, C4<0000>, C4<0000>, C4<0000>;
L_0x55555daf16a0 .functor BUFZ 4, v0x55555da4ceb0_0, C4<0000>, C4<0000>, C4<0000>;
L_0x55555daf1710 .functor BUFZ 4, v0x55555da4cf90_0, C4<0000>, C4<0000>, C4<0000>;
L_0x55555daf18c0 .functor BUFZ 4, L_0x55555daf2cd0, C4<0000>, C4<0000>, C4<0000>;
L_0x55555daf1a10 .functor BUFZ 3, L_0x55555daf2ef0, C4<000>, C4<000>, C4<000>;
L_0x774f6251d8d8 .functor BUFT 1, C4<0>, C4<0>, C4<0>, C4<0>;
v0x55555da62c50_0 .net/2u *"_ivl_56", 0 0, L_0x774f6251d8d8;  1 drivers
L_0x774f6251d920 .functor BUFT 1, C4<0>, C4<0>, C4<0>, C4<0>;
v0x55555da62440_0 .net/2u *"_ivl_62", 0 0, L_0x774f6251d920;  1 drivers
L_0x774f6251d968 .functor BUFT 1, C4<0000000>, C4<0>, C4<0>, C4<0>;
v0x55555da62520_0 .net/2u *"_ivl_68", 6 0, L_0x774f6251d968;  1 drivers
L_0x774f6251d9b0 .functor BUFT 1, C4<0>, C4<0>, C4<0>, C4<0>;
v0x55555da60750_0 .net/2u *"_ivl_80", 0 0, L_0x774f6251d9b0;  1 drivers
L_0x774f6251d9f8 .functor BUFT 1, C4<0>, C4<0>, C4<0>, C4<0>;
v0x55555da60830_0 .net/2u *"_ivl_86", 0 0, L_0x774f6251d9f8;  1 drivers
L_0x774f6251da40 .functor BUFT 1, C4<000>, C4<0>, C4<0>, C4<0>;
v0x55555da8b580_0 .net/2u *"_ivl_92", 2 0, L_0x774f6251da40;  1 drivers
v0x55555da8b660_0 .net "cin", 0 0, L_0x55555da9e0b0;  alias, 1 drivers
o0x774f62567178 .functor BUFZ 1, c4<z>; HiZ drive
v0x55555da87790_0 .net "cin_0", 0 0, o0x774f62567178;  0 drivers
v0x55555da87850_0 .net "cin_0_d1", 0 0, v0x55555da4bb30_0;  1 drivers
v0x55555da83d50_0 .net "cin_1", 0 0, L_0x55555daf0f20;  1 drivers
v0x55555da83e10_0 .net "clk", 0 0, o0x774f62565078;  alias, 0 drivers
v0x55555daa0030_0 .net "n534", 6 0, L_0x55555daf12d0;  1 drivers
v0x55555daa0110_0 .net "n536", 7 0, L_0x55555daf1a80;  1 drivers
v0x55555da9d470_0 .net "n537", 6 0, L_0x55555daf1bc0;  1 drivers
v0x55555da9d550_0 .net "n539", 7 0, L_0x55555daf1c60;  1 drivers
v0x55555da9af40_0 .net "n540", 7 0, L_0x55555daf1df0;  1 drivers
v0x55555da9b020_0 .net "n541", 7 0, L_0x55555daf1fa0;  1 drivers
v0x55555daa2ba0_0 .net "n542", 7 0, L_0x55555daf20e0;  1 drivers
v0x55555daa2c80_0 .net "n543", 6 0, L_0x55555daf2270;  1 drivers
v0x55555da4a3c0_0 .net "n544", 0 0, L_0x55555daf2400;  1 drivers
v0x55555da4a480_0 .net "n545", 2 0, L_0x55555daf24f0;  1 drivers
v0x55555da4aba0_0 .net "n547", 3 0, L_0x55555daf25f0;  1 drivers
v0x55555da4ac80_0 .net "n548", 2 0, L_0x55555daf26e0;  1 drivers
v0x55555da4af90_0 .net "n550", 3 0, L_0x55555daf2840;  1 drivers
v0x55555da4b070_0 .net "n551", 3 0, L_0x55555daf29d0;  1 drivers
v0x55555da4b380_0 .net "n552", 3 0, L_0x55555daf2b90;  1 drivers
v0x55555da4b460_0 .net "n553", 3 0, L_0x55555daf2cd0;  1 drivers
v0x55555da4b740_0 .net "n554", 2 0, L_0x55555daf2ef0;  1 drivers
v0x55555da4b820_0 .net "n555", 9 0, L_0x55555daf3030;  1 drivers
v0x55555da4bb30_0 .var "n556", 0 0;
v0x55555da4bbf0_0 .var "n557", 7 0;
v0x55555da4bf20_0 .var "n558", 7 0;
v0x55555da4c000_0 .var "n559", 7 0;
v0x55555da42c20_0 .var "n560", 7 0;
v0x55555da42d00_0 .var "n561", 7 0;
v0x55555da4dde0_0 .var "n562", 7 0;
v0x55555da4dec0_0 .var "n563", 7 0;
v0x55555da4c700_0 .var "n564", 7 0;
v0x55555da4c7e0_0 .var "n565", 3 0;
v0x55555da4caf0_0 .var "n566", 3 0;
v0x55555da4cbd0_0 .var "n567", 3 0;
v0x55555da42fe0_0 .var "n568", 3 0;
v0x55555da430c0_0 .var "n569", 3 0;
v0x55555da4ceb0_0 .var "n570", 3 0;
v0x55555da4cf90_0 .var "n571", 3 0;
v0x55555da4d270_0 .var "n572", 3 0;
v0x55555da4d350_0 .net "r", 9 0, L_0x55555daf0930;  alias, 1 drivers
v0x55555da4d630_0 .net "r_0", 6 0, L_0x55555daf1000;  1 drivers
v0x55555da4d710_0 .net "r_1", 2 0, L_0x55555daf1a10;  1 drivers
v0x55555da4d9f0_0 .net "s_0", 7 0, L_0x55555daf0f90;  1 drivers
v0x55555da4dad0_0 .net "s_1", 3 0, L_0x55555daf18c0;  1 drivers
v0x55555da4c310_0 .net "x", 9 0, L_0x55555da9f5d0;  alias, 1 drivers
v0x55555da4c3f0_0 .net "x_0", 7 0, L_0x55555daf0a10;  1 drivers
v0x55555da4a7b0_0 .net "x_0_d1", 7 0, v0x55555da4bbf0_0;  1 drivers
v0x55555da4a890_0 .net "x_1", 3 0, L_0x55555daf10f0;  1 drivers
v0x55555da49fd0_0 .net "x_1_d1", 3 0, v0x55555da4c7e0_0;  1 drivers
L_0x774f6251da88 .functor BUFT 1, C4<0000000000>, C4<0>, C4<0>, C4<0>;
v0x55555da4a0b0_0 .net "y", 9 0, L_0x774f6251da88;  1 drivers
v0x55555da49be0_0 .net "y_0", 7 0, L_0x55555daf0af0;  1 drivers
v0x55555da49cc0_0 .net "y_0_d1", 7 0, L_0x55555daf0b60;  1 drivers
v0x55555da497f0_0 .net "y_0_d2", 7 0, L_0x55555daf0bd0;  1 drivers
v0x55555da498d0_0 .net "y_0_d3", 7 0, L_0x55555daf0c40;  1 drivers
v0x55555da49400_0 .net "y_0_d4", 7 0, L_0x55555daf0d00;  1 drivers
v0x55555da494e0_0 .net "y_0_d5", 7 0, L_0x55555daf0d70;  1 drivers
v0x55555da49040_0 .net "y_0_d6", 7 0, L_0x55555daf0e40;  1 drivers
v0x55555da49120_0 .net "y_0_d7", 7 0, v0x55555da4c700_0;  1 drivers
v0x55555d9a06f0_0 .net "y_1", 3 0, L_0x55555daf1260;  1 drivers
v0x55555da48c50_0 .net "y_1_d1", 3 0, L_0x55555daf1370;  1 drivers
v0x55555da48d30_0 .net "y_1_d2", 3 0, L_0x55555daf13e0;  1 drivers
v0x55555daaaff0_0 .net "y_1_d3", 3 0, L_0x55555daf1500;  1 drivers
v0x55555daab0d0_0 .net "y_1_d4", 3 0, L_0x55555daf1570;  1 drivers
v0x55555da484a0_0 .net "y_1_d5", 3 0, L_0x55555daf16a0;  1 drivers
v0x55555da48580_0 .net "y_1_d6", 3 0, L_0x55555daf1710;  1 drivers
v0x55555da480b0_0 .net "y_1_d7", 3 0, v0x55555da4d270_0;  1 drivers
L_0x55555daf12d0 .part L_0x55555da9f5d0, 0, 7;
L_0x55555daf1a80 .concat [ 7 1 0 0], L_0x55555daf12d0, L_0x774f6251d8d8;
L_0x55555daf1bc0 .part L_0x774f6251da88, 0, 7;
L_0x55555daf1c60 .concat [ 7 1 0 0], L_0x55555daf1bc0, L_0x774f6251d920;
L_0x55555daf1df0 .arith/sum 8, v0x55555da4bbf0_0, v0x55555da4c700_0;
L_0x55555daf1fa0 .concat [ 1 7 0 0], v0x55555da4bb30_0, L_0x774f6251d968;
L_0x55555daf20e0 .arith/sum 8, L_0x55555daf1df0, L_0x55555daf1fa0;
L_0x55555daf2270 .part L_0x55555daf0f90, 0, 7;
L_0x55555daf2400 .part L_0x55555daf0f90, 7, 1;
L_0x55555daf24f0 .part L_0x55555da9f5d0, 7, 3;
L_0x55555daf25f0 .concat [ 3 1 0 0], L_0x55555daf24f0, L_0x774f6251d9b0;
L_0x55555daf26e0 .part L_0x774f6251da88, 7, 3;
L_0x55555daf2840 .concat [ 3 1 0 0], L_0x55555daf26e0, L_0x774f6251d9f8;
L_0x55555daf29d0 .arith/sum 4, v0x55555da4c7e0_0, v0x55555da4d270_0;
L_0x55555daf2b90 .concat [ 1 3 0 0], L_0x55555daf0f20, L_0x774f6251da40;
L_0x55555daf2cd0 .arith/sum 4, L_0x55555daf29d0, L_0x55555daf2b90;
L_0x55555daf2ef0 .part L_0x55555daf18c0, 0, 3;
L_0x55555daf3030 .concat [ 7 3 0 0], L_0x55555daf1000, L_0x55555daf1a10;
    .scope S_0x55555dac5080;
T_0 ;
    %wait E_0x55555d95f1b0;
    %load/vec4 v0x55555da66fa0_0;
    %assign/vec4 v0x55555da687e0_0, 0;
    %jmp T_0;
    .thread T_0;
    .scope S_0x55555dac5080;
T_1 ;
    %wait E_0x55555d95f1b0;
    %load/vec4 v0x55555d98d0e0_0;
    %assign/vec4 v0x55555da688c0_0, 0;
    %jmp T_1;
    .thread T_1;
    .scope S_0x55555dac5080;
T_2 ;
    %wait E_0x55555d95f1b0;
    %load/vec4 v0x55555da75df0_0;
    %assign/vec4 v0x55555da67bc0_0, 0;
    %jmp T_2;
    .thread T_2;
    .scope S_0x55555dac5080;
T_3 ;
    %wait E_0x55555d95f1b0;
    %load/vec4 v0x55555da76a10_0;
    %assign/vec4 v0x55555da67ca0_0, 0;
    %jmp T_3;
    .thread T_3;
    .scope S_0x55555dac3840;
T_4 ;
    %wait E_0x55555d95f1b0;
    %load/vec4 v0x55555da60070_0;
    %assign/vec4 v0x55555da95dc0_0, 0;
    %jmp T_4;
    .thread T_4;
    .scope S_0x55555dac3840;
T_5 ;
    %wait E_0x55555d95f1b0;
    %load/vec4 v0x55555da5fc20_0;
    %assign/vec4 v0x55555da905c0_0, 0;
    %jmp T_5;
    .thread T_5;
    .scope S_0x55555dac3840;
T_6 ;
    %wait E_0x55555d95f1b0;
    %load/vec4 v0x55555da5f860_0;
    %assign/vec4 v0x55555da90150_0, 0;
    %jmp T_6;
    .thread T_6;
    .scope S_0x55555dac3840;
T_7 ;
    %wait E_0x55555d95f1b0;
    %load/vec4 v0x55555da5edc0_0;
    %assign/vec4 v0x55555da7e780_0, 0;
    %jmp T_7;
    .thread T_7;
    .scope S_0x55555dac4460;
T_8 ;
    %wait E_0x55555d95f1b0;
    %load/vec4 v0x55555da837e0_0;
    %assign/vec4 v0x55555dac20e0_0, 0;
    %jmp T_8;
    .thread T_8;
    .scope S_0x55555dac4460;
T_9 ;
    %wait E_0x55555d95f1b0;
    %load/vec4 v0x55555da89de0_0;
    %assign/vec4 v0x55555dac1470_0, 0;
    %jmp T_9;
    .thread T_9;
    .scope S_0x55555dac4460;
T_10 ;
    %wait E_0x55555d95f1b0;
    %load/vec4 v0x55555da89680_0;
    %assign/vec4 v0x55555dac1530_0, 0;
    %jmp T_10;
    .thread T_10;
    .scope S_0x55555dac4460;
T_11 ;
    %wait E_0x55555d95f1b0;
    %load/vec4 v0x55555da8a550_0;
    %assign/vec4 v0x55555d972a80_0, 0;
    %jmp T_11;
    .thread T_11;
    .scope S_0x55555dac4460;
T_12 ;
    %wait E_0x55555d95f1b0;
    %load/vec4 v0x55555da85f00_0;
    %assign/vec4 v0x55555dac0d10_0, 0;
    %jmp T_12;
    .thread T_12;
    .scope S_0x55555dac4460;
T_13 ;
    %wait E_0x55555d95f1b0;
    %load/vec4 v0x55555da87220_0;
    %assign/vec4 v0x55555dac0df0_0, 0;
    %jmp T_13;
    .thread T_13;
    .scope S_0x55555dac4460;
T_14 ;
    %wait E_0x55555d95f1b0;
    %load/vec4 v0x55555da8afd0_0;
    %assign/vec4 v0x55555dabfca0_0, 0;
    %jmp T_14;
    .thread T_14;
    .scope S_0x55555dac5870;
T_15 ;
    %wait E_0x55555d95f1b0;
    %load/vec4 v0x55555da87790_0;
    %assign/vec4 v0x55555da4bb30_0, 0;
    %jmp T_15;
    .thread T_15;
    .scope S_0x55555dac5870;
T_16 ;
    %wait E_0x55555d95f1b0;
    %load/vec4 v0x55555da4c3f0_0;
    %assign/vec4 v0x55555da4bbf0_0, 0;
    %jmp T_16;
    .thread T_16;
    .scope S_0x55555dac5870;
T_17 ;
    %wait E_0x55555d95f1b0;
    %load/vec4 v0x55555da49be0_0;
    %assign/vec4 v0x55555da4bf20_0, 0;
    %jmp T_17;
    .thread T_17;
    .scope S_0x55555dac5870;
T_18 ;
    %wait E_0x55555d95f1b0;
    %load/vec4 v0x55555da49cc0_0;
    %assign/vec4 v0x55555da4c000_0, 0;
    %jmp T_18;
    .thread T_18;
    .scope S_0x55555dac5870;
T_19 ;
    %wait E_0x55555d95f1b0;
    %load/vec4 v0x55555da497f0_0;
    %assign/vec4 v0x55555da42c20_0, 0;
    %jmp T_19;
    .thread T_19;
    .scope S_0x55555dac5870;
T_20 ;
    %wait E_0x55555d95f1b0;
    %load/vec4 v0x55555da498d0_0;
    %assign/vec4 v0x55555da42d00_0, 0;
    %jmp T_20;
    .thread T_20;
    .scope S_0x55555dac5870;
T_21 ;
    %wait E_0x55555d95f1b0;
    %load/vec4 v0x55555da49400_0;
    %assign/vec4 v0x55555da4dde0_0, 0;
    %jmp T_21;
    .thread T_21;
    .scope S_0x55555dac5870;
T_22 ;
    %wait E_0x55555d95f1b0;
    %load/vec4 v0x55555da494e0_0;
    %assign/vec4 v0x55555da4dec0_0, 0;
    %jmp T_22;
    .thread T_22;
    .scope S_0x55555dac5870;
T_23 ;
    %wait E_0x55555d95f1b0;
    %load/vec4 v0x55555da49040_0;
    %assign/vec4 v0x55555da4c700_0, 0;
    %jmp T_23;
    .thread T_23;
    .scope S_0x55555dac5870;
T_24 ;
    %wait E_0x55555d95f1b0;
    %load/vec4 v0x55555da4a890_0;
    %assign/vec4 v0x55555da4c7e0_0, 0;
    %jmp T_24;
    .thread T_24;
    .scope S_0x55555dac5870;
T_25 ;
    %wait E_0x55555d95f1b0;
    %load/vec4 v0x55555d9a06f0_0;
    %assign/vec4 v0x55555da4caf0_0, 0;
    %jmp T_25;
    .thread T_25;
    .scope S_0x55555dac5870;
T_26 ;
    %wait E_0x55555d95f1b0;
    %load/vec4 v0x55555da48c50_0;
    %assign/vec4 v0x55555da4cbd0_0, 0;
    %jmp T_26;
    .thread T_26;
    .scope S_0x55555dac5870;
T_27 ;
    %wait E_0x55555d95f1b0;
    %load/vec4 v0x55555da48d30_0;
    %assign/vec4 v0x55555da42fe0_0, 0;
    %jmp T_27;
    .thread T_27;
    .scope S_0x55555dac5870;
T_28 ;
    %wait E_0x55555d95f1b0;
    %load/vec4 v0x55555daaaff0_0;
    %assign/vec4 v0x55555da430c0_0, 0;
    %jmp T_28;
    .thread T_28;
    .scope S_0x55555dac5870;
T_29 ;
    %wait E_0x55555d95f1b0;
    %load/vec4 v0x55555daab0d0_0;
    %assign/vec4 v0x55555da4ceb0_0, 0;
    %jmp T_29;
    .thread T_29;
    .scope S_0x55555dac5870;
T_30 ;
    %wait E_0x55555d95f1b0;
    %load/vec4 v0x55555da484a0_0;
    %assign/vec4 v0x55555da4cf90_0, 0;
    %jmp T_30;
    .thread T_30;
    .scope S_0x55555dac5870;
T_31 ;
    %wait E_0x55555d95f1b0;
    %load/vec4 v0x55555da48580_0;
    %assign/vec4 v0x55555da4d270_0, 0;
    %jmp T_31;
    .thread T_31;
    .scope S_0x55555dac99c0;
T_32 ;
    %wait E_0x55555d95ee60;
    %load/vec4 v0x55555da81140_0;
    %dup/vec4;
    %pushi/vec4 4, 0, 3;
    %cmp/u;
    %jmp/1 T_32.0, 6;
    %dup/vec4;
    %pushi/vec4 2, 0, 3;
    %cmp/u;
    %jmp/1 T_32.1, 6;
    %dup/vec4;
    %pushi/vec4 1, 0, 3;
    %cmp/u;
    %jmp/1 T_32.2, 6;
    %pushi/vec4 3, 0, 2;
    %store/vec4 v0x55555da80cc0_0, 0, 2;
    %jmp T_32.4;
T_32.0 ;
    %pushi/vec4 2, 0, 2;
    %store/vec4 v0x55555da80cc0_0, 0, 2;
    %jmp T_32.4;
T_32.1 ;
    %pushi/vec4 1, 0, 2;
    %store/vec4 v0x55555da80cc0_0, 0, 2;
    %jmp T_32.4;
T_32.2 ;
    %pushi/vec4 0, 0, 2;
    %store/vec4 v0x55555da80cc0_0, 0, 2;
    %jmp T_32.4;
T_32.4 ;
    %pop/vec4 1;
    %jmp T_32;
    .thread T_32, $push;
    .scope S_0x55555dac99c0;
T_33 ;
    %wait E_0x55555d95eb10;
    %load/vec4 v0x55555dac3ce0_0;
    %dup/vec4;
    %pushi/vec4 4, 0, 3;
    %cmp/u;
    %jmp/1 T_33.0, 6;
    %dup/vec4;
    %pushi/vec4 2, 0, 3;
    %cmp/u;
    %jmp/1 T_33.1, 6;
    %dup/vec4;
    %pushi/vec4 1, 0, 3;
    %cmp/u;
    %jmp/1 T_33.2, 6;
    %pushi/vec4 3, 0, 2;
    %store/vec4 v0x55555dac3dc0_0, 0, 2;
    %jmp T_33.4;
T_33.0 ;
    %pushi/vec4 2, 0, 2;
    %store/vec4 v0x55555dac3dc0_0, 0, 2;
    %jmp T_33.4;
T_33.1 ;
    %pushi/vec4 1, 0, 2;
    %store/vec4 v0x55555dac3dc0_0, 0, 2;
    %jmp T_33.4;
T_33.2 ;
    %pushi/vec4 0, 0, 2;
    %store/vec4 v0x55555dac3dc0_0, 0, 2;
    %jmp T_33.4;
T_33.4 ;
    %pop/vec4 1;
    %jmp T_33;
    .thread T_33, $push;
    .scope S_0x55555dac99c0;
T_34 ;
    %wait E_0x55555d95f1b0;
    %load/vec4 v0x55555da4f140_0;
    %assign/vec4 v0x55555daae370_0, 0;
    %jmp T_34;
    .thread T_34;
    .scope S_0x55555dac99c0;
T_35 ;
    %wait E_0x55555d95f1b0;
    %load/vec4 v0x55555da6c9e0_0;
    %assign/vec4 v0x55555daae450_0, 0;
    %jmp T_35;
    .thread T_35;
    .scope S_0x55555dac99c0;
T_36 ;
    %wait E_0x55555d95f1b0;
    %load/vec4 v0x55555da4e590_0;
    %assign/vec4 v0x55555daadf40_0, 0;
    %jmp T_36;
    .thread T_36;
    .scope S_0x55555dac99c0;
T_37 ;
    %wait E_0x55555d95f1b0;
    %load/vec4 v0x55555da4f4c0_0;
    %assign/vec4 v0x55555daae020_0, 0;
    %jmp T_37;
    .thread T_37;
    .scope S_0x55555dac99c0;
T_38 ;
    %wait E_0x55555d95f1b0;
    %load/vec4 v0x55555da63c90_0;
    %assign/vec4 v0x55555daadb10_0, 0;
    %jmp T_38;
    .thread T_38;
    .scope S_0x55555dac99c0;
T_39 ;
    %wait E_0x55555d95f1b0;
    %load/vec4 v0x55555da63070_0;
    %assign/vec4 v0x55555daadbd0_0, 0;
    %jmp T_39;
    .thread T_39;
    .scope S_0x55555dac99c0;
T_40 ;
    %wait E_0x55555d95f1b0;
    %load/vec4 v0x55555da526a0_0;
    %assign/vec4 v0x55555daad700_0, 0;
    %jmp T_40;
    .thread T_40;
    .scope S_0x55555dac99c0;
T_41 ;
    %wait E_0x55555d95f1b0;
    %load/vec4 v0x55555da52760_0;
    %assign/vec4 v0x55555daad7c0_0, 0;
    %jmp T_41;
    .thread T_41;
    .scope S_0x55555dac99c0;
T_42 ;
    %wait E_0x55555d95f1b0;
    %load/vec4 v0x55555da522e0_0;
    %assign/vec4 v0x55555daad310_0, 0;
    %jmp T_42;
    .thread T_42;
    .scope S_0x55555dac99c0;
T_43 ;
    %wait E_0x55555d95f1b0;
    %load/vec4 v0x55555da52380_0;
    %assign/vec4 v0x55555daad3d0_0, 0;
    %jmp T_43;
    .thread T_43;
    .scope S_0x55555dac99c0;
T_44 ;
    %wait E_0x55555d95f1b0;
    %load/vec4 v0x55555da51ef0_0;
    %assign/vec4 v0x55555daac550_0, 0;
    %jmp T_44;
    .thread T_44;
    .scope S_0x55555dac99c0;
T_45 ;
    %wait E_0x55555d95f1b0;
    %load/vec4 v0x55555da51fb0_0;
    %assign/vec4 v0x55555daac610_0, 0;
    %jmp T_45;
    .thread T_45;
    .scope S_0x55555dac99c0;
T_46 ;
    %wait E_0x55555d95f1b0;
    %load/vec4 v0x55555da51b00_0;
    %assign/vec4 v0x55555daabc10_0, 0;
    %jmp T_46;
    .thread T_46;
    .scope S_0x55555dac99c0;
T_47 ;
    %wait E_0x55555d95f1b0;
    %load/vec4 v0x55555da5f500_0;
    %assign/vec4 v0x55555daabcd0_0, 0;
    %jmp T_47;
    .thread T_47;
    .scope S_0x55555dac99c0;
T_48 ;
    %wait E_0x55555d95f1b0;
    %load/vec4 v0x55555da50c50_0;
    %assign/vec4 v0x55555daaa550_0, 0;
    %jmp T_48;
    .thread T_48;
    .scope S_0x55555dac99c0;
T_49 ;
    %wait E_0x55555d95f1b0;
    %load/vec4 v0x55555da503c0_0;
    %assign/vec4 v0x55555daaa630_0, 0;
    %jmp T_49;
    .thread T_49;
    .scope S_0x55555dac99c0;
T_50 ;
    %wait E_0x55555d95f1b0;
    %load/vec4 v0x55555da504a0_0;
    %assign/vec4 v0x55555daa9110_0, 0;
    %jmp T_50;
    .thread T_50;
    .scope S_0x55555dac99c0;
T_51 ;
    %wait E_0x55555d95f1b0;
    %load/vec4 v0x55555da50000_0;
    %assign/vec4 v0x55555daa91f0_0, 0;
    %jmp T_51;
    .thread T_51;
    .scope S_0x55555dac99c0;
T_52 ;
    %wait E_0x55555d95f1b0;
    %load/vec4 v0x55555da500c0_0;
    %assign/vec4 v0x55555daa8d10_0, 0;
    %jmp T_52;
    .thread T_52;
    .scope S_0x55555dac99c0;
T_53 ;
    %wait E_0x55555d95f1b0;
    %load/vec4 v0x55555da4fc40_0;
    %assign/vec4 v0x55555daa8df0_0, 0;
    %jmp T_53;
    .thread T_53;
    .scope S_0x55555dac99c0;
T_54 ;
    %wait E_0x55555d95f1b0;
    %load/vec4 v0x55555da4fd20_0;
    %assign/vec4 v0x55555daa85c0_0, 0;
    %jmp T_54;
    .thread T_54;
    .scope S_0x55555dac99c0;
T_55 ;
    %wait E_0x55555d95f1b0;
    %load/vec4 v0x55555da67440_0;
    %assign/vec4 v0x55555daa86a0_0, 0;
    %jmp T_55;
    .thread T_55;
    .scope S_0x55555dac99c0;
T_56 ;
    %wait E_0x55555d95f1b0;
    %load/vec4 v0x55555da65c00_0;
    %assign/vec4 v0x55555daa7ce0_0, 0;
    %jmp T_56;
    .thread T_56;
    .scope S_0x55555dac99c0;
T_57 ;
    %wait E_0x55555d95f1b0;
    %load/vec4 v0x55555da65cc0_0;
    %assign/vec4 v0x55555daa7da0_0, 0;
    %jmp T_57;
    .thread T_57;
    .scope S_0x55555dac99c0;
T_58 ;
    %wait E_0x55555d95f1b0;
    %load/vec4 v0x55555da647f0_0;
    %assign/vec4 v0x55555daa7570_0, 0;
    %jmp T_58;
    .thread T_58;
    .scope S_0x55555dac99c0;
T_59 ;
    %wait E_0x55555d95f1b0;
    %load/vec4 v0x55555da648b0_0;
    %assign/vec4 v0x55555daa7630_0, 0;
    %jmp T_59;
    .thread T_59;
    .scope S_0x55555dac99c0;
T_60 ;
    %wait E_0x55555d95f1b0;
    %load/vec4 v0x55555da61e70_0;
    %assign/vec4 v0x55555da92970_0, 0;
    %jmp T_60;
    .thread T_60;
    .scope S_0x55555dac99c0;
T_61 ;
    %wait E_0x55555d95f1b0;
    %load/vec4 v0x55555dab4dc0_0;
    %assign/vec4 v0x55555da92a30_0, 0;
    %jmp T_61;
    .thread T_61;
    .scope S_0x55555dac99c0;
T_62 ;
    %wait E_0x55555d95f1b0;
    %load/vec4 v0x55555da43760_0;
    %assign/vec4 v0x55555da92560_0, 0;
    %jmp T_62;
    .thread T_62;
    .scope S_0x55555dac99c0;
T_63 ;
    %wait E_0x55555d95f1b0;
    %load/vec4 v0x55555da6bde0_0;
    %assign/vec4 v0x55555da92640_0, 0;
    %jmp T_63;
    .thread T_63;
    .scope S_0x55555dac99c0;
T_64 ;
    %wait E_0x55555d95f1b0;
    %load/vec4 v0x55555da4e1a0_0;
    %assign/vec4 v0x55555da92260_0, 0;
    %jmp T_64;
    .thread T_64;
    .scope S_0x55555dac99c0;
T_65 ;
    %wait E_0x55555d95f1b0;
    %load/vec4 v0x55555da4e280_0;
    %assign/vec4 v0x55555da92340_0, 0;
    %jmp T_65;
    .thread T_65;
    .scope S_0x55555dac99c0;
T_66 ;
    %wait E_0x55555d95f1b0;
    %load/vec4 v0x55555dab0310_0;
    %assign/vec4 v0x55555da91b30_0, 0;
    %jmp T_66;
    .thread T_66;
    .scope S_0x55555dac99c0;
T_67 ;
    %wait E_0x55555d95f1b0;
    %load/vec4 v0x55555dab03f0_0;
    %assign/vec4 v0x55555da91c10_0, 0;
    %jmp T_67;
    .thread T_67;
    .scope S_0x55555dac99c0;
T_68 ;
    %wait E_0x55555d95f1b0;
    %load/vec4 v0x55555daaff70_0;
    %assign/vec4 v0x55555da90d80_0, 0;
    %jmp T_68;
    .thread T_68;
    .scope S_0x55555dac99c0;
T_69 ;
    %wait E_0x55555d95f1b0;
    %load/vec4 v0x55555da51710_0;
    %assign/vec4 v0x55555da90e60_0, 0;
    %jmp T_69;
    .thread T_69;
    .scope S_0x55555dac99c0;
T_70 ;
    %wait E_0x55555d95f1b0;
    %load/vec4 v0x55555da517b0_0;
    %assign/vec4 v0x55555da8fce0_0, 0;
    %jmp T_70;
    .thread T_70;
    .scope S_0x55555dac99c0;
T_71 ;
    %wait E_0x55555d95f1b0;
    %load/vec4 v0x55555da51320_0;
    %assign/vec4 v0x55555da8fda0_0, 0;
    %jmp T_71;
    .thread T_71;
    .scope S_0x55555dac99c0;
T_72 ;
    %wait E_0x55555d95f1b0;
    %load/vec4 v0x55555daafb60_0;
    %assign/vec4 v0x55555da7f130_0, 0;
    %jmp T_72;
    .thread T_72;
    .scope S_0x55555dac99c0;
T_73 ;
    %wait E_0x55555d95f1b0;
    %load/vec4 v0x55555da4e950_0;
    %assign/vec4 v0x55555da7f210_0, 0;
    %jmp T_73;
    .thread T_73;
    .scope S_0x55555dac99c0;
T_74 ;
    %wait E_0x55555d95f1b0;
    %load/vec4 v0x55555da507b0_0;
    %assign/vec4 v0x55555da7e960_0, 0;
    %jmp T_74;
    .thread T_74;
    .scope S_0x55555dac99c0;
T_75 ;
    %wait E_0x55555d95f1b0;
    %load/vec4 v0x55555da67500_0;
    %assign/vec4 v0x55555da7ea40_0, 0;
    %jmp T_75;
    .thread T_75;
    .scope S_0x55555dac99c0;
T_76 ;
    %wait E_0x55555d95f1b0;
    %load/vec4 v0x55555da66820_0;
    %assign/vec4 v0x55555da7df90_0, 0;
    %jmp T_76;
    .thread T_76;
# The file index is used to find the file name in the following table.
:file_names 3;
    "N/A";
    "<interactive>";
    "fpadd8_ghdl.v";
