[Running] flopoco FPAdd wE=6 wF=9 name=top_module frequency=500 TestBench n=100000 outputFile=fpaddmsfp/fpaddmsfp.vhdl
[TESTBENCH] inputFile=test.input[1;37mInfo: [0m[0;34mTestBench.cpp[0m: Test bench for top_module
[1;37mInfo: [0m[0;34mTestBench.cpp[0m: 100000 test cases have been generated

*** Final report ***
Output file: fpaddmsfp/fpaddmsfp.vhdl
Pipeline constructed using approximate timings for target DummyFPGA @ 500 MHz
|---Entity RightShifterSticky10_by_max_12_Freq500_uid4
|      R: (c2, 0.250000ns)   Sticky: (c3, 0.150000ns)
|---Entity IntAdder_13_Freq500_uid6
|      R: (c4, 1.030000ns)
|---Entity Normalizer_Z_14_14_14_Freq500_uid8
|      Count: (c6, 1.330000ns)   R: (c7, 0.080000ns)
|---Entity IntAdder_18_Freq500_uid11
|      R: (c7, 1.800000ns)
Entity top_module
   R: (c8, 1.100000ns)
Entity TestBench_top_module_Freq500_uid13

To run the simulation using ModelSim, type the following in 'vsim -c':
   vdel -all -lib work
   vlib work
   vcom fpaddmsfp/fpaddmsfp.vhdl
   vsim TestBench_top_module_Freq500_uid13
   add wave -r *
   run 1000192ns
To run the simulation using gHDL, type the following in a shell prompt:
ghdl -a --ieee=standard --ieee=synopsys -fexplicit fpaddmsfp/fpaddmsfp.vhdl
ghdl -e --ieee=standard --ieee=synopsys -fexplicit TestBench_top_module_Freq500_uid13
ghdl -r --ieee=standard --ieee=synopsys -fexplicit TestBench_top_module_Freq500_uid13 --vcd=TestBench_top_module_Freq500_uid13.vcd --stop-time=1000192ns
gtkwave TestBench_top_module_Freq500_uid13.vcd
To run the simulation using nvc, type the following in a shell prompt:
nvc -M 128m --stderr=error -a fpaddmsfp/fpaddmsfp.vhdl --relaxed --error-limit=0 -e TestBench_top_module_Freq500_uid13  -r --wave=TestBench_top_module_Freq500_uid13.fst --stop-time=1000192ns
gtkwave TestBench_top_module_Freq500_uid13.fst
