#! /opt/oss-cad-suite/bin/vvp
:ivl_version "13.0 (devel)" "(s20250103-31-g7e238e7ca)";
:ivl_delay_selection "TYPICAL";
:vpi_time_precision + 0;
:vpi_module "/opt/oss-cad-suite/lib/ivl/system.vpi";
:vpi_module "/opt/oss-cad-suite/lib/ivl/vhdl_sys.vpi";
:vpi_module "/opt/oss-cad-suite/lib/ivl/vhdl_textio.vpi";
:vpi_module "/opt/oss-cad-suite/lib/ivl/v2005_math.vpi";
:vpi_module "/opt/oss-cad-suite/lib/ivl/va_math.vpi";
S_0x555590590f00 .scope module, "top_module" "top_module" 2 557;
 .timescale 0 0;
    .port_info 0 /INPUT 1 "clk";
    .port_info 1 /INPUT 18 "X";
    .port_info 2 /INPUT 18 "Y";
    .port_info 3 /OUTPUT 18 "R";
P_0x5555903f4d40 .param/l "n266" 1 2 797, C4<000000000000000000>;
L_0x5555905767b0 .functor BUFZ 18, L_0x5555905a03a0, C4<000000000000000000>, C4<000000000000000000>, C4<000000000000000000>;
L_0x555590576ae0 .functor BUFZ 17, L_0x5555905a08b0, C4<00000000000000000>, C4<00000000000000000>, C4<00000000000000000>;
L_0x555590576e30 .functor BUFZ 17, L_0x5555905a0c00, C4<00000000000000000>, C4<00000000000000000>, C4<00000000000000000>;
L_0x555590563fd0 .functor BUFZ 1, L_0x5555905a0f10, C4<0>, C4<0>, C4<0>;
L_0x5555905644f0 .functor BUFZ 8, L_0x5555905a12e0, C4<00000000>, C4<00000000>, C4<00000000>;
L_0x555590564820 .functor BUFZ 8, L_0x5555905a1640, C4<00000000>, C4<00000000>, C4<00000000>;
L_0x5555905835e0 .functor BUFZ 8, L_0x5555905a1800, C4<00000000>, C4<00000000>, C4<00000000>;
L_0x555590584110 .functor BUFZ 18, L_0x5555905a1cc0, C4<000000000000000000>, C4<000000000000000000>, C4<000000000000000000>;
L_0x5555905841b0 .functor BUFZ 18, L_0x5555905a1f00, C4<000000000000000000>, C4<000000000000000000>, C4<000000000000000000>;
L_0x555590583840 .functor BUFZ 8, L_0x5555905a1ff0, C4<00000000>, C4<00000000>, C4<00000000>;
L_0x555590583470 .functor BUFZ 2, L_0x5555905a21d0, C4<00>, C4<00>, C4<00>;
L_0x555590584250 .functor BUFZ 2, L_0x5555905a22c0, C4<00>, C4<00>, C4<00>;
L_0x555590554c30 .functor BUFZ 1, L_0x5555905a2130, C4<0>, C4<0>, C4<0>;
L_0x555590553a70 .functor BUFZ 1, L_0x5555905a2500, C4<0>, C4<0>, C4<0>;
L_0x555590553190 .functor BUFZ 1, L_0x5555905a2660, C4<0>, C4<0>, C4<0>;
L_0x555590552580 .functor BUFZ 1, v0x555590561580_0, C4<0>, C4<0>, C4<0>;
L_0x555590552220 .functor BUFZ 1, v0x555590561170_0, C4<0>, C4<0>, C4<0>;
L_0x555590550d60 .functor BUFZ 1, v0x555590560db0_0, C4<0>, C4<0>, C4<0>;
L_0x55559054fc50 .functor BUFZ 1, v0x555590560680_0, C4<0>, C4<0>, C4<0>;
L_0x55559054e810 .functor BUFZ 6, L_0x5555905a2e00, C4<000000>, C4<000000>, C4<000000>;
L_0x55559054d320 .functor BUFZ 8, L_0x5555905a31b0, C4<00000000>, C4<00000000>, C4<00000000>;
L_0x55559055c860 .functor BUFZ 2, v0x555590565770_0, C4<00>, C4<00>, C4<00>;
L_0x55559055b7a0 .functor BUFZ 2, v0x55559055f9b0_0, C4<00>, C4<00>, C4<00>;
L_0x55559055c930 .functor BUFZ 2, v0x55559055e2b0_0, C4<00>, C4<00>, C4<00>;
L_0x55559055aec0 .functor BUFZ 2, v0x55559055e390_0, C4<00>, C4<00>, C4<00>;
L_0x55559055a240 .functor BUFZ 2, v0x5555905482c0_0, C4<00>, C4<00>, C4<00>;
L_0x555590559f40 .functor BUFZ 2, v0x5555905483a0_0, C4<00>, C4<00>, C4<00>;
L_0x555590559e10 .functor BUFZ 1, L_0x5555905ad230, C4<0>, C4<0>, C4<0>;
L_0x555590559eb0 .functor BUFZ 1, v0x555590547120_0, C4<0>, C4<0>, C4<0>;
L_0x555590556f20 .functor BUFZ 1, v0x5555905471e0_0, C4<0>, C4<0>, C4<0>;
L_0x555590556fc0 .functor BUFZ 1, v0x555590545d70_0, C4<0>, C4<0>, C4<0>;
L_0x555590555f90 .functor BUFZ 1, v0x555590545e30_0, C4<0>, C4<0>, C4<0>;
L_0x555590570ac0 .functor BUFZ 1, L_0x5555905ad730, C4<0>, C4<0>, C4<0>;
L_0x555590570b90 .functor BUFZ 4, L_0x5555905adcb0, C4<0000>, C4<0000>, C4<0000>;
L_0x555590570c00 .functor BUFZ 10, L_0x5555905ade90, C4<0000000000>, C4<0000000000>, C4<0000000000>;
L_0x55559056df00 .functor BUFZ 1, L_0x5555905adf00, C4<0>, C4<0>, C4<0>;
L_0x55559056df70 .functor BUFZ 11, L_0x5555905b24b0, C4<00000000000>, C4<00000000000>, C4<00000000000>;
L_0x55559056dfe0 .functor BUFZ 11, L_0x5555905b2d20, C4<00000000000>, C4<00000000000>, C4<00000000000>;
L_0x55559056dc80 .functor BUFZ 11, L_0x5555905b3120, C4<00000000000>, C4<00000000000>, C4<00000000000>;
L_0x55559056dcf0 .functor BUFZ 11, L_0x5555905b3e50, C4<00000000000>, C4<00000000000>, C4<00000000000>;
L_0x55559056c560 .functor BUFZ 1, L_0x5555905b3f40, C4<0>, C4<0>, C4<0>;
L_0x55559056c620 .functor BUFZ 11, L_0x5555905b44b0, C4<00000000000>, C4<00000000000>, C4<00000000000>;
L_0x55559056b370 .functor BUFZ 12, L_0x5555905c4b90, C4<000000000000>, C4<000000000000>, C4<000000000000>;
L_0x55559056b430 .functor BUFZ 4, L_0x5555905b47f0, C4<0000>, C4<0000>, C4<0000>;
L_0x55559056b020 .functor BUFZ 12, L_0x5555905c4f60, C4<000000000000>, C4<000000000000>, C4<000000000000>;
L_0x55559056b0e0 .functor BUFZ 9, L_0x5555905c8550, C4<000000000>, C4<000000000>, C4<000000000>;
L_0x55559059d2f0 .functor BUFZ 9, v0x555590543cc0_0, C4<000000000>, C4<000000000>, C4<000000000>;
L_0x55559059d360 .functor BUFZ 9, v0x555590543da0_0, C4<000000000>, C4<000000000>, C4<000000000>;
L_0x55559059d630 .functor BUFZ 9, v0x5555905430a0_0, C4<000000000>, C4<000000000>, C4<000000000>;
L_0x55559059d6d0 .functor BUFZ 9, v0x555590543180_0, C4<000000000>, C4<000000000>, C4<000000000>;
L_0x55559059d810 .functor BUFZ 10, L_0x5555905c8f20, C4<0000000000>, C4<0000000000>, C4<0000000000>;
L_0x555590574890 .functor BUFZ 1, L_0x5555905c9460, C4<0>, C4<0>, C4<0>;
L_0x555590574930 .functor BUFZ 1, v0x555590542560_0, C4<0>, C4<0>, C4<0>;
L_0x5555905736d0 .functor BUFZ 18, L_0x5555905c9a00, C4<000000000000000000>, C4<000000000000000000>, C4<000000000000000000>;
L_0x5555905732e0 .functor BUFZ 1, L_0x5555905ca390, C4<0>, C4<0>, C4<0>;
L_0x5555905733b0 .functor BUFZ 1, L_0x5555905ca910, C4<0>, C4<0>, C4<0>;
L_0x555590571c90 .functor BUFZ 1, L_0x5555905ca9b0, C4<0>, C4<0>, C4<0>;
L_0x555590571d60 .functor BUFZ 1, L_0x5555905ca7d0, C4<0>, C4<0>, C4<0>;
L_0x555590571dd0 .functor BUFZ 18, L_0x5555905cb270, C4<000000000000000000>, C4<000000000000000000>, C4<000000000000000000>;
L_0x55559059ebd0 .functor BUFZ 2, L_0x5555905cc0c0, C4<00>, C4<00>, C4<00>;
L_0x55559059eeb0 .functor BUFZ 7, L_0x5555905cc510, C4<0000000>, C4<0000000>, C4<0000000>;
L_0x55559059f270 .functor BUFZ 8, L_0x5555905cc600, C4<00000000>, C4<00000000>, C4<00000000>;
L_0x55559059f670 .functor BUFZ 4, L_0x5555905ccaa0, C4<0000>, C4<0000>, C4<0000>;
L_0x55559059f740 .functor BUFZ 2, v0x55559057d260_0, C4<00>, C4<00>, C4<00>;
L_0x55559059fb50 .functor BUFZ 2, L_0x5555905cf130, C4<00>, C4<00>, C4<00>;
L_0x55559059fea0 .functor BUFZ 1, L_0x5555905cf420, C4<0>, C4<0>, C4<0>;
L_0x55559059ff40 .functor BUFZ 1, v0x555590540020_0, C4<0>, C4<0>, C4<0>;
L_0x5555905a03a0 .functor BUFZ 18, L_0x5555905cfc00, C4<000000000000000000>, C4<000000000000000000>, C4<000000000000000000>;
L_0x5555905a1530 .functor NOT 1, L_0x555590563fd0, C4<0>, C4<0>, C4<0>;
L_0x5555905a1380 .functor NOT 1, L_0x555590563fd0, C4<0>, C4<0>, C4<0>;
L_0x5555905a1e90 .functor NOT 1, L_0x555590563fd0, C4<0>, C4<0>, C4<0>;
L_0x5555905a2660 .functor XOR 1, v0x555590577580_0, v0x5555905614c0_0, C4<0>, C4<0>;
L_0x5555905a3a30 .functor OR 1, L_0x5555905a3700, L_0x5555905a3940, C4<0>, C4<0>;
L_0x5555905a3cf0 .functor OR 1, L_0x5555905a3a30, L_0x5555905a3b40, C4<0>, C4<0>;
L_0x5555905a41a0 .functor OR 1, L_0x5555905a3cf0, L_0x5555905a4100, C4<0>, C4<0>;
L_0x5555905a45b0 .functor OR 1, L_0x5555905a42b0, L_0x5555905a44c0, C4<0>, C4<0>;
L_0x5555905a4bf0 .functor OR 1, L_0x5555905a45b0, L_0x5555905a49d0, C4<0>, C4<0>;
L_0x5555905a4df0 .functor OR 1, L_0x5555905a4bf0, L_0x5555905a4d00, C4<0>, C4<0>;
L_0x5555905a4ac0 .functor OR 1, L_0x5555905a4df0, L_0x5555905a5220, C4<0>, C4<0>;
L_0x5555905a5540 .functor OR 1, L_0x5555905a4ac0, L_0x5555905a5450, C4<0>, C4<0>;
L_0x5555905a5bc0 .functor OR 1, L_0x5555905a5540, L_0x5555905a5980, C4<0>, C4<0>;
L_0x5555905a5dc0 .functor OR 1, L_0x5555905a5bc0, L_0x5555905a5cd0, C4<0>, C4<0>;
L_0x5555905a6460 .functor OR 1, L_0x5555905a5dc0, L_0x5555905a6210, C4<0>, C4<0>;
L_0x5555905a6660 .functor OR 1, L_0x5555905a6460, L_0x5555905a6570, C4<0>, C4<0>;
L_0x5555905a6d20 .functor OR 1, L_0x5555905a6660, L_0x5555905a6ac0, C4<0>, C4<0>;
L_0x5555905a6f20 .functor OR 1, L_0x5555905a6d20, L_0x5555905a6e30, C4<0>, C4<0>;
L_0x5555905a76f0 .functor OR 1, L_0x5555905a7390, L_0x5555905a7600, C4<0>, C4<0>;
L_0x5555905a7a80 .functor OR 1, L_0x5555905a76f0, L_0x5555905a7800, C4<0>, C4<0>;
L_0x5555905a7ff0 .functor OR 1, L_0x5555905a7a80, L_0x5555905a7f00, C4<0>, C4<0>;
L_0x5555905a8390 .functor OR 1, L_0x5555905a7ff0, L_0x5555905a8100, C4<0>, C4<0>;
L_0x5555905a8910 .functor OR 1, L_0x5555905a8390, L_0x5555905a8820, C4<0>, C4<0>;
L_0x5555905a8cc0 .functor OR 1, L_0x5555905a8910, L_0x5555905a8a20, C4<0>, C4<0>;
L_0x5555905a9250 .functor OR 1, L_0x5555905a8cc0, L_0x5555905a9160, C4<0>, C4<0>;
L_0x5555905a9610 .functor OR 1, L_0x5555905a9250, L_0x5555905a9360, C4<0>, C4<0>;
L_0x5555905a9bb0 .functor OR 1, L_0x5555905a9610, L_0x5555905a9ac0, C4<0>, C4<0>;
L_0x5555905a9f80 .functor OR 1, L_0x5555905a9bb0, L_0x5555905a9cc0, C4<0>, C4<0>;
L_0x5555905aa740 .functor OR 1, L_0x5555905a9f80, L_0x5555905aa650, C4<0>, C4<0>;
L_0x5555905aab20 .functor OR 1, L_0x5555905aa740, L_0x5555905aa850, C4<0>, C4<0>;
L_0x5555905ab0e0 .functor OR 1, L_0x5555905aab20, L_0x5555905aaff0, C4<0>, C4<0>;
L_0x5555905ab4d0 .functor OR 1, L_0x5555905ab0e0, L_0x5555905ab1f0, C4<0>, C4<0>;
L_0x5555905abaa0 .functor OR 1, L_0x5555905ab4d0, L_0x5555905ab9b0, C4<0>, C4<0>;
L_0x5555905abea0 .functor OR 1, L_0x5555905abaa0, L_0x5555905abbb0, C4<0>, C4<0>;
L_0x5555905ac480 .functor OR 1, L_0x5555905abea0, L_0x5555905ac390, C4<0>, C4<0>;
L_0x5555905acd30 .functor OR 1, L_0x5555905ac930, L_0x5555905aca20, C4<0>, C4<0>;
L_0x5555905adbf0 .functor NOT 1, L_0x555590570ac0, C4<0>, C4<0>, C4<0>;
L_0x5555905b3120 .functor XOR 11, L_0x55559056df70, v0x555590545640_0, C4<00000000000>, C4<00000000000>;
L_0x555590510760 .functor NOT 1, L_0x55559056df00, C4<0>, C4<0>, C4<0>;
L_0x5555905b3f40 .functor AND 1, v0x5555905610b0_0, L_0x555590510760, C4<1>, C4<1>;
L_0x5555905c85f0 .functor OR 1, L_0x5555905c9b90, L_0x5555905c9f10, C4<0>, C4<0>;
L_0x5555905ca390 .functor OR 1, L_0x5555905c85f0, L_0x5555905ca000, C4<0>, C4<0>;
L_0x5555905cad50 .functor AND 1, L_0x5555905732e0, L_0x5555905733b0, C4<1>, C4<1>;
L_0x5555905cadc0 .functor NOT 1, L_0x5555905732e0, C4<0>, C4<0>, C4<0>;
L_0x5555905ca4f0 .functor AND 1, L_0x5555905cadc0, L_0x5555905733b0, C4<1>, C4<1>;
L_0x5555905ca5b0 .functor AND 1, L_0x555590571c90, L_0x5555905ca4f0, C4<1>, C4<1>;
L_0x5555905ca6c0 .functor OR 1, L_0x5555905cad50, L_0x5555905ca5b0, C4<0>, C4<0>;
L_0x5555905cb860 .functor OR 1, L_0x5555905ccbe0, L_0x5555905cd050, C4<0>, C4<0>;
L_0x55559051e680 .functor OR 1, L_0x5555905cb860, L_0x5555905cae30, C4<0>, C4<0>;
L_0x5555905cd720 .functor OR 1, L_0x55559051e680, L_0x5555905cd630, C4<0>, C4<0>;
L_0x5555905cdc90 .functor OR 1, L_0x5555905cd720, L_0x5555905cd1e0, C4<0>, C4<0>;
L_0x5555905cde90 .functor OR 1, L_0x5555905cdc90, L_0x5555905cdda0, C4<0>, C4<0>;
L_0x5555905cdb00 .functor OR 1, L_0x5555905cd920, L_0x5555905cda10, C4<0>, C4<0>;
L_0x5555905ce820 .functor OR 1, L_0x5555905cdb00, L_0x5555905ce780, C4<0>, C4<0>;
L_0x5555905cedb0 .functor OR 1, L_0x5555905ce820, L_0x5555905cdfa0, C4<0>, C4<0>;
L_0x5555905cef60 .functor OR 1, L_0x5555905cedb0, L_0x5555905cee70, C4<0>, C4<0>;
L_0x5555905ceac0 .functor AND 1, v0x555590560740_0, v0x555590541860_0, C4<1>, C4<1>;
L_0x5555905ced10 .functor NOT 1, L_0x5555905cebd0, C4<0>, C4<0>, C4<0>;
L_0x5555905cf070 .functor AND 1, L_0x5555905ced10, L_0x5555905ceac0, C4<1>, C4<1>;
L_0x5555905cf310 .functor AND 1, v0x555590560e70_0, L_0x555590574890, C4<1>, C4<1>;
v0x55559050ca30_0 .net "R", 17 0, L_0x5555905767b0;  1 drivers
o0x7f7427116cb8 .functor BUFZ 18, c4<zzzzzzzzzzzzzzzzzz>; HiZ drive
v0x555590511df0_0 .net "X", 17 0, o0x7f7427116cb8;  0 drivers
o0x7f7427116ce8 .functor BUFZ 18, c4<zzzzzzzzzzzzzzzzzz>; HiZ drive
v0x555590511ed0_0 .net "Y", 17 0, o0x7f7427116ce8;  0 drivers
L_0x7f74270cb018 .functor BUFT 1, C4<1>, C4<0>, C4<0>, C4<0>;
v0x555590511a00_0 .net/2u *"_ivl_190", 0 0, L_0x7f74270cb018;  1 drivers
L_0x7f74270cb060 .functor BUFT 1, C4<0>, C4<0>, C4<0>, C4<0>;
v0x555590511ae0_0 .net/2u *"_ivl_192", 0 0, L_0x7f74270cb060;  1 drivers
L_0x7f74270cb0a8 .functor BUFT 1, C4<00>, C4<0>, C4<0>, C4<0>;
v0x555590511680_0 .net/2u *"_ivl_238", 1 0, L_0x7f74270cb0a8;  1 drivers
L_0x7f74270cb0f0 .functor BUFT 1, C4<00000000>, C4<0>, C4<0>, C4<0>;
v0x555590511200_0 .net/2u *"_ivl_242", 7 0, L_0x7f74270cb0f0;  1 drivers
L_0x7f74270cb138 .functor BUFT 1, C4<1>, C4<0>, C4<0>, C4<0>;
v0x5555905112e0_0 .net/2u *"_ivl_248", 0 0, L_0x7f74270cb138;  1 drivers
L_0x7f74270cb180 .functor BUFT 1, C4<000000>, C4<0>, C4<0>, C4<0>;
v0x555590510e10_0 .net/2u *"_ivl_252", 5 0, L_0x7f74270cb180;  1 drivers
L_0x7f74270cb1c8 .functor BUFT 1, C4<010000>, C4<0>, C4<0>, C4<0>;
v0x555590510ef0_0 .net/2u *"_ivl_256", 5 0, L_0x7f74270cb1c8;  1 drivers
L_0x7f74270cb210 .functor BUFT 1, C4<100000>, C4<0>, C4<0>, C4<0>;
v0x555590510a70_0 .net/2u *"_ivl_262", 5 0, L_0x7f74270cb210;  1 drivers
L_0x7f74270cb258 .functor BUFT 1, C4<110000>, C4<0>, C4<0>, C4<0>;
v0x555590510b50_0 .net/2u *"_ivl_268", 5 0, L_0x7f74270cb258;  1 drivers
L_0x7f74270cb2a0 .functor BUFT 1, C4<000101>, C4<0>, C4<0>, C4<0>;
v0x5555905106a0_0 .net/2u *"_ivl_274", 5 0, L_0x7f74270cb2a0;  1 drivers
L_0x7f74270cb2e8 .functor BUFT 1, C4<010101>, C4<0>, C4<0>, C4<0>;
v0x5555905102a0_0 .net/2u *"_ivl_278", 5 0, L_0x7f74270cb2e8;  1 drivers
L_0x7f74270cb330 .functor BUFT 1, C4<100101>, C4<0>, C4<0>, C4<0>;
v0x555590510380_0 .net/2u *"_ivl_284", 5 0, L_0x7f74270cb330;  1 drivers
L_0x7f74270cb378 .functor BUFT 1, C4<110101>, C4<0>, C4<0>, C4<0>;
v0x55559050feb0_0 .net/2u *"_ivl_290", 5 0, L_0x7f74270cb378;  1 drivers
L_0x7f74270cb3c0 .functor BUFT 1, C4<000100>, C4<0>, C4<0>, C4<0>;
v0x55559050ff90_0 .net/2u *"_ivl_296", 5 0, L_0x7f74270cb3c0;  1 drivers
L_0x7f74270cb408 .functor BUFT 1, C4<010100>, C4<0>, C4<0>, C4<0>;
v0x55559050faf0_0 .net/2u *"_ivl_302", 5 0, L_0x7f74270cb408;  1 drivers
L_0x7f74270cb450 .functor BUFT 1, C4<100100>, C4<0>, C4<0>, C4<0>;
v0x55559050fbd0_0 .net/2u *"_ivl_308", 5 0, L_0x7f74270cb450;  1 drivers
L_0x7f74270cb498 .functor BUFT 1, C4<110100>, C4<0>, C4<0>, C4<0>;
v0x55559050c650_0 .net/2u *"_ivl_314", 5 0, L_0x7f74270cb498;  1 drivers
L_0x7f74270cb4e0 .functor BUFT 1, C4<000001>, C4<0>, C4<0>, C4<0>;
v0x55559050c710_0 .net/2u *"_ivl_320", 5 0, L_0x7f74270cb4e0;  1 drivers
L_0x7f74270cb528 .functor BUFT 1, C4<010001>, C4<0>, C4<0>, C4<0>;
v0x55559050f700_0 .net/2u *"_ivl_326", 5 0, L_0x7f74270cb528;  1 drivers
L_0x7f74270cb570 .functor BUFT 1, C4<100001>, C4<0>, C4<0>, C4<0>;
v0x55559050f7e0_0 .net/2u *"_ivl_332", 5 0, L_0x7f74270cb570;  1 drivers
L_0x7f74270cb5b8 .functor BUFT 1, C4<110001>, C4<0>, C4<0>, C4<0>;
v0x55559050f360_0 .net/2u *"_ivl_338", 5 0, L_0x7f74270cb5b8;  1 drivers
L_0x7f74270cb600 .functor BUFT 1, C4<111010>, C4<0>, C4<0>, C4<0>;
v0x55559050f440_0 .net/2u *"_ivl_344", 5 0, L_0x7f74270cb600;  1 drivers
L_0x7f74270cb648 .functor BUFT 1, C4<001010>, C4<0>, C4<0>, C4<0>;
v0x55559050efc0_0 .net/2u *"_ivl_348", 5 0, L_0x7f74270cb648;  1 drivers
L_0x7f74270cb690 .functor BUFT 1, C4<001000>, C4<0>, C4<0>, C4<0>;
v0x55559050eb90_0 .net/2u *"_ivl_354", 5 0, L_0x7f74270cb690;  1 drivers
L_0x7f74270cb6d8 .functor BUFT 1, C4<011000>, C4<0>, C4<0>, C4<0>;
v0x55559050ec70_0 .net/2u *"_ivl_360", 5 0, L_0x7f74270cb6d8;  1 drivers
L_0x7f74270cb720 .functor BUFT 1, C4<101000>, C4<0>, C4<0>, C4<0>;
v0x55559050e7d0_0 .net/2u *"_ivl_366", 5 0, L_0x7f74270cb720;  1 drivers
L_0x7f74270cb768 .functor BUFT 1, C4<111000>, C4<0>, C4<0>, C4<0>;
v0x55559050e8b0_0 .net/2u *"_ivl_372", 5 0, L_0x7f74270cb768;  1 drivers
L_0x7f74270cb7b0 .functor BUFT 1, C4<000010>, C4<0>, C4<0>, C4<0>;
v0x55559050e3e0_0 .net/2u *"_ivl_378", 5 0, L_0x7f74270cb7b0;  1 drivers
L_0x7f74270cb7f8 .functor BUFT 1, C4<010010>, C4<0>, C4<0>, C4<0>;
v0x55559050e4c0_0 .net/2u *"_ivl_384", 5 0, L_0x7f74270cb7f8;  1 drivers
L_0x7f74270cb840 .functor BUFT 1, C4<100010>, C4<0>, C4<0>, C4<0>;
v0x555590520c20_0 .net/2u *"_ivl_390", 5 0, L_0x7f74270cb840;  1 drivers
L_0x7f74270cb888 .functor BUFT 1, C4<110010>, C4<0>, C4<0>, C4<0>;
v0x55559046f180_0 .net/2u *"_ivl_396", 5 0, L_0x7f74270cb888;  1 drivers
L_0x7f74270cb8d0 .functor BUFT 1, C4<001001>, C4<0>, C4<0>, C4<0>;
v0x55559046f260_0 .net/2u *"_ivl_402", 5 0, L_0x7f74270cb8d0;  1 drivers
L_0x7f74270cb918 .functor BUFT 1, C4<011001>, C4<0>, C4<0>, C4<0>;
v0x55559046f340_0 .net/2u *"_ivl_408", 5 0, L_0x7f74270cb918;  1 drivers
L_0x7f74270cb960 .functor BUFT 1, C4<101001>, C4<0>, C4<0>, C4<0>;
v0x555590520cc0_0 .net/2u *"_ivl_414", 5 0, L_0x7f74270cb960;  1 drivers
L_0x7f74270cb9a8 .functor BUFT 1, C4<111001>, C4<0>, C4<0>, C4<0>;
v0x555590520830_0 .net/2u *"_ivl_420", 5 0, L_0x7f74270cb9a8;  1 drivers
L_0x7f74270cb9f0 .functor BUFT 1, C4<000110>, C4<0>, C4<0>, C4<0>;
v0x5555905208f0_0 .net/2u *"_ivl_426", 5 0, L_0x7f74270cb9f0;  1 drivers
L_0x7f74270cba38 .functor BUFT 1, C4<010110>, C4<0>, C4<0>, C4<0>;
v0x55559050e020_0 .net/2u *"_ivl_432", 5 0, L_0x7f74270cba38;  1 drivers
L_0x7f74270cba80 .functor BUFT 1, C4<100110>, C4<0>, C4<0>, C4<0>;
v0x55559050e100_0 .net/2u *"_ivl_438", 5 0, L_0x7f74270cba80;  1 drivers
L_0x7f74270cbac8 .functor BUFT 1, C4<110110>, C4<0>, C4<0>, C4<0>;
v0x555590520460_0 .net/2u *"_ivl_444", 5 0, L_0x7f74270cbac8;  1 drivers
L_0x7f74270cbb10 .functor BUFT 1, C4<100000>, C4<0>, C4<0>, C4<0>;
v0x555590520540_0 .net/2u *"_ivl_452", 5 0, L_0x7f74270cbb10;  1 drivers
L_0x7f74270cbb58 .functor BUFT 1, C4<010000>, C4<0>, C4<0>, C4<0>;
v0x5555905200c0_0 .net/2u *"_ivl_456", 5 0, L_0x7f74270cbb58;  1 drivers
L_0x7f74270cbba0 .functor BUFT 1, C4<0>, C4<0>, C4<0>, C4<0>;
v0x55559051fcc0_0 .net/2u *"_ivl_462", 0 0, L_0x7f74270cbba0;  1 drivers
L_0x7f74270cbbe8 .functor BUFT 1, C4<00001001>, C4<0>, C4<0>, C4<0>;
v0x55559051fda0_0 .net/2u *"_ivl_466", 7 0, L_0x7f74270cbbe8;  1 drivers
L_0x7f74270cbc30 .functor BUFT 1, C4<1>, C4<0>, C4<0>, C4<0>;
v0x55559051f8d0_0 .net/2u *"_ivl_470", 0 0, L_0x7f74270cbc30;  1 drivers
L_0x7f74270cbc78 .functor BUFT 1, C4<0>, C4<0>, C4<0>, C4<0>;
v0x55559051f9b0_0 .net/2u *"_ivl_472", 0 0, L_0x7f74270cbc78;  1 drivers
L_0x7f74270cbcc0 .functor BUFT 1, C4<1010>, C4<0>, C4<0>, C4<0>;
v0x55559051f4e0_0 .net/2u *"_ivl_480", 3 0, L_0x7f74270cbcc0;  1 drivers
L_0x7f74270cc1d0 .functor BUFT 1, C4<0>, C4<0>, C4<0>, C4<0>;
v0x55559051f5c0_0 .net/2u *"_ivl_484", 0 0, L_0x7f74270cc1d0;  1 drivers
L_0x7f74270cc218 .functor BUFT 1, C4<01>, C4<0>, C4<0>, C4<0>;
v0x55559051f120_0 .net/2u *"_ivl_500", 1 0, L_0x7f74270cc218;  1 drivers
L_0x7f74270cc260 .functor BUFT 1, C4<00>, C4<0>, C4<0>, C4<0>;
v0x55559051f1e0_0 .net/2u *"_ivl_504", 1 0, L_0x7f74270cc260;  1 drivers
L_0x7f74270cc770 .functor BUFT 1, C4<0>, C4<0>, C4<0>, C4<0>;
v0x55559051ed30_0 .net/2u *"_ivl_514", 0 0, L_0x7f74270cc770;  1 drivers
L_0x7f74270cc7b8 .functor BUFT 1, C4<000000001>, C4<0>, C4<0>, C4<0>;
v0x55559051ee10_0 .net/2u *"_ivl_518", 8 0, L_0x7f74270cc7b8;  1 drivers
L_0x7f74270cc800 .functor BUFT 1, C4<0>, C4<0>, C4<0>, C4<0>;
v0x55559051e990_0 .net/2u *"_ivl_522", 0 0, L_0x7f74270cc800;  1 drivers
L_0x7f74270cc848 .functor BUFT 1, C4<000000>, C4<0>, C4<0>, C4<0>;
v0x55559051ea70_0 .net/2u *"_ivl_526", 5 0, L_0x7f74270cc848;  1 drivers
L_0x7f74270cc890 .functor BUFT 1, C4<1111>, C4<0>, C4<0>, C4<0>;
v0x55559051e5c0_0 .net/2u *"_ivl_532", 3 0, L_0x7f74270cc890;  1 drivers
L_0x7f74270cc8d8 .functor BUFT 1, C4<1>, C4<0>, C4<0>, C4<0>;
v0x55559051e1c0_0 .net/2u *"_ivl_536", 0 0, L_0x7f74270cc8d8;  1 drivers
L_0x7f74270cc920 .functor BUFT 1, C4<0>, C4<0>, C4<0>, C4<0>;
v0x55559051e2a0_0 .net/2u *"_ivl_538", 0 0, L_0x7f74270cc920;  1 drivers
L_0x7f74270cc968 .functor BUFT 1, C4<1>, C4<0>, C4<0>, C4<0>;
v0x55559050dc60_0 .net/2u *"_ivl_570", 0 0, L_0x7f74270cc968;  1 drivers
L_0x7f74270cc9b0 .functor BUFT 1, C4<0>, C4<0>, C4<0>, C4<0>;
v0x55559050dd40_0 .net/2u *"_ivl_572", 0 0, L_0x7f74270cc9b0;  1 drivers
L_0x7f74270ccad0 .functor BUFT 1, C4<0000>, C4<0>, C4<0>, C4<0>;
v0x55559051de00_0 .net/2u *"_ivl_586", 3 0, L_0x7f74270ccad0;  1 drivers
L_0x7f74270ccb18 .functor BUFT 1, C4<0100>, C4<0>, C4<0>, C4<0>;
v0x55559051dee0_0 .net/2u *"_ivl_590", 3 0, L_0x7f74270ccb18;  1 drivers
L_0x7f74270ccb60 .functor BUFT 1, C4<1000>, C4<0>, C4<0>, C4<0>;
v0x55559051da40_0 .net/2u *"_ivl_596", 3 0, L_0x7f74270ccb60;  1 drivers
L_0x7f74270ccba8 .functor BUFT 1, C4<1100>, C4<0>, C4<0>, C4<0>;
v0x55559051db00_0 .net/2u *"_ivl_602", 3 0, L_0x7f74270ccba8;  1 drivers
L_0x7f74270ccbf0 .functor BUFT 1, C4<1001>, C4<0>, C4<0>, C4<0>;
v0x55559044f7a0_0 .net/2u *"_ivl_608", 3 0, L_0x7f74270ccbf0;  1 drivers
L_0x7f74270ccc38 .functor BUFT 1, C4<1101>, C4<0>, C4<0>, C4<0>;
v0x55559051d6a0_0 .net/2u *"_ivl_614", 3 0, L_0x7f74270ccc38;  1 drivers
L_0x7f74270ccc80 .functor BUFT 1, C4<0001>, C4<0>, C4<0>, C4<0>;
v0x55559051d780_0 .net/2u *"_ivl_620", 3 0, L_0x7f74270ccc80;  1 drivers
L_0x7f74270cccc8 .functor BUFT 1, C4<0010>, C4<0>, C4<0>, C4<0>;
v0x55559051d300_0 .net/2u *"_ivl_624", 3 0, L_0x7f74270cccc8;  1 drivers
L_0x7f74270ccd10 .functor BUFT 1, C4<0110>, C4<0>, C4<0>, C4<0>;
v0x55559051cf00_0 .net/2u *"_ivl_628", 3 0, L_0x7f74270ccd10;  1 drivers
L_0x7f74270ccd58 .functor BUFT 1, C4<1010>, C4<0>, C4<0>, C4<0>;
v0x55559051cfe0_0 .net/2u *"_ivl_634", 3 0, L_0x7f74270ccd58;  1 drivers
L_0x7f74270ccda0 .functor BUFT 1, C4<1110>, C4<0>, C4<0>, C4<0>;
v0x55559051cb40_0 .net/2u *"_ivl_640", 3 0, L_0x7f74270ccda0;  1 drivers
L_0x7f74270ccde8 .functor BUFT 1, C4<0101>, C4<0>, C4<0>, C4<0>;
v0x55559051cc20_0 .net/2u *"_ivl_646", 3 0, L_0x7f74270ccde8;  1 drivers
L_0x7f74270cce30 .functor BUFT 1, C4<11>, C4<0>, C4<0>, C4<0>;
v0x55559051c780_0 .net/2u *"_ivl_656", 1 0, L_0x7f74270cce30;  1 drivers
L_0x7f74270cce78 .functor BUFT 1, C4<00>, C4<0>, C4<0>, C4<0>;
v0x55559051c860_0 .net/2u *"_ivl_664", 1 0, L_0x7f74270cce78;  1 drivers
L_0x7f74270ccec0 .functor BUFT 1, C4<0>, C4<0>, C4<0>, C4<0>;
v0x55559051c390_0 .net/2u *"_ivl_670", 0 0, L_0x7f74270ccec0;  1 drivers
v0x55559051c450_0 .net "cinsigadd", 0 0, L_0x55559056c560;  1 drivers
o0x7f7427114078 .functor BUFZ 1, c4<z>; HiZ drive
v0x55559051bfa0_0 .net "clk", 0 0, o0x7f7427114078;  0 drivers
v0x55559051c040_0 .net "computedr", 17 0, L_0x5555905a03a0;  1 drivers
v0x55559051bbe0_0 .net "effsub", 0 0, L_0x555590553190;  1 drivers
v0x55559051bca0_0 .net "effsub_d1", 0 0, L_0x555590552580;  1 drivers
v0x55559050d870_0 .net "effsub_d2", 0 0, v0x5555905610b0_0;  1 drivers
v0x55559050d910_0 .net "effsub_d3", 0 0, L_0x555590552220;  1 drivers
v0x55559051b820_0 .net "effsub_d4", 0 0, L_0x555590550d60;  1 drivers
v0x55559051b8e0_0 .net "effsub_d5", 0 0, v0x555590560e70_0;  1 drivers
v0x55559051b430_0 .net "effsub_d6", 0 0, L_0x55559054fc50;  1 drivers
v0x55559051b4d0_0 .net "effsub_d7", 0 0, v0x555590560740_0;  1 drivers
v0x55559051b040_0 .net "effsubvector", 10 0, L_0x55559056dfe0;  1 drivers
v0x55559051b120_0 .net "effsubvector_d1", 10 0, v0x555590545640_0;  1 drivers
v0x55559051ac50_0 .net "eqdiffsign", 0 0, L_0x555590574890;  1 drivers
v0x55559051acf0_0 .net "eqdiffsign_d1", 0 0, L_0x555590574930;  1 drivers
v0x55559051a860_0 .net "eqdiffsign_d2", 0 0, v0x555590541860_0;  1 drivers
v0x55559051a920_0 .net "excexpfracx", 16 0, L_0x555590576ae0;  1 drivers
v0x55559051a470_0 .net "excexpfracy", 16 0, L_0x555590576e30;  1 drivers
v0x55559051a550_0 .net "excr", 1 0, L_0x55559059fb50;  1 drivers
v0x55559051a0b0_0 .net "excrt", 1 0, L_0x55559055c860;  1 drivers
v0x55559051a170_0 .net "excrt2", 1 0, L_0x55559059f740;  1 drivers
v0x555590519cf0_0 .net "excrt2_d1", 1 0, v0x555590540d20_0;  1 drivers
v0x555590519dd0_0 .net "excrt_d1", 1 0, L_0x55559055b7a0;  1 drivers
v0x555590519930_0 .net "excrt_d2", 1 0, L_0x55559055c930;  1 drivers
v0x5555905199f0_0 .net "excrt_d3", 1 0, L_0x55559055aec0;  1 drivers
v0x555590519570_0 .net "excrt_d4", 1 0, L_0x55559055a240;  1 drivers
v0x555590519650_0 .net "excrt_d5", 1 0, L_0x555590559f40;  1 drivers
v0x55559050d4b0_0 .net "excrt_d6", 1 0, v0x555590547af0_0;  1 drivers
v0x55559050d570_0 .net "excrt_d7", 1 0, v0x555590547bd0_0;  1 drivers
v0x5555905191b0_0 .net "excx", 1 0, L_0x555590583470;  1 drivers
v0x555590519290_0 .net "excy", 1 0, L_0x555590584250;  1 drivers
v0x555590518df0_0 .net "excy_d1", 1 0, v0x5555905774a0_0;  1 drivers
v0x555590518eb0_0 .net "exexpexc", 3 0, L_0x55559059f670;  1 drivers
v0x555590518a30_0 .net "exmey", 7 0, L_0x5555905644f0;  1 drivers
v0x555590518b10_0 .net "expdiff", 7 0, L_0x5555905835e0;  1 drivers
v0x555590518690_0 .net "expdiff_d1", 7 0, v0x5555905785f0_0;  1 drivers
v0x555590518770_0 .net "expfrac", 17 0, L_0x5555905736d0;  1 drivers
v0x5555905182d0_0 .net "expr", 7 0, L_0x55559059f270;  1 drivers
v0x555590580260_0 .net "expr_d1", 7 0, v0x555590540c40_0;  1 drivers
v0x555590580340_0 .net "expx", 7 0, L_0x555590583840;  1 drivers
v0x55559057fea0_0 .net "expx_d1", 7 0, v0x555590577d10_0;  1 drivers
v0x55559057ff80_0 .net "extendedexpinc", 8 0, L_0x55559056b0e0;  1 drivers
v0x55559057fab0_0 .net "extendedexpinc_d1", 8 0, L_0x55559059d2f0;  1 drivers
v0x55559057fb90_0 .net "extendedexpinc_d2", 8 0, L_0x55559059d360;  1 drivers
v0x55559057f6f0_0 .net "extendedexpinc_d3", 8 0, L_0x55559059d630;  1 drivers
v0x55559057f7d0_0 .net "extendedexpinc_d4", 8 0, L_0x55559059d6d0;  1 drivers
v0x555590582570_0 .net "extendedexpinc_d5", 8 0, v0x555590542480_0;  1 drivers
v0x555590582650_0 .net "eymex", 7 0, L_0x555590564820;  1 drivers
v0x5555905821d0_0 .net "fracadder_n224", 10 0, L_0x5555905b44b0;  1 drivers
v0x555590581df0_0 .net "fracaddresult", 10 0, L_0x55559056c620;  1 drivers
v0x555590581eb0_0 .net "fracr", 6 0, L_0x55559059eeb0;  1 drivers
v0x555590581a00_0 .net "fracr_d1", 6 0, v0x555590541920_0;  1 drivers
v0x555590581ae0_0 .net "fracsticky", 11 0, L_0x55559056b370;  1 drivers
v0x555590581610_0 .net "fracxpad", 10 0, L_0x55559056dcf0;  1 drivers
v0x5555905816e0_0 .net "fracy", 7 0, L_0x55559054d320;  1 drivers
v0x555590581220_0 .net "fracypad", 10 0, L_0x55559056df70;  1 drivers
v0x5555905812e0_0 .net "fracypadxorop", 10 0, L_0x55559056dc80;  1 drivers
v0x555590580e30_0 .net "lsb", 0 0, L_0x555590571c90;  1 drivers
v0x555590580ed0_0 .net "lzcandshifter_n228", 3 0, L_0x5555905b47f0;  1 drivers
v0x555590580a40_0 .net "lzcandshifter_n229", 11 0, L_0x5555905c4f60;  1 drivers
v0x555590580b00_0 .net "n100", 0 0, L_0x5555905a45b0;  1 drivers
v0x555590580650_0 .net "n102", 0 0, L_0x5555905a49d0;  1 drivers
v0x555590580710_0 .net "n103", 0 0, L_0x5555905a4bf0;  1 drivers
v0x55559057f300_0 .net "n105", 0 0, L_0x5555905a4d00;  1 drivers
v0x55559057f3c0_0 .net "n106", 0 0, L_0x5555905a4df0;  1 drivers
v0x5555905496a0_0 .net "n108", 0 0, L_0x5555905a5220;  1 drivers
v0x555590549740_0 .net "n109", 0 0, L_0x5555905a4ac0;  1 drivers
v0x555590549310_0 .net "n111", 0 0, L_0x5555905a5450;  1 drivers
v0x5555905493d0_0 .net "n112", 0 0, L_0x5555905a5540;  1 drivers
v0x555590548f50_0 .net "n114", 0 0, L_0x5555905a5980;  1 drivers
v0x555590548ff0_0 .net "n115", 0 0, L_0x5555905a5bc0;  1 drivers
v0x55559054cbb0_0 .net "n117", 0 0, L_0x5555905a5cd0;  1 drivers
v0x55559054cc70_0 .net "n118", 0 0, L_0x5555905a5dc0;  1 drivers
v0x55559054c850_0 .net "n120", 0 0, L_0x5555905a6210;  1 drivers
v0x55559054c8f0_0 .net "n121", 0 0, L_0x5555905a6460;  1 drivers
v0x55559054c490_0 .net "n123", 0 0, L_0x5555905a6570;  1 drivers
v0x55559054c550_0 .net "n124", 0 0, L_0x5555905a6660;  1 drivers
v0x55559054c0a0_0 .net "n126", 0 0, L_0x5555905a6ac0;  1 drivers
v0x55559054c140_0 .net "n127", 0 0, L_0x5555905a6d20;  1 drivers
v0x555590548b60_0 .net "n129", 0 0, L_0x5555905a6e30;  1 drivers
v0x555590548c20_0 .net "n130", 0 0, L_0x5555905a6f20;  1 drivers
v0x55559054bce0_0 .net "n133", 0 0, L_0x5555905a7390;  1 drivers
v0x55559054bd80_0 .net "n135", 0 0, L_0x5555905a7600;  1 drivers
v0x55559054b8f0_0 .net "n136", 0 0, L_0x5555905a76f0;  1 drivers
v0x55559054b9b0_0 .net "n138", 0 0, L_0x5555905a7800;  1 drivers
v0x55559054b530_0 .net "n139", 0 0, L_0x5555905a7a80;  1 drivers
v0x55559054b5d0_0 .net "n141", 0 0, L_0x5555905a7f00;  1 drivers
v0x55559054b170_0 .net "n142", 0 0, L_0x5555905a7ff0;  1 drivers
v0x55559054b230_0 .net "n144", 0 0, L_0x5555905a8100;  1 drivers
v0x55559054ad80_0 .net "n145", 0 0, L_0x5555905a8390;  1 drivers
v0x55559054ae20_0 .net "n147", 0 0, L_0x5555905a8820;  1 drivers
v0x55559054a9c0_0 .net "n148", 0 0, L_0x5555905a8910;  1 drivers
v0x55559054aa80_0 .net "n150", 0 0, L_0x5555905a8a20;  1 drivers
v0x55559054a600_0 .net "n151", 0 0, L_0x5555905a8cc0;  1 drivers
v0x55559054a6a0_0 .net "n153", 0 0, L_0x5555905a9160;  1 drivers
v0x55559054a210_0 .net "n154", 0 0, L_0x5555905a9250;  1 drivers
v0x55559054a2d0_0 .net "n156", 0 0, L_0x5555905a9360;  1 drivers
v0x555590549e50_0 .net "n157", 0 0, L_0x5555905a9610;  1 drivers
v0x555590549ef0_0 .net "n159", 0 0, L_0x5555905a9ac0;  1 drivers
v0x555590549a60_0 .net "n160", 0 0, L_0x5555905a9bb0;  1 drivers
v0x555590549b20_0 .net "n162", 0 0, L_0x5555905a9cc0;  1 drivers
v0x5555905487a0_0 .net "n163", 0 0, L_0x5555905a9f80;  1 drivers
v0x555590548840_0 .net "n165", 0 0, L_0x5555905aa650;  1 drivers
v0x555590566310_0 .net "n166", 0 0, L_0x5555905aa740;  1 drivers
v0x5555905663d0_0 .net "n168", 0 0, L_0x5555905aa850;  1 drivers
v0x555590565f20_0 .net "n169", 0 0, L_0x5555905aab20;  1 drivers
v0x555590565fc0_0 .net "n171", 0 0, L_0x5555905aaff0;  1 drivers
v0x555590565b60_0 .net "n172", 0 0, L_0x5555905ab0e0;  1 drivers
v0x555590565c20_0 .net "n174", 0 0, L_0x5555905ab1f0;  1 drivers
v0x555590569880_0 .net "n175", 0 0, L_0x5555905ab4d0;  1 drivers
v0x555590569920_0 .net "n177", 0 0, L_0x5555905ab9b0;  1 drivers
v0x5555905694f0_0 .net "n178", 0 0, L_0x5555905abaa0;  1 drivers
v0x5555905695b0_0 .net "n180", 0 0, L_0x5555905abbb0;  1 drivers
v0x555590569130_0 .net "n181", 0 0, L_0x5555905abea0;  1 drivers
v0x5555905691d0_0 .net "n183", 0 0, L_0x5555905ac390;  1 drivers
v0x555590568d70_0 .net "n184", 0 0, L_0x5555905ac480;  1 drivers
v0x555590568e30_0 .net "n186", 2 0, L_0x5555905ac590;  1 drivers
v0x555590565770_0 .var "n187", 1 0;
v0x555590565850_0 .net "n190", 0 0, L_0x5555905ac930;  1 drivers
v0x555590568980_0 .net "n192", 0 0, L_0x5555905aca20;  1 drivers
v0x555590568a40_0 .net "n193", 0 0, L_0x5555905acd30;  1 drivers
v0x5555905685c0_0 .net "n194", 0 0, L_0x5555905ad230;  1 drivers
v0x555590568660_0 .net "n197", 0 0, L_0x5555905ad3c0;  1 drivers
v0x5555905681d0_0 .net "n198", 0 0, L_0x5555905ad730;  1 drivers
v0x555590568290_0 .net "n200", 3 0, L_0x5555905ad910;  1 drivers
v0x555590567e10_0 .net "n201", 0 0, L_0x5555905adbf0;  1 drivers
v0x555590567ed0_0 .net "n202", 3 0, L_0x5555905adcb0;  1 drivers
v0x555590567a50_0 .net "n211", 10 0, L_0x5555905b24b0;  1 drivers
v0x555590567b30_0 .net "n212", 3 0, L_0x5555905b2890;  1 drivers
v0x555590567660_0 .net "n213", 3 0, L_0x5555905b2980;  1 drivers
v0x555590567720_0 .net "n214", 2 0, L_0x5555905b2c80;  1 drivers
v0x555590567270_0 .net "n215", 10 0, L_0x5555905b2d20;  1 drivers
v0x555590567350_0 .net "n216", 10 0, L_0x5555905b3120;  1 drivers
v0x555590566eb0_0 .net "n217", 6 0, L_0x5555905b3680;  1 drivers
v0x555590566f70_0 .net "n219", 8 0, L_0x5555905b3b30;  1 drivers
v0x555590566ac0_0 .net "n221", 10 0, L_0x5555905b3e50;  1 drivers
v0x555590566ba0_0 .net "n222", 0 0, L_0x555590510760;  1 drivers
v0x555590566700_0 .net "n223", 0 0, L_0x5555905b3f40;  1 drivers
v0x5555905667c0_0 .net "n227", 11 0, L_0x5555905c4b90;  1 drivers
v0x5555905653b0_0 .net "n235", 8 0, L_0x5555905c8410;  1 drivers
v0x555590565490_0 .net "n238", 8 0, L_0x5555905c8550;  1 drivers
v0x555590562970_0 .net "n240", 9 0, L_0x5555905c89f0;  1 drivers
v0x555590562a30_0 .net "n242", 9 0, L_0x5555905c8b30;  1 drivers
v0x555590562580_0 .net "n243", 9 0, L_0x5555905c8f20;  1 drivers
v0x555590562660_0 .net "n246", 0 0, L_0x5555905c90b0;  1 drivers
v0x555590592b70_0 .net "n247", 0 0, L_0x5555905c9460;  1 drivers
v0x555590592c30_0 .net "n249", 7 0, L_0x5555905c9640;  1 drivers
v0x555590592380_0 .net "n250", 17 0, L_0x5555905c9a00;  1 drivers
v0x555590592460_0 .net "n251", 0 0, L_0x5555905c9b90;  1 drivers
v0x555590591f60_0 .net "n252", 0 0, L_0x5555905c9f10;  1 drivers
v0x555590592020_0 .net "n253", 0 0, L_0x5555905c85f0;  1 drivers
v0x555590591770_0 .net "n254", 0 0, L_0x5555905ca000;  1 drivers
v0x555590591830_0 .net "n255", 0 0, L_0x5555905ca390;  1 drivers
v0x555590591360_0 .net "n256", 0 0, L_0x5555905ca910;  1 drivers
v0x555590591420_0 .net "n257", 0 0, L_0x5555905ca9b0;  1 drivers
v0x555590590780_0 .net "n259", 0 0, L_0x5555905cad50;  1 drivers
v0x555590590840_0 .net "n260", 0 0, L_0x5555905cadc0;  1 drivers
v0x55559058fea0_0 .net "n261", 0 0, L_0x5555905ca4f0;  1 drivers
v0x55559058ff60_0 .net "n262", 0 0, L_0x5555905ca5b0;  1 drivers
v0x55559058f280_0 .net "n263", 0 0, L_0x5555905ca6c0;  1 drivers
v0x55559058f340_0 .net "n264", 0 0, L_0x5555905ca7d0;  1 drivers
v0x55559058e660_0 .net "n270", 1 0, L_0x5555905cc0c0;  1 drivers
v0x55559058e740_0 .net "n271", 6 0, L_0x5555905cc510;  1 drivers
v0x55559058da40_0 .net "n272", 7 0, L_0x5555905cc600;  1 drivers
v0x55559058db20_0 .net "n273", 3 0, L_0x5555905ccaa0;  1 drivers
v0x55559058be40_0 .net "n276", 0 0, L_0x5555905ccbe0;  1 drivers
v0x55559058bf00_0 .net "n278", 0 0, L_0x5555905cd050;  1 drivers
v0x55559058b220_0 .net "n279", 0 0, L_0x5555905cb860;  1 drivers
v0x55559058b2e0_0 .net "n281", 0 0, L_0x5555905cae30;  1 drivers
v0x55559058a600_0 .net "n282", 0 0, L_0x55559051e680;  1 drivers
v0x55559058a6c0_0 .net "n284", 0 0, L_0x5555905cd630;  1 drivers
v0x5555905899e0_0 .net "n285", 0 0, L_0x5555905cd720;  1 drivers
v0x555590589aa0_0 .net "n287", 0 0, L_0x5555905cd1e0;  1 drivers
v0x555590588dc0_0 .net "n288", 0 0, L_0x5555905cdc90;  1 drivers
v0x555590588e80_0 .net "n290", 0 0, L_0x5555905cdda0;  1 drivers
v0x555590587570_0 .net "n291", 0 0, L_0x5555905cde90;  1 drivers
v0x555590587630_0 .net "n294", 0 0, L_0x5555905cd830;  1 drivers
v0x55559057ee20_0 .net "n297", 0 0, L_0x5555905cd920;  1 drivers
v0x55559057eee0_0 .net "n299", 0 0, L_0x5555905cda10;  1 drivers
v0x55559057e2c0_0 .net "n300", 0 0, L_0x5555905cdb00;  1 drivers
v0x55559057e380_0 .net "n302", 0 0, L_0x5555905ce780;  1 drivers
v0x55559057de90_0 .net "n303", 0 0, L_0x5555905ce820;  1 drivers
v0x55559057df50_0 .net "n305", 0 0, L_0x5555905cdfa0;  1 drivers
v0x55559057da60_0 .net "n306", 0 0, L_0x5555905cedb0;  1 drivers
v0x55559057db20_0 .net "n308", 0 0, L_0x5555905cee70;  1 drivers
v0x55559057d650_0 .net "n309", 0 0, L_0x5555905cef60;  1 drivers
v0x55559057d710_0 .net "n311", 2 0, L_0x5555905ce930;  1 drivers
v0x55559057d260_0 .var "n312", 1 0;
v0x55559057d340_0 .net "n314", 0 0, L_0x5555905ceac0;  1 drivers
v0x55559057bb60_0 .net "n316", 0 0, L_0x5555905cebd0;  1 drivers
v0x55559057bc20_0 .net "n317", 0 0, L_0x5555905ced10;  1 drivers
v0x55559057a4a0_0 .net "n318", 0 0, L_0x5555905cf070;  1 drivers
v0x55559057a560_0 .net "n319", 1 0, L_0x5555905cf130;  1 drivers
v0x555590579060_0 .net "n321", 0 0, L_0x5555905cf310;  1 drivers
v0x555590579120_0 .net "n322", 0 0, L_0x5555905cf420;  1 drivers
v0x555590578c60_0 .net "n323", 2 0, L_0x5555905cf980;  1 drivers
v0x555590578d40_0 .net "n324", 10 0, L_0x5555905cfac0;  1 drivers
v0x555590578510_0 .net "n325", 17 0, L_0x5555905cfc00;  1 drivers
v0x5555905785f0_0 .var "n326", 7 0;
v0x555590577c30_0 .var "n327", 17 0;
v0x555590577d10_0 .var "n328", 7 0;
v0x5555905774a0_0 .var "n329", 1 0;
v0x555590577580_0 .var "n330", 0 0;
v0x5555905614c0_0 .var "n331", 0 0;
v0x555590561580_0 .var "n332", 0 0;
v0x5555905610b0_0 .var "n333", 0 0;
v0x555590561170_0 .var "n334", 0 0;
v0x555590560db0_0 .var "n335", 0 0;
v0x555590560e70_0 .var "n336", 0 0;
v0x555590560680_0 .var "n337", 0 0;
v0x555590560740_0 .var "n338", 0 0;
v0x55559055f8d0_0 .var "n339", 5 0;
v0x55559055f9b0_0 .var "n340", 1 0;
v0x55559055e2b0_0 .var "n341", 1 0;
v0x55559055e390_0 .var "n342", 1 0;
v0x5555905482c0_0 .var "n343", 1 0;
v0x5555905483a0_0 .var "n344", 1 0;
v0x555590547af0_0 .var "n345", 1 0;
v0x555590547bd0_0 .var "n346", 1 0;
v0x555590547120_0 .var "n347", 0 0;
v0x5555905471e0_0 .var "n348", 0 0;
v0x555590545d70_0 .var "n349", 0 0;
v0x555590545e30_0 .var "n350", 0 0;
v0x555590545580_0 .var "n351", 0 0;
v0x555590545640_0 .var "n352", 10 0;
v0x555590543cc0_0 .var "n353", 8 0;
v0x555590543da0_0 .var "n354", 8 0;
v0x5555905430a0_0 .var "n355", 8 0;
v0x555590543180_0 .var "n356", 8 0;
v0x555590542480_0 .var "n357", 8 0;
v0x555590542560_0 .var "n358", 0 0;
v0x555590541860_0 .var "n359", 0 0;
v0x555590541920_0 .var "n360", 6 0;
v0x555590540c40_0 .var "n361", 7 0;
v0x555590540d20_0 .var "n362", 1 0;
v0x555590540020_0 .var "n363", 0 0;
v0x5555905400e0_0 .var "n364", 0 0;
v0x55559053f400_0 .net "n44", 1 0, L_0x5555905539d0;  1 drivers
v0x55559053f4e0_0 .net "n45", 14 0, L_0x5555905a0790;  1 drivers
v0x55559053e7e0_0 .net "n46", 16 0, L_0x5555905a08b0;  1 drivers
v0x55559053e8c0_0 .net "n47", 1 0, L_0x5555905a0a40;  1 drivers
v0x55559053dbc0_0 .net "n48", 14 0, L_0x5555905a0b10;  1 drivers
v0x55559053dca0_0 .net "n49", 16 0, L_0x5555905a0c00;  1 drivers
v0x55559053cfa0_0 .net "n51", 0 0, L_0x5555905a0dd0;  1 drivers
v0x55559053d060_0 .net "n52", 0 0, L_0x5555905a0f10;  1 drivers
v0x55559053c380_0 .net "n54", 7 0, L_0x5555905a1140;  1 drivers
v0x55559053c460_0 .net "n55", 7 0, L_0x5555905a11e0;  1 drivers
v0x55559053b760_0 .net "n56", 7 0, L_0x5555905a12e0;  1 drivers
v0x55559053b840_0 .net "n57", 7 0, L_0x5555905a1490;  1 drivers
v0x55559053ab40_0 .net "n58", 7 0, L_0x5555905a15a0;  1 drivers
v0x55559053ac20_0 .net "n59", 7 0, L_0x5555905a1640;  1 drivers
v0x555590539f20_0 .net "n60", 0 0, L_0x5555905a1530;  1 drivers
v0x555590539fe0_0 .net "n61", 7 0, L_0x5555905a1800;  1 drivers
v0x555590539300_0 .net "n62", 0 0, L_0x5555905a1380;  1 drivers
v0x5555905393c0_0 .net "n63", 17 0, L_0x5555905a1cc0;  1 drivers
v0x5555905386e0_0 .net "n64", 0 0, L_0x5555905a1e90;  1 drivers
v0x5555905387a0_0 .net "n65", 17 0, L_0x5555905a1f00;  1 drivers
v0x555590537ac0_0 .net "n66", 7 0, L_0x5555905a1ff0;  1 drivers
v0x555590537ba0_0 .net "n67", 1 0, L_0x5555905a21d0;  1 drivers
v0x5555905366b0_0 .net "n68", 1 0, L_0x5555905a22c0;  1 drivers
v0x555590536790_0 .net "n69", 0 0, L_0x5555905a2130;  1 drivers
v0x555590535a90_0 .net "n70", 0 0, L_0x5555905a2500;  1 drivers
v0x555590535b50_0 .net "n71", 0 0, L_0x5555905a2660;  1 drivers
v0x555590534e70_0 .net "n72", 1 0, L_0x5555905a2ab0;  1 drivers
v0x555590534f50_0 .net "n73", 3 0, L_0x5555905a2bf0;  1 drivers
v0x555590534250_0 .net "n74", 5 0, L_0x5555905a2e00;  1 drivers
v0x555590534330_0 .net "n78", 0 0, L_0x5555905a2f90;  1 drivers
v0x555590533630_0 .net "n79", 7 0, L_0x5555905a31b0;  1 drivers
v0x555590533710_0 .net "n80", 6 0, L_0x5555905a3340;  1 drivers
v0x555590532a10_0 .net "n82", 7 0, L_0x5555905a3570;  1 drivers
v0x555590532af0_0 .net "n85", 0 0, L_0x5555905a3700;  1 drivers
v0x555590531df0_0 .net "n87", 0 0, L_0x5555905a3940;  1 drivers
v0x555590531eb0_0 .net "n88", 0 0, L_0x5555905a3a30;  1 drivers
v0x5555905311d0_0 .net "n90", 0 0, L_0x5555905a3b40;  1 drivers
v0x555590531290_0 .net "n91", 0 0, L_0x5555905a3cf0;  1 drivers
v0x5555905305b0_0 .net "n93", 0 0, L_0x5555905a4100;  1 drivers
v0x555590530670_0 .net "n94", 0 0, L_0x5555905a41a0;  1 drivers
v0x55559052f990_0 .net "n97", 0 0, L_0x5555905a42b0;  1 drivers
v0x55559052fa50_0 .net "n99", 0 0, L_0x5555905a44c0;  1 drivers
v0x55559052ed70_0 .net "needtoround", 0 0, L_0x555590571d60;  1 drivers
v0x55559052ee10_0 .net "newx", 17 0, L_0x555590584110;  1 drivers
v0x55559052d960_0 .net "newy", 17 0, L_0x5555905841b0;  1 drivers
v0x55559052da40_0 .net "newy_d1", 17 0, v0x555590577c30_0;  1 drivers
v0x55559052cd40_0 .net "nzerosnew", 3 0, L_0x55559056b430;  1 drivers
v0x55559052ce00_0 .net "rightshiftercomponent_n204", 9 0, L_0x5555905ade90;  1 drivers
v0x55559052c120_0 .net "rightshiftercomponent_n205", 0 0, L_0x5555905adf00;  1 drivers
v0x55559052c1c0_0 .net "rnd", 0 0, L_0x5555905733b0;  1 drivers
v0x55559052af20_0 .net "roundedexpfrac", 17 0, L_0x555590571dd0;  1 drivers
v0x55559052afe0_0 .net "roundingadder_n267", 17 0, L_0x5555905cb270;  1 drivers
v0x55559052a120_0 .net "shiftedfrac", 11 0, L_0x55559056b020;  1 drivers
v0x55559052a1e0_0 .net "shiftedfracy", 9 0, L_0x555590570c00;  1 drivers
v0x555590528590_0 .net "shiftedout", 0 0, L_0x555590570ac0;  1 drivers
v0x555590528650_0 .net "shiftval", 3 0, L_0x555590570b90;  1 drivers
v0x555590527b00_0 .net "signr", 0 0, L_0x555590559e10;  1 drivers
v0x555590527ba0_0 .net "signr2", 0 0, L_0x55559059fea0;  1 drivers
v0x5555905276f0_0 .net "signr2_d1", 0 0, L_0x55559059ff40;  1 drivers
v0x5555905277b0_0 .net "signr2_d2", 0 0, v0x5555905400e0_0;  1 drivers
v0x5555905272e0_0 .net "signr_d1", 0 0, L_0x555590559eb0;  1 drivers
v0x5555905273a0_0 .net "signr_d2", 0 0, L_0x555590556f20;  1 drivers
v0x555590526690_0 .net "signr_d3", 0 0, L_0x555590556fc0;  1 drivers
v0x555590526750_0 .net "signr_d4", 0 0, L_0x555590555f90;  1 drivers
v0x555590525e50_0 .net "signr_d5", 0 0, v0x555590545580_0;  1 drivers
v0x555590525f10_0 .net "signx", 0 0, L_0x555590554c30;  1 drivers
v0x5555905256a0_0 .net "signx_d1", 0 0, v0x555590577580_0;  1 drivers
v0x555590525760_0 .net "signy", 0 0, L_0x555590553a70;  1 drivers
v0x555590524cf0_0 .net "signy_d1", 0 0, v0x5555905614c0_0;  1 drivers
v0x555590524db0_0 .net "sticky", 0 0, L_0x55559056df00;  1 drivers
v0x555590523f50_0 .net "stk", 0 0, L_0x5555905732e0;  1 drivers
v0x555590524010_0 .net "swap", 0 0, L_0x555590563fd0;  1 drivers
v0x5555905237f0_0 .net "sxsyexnxy", 5 0, L_0x55559054e810;  1 drivers
v0x5555905238d0_0 .net "sxsyexnxy_d1", 5 0, v0x55559055f8d0_0;  1 drivers
v0x5555905844a0_0 .net "updatedexp", 9 0, L_0x55559059d810;  1 drivers
v0x555590584580_0 .net "upexc", 1 0, L_0x55559059ebd0;  1 drivers
E_0x5555904517b0 .event anyedge, v0x55559057d710_0;
E_0x555590450320 .event anyedge, v0x555590568e30_0;
L_0x5555905539d0 .part o0x7f7427116cb8, 16, 2;
L_0x5555905a0790 .part o0x7f7427116cb8, 0, 15;
L_0x5555905a08b0 .concat [ 15 2 0 0], L_0x5555905a0790, L_0x5555905539d0;
L_0x5555905a0a40 .part o0x7f7427116ce8, 16, 2;
L_0x5555905a0b10 .part o0x7f7427116ce8, 0, 15;
L_0x5555905a0c00 .concat [ 15 2 0 0], L_0x5555905a0b10, L_0x5555905a0a40;
L_0x5555905a0dd0 .cmp/gt 17, L_0x555590576e30, L_0x555590576ae0;
L_0x5555905a0f10 .functor MUXZ 1, L_0x7f74270cb060, L_0x7f74270cb018, L_0x5555905a0dd0, C4<>;
L_0x5555905a1140 .part o0x7f7427116cb8, 7, 8;
L_0x5555905a11e0 .part o0x7f7427116ce8, 7, 8;
L_0x5555905a12e0 .arith/sub 8, L_0x5555905a1140, L_0x5555905a11e0;
L_0x5555905a1490 .part o0x7f7427116ce8, 7, 8;
L_0x5555905a15a0 .part o0x7f7427116cb8, 7, 8;
L_0x5555905a1640 .arith/sub 8, L_0x5555905a1490, L_0x5555905a15a0;
L_0x5555905a1800 .functor MUXZ 8, L_0x555590564820, L_0x5555905644f0, L_0x5555905a1530, C4<>;
L_0x5555905a1cc0 .functor MUXZ 18, o0x7f7427116ce8, o0x7f7427116cb8, L_0x5555905a1380, C4<>;
L_0x5555905a1f00 .functor MUXZ 18, o0x7f7427116cb8, o0x7f7427116ce8, L_0x5555905a1e90, C4<>;
L_0x5555905a1ff0 .part L_0x555590584110, 7, 8;
L_0x5555905a21d0 .part L_0x555590584110, 16, 2;
L_0x5555905a22c0 .part L_0x5555905841b0, 16, 2;
L_0x5555905a2130 .part L_0x555590584110, 15, 1;
L_0x5555905a2500 .part L_0x5555905841b0, 15, 1;
L_0x5555905a2ab0 .concat [ 1 1 0 0], L_0x555590553a70, L_0x555590554c30;
L_0x5555905a2bf0 .concat [ 2 2 0 0], L_0x555590583470, L_0x5555905a2ab0;
L_0x5555905a2e00 .concat [ 2 4 0 0], L_0x555590584250, L_0x5555905a2bf0;
L_0x5555905a2f90 .cmp/eq 2, v0x5555905774a0_0, L_0x7f74270cb0a8;
L_0x5555905a31b0 .functor MUXZ 8, L_0x5555905a3570, L_0x7f74270cb0f0, L_0x5555905a2f90, C4<>;
L_0x5555905a3340 .part v0x555590577c30_0, 0, 7;
L_0x5555905a3570 .concat [ 7 1 0 0], L_0x5555905a3340, L_0x7f74270cb138;
L_0x5555905a3700 .cmp/eq 6, v0x55559055f8d0_0, L_0x7f74270cb180;
L_0x5555905a3940 .cmp/eq 6, v0x55559055f8d0_0, L_0x7f74270cb1c8;
L_0x5555905a3b40 .cmp/eq 6, v0x55559055f8d0_0, L_0x7f74270cb210;
L_0x5555905a4100 .cmp/eq 6, v0x55559055f8d0_0, L_0x7f74270cb258;
L_0x5555905a42b0 .cmp/eq 6, v0x55559055f8d0_0, L_0x7f74270cb2a0;
L_0x5555905a44c0 .cmp/eq 6, v0x55559055f8d0_0, L_0x7f74270cb2e8;
L_0x5555905a49d0 .cmp/eq 6, v0x55559055f8d0_0, L_0x7f74270cb330;
L_0x5555905a4d00 .cmp/eq 6, v0x55559055f8d0_0, L_0x7f74270cb378;
L_0x5555905a5220 .cmp/eq 6, v0x55559055f8d0_0, L_0x7f74270cb3c0;
L_0x5555905a5450 .cmp/eq 6, v0x55559055f8d0_0, L_0x7f74270cb408;
L_0x5555905a5980 .cmp/eq 6, v0x55559055f8d0_0, L_0x7f74270cb450;
L_0x5555905a5cd0 .cmp/eq 6, v0x55559055f8d0_0, L_0x7f74270cb498;
L_0x5555905a6210 .cmp/eq 6, v0x55559055f8d0_0, L_0x7f74270cb4e0;
L_0x5555905a6570 .cmp/eq 6, v0x55559055f8d0_0, L_0x7f74270cb528;
L_0x5555905a6ac0 .cmp/eq 6, v0x55559055f8d0_0, L_0x7f74270cb570;
L_0x5555905a6e30 .cmp/eq 6, v0x55559055f8d0_0, L_0x7f74270cb5b8;
L_0x5555905a7390 .cmp/eq 6, v0x55559055f8d0_0, L_0x7f74270cb600;
L_0x5555905a7600 .cmp/eq 6, v0x55559055f8d0_0, L_0x7f74270cb648;
L_0x5555905a7800 .cmp/eq 6, v0x55559055f8d0_0, L_0x7f74270cb690;
L_0x5555905a7f00 .cmp/eq 6, v0x55559055f8d0_0, L_0x7f74270cb6d8;
L_0x5555905a8100 .cmp/eq 6, v0x55559055f8d0_0, L_0x7f74270cb720;
L_0x5555905a8820 .cmp/eq 6, v0x55559055f8d0_0, L_0x7f74270cb768;
L_0x5555905a8a20 .cmp/eq 6, v0x55559055f8d0_0, L_0x7f74270cb7b0;
L_0x5555905a9160 .cmp/eq 6, v0x55559055f8d0_0, L_0x7f74270cb7f8;
L_0x5555905a9360 .cmp/eq 6, v0x55559055f8d0_0, L_0x7f74270cb840;
L_0x5555905a9ac0 .cmp/eq 6, v0x55559055f8d0_0, L_0x7f74270cb888;
L_0x5555905a9cc0 .cmp/eq 6, v0x55559055f8d0_0, L_0x7f74270cb8d0;
L_0x5555905aa650 .cmp/eq 6, v0x55559055f8d0_0, L_0x7f74270cb918;
L_0x5555905aa850 .cmp/eq 6, v0x55559055f8d0_0, L_0x7f74270cb960;
L_0x5555905aaff0 .cmp/eq 6, v0x55559055f8d0_0, L_0x7f74270cb9a8;
L_0x5555905ab1f0 .cmp/eq 6, v0x55559055f8d0_0, L_0x7f74270cb9f0;
L_0x5555905ab9b0 .cmp/eq 6, v0x55559055f8d0_0, L_0x7f74270cba38;
L_0x5555905abbb0 .cmp/eq 6, v0x55559055f8d0_0, L_0x7f74270cba80;
L_0x5555905ac390 .cmp/eq 6, v0x55559055f8d0_0, L_0x7f74270cbac8;
L_0x5555905ac590 .concat [ 1 1 1 0], L_0x5555905a41a0, L_0x5555905a6f20, L_0x5555905ac480;
L_0x5555905ac930 .cmp/eq 6, v0x55559055f8d0_0, L_0x7f74270cbb10;
L_0x5555905aca20 .cmp/eq 6, v0x55559055f8d0_0, L_0x7f74270cbb58;
L_0x5555905ad230 .functor MUXZ 1, v0x555590577580_0, L_0x7f74270cbba0, L_0x5555905acd30, C4<>;
L_0x5555905ad3c0 .cmp/gt 8, v0x5555905785f0_0, L_0x7f74270cbbe8;
L_0x5555905ad730 .functor MUXZ 1, L_0x7f74270cbc78, L_0x7f74270cbc30, L_0x5555905ad3c0, C4<>;
L_0x5555905ad910 .part v0x5555905785f0_0, 0, 4;
L_0x5555905adcb0 .functor MUXZ 4, L_0x7f74270cbcc0, L_0x5555905ad910, L_0x5555905adbf0, C4<>;
L_0x5555905b24b0 .concat [ 10 1 0 0], L_0x555590570c00, L_0x7f74270cc1d0;
L_0x5555905b2890 .concat [ 1 1 1 1], L_0x555590553190, L_0x555590553190, L_0x555590553190, L_0x555590553190;
L_0x5555905b2980 .concat [ 1 1 1 1], L_0x555590553190, L_0x555590553190, L_0x555590553190, L_0x555590553190;
L_0x5555905b2c80 .concat [ 1 1 1 0], L_0x555590553190, L_0x555590553190, L_0x555590553190;
L_0x5555905b2d20 .concat [ 3 4 4 0], L_0x5555905b2c80, L_0x5555905b2980, L_0x5555905b2890;
L_0x5555905b3680 .part L_0x555590584110, 0, 7;
L_0x5555905b3b30 .concat [ 7 2 0 0], L_0x5555905b3680, L_0x7f74270cc218;
L_0x5555905b3e50 .concat [ 2 9 0 0], L_0x7f74270cc260, L_0x5555905b3b30;
L_0x5555905c4b90 .concat [ 1 11 0 0], L_0x55559056df00, L_0x55559056c620;
L_0x5555905c8410 .concat [ 8 1 0 0], v0x555590577d10_0, L_0x7f74270cc770;
L_0x5555905c8550 .arith/sum 9, L_0x5555905c8410, L_0x7f74270cc7b8;
L_0x5555905c89f0 .concat [ 9 1 0 0], v0x555590542480_0, L_0x7f74270cc800;
L_0x5555905c8b30 .concat [ 4 6 0 0], L_0x55559056b430, L_0x7f74270cc848;
L_0x5555905c8f20 .arith/sub 10, L_0x5555905c89f0, L_0x5555905c8b30;
L_0x5555905c90b0 .cmp/eq 4, L_0x55559056b430, L_0x7f74270cc890;
L_0x5555905c9460 .functor MUXZ 1, L_0x7f74270cc920, L_0x7f74270cc8d8, L_0x5555905c90b0, C4<>;
L_0x5555905c9640 .part L_0x55559056b020, 3, 8;
L_0x5555905c9a00 .concat [ 8 10 0 0], L_0x5555905c9640, L_0x55559059d810;
L_0x5555905c9b90 .part L_0x55559056b020, 2, 1;
L_0x5555905c9f10 .part L_0x55559056b020, 1, 1;
L_0x5555905ca000 .part L_0x55559056b020, 0, 1;
L_0x5555905ca910 .part L_0x55559056b020, 3, 1;
L_0x5555905ca9b0 .part L_0x55559056b020, 4, 1;
L_0x5555905ca7d0 .functor MUXZ 1, L_0x7f74270cc9b0, L_0x7f74270cc968, L_0x5555905ca6c0, C4<>;
L_0x5555905cc0c0 .part L_0x555590571dd0, 16, 2;
L_0x5555905cc510 .part L_0x555590571dd0, 1, 7;
L_0x5555905cc600 .part L_0x555590571dd0, 8, 8;
L_0x5555905ccaa0 .concat [ 2 2 0 0], v0x555590547af0_0, L_0x55559059ebd0;
L_0x5555905ccbe0 .cmp/eq 4, L_0x55559059f670, L_0x7f74270ccad0;
L_0x5555905cd050 .cmp/eq 4, L_0x55559059f670, L_0x7f74270ccb18;
L_0x5555905cae30 .cmp/eq 4, L_0x55559059f670, L_0x7f74270ccb60;
L_0x5555905cd630 .cmp/eq 4, L_0x55559059f670, L_0x7f74270ccba8;
L_0x5555905cd1e0 .cmp/eq 4, L_0x55559059f670, L_0x7f74270ccbf0;
L_0x5555905cdda0 .cmp/eq 4, L_0x55559059f670, L_0x7f74270ccc38;
L_0x5555905cd830 .cmp/eq 4, L_0x55559059f670, L_0x7f74270ccc80;
L_0x5555905cd920 .cmp/eq 4, L_0x55559059f670, L_0x7f74270cccc8;
L_0x5555905cda10 .cmp/eq 4, L_0x55559059f670, L_0x7f74270ccd10;
L_0x5555905ce780 .cmp/eq 4, L_0x55559059f670, L_0x7f74270ccd58;
L_0x5555905cdfa0 .cmp/eq 4, L_0x55559059f670, L_0x7f74270ccda0;
L_0x5555905cee70 .cmp/eq 4, L_0x55559059f670, L_0x7f74270ccde8;
L_0x5555905ce930 .concat [ 1 1 1 0], L_0x5555905cde90, L_0x5555905cd830, L_0x5555905cef60;
L_0x5555905cebd0 .cmp/eq 2, v0x555590547bd0_0, L_0x7f74270cce30;
L_0x5555905cf130 .functor MUXZ 2, v0x555590540d20_0, L_0x7f74270cce78, L_0x5555905cf070, C4<>;
L_0x5555905cf420 .functor MUXZ 1, v0x555590545580_0, L_0x7f74270ccec0, L_0x5555905cf310, C4<>;
L_0x5555905cf980 .concat [ 1 2 0 0], v0x5555905400e0_0, L_0x55559059fb50;
L_0x5555905cfac0 .concat [ 8 3 0 0], v0x555590540c40_0, L_0x5555905cf980;
L_0x5555905cfc00 .concat [ 7 11 0 0], v0x555590541920_0, L_0x5555905cfac0;
S_0x55559058b9a0 .scope module, "fracadder" "intadder_11_freq500_uid6" 2 1299, 2 290 0, S_0x555590590f00;
 .timescale 0 0;
    .port_info 0 /INPUT 1 "clk";
    .port_info 1 /INPUT 11 "x";
    .port_info 2 /INPUT 11 "y";
    .port_info 3 /INPUT 1 "cin";
    .port_info 4 /OUTPUT 11 "r";
L_0x5555905b44b0 .functor BUFZ 11, L_0x5555905b4520, C4<00000000000>, C4<00000000000>, C4<00000000000>;
L_0x5555905b4520 .functor BUFZ 11, L_0x5555905c4a00, C4<00000000000>, C4<00000000000>, C4<00000000000>;
L_0x5555905b4590 .functor BUFZ 11, v0x555590583200_0, C4<00000000000>, C4<00000000000>, C4<00000000000>;
L_0x5555905b4600 .functor BUFZ 11, v0x555590525130_0, C4<00000000000>, C4<00000000000>, C4<00000000000>;
L_0x7f74270cc2a8 .functor BUFT 1, C4<0000000000>, C4<0>, C4<0>, C4<0>;
v0x5555905768c0_0 .net/2u *"_ivl_14", 9 0, L_0x7f74270cc2a8;  1 drivers
v0x555590576bf0_0 .net "cin", 0 0, L_0x55559056c560;  alias, 1 drivers
v0x555590576f40_0 .net "clk", 0 0, o0x7f7427114078;  alias, 0 drivers
v0x5555905642d0_0 .net "n453", 10 0, L_0x5555905b4750;  1 drivers
v0x555590564600_0 .net "n454", 10 0, L_0x5555905c4910;  1 drivers
v0x555590564930_0 .net "n455", 10 0, L_0x5555905c4a00;  1 drivers
v0x555590583200_0 .var "n456", 10 0;
v0x555590525130_0 .var "n457", 10 0;
v0x555590524390_0 .var "n458", 10 0;
v0x555590522930_0 .var "n459", 10 0;
v0x555590522680_0 .net "r", 10 0, L_0x5555905b44b0;  alias, 1 drivers
v0x555590522210_0 .net "rtmp", 10 0, L_0x5555905b4520;  1 drivers
v0x555590521c60_0 .net "x", 10 0, L_0x55559056dcf0;  alias, 1 drivers
v0x5555905219b0_0 .net "x_d1", 10 0, L_0x5555905b4590;  1 drivers
v0x555590521540_0 .net "x_d2", 10 0, L_0x5555905b4600;  1 drivers
v0x555590584d90_0 .net "x_d3", 10 0, v0x555590524390_0;  1 drivers
v0x555590583090_0 .net "y", 10 0, L_0x55559056dc80;  alias, 1 drivers
v0x555590583130_0 .net "y_d1", 10 0, v0x555590522930_0;  1 drivers
E_0x555590451b00 .event posedge, v0x555590576f40_0;
L_0x5555905b4750 .arith/sum 11, v0x555590524390_0, v0x555590522930_0;
L_0x5555905c4910 .concat [ 1 10 0 0], L_0x55559056c560, L_0x7f74270cc2a8;
L_0x5555905c4a00 .arith/sum 11, L_0x5555905b4750, L_0x5555905c4910;
S_0x55559058c5c0 .scope module, "lzcandshifter" "normalizer_z_12_12_12_freq500_uid8" 2 1308, 2 104 0, S_0x555590590f00;
 .timescale 0 0;
    .port_info 0 /INPUT 1 "clk";
    .port_info 1 /INPUT 12 "x";
    .port_info 2 /OUTPUT 4 "count";
    .port_info 3 /OUTPUT 12 "r";
L_0x5555905b47f0 .functor BUFZ 4, L_0x5555905c5930, C4<0000>, C4<0000>, C4<0000>;
L_0x5555905c4f60 .functor BUFZ 12, L_0x5555905c5820, C4<000000000000>, C4<000000000000>, C4<000000000000>;
L_0x5555905c5040 .functor BUFZ 1, L_0x5555905c5c20, C4<0>, C4<0>, C4<0>;
L_0x5555905c50b0 .functor BUFZ 1, v0x5555905449d0_0, C4<0>, C4<0>, C4<0>;
L_0x5555905c5190 .functor BUFZ 12, L_0x5555905c5890, C4<000000000000>, C4<000000000000>, C4<000000000000>;
L_0x5555905c52c0 .functor BUFZ 1, L_0x5555905c6470, C4<0>, C4<0>, C4<0>;
L_0x5555905c5470 .functor BUFZ 12, L_0x5555905c6710, C4<000000000000>, C4<000000000000>, C4<000000000000>;
L_0x5555905c5550 .functor BUFZ 1, L_0x5555905c6e00, C4<0>, C4<0>, C4<0>;
L_0x5555905c54e0 .functor BUFZ 12, L_0x5555905c70f0, C4<000000000000>, C4<000000000000>, C4<000000000000>;
L_0x5555905c57b0 .functor BUFZ 1, L_0x5555905c7740, C4<0>, C4<0>, C4<0>;
L_0x5555905c5820 .functor BUFZ 12, L_0x5555905c74a0, C4<000000000000>, C4<000000000000>, C4<000000000000>;
L_0x5555905c5930 .functor BUFZ 4, L_0x5555905c81f0, C4<0000>, C4<0000>, C4<0000>;
L_0x5555905c5e00 .functor NOT 1, L_0x5555905c5040, C4<0>, C4<0>, C4<0>;
L_0x5555905c6650 .functor NOT 1, v0x555590542c00_0, C4<0>, C4<0>, C4<0>;
L_0x5555905c6ae0 .functor NOT 1, L_0x5555905c5550, C4<0>, C4<0>, C4<0>;
L_0x7f74270cc650 .functor BUFT 1, C4<0>, C4<0>, C4<0>, C4<0>;
L_0x5555905c7630 .functor XNOR 1, L_0x5555905c7540, L_0x7f74270cc650, C4<0>, C4<0>;
L_0x5555905c79d0 .functor NOT 1, L_0x5555905c57b0, C4<0>, C4<0>, C4<0>;
L_0x7f74270cc608 .functor BUFT 1, C4<00>, C4<0>, C4<0>, C4<0>;
v0x555590553e70_0 .net/2u *"_ivl_100", 1 0, L_0x7f74270cc608;  1 drivers
v0x5555905537b0_0 .net/2u *"_ivl_106", 0 0, L_0x7f74270cc650;  1 drivers
L_0x7f74270cc698 .functor BUFT 1, C4<1>, C4<0>, C4<0>, C4<0>;
v0x555590551ef0_0 .net/2u *"_ivl_110", 0 0, L_0x7f74270cc698;  1 drivers
L_0x7f74270cc6e0 .functor BUFT 1, C4<0>, C4<0>, C4<0>, C4<0>;
v0x555590551fb0_0 .net/2u *"_ivl_112", 0 0, L_0x7f74270cc6e0;  1 drivers
L_0x7f74270cc728 .functor BUFT 1, C4<0>, C4<0>, C4<0>, C4<0>;
v0x555590551350_0 .net/2u *"_ivl_122", 0 0, L_0x7f74270cc728;  1 drivers
L_0x7f74270cc2f0 .functor BUFT 1, C4<00000000>, C4<0>, C4<0>, C4<0>;
v0x555590550760_0 .net/2u *"_ivl_40", 7 0, L_0x7f74270cc2f0;  1 drivers
L_0x7f74270cc338 .functor BUFT 1, C4<1>, C4<0>, C4<0>, C4<0>;
v0x555590550010_0 .net/2u *"_ivl_44", 0 0, L_0x7f74270cc338;  1 drivers
L_0x7f74270cc380 .functor BUFT 1, C4<0>, C4<0>, C4<0>, C4<0>;
v0x55559054f950_0 .net/2u *"_ivl_46", 0 0, L_0x7f74270cc380;  1 drivers
L_0x7f74270cc3c8 .functor BUFT 1, C4<00000000>, C4<0>, C4<0>, C4<0>;
v0x55559054e490_0 .net/2u *"_ivl_56", 7 0, L_0x7f74270cc3c8;  1 drivers
L_0x7f74270cc410 .functor BUFT 1, C4<0000>, C4<0>, C4<0>, C4<0>;
v0x55559054d8d0_0 .net/2u *"_ivl_62", 3 0, L_0x7f74270cc410;  1 drivers
L_0x7f74270cc458 .functor BUFT 1, C4<1>, C4<0>, C4<0>, C4<0>;
v0x55559055c280_0 .net/2u *"_ivl_66", 0 0, L_0x7f74270cc458;  1 drivers
L_0x7f74270cc4a0 .functor BUFT 1, C4<0>, C4<0>, C4<0>, C4<0>;
v0x55559055bb30_0 .net/2u *"_ivl_68", 0 0, L_0x7f74270cc4a0;  1 drivers
L_0x7f74270cc4e8 .functor BUFT 1, C4<0000>, C4<0>, C4<0>, C4<0>;
v0x55559055b470_0 .net/2u *"_ivl_78", 3 0, L_0x7f74270cc4e8;  1 drivers
L_0x7f74270cc530 .functor BUFT 1, C4<00>, C4<0>, C4<0>, C4<0>;
v0x555590559bb0_0 .net/2u *"_ivl_84", 1 0, L_0x7f74270cc530;  1 drivers
L_0x7f74270cc578 .functor BUFT 1, C4<1>, C4<0>, C4<0>, C4<0>;
v0x555590558f40_0 .net/2u *"_ivl_88", 0 0, L_0x7f74270cc578;  1 drivers
L_0x7f74270cc5c0 .functor BUFT 1, C4<0>, C4<0>, C4<0>, C4<0>;
v0x555590558400_0 .net/2u *"_ivl_90", 0 0, L_0x7f74270cc5c0;  1 drivers
v0x555590557cb0_0 .net "clk", 0 0, o0x7f7427114078;  alias, 0 drivers
v0x555590557d50_0 .net "count", 3 0, L_0x5555905b47f0;  alias, 1 drivers
v0x555590555d30_0 .net "count0", 0 0, L_0x5555905c57b0;  1 drivers
v0x555590555df0_0 .net "count1", 0 0, L_0x5555905c5550;  1 drivers
v0x555590555190_0 .net "count1_d1", 0 0, v0x555590541fe0_0;  1 drivers
v0x555590555230_0 .net "count2", 0 0, L_0x5555905c52c0;  1 drivers
v0x5555905716b0_0 .net "count2_d1", 0 0, v0x555590542c00_0;  1 drivers
v0x555590571770_0 .net "count2_d2", 0 0, v0x555590542cc0_0;  1 drivers
v0x555590570f60_0 .net "count3", 0 0, L_0x5555905c5040;  1 drivers
v0x555590571020_0 .net "count3_d1", 0 0, L_0x5555905c50b0;  1 drivers
v0x55559056f6c0_0 .net "count3_d2", 0 0, v0x555590543820_0;  1 drivers
v0x55559056f760_0 .net "level0", 11 0, L_0x5555905c5820;  1 drivers
v0x55559056eaf0_0 .net "level1", 11 0, L_0x5555905c54e0;  1 drivers
v0x55559056e3a0_0 .net "level1_d1", 11 0, v0x5555905420a0_0;  1 drivers
v0x55559056cb00_0 .net "level2", 11 0, L_0x5555905c5470;  1 drivers
v0x55559056bf10_0 .net "level3", 11 0, L_0x5555905c5190;  1 drivers
v0x55559056b7c0_0 .net "level3_d1", 11 0, v0x5555905438e0_0;  1 drivers
o0x7f7427114a68 .functor BUFZ 12, c4<zzzzzzzzzzzz>; HiZ drive
v0x5555903f5140_0 .net "level4", 11 0, o0x7f7427114a68;  0 drivers
v0x55559056b860_0 .net "level4_d1", 11 0, v0x5555905448f0_0;  1 drivers
v0x555590569f00_0 .net "n475", 7 0, L_0x5555905c59f0;  1 drivers
v0x5555905753e0_0 .net "n477", 0 0, L_0x5555905c5ae0;  1 drivers
v0x5555905754a0_0 .net "n478", 0 0, L_0x5555905c5c20;  1 drivers
v0x555590575020_0 .net "n480", 0 0, L_0x5555905c5e00;  1 drivers
v0x5555905750e0_0 .net "n481", 11 0, L_0x5555905c5890;  1 drivers
v0x555590574c60_0 .net "n482", 3 0, L_0x5555905c6010;  1 drivers
v0x5555905742b0_0 .net "n484", 11 0, L_0x5555905c60b0;  1 drivers
v0x555590573ad0_0 .net "n486", 3 0, L_0x5555905c61f0;  1 drivers
v0x5555905721f0_0 .net "n488", 0 0, L_0x5555905c62e0;  1 drivers
v0x5555905722b0_0 .net "n489", 0 0, L_0x5555905c6470;  1 drivers
v0x555590522cd0_0 .net "n491", 0 0, L_0x5555905c6650;  1 drivers
v0x555590522d90_0 .net "n492", 11 0, L_0x5555905c6710;  1 drivers
v0x55559058ad80_0 .net "n493", 7 0, L_0x5555905c68b0;  1 drivers
v0x55559058ae60_0 .net "n495", 11 0, L_0x5555905c6950;  1 drivers
v0x55559058a160_0 .net "n497", 1 0, L_0x5555905c6b50;  1 drivers
v0x55559058a240_0 .net "n499", 0 0, L_0x5555905c6c40;  1 drivers
v0x555590589540_0 .net "n500", 0 0, L_0x5555905c6e00;  1 drivers
v0x555590589600_0 .net "n502", 0 0, L_0x5555905c6ae0;  1 drivers
v0x5555905889b0_0 .net "n503", 11 0, L_0x5555905c70f0;  1 drivers
v0x555590588a90_0 .net "n504", 9 0, L_0x5555905c72c0;  1 drivers
v0x555590588250_0 .net "n506", 11 0, L_0x5555905c7360;  1 drivers
v0x555590588330_0 .net "n508", 0 0, L_0x5555905c7540;  1 drivers
v0x5555905871b0_0 .net "n510", 0 0, L_0x5555905c7630;  1 drivers
v0x555590587270_0 .net "n511", 0 0, L_0x5555905c7740;  1 drivers
v0x5555905798d0_0 .net "n513", 0 0, L_0x5555905c79d0;  1 drivers
v0x555590579990_0 .net "n514", 11 0, L_0x5555905c74a0;  1 drivers
v0x555590546550_0 .net "n515", 10 0, L_0x5555905c7c00;  1 drivers
v0x555590546630_0 .net "n517", 11 0, L_0x5555905c7d60;  1 drivers
v0x5555905450e0_0 .net "n518", 1 0, L_0x5555905c7ea0;  1 drivers
v0x5555905451c0_0 .net "n519", 2 0, L_0x5555905c80b0;  1 drivers
v0x555590439980_0 .net "n520", 3 0, L_0x5555905c81f0;  1 drivers
v0x5555905448f0_0 .var "n521", 11 0;
v0x5555905449d0_0 .var "n522", 0 0;
v0x555590543820_0 .var "n523", 0 0;
v0x5555905438e0_0 .var "n524", 11 0;
v0x555590542c00_0 .var "n525", 0 0;
v0x555590542cc0_0 .var "n526", 0 0;
v0x555590541fe0_0 .var "n527", 0 0;
v0x5555905420a0_0 .var "n528", 11 0;
v0x5555905413c0_0 .net "r", 11 0, L_0x5555905c4f60;  alias, 1 drivers
v0x5555905414a0_0 .net "scount", 3 0, L_0x5555905c5930;  1 drivers
v0x5555905407a0_0 .net "x", 11 0, L_0x55559056b370;  alias, 1 drivers
L_0x5555905c59f0 .part v0x5555905448f0_0, 4, 8;
L_0x5555905c5ae0 .cmp/eq 8, L_0x5555905c59f0, L_0x7f74270cc2f0;
L_0x5555905c5c20 .functor MUXZ 1, L_0x7f74270cc380, L_0x7f74270cc338, L_0x5555905c5ae0, C4<>;
L_0x5555905c5890 .functor MUXZ 12, L_0x5555905c60b0, v0x5555905448f0_0, L_0x5555905c5e00, C4<>;
L_0x5555905c6010 .part v0x5555905448f0_0, 0, 4;
L_0x5555905c60b0 .concat [ 8 4 0 0], L_0x7f74270cc3c8, L_0x5555905c6010;
L_0x5555905c61f0 .part L_0x5555905c5190, 8, 4;
L_0x5555905c62e0 .cmp/eq 4, L_0x5555905c61f0, L_0x7f74270cc410;
L_0x5555905c6470 .functor MUXZ 1, L_0x7f74270cc4a0, L_0x7f74270cc458, L_0x5555905c62e0, C4<>;
L_0x5555905c6710 .functor MUXZ 12, L_0x5555905c6950, v0x5555905438e0_0, L_0x5555905c6650, C4<>;
L_0x5555905c68b0 .part v0x5555905438e0_0, 0, 8;
L_0x5555905c6950 .concat [ 4 8 0 0], L_0x7f74270cc4e8, L_0x5555905c68b0;
L_0x5555905c6b50 .part L_0x5555905c5470, 10, 2;
L_0x5555905c6c40 .cmp/eq 2, L_0x5555905c6b50, L_0x7f74270cc530;
L_0x5555905c6e00 .functor MUXZ 1, L_0x7f74270cc5c0, L_0x7f74270cc578, L_0x5555905c6c40, C4<>;
L_0x5555905c70f0 .functor MUXZ 12, L_0x5555905c7360, L_0x5555905c5470, L_0x5555905c6ae0, C4<>;
L_0x5555905c72c0 .part L_0x5555905c5470, 0, 10;
L_0x5555905c7360 .concat [ 2 10 0 0], L_0x7f74270cc608, L_0x5555905c72c0;
L_0x5555905c7540 .part v0x5555905420a0_0, 11, 1;
L_0x5555905c7740 .functor MUXZ 1, L_0x7f74270cc6e0, L_0x7f74270cc698, L_0x5555905c7630, C4<>;
L_0x5555905c74a0 .functor MUXZ 12, L_0x5555905c7d60, v0x5555905420a0_0, L_0x5555905c79d0, C4<>;
L_0x5555905c7c00 .part v0x5555905420a0_0, 0, 11;
L_0x5555905c7d60 .concat [ 1 11 0 0], L_0x7f74270cc728, L_0x5555905c7c00;
L_0x5555905c7ea0 .concat [ 1 1 0 0], v0x555590542cc0_0, v0x555590543820_0;
L_0x5555905c80b0 .concat [ 1 2 0 0], v0x555590541fe0_0, L_0x5555905c7ea0;
L_0x5555905c81f0 .concat [ 1 3 0 0], L_0x5555905c57b0, L_0x5555905c80b0;
S_0x55559058cdb0 .scope module, "rightshiftercomponent" "rightshiftersticky8_by_max_10_freq500_uid4" 2 1274, 2 339 0, S_0x555590590f00;
 .timescale 0 0;
    .port_info 0 /INPUT 1 "clk";
    .port_info 1 /INPUT 8 "x";
    .port_info 2 /INPUT 4 "s";
    .port_info 3 /OUTPUT 10 "r";
    .port_info 4 /OUTPUT 1 "sticky";
L_0x5555905ade90 .functor BUFZ 10, L_0x5555905ae810, C4<0000000000>, C4<0000000000>, C4<0000000000>;
L_0x5555905adf00 .functor BUFZ 1, L_0x5555905ae920, C4<0>, C4<0>, C4<0>;
L_0x5555905adfe0 .functor BUFZ 10, L_0x5555905aea30, C4<0000000000>, C4<0000000000>, C4<0000000000>;
L_0x5555905ae050 .functor BUFZ 10, L_0x5555905adfe0, C4<0000000000>, C4<0000000000>, C4<0000000000>;
L_0x5555905ae110 .functor BUFZ 1, L_0x5555905ae880, C4<0>, C4<0>, C4<0>;
L_0x5555905ae1f0 .functor BUFZ 10, L_0x5555905af2f0, C4<0000000000>, C4<0000000000>, C4<0000000000>;
L_0x5555905ae320 .functor BUFZ 1, L_0x5555905afce0, C4<0>, C4<0>, C4<0>;
L_0x5555905ae3f0 .functor BUFZ 10, L_0x5555905b0100, C4<0000000000>, C4<0000000000>, C4<0000000000>;
L_0x5555905ae540 .functor BUFZ 1, L_0x5555905b0640, C4<0>, C4<0>, C4<0>;
L_0x5555905ae5b0 .functor BUFZ 10, L_0x5555905b0f80, C4<0000000000>, C4<0000000000>, C4<0000000000>;
L_0x5555905ae6a0 .functor BUFZ 1, L_0x5555905b1b50, C4<0>, C4<0>, C4<0>;
L_0x5555905ae810 .functor BUFZ 10, L_0x5555905b1f80, C4<0000000000>, C4<0000000000>, C4<0000000000>;
L_0x5555905ae920 .functor BUFZ 1, v0x555590572880_0, C4<0>, C4<0>, C4<0>;
L_0x5555905aee40 .functor AND 1, L_0x5555905aeda0, L_0x5555905aec60, C4<1>, C4<1>;
L_0x5555905af230 .functor NOT 1, L_0x5555905af140, C4<0>, C4<0>, C4<0>;
L_0x5555905afa00 .functor AND 1, L_0x5555905af8a0, L_0x5555905af7b0, C4<1>, C4<1>;
L_0x5555905afbd0 .functor OR 1, L_0x5555905afa00, v0x55559056d150_0, C4<0>, C4<0>;
L_0x5555905af990 .functor NOT 1, L_0x5555905afec0, C4<0>, C4<0>, C4<0>;
L_0x5555905b0970 .functor AND 1, L_0x5555905b0820, L_0x5555905b06e0, C4<1>, C4<1>;
L_0x5555905b0a80 .functor OR 1, L_0x5555905b0970, L_0x5555905ae320, C4<0>, C4<0>;
L_0x5555905b0f10 .functor NOT 1, L_0x5555905b0db0, C4<0>, C4<0>, C4<0>;
L_0x7f74270cc0b0 .functor BUFT 1, C4<0>, C4<0>, C4<0>, C4<0>;
L_0x5555905b15e0 .functor XOR 1, L_0x5555905b1410, L_0x7f74270cc0b0, C4<0>, C4<0>;
L_0x5555905b1880 .functor AND 1, L_0x5555905b17e0, L_0x5555905b15e0, C4<1>, C4<1>;
L_0x5555905b1940 .functor OR 1, L_0x5555905b1880, L_0x5555905ae540, C4<0>, C4<0>;
L_0x5555905b1ec0 .functor NOT 1, L_0x5555905b1e20, C4<0>, C4<0>, C4<0>;
L_0x7f74270cbf90 .functor BUFT 1, C4<00>, C4<0>, C4<0>, C4<0>;
v0x55559053fc30_0 .net/2u *"_ivl_102", 1 0, L_0x7f74270cbf90;  1 drivers
L_0x7f74270cbfd8 .functor BUFT 1, C4<1>, C4<0>, C4<0>, C4<0>;
v0x55559053ef60_0 .net/2u *"_ivl_112", 0 0, L_0x7f74270cbfd8;  1 drivers
L_0x7f74270cc020 .functor BUFT 1, C4<0>, C4<0>, C4<0>, C4<0>;
v0x55559053f040_0 .net/2u *"_ivl_114", 0 0, L_0x7f74270cc020;  1 drivers
L_0x7f74270cc068 .functor BUFT 1, C4<00>, C4<0>, C4<0>, C4<0>;
v0x55559053e340_0 .net/2u *"_ivl_126", 1 0, L_0x7f74270cc068;  1 drivers
v0x55559053e420_0 .net/2u *"_ivl_132", 0 0, L_0x7f74270cc0b0;  1 drivers
L_0x7f74270cc0f8 .functor BUFT 1, C4<1>, C4<0>, C4<0>, C4<0>;
v0x55559053d720_0 .net/2u *"_ivl_142", 0 0, L_0x7f74270cc0f8;  1 drivers
L_0x7f74270cc140 .functor BUFT 1, C4<0>, C4<0>, C4<0>, C4<0>;
v0x55559053d800_0 .net/2u *"_ivl_144", 0 0, L_0x7f74270cc140;  1 drivers
L_0x7f74270cc188 .functor BUFT 1, C4<0>, C4<0>, C4<0>, C4<0>;
v0x55559053cb00_0 .net/2u *"_ivl_156", 0 0, L_0x7f74270cc188;  1 drivers
L_0x7f74270cbd08 .functor BUFT 1, C4<00>, C4<0>, C4<0>, C4<0>;
v0x55559053cbe0_0 .net/2u *"_ivl_38", 1 0, L_0x7f74270cbd08;  1 drivers
L_0x7f74270cbd50 .functor BUFT 1, C4<00000000>, C4<0>, C4<0>, C4<0>;
v0x55559053bee0_0 .net/2u *"_ivl_44", 7 0, L_0x7f74270cbd50;  1 drivers
L_0x7f74270cbd98 .functor BUFT 1, C4<1>, C4<0>, C4<0>, C4<0>;
v0x55559053bfc0_0 .net/2u *"_ivl_52", 0 0, L_0x7f74270cbd98;  1 drivers
L_0x7f74270cbde0 .functor BUFT 1, C4<0>, C4<0>, C4<0>, C4<0>;
v0x55559053b2c0_0 .net/2u *"_ivl_54", 0 0, L_0x7f74270cbde0;  1 drivers
L_0x7f74270cbe28 .functor BUFT 1, C4<00000000>, C4<0>, C4<0>, C4<0>;
v0x55559053b3a0_0 .net/2u *"_ivl_66", 7 0, L_0x7f74270cbe28;  1 drivers
L_0x7f74270cbe70 .functor BUFT 1, C4<0000>, C4<0>, C4<0>, C4<0>;
v0x55559053a6a0_0 .net/2u *"_ivl_72", 3 0, L_0x7f74270cbe70;  1 drivers
L_0x7f74270cbeb8 .functor BUFT 1, C4<1>, C4<0>, C4<0>, C4<0>;
v0x55559053a780_0 .net/2u *"_ivl_82", 0 0, L_0x7f74270cbeb8;  1 drivers
L_0x7f74270cbf00 .functor BUFT 1, C4<0>, C4<0>, C4<0>, C4<0>;
v0x555590539a80_0 .net/2u *"_ivl_84", 0 0, L_0x7f74270cbf00;  1 drivers
L_0x7f74270cbf48 .functor BUFT 1, C4<0000>, C4<0>, C4<0>, C4<0>;
v0x555590539b60_0 .net/2u *"_ivl_96", 3 0, L_0x7f74270cbf48;  1 drivers
v0x555590538e60_0 .net "clk", 0 0, o0x7f7427114078;  alias, 0 drivers
v0x555590538f00_0 .net "level0", 9 0, L_0x5555905ae810;  1 drivers
v0x555590538240_0 .net "level1", 9 0, L_0x5555905ae5b0;  1 drivers
v0x555590538320_0 .net "level1_d1", 9 0, v0x5555905727a0_0;  1 drivers
v0x555590537620_0 .net "level2", 9 0, L_0x5555905ae3f0;  1 drivers
v0x555590537700_0 .net "level2_d1", 9 0, v0x55559056a570_0;  1 drivers
v0x555590536e30_0 .net "level3", 9 0, L_0x5555905ae1f0;  1 drivers
v0x555590536f10_0 .net "level3_d1", 9 0, v0x55559056a490_0;  1 drivers
v0x555590536210_0 .net "level4", 9 0, L_0x5555905ae050;  1 drivers
v0x5555905362f0_0 .net "n378", 9 0, L_0x5555905aea30;  1 drivers
v0x5555905355f0_0 .net "n380", 7 0, L_0x5555905aeb70;  1 drivers
v0x5555905356d0_0 .net "n382", 0 0, L_0x5555905aec60;  1 drivers
v0x5555905349d0_0 .net "n383", 0 0, L_0x5555905aeda0;  1 drivers
v0x555590534a90_0 .net "n384", 0 0, L_0x5555905aee40;  1 drivers
v0x555590533db0_0 .net "n385", 0 0, L_0x5555905ae880;  1 drivers
v0x555590533e70_0 .net "n387", 0 0, L_0x5555905af140;  1 drivers
v0x555590533190_0 .net "n388", 0 0, L_0x5555905af230;  1 drivers
v0x555590533250_0 .net "n389", 9 0, L_0x5555905af2f0;  1 drivers
v0x555590532570_0 .net "n390", 1 0, L_0x5555905af430;  1 drivers
v0x555590532650_0 .net "n392", 9 0, L_0x5555905af520;  1 drivers
v0x555590531950_0 .net "n394", 3 0, L_0x5555905af660;  1 drivers
v0x555590531a30_0 .net "n396", 0 0, L_0x5555905af7b0;  1 drivers
v0x555590530d30_0 .net "n397", 0 0, L_0x5555905af8a0;  1 drivers
v0x555590530df0_0 .net "n398", 0 0, L_0x5555905afa00;  1 drivers
v0x555590530110_0 .net "n399", 0 0, L_0x5555905afbd0;  1 drivers
v0x5555905301d0_0 .net "n400", 0 0, L_0x5555905afce0;  1 drivers
v0x55559052f4f0_0 .net "n402", 0 0, L_0x5555905afec0;  1 drivers
v0x55559052f5b0_0 .net "n403", 0 0, L_0x5555905af990;  1 drivers
v0x55559052e8d0_0 .net "n404", 9 0, L_0x5555905b0100;  1 drivers
v0x55559052e9b0_0 .net "n405", 5 0, L_0x5555905b0290;  1 drivers
v0x55559052e0e0_0 .net "n407", 9 0, L_0x5555905b03c0;  1 drivers
v0x55559052e1c0_0 .net "n409", 1 0, L_0x5555905b0550;  1 drivers
v0x55559052d4c0_0 .net "n411", 0 0, L_0x5555905b06e0;  1 drivers
v0x55559052d580_0 .net "n412", 0 0, L_0x5555905b0820;  1 drivers
v0x55559052c8a0_0 .net "n413", 0 0, L_0x5555905b0970;  1 drivers
v0x55559052c960_0 .net "n414", 0 0, L_0x5555905b0a80;  1 drivers
v0x55559052bd10_0 .net "n415", 0 0, L_0x5555905b0640;  1 drivers
v0x55559052bdd0_0 .net "n417", 0 0, L_0x5555905b0db0;  1 drivers
v0x55559052b5b0_0 .net "n418", 0 0, L_0x5555905b0f10;  1 drivers
v0x55559052b670_0 .net "n419", 9 0, L_0x5555905b0f80;  1 drivers
v0x5555905298a0_0 .net "n420", 7 0, L_0x5555905b1110;  1 drivers
v0x555590529980_0 .net "n422", 9 0, L_0x5555905b1280;  1 drivers
v0x5555905518c0_0 .net "n424", 0 0, L_0x5555905b1410;  1 drivers
v0x555590551980_0 .net "n426", 0 0, L_0x5555905b15e0;  1 drivers
v0x55559054de60_0 .net "n427", 0 0, L_0x5555905b17e0;  1 drivers
v0x55559054df20_0 .net "n428", 0 0, L_0x5555905b1880;  1 drivers
v0x5555905594f0_0 .net "n429", 0 0, L_0x5555905b1940;  1 drivers
v0x5555905595b0_0 .net "n430", 0 0, L_0x5555905b1b50;  1 drivers
v0x555590455ec0_0 .net "n432", 0 0, L_0x5555905b1e20;  1 drivers
v0x555590555700_0 .net "n433", 0 0, L_0x5555905b1ec0;  1 drivers
v0x5555905557c0_0 .net "n434", 9 0, L_0x5555905b1f80;  1 drivers
v0x55559056fc30_0 .net "n435", 8 0, L_0x5555905b21c0;  1 drivers
v0x55559056fd10_0 .net "n437", 9 0, L_0x5555905b2260;  1 drivers
v0x55559056d070_0 .var "n438", 3 0;
v0x55559056d150_0 .var "n439", 0 0;
v0x55559056a490_0 .var "n440", 9 0;
v0x55559056a570_0 .var "n441", 9 0;
v0x5555905727a0_0 .var "n442", 9 0;
v0x555590572880_0 .var "n443", 0 0;
o0x7f7427116178 .functor BUFZ 4, c4<zzzz>; HiZ drive
v0x555590515850_0 .net "ps", 3 0, o0x7f7427116178;  0 drivers
v0x555590515930_0 .net "ps_d1", 3 0, v0x55559056d070_0;  1 drivers
v0x555590515c40_0 .net "r", 9 0, L_0x5555905ade90;  alias, 1 drivers
v0x555590515d20_0 .net "s", 3 0, L_0x555590570b90;  alias, 1 drivers
v0x555590516030_0 .net "sticky", 0 0, L_0x5555905adf00;  alias, 1 drivers
v0x5555905160f0_0 .net "stk", 0 0, L_0x5555905ae920;  1 drivers
v0x55559050cd30_0 .net "stk0", 0 0, L_0x5555905ae6a0;  1 drivers
v0x55559050cdd0_0 .net "stk0_d1", 0 0, v0x555590572880_0;  1 drivers
v0x5555905140e0_0 .net "stk1", 0 0, L_0x5555905ae540;  1 drivers
v0x5555905141a0_0 .net "stk2", 0 0, L_0x5555905ae320;  1 drivers
v0x555590514cb0_0 .net "stk3", 0 0, L_0x5555905ae110;  1 drivers
v0x555590514d50_0 .net "stk3_d1", 0 0, v0x55559056d150_0;  1 drivers
v0x5555905150a0_0 .net "x", 7 0, L_0x55559054d320;  alias, 1 drivers
v0x555590515180_0 .net "xpadded", 9 0, L_0x5555905adfe0;  1 drivers
L_0x5555905aea30 .concat [ 2 8 0 0], L_0x7f74270cbd08, L_0x55559054d320;
L_0x5555905aeb70 .part L_0x5555905ae050, 0, 8;
L_0x5555905aec60 .cmp/ne 8, L_0x5555905aeb70, L_0x7f74270cbd50;
L_0x5555905aeda0 .part o0x7f7427116178, 3, 1;
L_0x5555905ae880 .functor MUXZ 1, L_0x7f74270cbde0, L_0x7f74270cbd98, L_0x5555905aee40, C4<>;
L_0x5555905af140 .part o0x7f7427116178, 3, 1;
L_0x5555905af2f0 .functor MUXZ 10, L_0x5555905af520, L_0x5555905ae050, L_0x5555905af230, C4<>;
L_0x5555905af430 .part L_0x5555905ae050, 8, 2;
L_0x5555905af520 .concat [ 2 8 0 0], L_0x5555905af430, L_0x7f74270cbe28;
L_0x5555905af660 .part v0x55559056a490_0, 0, 4;
L_0x5555905af7b0 .cmp/ne 4, L_0x5555905af660, L_0x7f74270cbe70;
L_0x5555905af8a0 .part v0x55559056d070_0, 2, 1;
L_0x5555905afce0 .functor MUXZ 1, L_0x7f74270cbf00, L_0x7f74270cbeb8, L_0x5555905afbd0, C4<>;
L_0x5555905afec0 .part o0x7f7427116178, 2, 1;
L_0x5555905b0100 .functor MUXZ 10, L_0x5555905b03c0, L_0x5555905ae1f0, L_0x5555905af990, C4<>;
L_0x5555905b0290 .part L_0x5555905ae1f0, 4, 6;
L_0x5555905b03c0 .concat [ 6 4 0 0], L_0x5555905b0290, L_0x7f74270cbf48;
L_0x5555905b0550 .part v0x55559056a570_0, 0, 2;
L_0x5555905b06e0 .cmp/ne 2, L_0x5555905b0550, L_0x7f74270cbf90;
L_0x5555905b0820 .part v0x55559056d070_0, 1, 1;
L_0x5555905b0640 .functor MUXZ 1, L_0x7f74270cc020, L_0x7f74270cbfd8, L_0x5555905b0a80, C4<>;
L_0x5555905b0db0 .part o0x7f7427116178, 1, 1;
L_0x5555905b0f80 .functor MUXZ 10, L_0x5555905b1280, L_0x5555905ae3f0, L_0x5555905b0f10, C4<>;
L_0x5555905b1110 .part L_0x5555905ae3f0, 2, 8;
L_0x5555905b1280 .concat [ 8 2 0 0], L_0x5555905b1110, L_0x7f74270cc068;
L_0x5555905b1410 .part v0x5555905727a0_0, 0, 1;
L_0x5555905b17e0 .part v0x55559056d070_0, 0, 1;
L_0x5555905b1b50 .functor MUXZ 1, L_0x7f74270cc140, L_0x7f74270cc0f8, L_0x5555905b1940, C4<>;
L_0x5555905b1e20 .part v0x55559056d070_0, 0, 1;
L_0x5555905b1f80 .functor MUXZ 10, L_0x5555905b2260, v0x5555905727a0_0, L_0x5555905b1ec0, C4<>;
L_0x5555905b21c0 .part v0x5555905727a0_0, 1, 9;
L_0x5555905b2260 .concat [ 9 1 0 0], L_0x5555905b21c0, L_0x7f74270cc188;
S_0x55559058d5a0 .scope module, "roundingadder" "intadder_18_freq500_uid11" 2 1358, 2 1 0, S_0x555590590f00;
 .timescale 0 0;
    .port_info 0 /INPUT 1 "clk";
    .port_info 1 /INPUT 18 "x";
    .port_info 2 /INPUT 18 "y";
    .port_info 3 /INPUT 1 "cin";
    .port_info 4 /OUTPUT 18 "r";
L_0x5555905cb270 .functor BUFZ 18, L_0x5555905cb940, C4<000000000000000000>, C4<000000000000000000>, C4<000000000000000000>;
L_0x5555905cb350 .functor BUFZ 19, L_0x5555905cba30, C4<0000000000000000000>, C4<0000000000000000000>, C4<0000000000000000000>;
L_0x7f74270ccf08 .functor BUFT 1, C4<0000000000000000000>, C4<0>, C4<0>, C4<0>;
L_0x5555905cb430 .functor BUFZ 19, L_0x7f74270ccf08, C4<0000000000000000000>, C4<0000000000000000000>, C4<0000000000000000000>;
L_0x5555905cb4a0 .functor BUFZ 19, v0x555590516500_0, C4<0000000000000000000>, C4<0000000000000000000>, C4<0000000000000000000>;
L_0x5555905cb510 .functor BUFZ 19, v0x5555905148c0_0, C4<0000000000000000000>, C4<0000000000000000000>, C4<0000000000000000000>;
L_0x5555905cb580 .functor BUFZ 19, v0x5555905149a0_0, C4<0000000000000000000>, C4<0000000000000000000>, C4<0000000000000000000>;
L_0x5555905cb640 .functor BUFZ 19, v0x555590517ec0_0, C4<0000000000000000000>, C4<0000000000000000000>, C4<0000000000000000000>;
L_0x5555905cb6b0 .functor BUFZ 19, v0x555590517fa0_0, C4<0000000000000000000>, C4<0000000000000000000>, C4<0000000000000000000>;
L_0x5555905cb780 .functor BUFZ 19, v0x555590516810_0, C4<0000000000000000000>, C4<0000000000000000000>, C4<0000000000000000000>;
L_0x5555905cb8d0 .functor BUFZ 19, L_0x5555905cbdf0, C4<0000000000000000000>, C4<0000000000000000000>, C4<0000000000000000000>;
L_0x5555905cb940 .functor BUFZ 18, L_0x5555905cbf80, C4<000000000000000000>, C4<000000000000000000>, C4<000000000000000000>;
L_0x7f74270cc9f8 .functor BUFT 1, C4<0>, C4<0>, C4<0>, C4<0>;
v0x555590515540_0 .net/2u *"_ivl_28", 0 0, L_0x7f74270cc9f8;  1 drivers
L_0x7f74270cca40 .functor BUFT 1, C4<000000000000000000>, C4<0>, C4<0>, C4<0>;
v0x555590516c00_0 .net/2u *"_ivl_38", 17 0, L_0x7f74270cca40;  1 drivers
v0x555590516ce0_0 .net "cin", 0 0, L_0x555590571d60;  alias, 1 drivers
o0x7f7427116598 .functor BUFZ 1, c4<z>; HiZ drive
v0x55559050d0f0_0 .net "cin_1", 0 0, o0x7f7427116598;  0 drivers
v0x55559050d190_0 .net "cin_1_d1", 0 0, v0x555590517be0_0;  1 drivers
v0x555590516fc0_0 .net "clk", 0 0, o0x7f7427114078;  alias, 0 drivers
v0x555590517060_0 .net "n544", 18 0, L_0x5555905cba30;  1 drivers
v0x555590517380_0 .net "n546", 18 0, L_0x7f74270ccf08;  1 drivers
v0x555590517460_0 .net "n547", 18 0, L_0x5555905cbb70;  1 drivers
v0x555590517740_0 .net "n548", 18 0, L_0x5555905cbcb0;  1 drivers
v0x555590517800_0 .net "n549", 18 0, L_0x5555905cbdf0;  1 drivers
v0x555590517b00_0 .net "n550", 17 0, L_0x5555905cbf80;  1 drivers
v0x555590517be0_0 .var "n551", 0 0;
v0x555590516420_0 .var "n552", 18 0;
v0x555590516500_0 .var "n553", 18 0;
v0x5555905148c0_0 .var "n554", 18 0;
v0x5555905149a0_0 .var "n555", 18 0;
v0x555590517ec0_0 .var "n556", 18 0;
v0x555590517fa0_0 .var "n557", 18 0;
v0x555590516810_0 .var "n558", 18 0;
v0x5555905168f0_0 .var "n559", 18 0;
v0x5555905144d0_0 .net "r", 17 0, L_0x5555905cb270;  alias, 1 drivers
v0x5555905145b0_0 .net "r_1", 17 0, L_0x5555905cb940;  1 drivers
v0x555590513920_0 .net "s_1", 18 0, L_0x5555905cb8d0;  1 drivers
v0x555590513a00_0 .net "x", 17 0, L_0x5555905736d0;  alias, 1 drivers
v0x555590513550_0 .net "x_1", 18 0, L_0x5555905cb350;  1 drivers
v0x555590513150_0 .net "x_1_d1", 18 0, v0x555590516420_0;  1 drivers
L_0x7f74270cca88 .functor BUFT 1, C4<000000000000000000>, C4<0>, C4<0>, C4<0>;
v0x555590513230_0 .net "y", 17 0, L_0x7f74270cca88;  1 drivers
v0x5555905129a0_0 .net "y_1", 18 0, L_0x5555905cb430;  1 drivers
v0x555590512a80_0 .net "y_1_d1", 18 0, L_0x5555905cb4a0;  1 drivers
v0x55559057af40_0 .net "y_1_d2", 18 0, L_0x5555905cb510;  1 drivers
v0x55559057b020_0 .net "y_1_d3", 18 0, L_0x5555905cb580;  1 drivers
v0x5555905125b0_0 .net "y_1_d4", 18 0, L_0x5555905cb640;  1 drivers
v0x555590512670_0 .net "y_1_d5", 18 0, L_0x5555905cb6b0;  1 drivers
v0x5555905121c0_0 .net "y_1_d6", 18 0, L_0x5555905cb780;  1 drivers
v0x5555905122a0_0 .net "y_1_d7", 18 0, v0x5555905168f0_0;  1 drivers
L_0x5555905cba30 .concat [ 18 1 0 0], L_0x5555905736d0, L_0x7f74270cc9f8;
L_0x5555905cbb70 .arith/sum 19, v0x555590516420_0, v0x5555905168f0_0;
L_0x5555905cbcb0 .concat [ 1 18 0 0], v0x555590517be0_0, L_0x7f74270cca40;
L_0x5555905cbdf0 .arith/sum 19, L_0x5555905cbb70, L_0x5555905cbcb0;
L_0x5555905cbf80 .part L_0x5555905cb8d0, 0, 18;
    .scope S_0x55559058cdb0;
T_0 ;
    %wait E_0x555590451b00;
    %load/vec4 v0x555590515850_0;
    %assign/vec4 v0x55559056d070_0, 0;
    %jmp T_0;
    .thread T_0;
    .scope S_0x55559058cdb0;
T_1 ;
    %wait E_0x555590451b00;
    %load/vec4 v0x555590514cb0_0;
    %assign/vec4 v0x55559056d150_0, 0;
    %jmp T_1;
    .thread T_1;
    .scope S_0x55559058cdb0;
T_2 ;
    %wait E_0x555590451b00;
    %load/vec4 v0x555590536e30_0;
    %assign/vec4 v0x55559056a490_0, 0;
    %jmp T_2;
    .thread T_2;
    .scope S_0x55559058cdb0;
T_3 ;
    %wait E_0x555590451b00;
    %load/vec4 v0x555590537620_0;
    %assign/vec4 v0x55559056a570_0, 0;
    %jmp T_3;
    .thread T_3;
    .scope S_0x55559058cdb0;
T_4 ;
    %wait E_0x555590451b00;
    %load/vec4 v0x555590538240_0;
    %assign/vec4 v0x5555905727a0_0, 0;
    %jmp T_4;
    .thread T_4;
    .scope S_0x55559058cdb0;
T_5 ;
    %wait E_0x555590451b00;
    %load/vec4 v0x55559050cd30_0;
    %assign/vec4 v0x555590572880_0, 0;
    %jmp T_5;
    .thread T_5;
    .scope S_0x55559058b9a0;
T_6 ;
    %wait E_0x555590451b00;
    %load/vec4 v0x555590521c60_0;
    %assign/vec4 v0x555590583200_0, 0;
    %jmp T_6;
    .thread T_6;
    .scope S_0x55559058b9a0;
T_7 ;
    %wait E_0x555590451b00;
    %load/vec4 v0x5555905219b0_0;
    %assign/vec4 v0x555590525130_0, 0;
    %jmp T_7;
    .thread T_7;
    .scope S_0x55559058b9a0;
T_8 ;
    %wait E_0x555590451b00;
    %load/vec4 v0x555590521540_0;
    %assign/vec4 v0x555590524390_0, 0;
    %jmp T_8;
    .thread T_8;
    .scope S_0x55559058b9a0;
T_9 ;
    %wait E_0x555590451b00;
    %load/vec4 v0x555590583090_0;
    %assign/vec4 v0x555590522930_0, 0;
    %jmp T_9;
    .thread T_9;
    .scope S_0x55559058c5c0;
T_10 ;
    %wait E_0x555590451b00;
    %load/vec4 v0x5555903f5140_0;
    %assign/vec4 v0x5555905448f0_0, 0;
    %jmp T_10;
    .thread T_10;
    .scope S_0x55559058c5c0;
T_11 ;
    %wait E_0x555590451b00;
    %load/vec4 v0x555590570f60_0;
    %assign/vec4 v0x5555905449d0_0, 0;
    %jmp T_11;
    .thread T_11;
    .scope S_0x55559058c5c0;
T_12 ;
    %wait E_0x555590451b00;
    %load/vec4 v0x555590571020_0;
    %assign/vec4 v0x555590543820_0, 0;
    %jmp T_12;
    .thread T_12;
    .scope S_0x55559058c5c0;
T_13 ;
    %wait E_0x555590451b00;
    %load/vec4 v0x55559056bf10_0;
    %assign/vec4 v0x5555905438e0_0, 0;
    %jmp T_13;
    .thread T_13;
    .scope S_0x55559058c5c0;
T_14 ;
    %wait E_0x555590451b00;
    %load/vec4 v0x555590555230_0;
    %assign/vec4 v0x555590542c00_0, 0;
    %jmp T_14;
    .thread T_14;
    .scope S_0x55559058c5c0;
T_15 ;
    %wait E_0x555590451b00;
    %load/vec4 v0x5555905716b0_0;
    %assign/vec4 v0x555590542cc0_0, 0;
    %jmp T_15;
    .thread T_15;
    .scope S_0x55559058c5c0;
T_16 ;
    %wait E_0x555590451b00;
    %load/vec4 v0x555590555df0_0;
    %assign/vec4 v0x555590541fe0_0, 0;
    %jmp T_16;
    .thread T_16;
    .scope S_0x55559058c5c0;
T_17 ;
    %wait E_0x555590451b00;
    %load/vec4 v0x55559056eaf0_0;
    %assign/vec4 v0x5555905420a0_0, 0;
    %jmp T_17;
    .thread T_17;
    .scope S_0x55559058d5a0;
T_18 ;
    %wait E_0x555590451b00;
    %load/vec4 v0x55559050d0f0_0;
    %assign/vec4 v0x555590517be0_0, 0;
    %jmp T_18;
    .thread T_18;
    .scope S_0x55559058d5a0;
T_19 ;
    %wait E_0x555590451b00;
    %load/vec4 v0x555590513550_0;
    %assign/vec4 v0x555590516420_0, 0;
    %jmp T_19;
    .thread T_19;
    .scope S_0x55559058d5a0;
T_20 ;
    %wait E_0x555590451b00;
    %load/vec4 v0x5555905129a0_0;
    %assign/vec4 v0x555590516500_0, 0;
    %jmp T_20;
    .thread T_20;
    .scope S_0x55559058d5a0;
T_21 ;
    %wait E_0x555590451b00;
    %load/vec4 v0x555590512a80_0;
    %assign/vec4 v0x5555905148c0_0, 0;
    %jmp T_21;
    .thread T_21;
    .scope S_0x55559058d5a0;
T_22 ;
    %wait E_0x555590451b00;
    %load/vec4 v0x55559057af40_0;
    %assign/vec4 v0x5555905149a0_0, 0;
    %jmp T_22;
    .thread T_22;
    .scope S_0x55559058d5a0;
T_23 ;
    %wait E_0x555590451b00;
    %load/vec4 v0x55559057b020_0;
    %assign/vec4 v0x555590517ec0_0, 0;
    %jmp T_23;
    .thread T_23;
    .scope S_0x55559058d5a0;
T_24 ;
    %wait E_0x555590451b00;
    %load/vec4 v0x5555905125b0_0;
    %assign/vec4 v0x555590517fa0_0, 0;
    %jmp T_24;
    .thread T_24;
    .scope S_0x55559058d5a0;
T_25 ;
    %wait E_0x555590451b00;
    %load/vec4 v0x555590512670_0;
    %assign/vec4 v0x555590516810_0, 0;
    %jmp T_25;
    .thread T_25;
    .scope S_0x55559058d5a0;
T_26 ;
    %wait E_0x555590451b00;
    %load/vec4 v0x5555905121c0_0;
    %assign/vec4 v0x5555905168f0_0, 0;
    %jmp T_26;
    .thread T_26;
    .scope S_0x555590590f00;
T_27 ;
    %wait E_0x555590450320;
    %load/vec4 v0x555590568e30_0;
    %dup/vec4;
    %pushi/vec4 4, 0, 3;
    %cmp/u;
    %jmp/1 T_27.0, 6;
    %dup/vec4;
    %pushi/vec4 2, 0, 3;
    %cmp/u;
    %jmp/1 T_27.1, 6;
    %dup/vec4;
    %pushi/vec4 1, 0, 3;
    %cmp/u;
    %jmp/1 T_27.2, 6;
    %pushi/vec4 3, 0, 2;
    %store/vec4 v0x555590565770_0, 0, 2;
    %jmp T_27.4;
T_27.0 ;
    %pushi/vec4 2, 0, 2;
    %store/vec4 v0x555590565770_0, 0, 2;
    %jmp T_27.4;
T_27.1 ;
    %pushi/vec4 1, 0, 2;
    %store/vec4 v0x555590565770_0, 0, 2;
    %jmp T_27.4;
T_27.2 ;
    %pushi/vec4 0, 0, 2;
    %store/vec4 v0x555590565770_0, 0, 2;
    %jmp T_27.4;
T_27.4 ;
    %pop/vec4 1;
    %jmp T_27;
    .thread T_27, $push;
    .scope S_0x555590590f00;
T_28 ;
    %wait E_0x5555904517b0;
    %load/vec4 v0x55559057d710_0;
    %dup/vec4;
    %pushi/vec4 4, 0, 3;
    %cmp/u;
    %jmp/1 T_28.0, 6;
    %dup/vec4;
    %pushi/vec4 2, 0, 3;
    %cmp/u;
    %jmp/1 T_28.1, 6;
    %dup/vec4;
    %pushi/vec4 1, 0, 3;
    %cmp/u;
    %jmp/1 T_28.2, 6;
    %pushi/vec4 3, 0, 2;
    %store/vec4 v0x55559057d260_0, 0, 2;
    %jmp T_28.4;
T_28.0 ;
    %pushi/vec4 2, 0, 2;
    %store/vec4 v0x55559057d260_0, 0, 2;
    %jmp T_28.4;
T_28.1 ;
    %pushi/vec4 1, 0, 2;
    %store/vec4 v0x55559057d260_0, 0, 2;
    %jmp T_28.4;
T_28.2 ;
    %pushi/vec4 0, 0, 2;
    %store/vec4 v0x55559057d260_0, 0, 2;
    %jmp T_28.4;
T_28.4 ;
    %pop/vec4 1;
    %jmp T_28;
    .thread T_28, $push;
    .scope S_0x555590590f00;
T_29 ;
    %wait E_0x555590451b00;
    %load/vec4 v0x555590518b10_0;
    %assign/vec4 v0x5555905785f0_0, 0;
    %jmp T_29;
    .thread T_29;
    .scope S_0x555590590f00;
T_30 ;
    %wait E_0x555590451b00;
    %load/vec4 v0x55559052d960_0;
    %assign/vec4 v0x555590577c30_0, 0;
    %jmp T_30;
    .thread T_30;
    .scope S_0x555590590f00;
T_31 ;
    %wait E_0x555590451b00;
    %load/vec4 v0x555590580340_0;
    %assign/vec4 v0x555590577d10_0, 0;
    %jmp T_31;
    .thread T_31;
    .scope S_0x555590590f00;
T_32 ;
    %wait E_0x555590451b00;
    %load/vec4 v0x555590519290_0;
    %assign/vec4 v0x5555905774a0_0, 0;
    %jmp T_32;
    .thread T_32;
    .scope S_0x555590590f00;
T_33 ;
    %wait E_0x555590451b00;
    %load/vec4 v0x555590525f10_0;
    %assign/vec4 v0x555590577580_0, 0;
    %jmp T_33;
    .thread T_33;
    .scope S_0x555590590f00;
T_34 ;
    %wait E_0x555590451b00;
    %load/vec4 v0x555590525760_0;
    %assign/vec4 v0x5555905614c0_0, 0;
    %jmp T_34;
    .thread T_34;
    .scope S_0x555590590f00;
T_35 ;
    %wait E_0x555590451b00;
    %load/vec4 v0x55559051bbe0_0;
    %assign/vec4 v0x555590561580_0, 0;
    %jmp T_35;
    .thread T_35;
    .scope S_0x555590590f00;
T_36 ;
    %wait E_0x555590451b00;
    %load/vec4 v0x55559051bca0_0;
    %assign/vec4 v0x5555905610b0_0, 0;
    %jmp T_36;
    .thread T_36;
    .scope S_0x555590590f00;
T_37 ;
    %wait E_0x555590451b00;
    %load/vec4 v0x55559050d870_0;
    %assign/vec4 v0x555590561170_0, 0;
    %jmp T_37;
    .thread T_37;
    .scope S_0x555590590f00;
T_38 ;
    %wait E_0x555590451b00;
    %load/vec4 v0x55559050d910_0;
    %assign/vec4 v0x555590560db0_0, 0;
    %jmp T_38;
    .thread T_38;
    .scope S_0x555590590f00;
T_39 ;
    %wait E_0x555590451b00;
    %load/vec4 v0x55559051b820_0;
    %assign/vec4 v0x555590560e70_0, 0;
    %jmp T_39;
    .thread T_39;
    .scope S_0x555590590f00;
T_40 ;
    %wait E_0x555590451b00;
    %load/vec4 v0x55559051b8e0_0;
    %assign/vec4 v0x555590560680_0, 0;
    %jmp T_40;
    .thread T_40;
    .scope S_0x555590590f00;
T_41 ;
    %wait E_0x555590451b00;
    %load/vec4 v0x55559051b430_0;
    %assign/vec4 v0x555590560740_0, 0;
    %jmp T_41;
    .thread T_41;
    .scope S_0x555590590f00;
T_42 ;
    %wait E_0x555590451b00;
    %load/vec4 v0x5555905237f0_0;
    %assign/vec4 v0x55559055f8d0_0, 0;
    %jmp T_42;
    .thread T_42;
    .scope S_0x555590590f00;
T_43 ;
    %wait E_0x555590451b00;
    %load/vec4 v0x55559051a0b0_0;
    %assign/vec4 v0x55559055f9b0_0, 0;
    %jmp T_43;
    .thread T_43;
    .scope S_0x555590590f00;
T_44 ;
    %wait E_0x555590451b00;
    %load/vec4 v0x555590519dd0_0;
    %assign/vec4 v0x55559055e2b0_0, 0;
    %jmp T_44;
    .thread T_44;
    .scope S_0x555590590f00;
T_45 ;
    %wait E_0x555590451b00;
    %load/vec4 v0x555590519930_0;
    %assign/vec4 v0x55559055e390_0, 0;
    %jmp T_45;
    .thread T_45;
    .scope S_0x555590590f00;
T_46 ;
    %wait E_0x555590451b00;
    %load/vec4 v0x5555905199f0_0;
    %assign/vec4 v0x5555905482c0_0, 0;
    %jmp T_46;
    .thread T_46;
    .scope S_0x555590590f00;
T_47 ;
    %wait E_0x555590451b00;
    %load/vec4 v0x555590519570_0;
    %assign/vec4 v0x5555905483a0_0, 0;
    %jmp T_47;
    .thread T_47;
    .scope S_0x555590590f00;
T_48 ;
    %wait E_0x555590451b00;
    %load/vec4 v0x555590519650_0;
    %assign/vec4 v0x555590547af0_0, 0;
    %jmp T_48;
    .thread T_48;
    .scope S_0x555590590f00;
T_49 ;
    %wait E_0x555590451b00;
    %load/vec4 v0x55559050d4b0_0;
    %assign/vec4 v0x555590547bd0_0, 0;
    %jmp T_49;
    .thread T_49;
    .scope S_0x555590590f00;
T_50 ;
    %wait E_0x555590451b00;
    %load/vec4 v0x555590527b00_0;
    %assign/vec4 v0x555590547120_0, 0;
    %jmp T_50;
    .thread T_50;
    .scope S_0x555590590f00;
T_51 ;
    %wait E_0x555590451b00;
    %load/vec4 v0x5555905272e0_0;
    %assign/vec4 v0x5555905471e0_0, 0;
    %jmp T_51;
    .thread T_51;
    .scope S_0x555590590f00;
T_52 ;
    %wait E_0x555590451b00;
    %load/vec4 v0x5555905273a0_0;
    %assign/vec4 v0x555590545d70_0, 0;
    %jmp T_52;
    .thread T_52;
    .scope S_0x555590590f00;
T_53 ;
    %wait E_0x555590451b00;
    %load/vec4 v0x555590526690_0;
    %assign/vec4 v0x555590545e30_0, 0;
    %jmp T_53;
    .thread T_53;
    .scope S_0x555590590f00;
T_54 ;
    %wait E_0x555590451b00;
    %load/vec4 v0x555590526750_0;
    %assign/vec4 v0x555590545580_0, 0;
    %jmp T_54;
    .thread T_54;
    .scope S_0x555590590f00;
T_55 ;
    %wait E_0x555590451b00;
    %load/vec4 v0x55559051b040_0;
    %assign/vec4 v0x555590545640_0, 0;
    %jmp T_55;
    .thread T_55;
    .scope S_0x555590590f00;
T_56 ;
    %wait E_0x555590451b00;
    %load/vec4 v0x55559057ff80_0;
    %assign/vec4 v0x555590543cc0_0, 0;
    %jmp T_56;
    .thread T_56;
    .scope S_0x555590590f00;
T_57 ;
    %wait E_0x555590451b00;
    %load/vec4 v0x55559057fab0_0;
    %assign/vec4 v0x555590543da0_0, 0;
    %jmp T_57;
    .thread T_57;
    .scope S_0x555590590f00;
T_58 ;
    %wait E_0x555590451b00;
    %load/vec4 v0x55559057fb90_0;
    %assign/vec4 v0x5555905430a0_0, 0;
    %jmp T_58;
    .thread T_58;
    .scope S_0x555590590f00;
T_59 ;
    %wait E_0x555590451b00;
    %load/vec4 v0x55559057f6f0_0;
    %assign/vec4 v0x555590543180_0, 0;
    %jmp T_59;
    .thread T_59;
    .scope S_0x555590590f00;
T_60 ;
    %wait E_0x555590451b00;
    %load/vec4 v0x55559057f7d0_0;
    %assign/vec4 v0x555590542480_0, 0;
    %jmp T_60;
    .thread T_60;
    .scope S_0x555590590f00;
T_61 ;
    %wait E_0x555590451b00;
    %load/vec4 v0x55559051ac50_0;
    %assign/vec4 v0x555590542560_0, 0;
    %jmp T_61;
    .thread T_61;
    .scope S_0x555590590f00;
T_62 ;
    %wait E_0x555590451b00;
    %load/vec4 v0x55559051acf0_0;
    %assign/vec4 v0x555590541860_0, 0;
    %jmp T_62;
    .thread T_62;
    .scope S_0x555590590f00;
T_63 ;
    %wait E_0x555590451b00;
    %load/vec4 v0x555590581eb0_0;
    %assign/vec4 v0x555590541920_0, 0;
    %jmp T_63;
    .thread T_63;
    .scope S_0x555590590f00;
T_64 ;
    %wait E_0x555590451b00;
    %load/vec4 v0x5555905182d0_0;
    %assign/vec4 v0x555590540c40_0, 0;
    %jmp T_64;
    .thread T_64;
    .scope S_0x555590590f00;
T_65 ;
    %wait E_0x555590451b00;
    %load/vec4 v0x55559051a170_0;
    %assign/vec4 v0x555590540d20_0, 0;
    %jmp T_65;
    .thread T_65;
    .scope S_0x555590590f00;
T_66 ;
    %wait E_0x555590451b00;
    %load/vec4 v0x555590527ba0_0;
    %assign/vec4 v0x555590540020_0, 0;
    %jmp T_66;
    .thread T_66;
    .scope S_0x555590590f00;
T_67 ;
    %wait E_0x555590451b00;
    %load/vec4 v0x5555905276f0_0;
    %assign/vec4 v0x5555905400e0_0, 0;
    %jmp T_67;
    .thread T_67;
# The file index is used to find the file name in the following table.
:file_names 3;
    "N/A";
    "<interactive>";
    "fpaddbf16_ghdl.v";
