#! /opt/oss-cad-suite/bin/vvp
:ivl_version "13.0 (devel)" "(s20250103-31-g7e238e7ca)";
:ivl_delay_selection "TYPICAL";
:vpi_time_precision + 0;
:vpi_module "/opt/oss-cad-suite/lib/ivl/system.vpi";
:vpi_module "/opt/oss-cad-suite/lib/ivl/vhdl_sys.vpi";
:vpi_module "/opt/oss-cad-suite/lib/ivl/vhdl_textio.vpi";
:vpi_module "/opt/oss-cad-suite/lib/ivl/v2005_math.vpi";
:vpi_module "/opt/oss-cad-suite/lib/ivl/va_math.vpi";
S_0x5555697f6510 .scope module, "top_module" "top_module" 2 58;
 .timescale 0 0;
    .port_info 0 /INPUT 1 "clk";
    .port_info 1 /INPUT 21 "X";
    .port_info 2 /INPUT 21 "Y";
    .port_info 3 /OUTPUT 21 "R";
P_0x5555697e25a0 .param/l "n85" 1 2 140, C4<00000000000000000000>;
L_0x5555697f9950 .functor BUFZ 21, L_0x55556982b380, C4<000000000000000000000>, C4<000000000000000000000>, C4<000000000000000000000>;
L_0x5555697f9c50 .functor BUFZ 1, L_0x555569825090, C4<0>, C4<0>, C4<0>;
L_0x5555697fa280 .functor BUFZ 8, L_0x5555698252e0, C4<00000000>, C4<00000000>, C4<00000000>;
L_0x5555697f14d0 .functor BUFZ 8, L_0x555569825420, C4<00000000>, C4<00000000>, C4<00000000>;
L_0x5555697e2800 .functor BUFZ 10, L_0x555569825850, C4<0000000000>, C4<0000000000>, C4<0000000000>;
L_0x555569823b40 .functor BUFZ 10, L_0x555569825a50, C4<0000000000>, C4<0000000000>, C4<0000000000>;
L_0x555569823c10 .functor BUFZ 11, L_0x555569825cd0, C4<00000000000>, C4<00000000000>, C4<00000000000>;
L_0x555569823d30 .functor BUFZ 11, L_0x555569825f60, C4<00000000000>, C4<00000000000>, C4<00000000000>;
L_0x555569823da0 .functor BUFZ 22, L_0x5555698258f0, C4<0000000000000000000000>, C4<0000000000000000000000>, C4<0000000000000000000000>;
L_0x555569823f00 .functor BUFZ 4, L_0x5555698264d0, C4<0000>, C4<0000>, C4<0000>;
L_0x555569823fa0 .functor BUFZ 2, v0x555569810ff0_0, C4<00>, C4<00>, C4<00>;
L_0x555569824150 .functor BUFZ 1, L_0x555569827600, C4<0>, C4<0>, C4<0>;
L_0x555569824380 .functor BUFZ 10, L_0x555569827950, C4<0000000000>, C4<0000000000>, C4<0000000000>;
L_0x5555698244f0 .functor BUFZ 22, L_0x555569827f00, C4<0000000000000000000000>, C4<0000000000000000000000>, C4<0000000000000000000000>;
L_0x555569824740 .functor BUFZ 20, L_0x555569828570, C4<00000000000000000000>, C4<00000000000000000000>, C4<00000000000000000000>;
L_0x555569824800 .functor BUFZ 1, L_0x555569828700, C4<0>, C4<0>, C4<0>;
L_0x555569824990 .functor BUFZ 1, L_0x555569828c70, C4<0>, C4<0>, C4<0>;
L_0x555569824a60 .functor BUFZ 1, L_0x555569829300, C4<0>, C4<0>, C4<0>;
L_0x555569824bf0 .functor BUFZ 20, L_0x555569829590, C4<00000000000000000000>, C4<00000000000000000000>, C4<00000000000000000000>;
L_0x555569824ce0 .functor BUFZ 2, v0x55556980e800_0, C4<00>, C4<00>, C4<00>;
L_0x555569825090 .functor XOR 1, L_0x555569824450, L_0x555569824f90, C4<0>, C4<0>;
L_0x5555698260f0 .functor OR 1, L_0x5555698265c0, L_0x555569826790, C4<0>, C4<0>;
L_0x555569826af0 .functor OR 1, L_0x5555698260f0, L_0x555569826920, C4<0>, C4<0>;
L_0x555569826f90 .functor OR 1, L_0x555569826da0, L_0x555569826a50, C4<0>, C4<0>;
L_0x555569827250 .functor OR 1, L_0x555569826f90, L_0x5555698270a0, C4<0>, C4<0>;
L_0x5555698279f0 .functor NOT 1, L_0x555569828e50, C4<0>, C4<0>, C4<0>;
L_0x555569828b40 .functor AND 1, L_0x555569824990, L_0x5555698279f0, C4<1>, C4<1>;
L_0x5555698291f0 .functor OR 1, L_0x555569828b40, L_0x555569829150, C4<0>, C4<0>;
L_0x555569829300 .functor AND 1, L_0x555569824800, L_0x5555698291f0, C4<1>, C4<1>;
L_0x555569829840 .functor OR 1, L_0x55556982a1a0, L_0x55556982a2d0, C4<0>, C4<0>;
L_0x55556982ab10 .functor OR 1, L_0x55556982a760, L_0x55556982aa20, C4<0>, C4<0>;
L_0x55556982aef0 .functor OR 1, L_0x55556982ab10, L_0x555569829460, C4<0>, C4<0>;
v0x55556980bc10_0 .net "R", 20 0, L_0x5555697f9950;  1 drivers
o0x7ed8bfc12648 .functor BUFZ 21, c4<zzzzzzzzzzzzzzzzzzzzz>; HiZ drive
v0x55556980bd10_0 .net "X", 20 0, o0x7ed8bfc12648;  0 drivers
o0x7ed8bfc12678 .functor BUFZ 21, c4<zzzzzzzzzzzzzzzzzzzzz>; HiZ drive
v0x55556980bdf0_0 .net "Y", 20 0, o0x7ed8bfc12678;  0 drivers
L_0x7ed8bfbc91c8 .functor BUFT 1, C4<0001>, C4<0>, C4<0>, C4<0>;
v0x55556980beb0_0 .net/2u *"_ivl_100", 3 0, L_0x7ed8bfbc91c8;  1 drivers
L_0x7ed8bfbc9210 .functor BUFT 1, C4<0100>, C4<0>, C4<0>, C4<0>;
v0x55556980bf90_0 .net/2u *"_ivl_106", 3 0, L_0x7ed8bfbc9210;  1 drivers
L_0x7ed8bfbc9258 .functor BUFT 1, C4<0101>, C4<0>, C4<0>, C4<0>;
v0x55556980c070_0 .net/2u *"_ivl_112", 3 0, L_0x7ed8bfbc9258;  1 drivers
L_0x7ed8bfbc92a0 .functor BUFT 1, C4<0110>, C4<0>, C4<0>, C4<0>;
v0x55556980c150_0 .net/2u *"_ivl_116", 3 0, L_0x7ed8bfbc92a0;  1 drivers
L_0x7ed8bfbc92e8 .functor BUFT 1, C4<1001>, C4<0>, C4<0>, C4<0>;
v0x55556980c230_0 .net/2u *"_ivl_120", 3 0, L_0x7ed8bfbc92e8;  1 drivers
L_0x7ed8bfbc9330 .functor BUFT 1, C4<1010>, C4<0>, C4<0>, C4<0>;
v0x55556980c310_0 .net/2u *"_ivl_126", 3 0, L_0x7ed8bfbc9330;  1 drivers
L_0x7ed8bfbc9378 .functor BUFT 1, C4<000000000>, C4<0>, C4<0>, C4<0>;
v0x55556980c480_0 .net/2u *"_ivl_136", 8 0, L_0x7ed8bfbc9378;  1 drivers
L_0x7ed8bfbc93c0 .functor BUFT 1, C4<0>, C4<0>, C4<0>, C4<0>;
v0x55556980c560_0 .net/2u *"_ivl_144", 0 0, L_0x7ed8bfbc93c0;  1 drivers
L_0x7ed8bfbc9408 .functor BUFT 1, C4<00>, C4<0>, C4<0>, C4<0>;
v0x55556980c640_0 .net/2u *"_ivl_152", 1 0, L_0x7ed8bfbc9408;  1 drivers
L_0x7ed8bfbc9450 .functor BUFT 1, C4<00000000000>, C4<0>, C4<0>, C4<0>;
v0x55556980c720_0 .net/2u *"_ivl_164", 10 0, L_0x7ed8bfbc9450;  1 drivers
L_0x7ed8bfbc9498 .functor BUFT 1, C4<0>, C4<0>, C4<0>, C4<0>;
v0x55556980c800_0 .net/2u *"_ivl_168", 0 0, L_0x7ed8bfbc9498;  1 drivers
L_0x7ed8bfbc94e0 .functor BUFT 1, C4<1>, C4<0>, C4<0>, C4<0>;
v0x55556980c8e0_0 .net/2u *"_ivl_170", 0 0, L_0x7ed8bfbc94e0;  1 drivers
L_0x7ed8bfbc95b8 .functor BUFT 1, C4<00>, C4<0>, C4<0>, C4<0>;
v0x55556980c9c0_0 .net/2u *"_ivl_190", 1 0, L_0x7ed8bfbc95b8;  1 drivers
L_0x7ed8bfbc9600 .functor BUFT 1, C4<01>, C4<0>, C4<0>, C4<0>;
v0x55556980caa0_0 .net/2u *"_ivl_194", 1 0, L_0x7ed8bfbc9600;  1 drivers
L_0x7ed8bfbc9648 .functor BUFT 1, C4<11>, C4<0>, C4<0>, C4<0>;
v0x55556980cc90_0 .net/2u *"_ivl_198", 1 0, L_0x7ed8bfbc9648;  1 drivers
L_0x7ed8bfbc9690 .functor BUFT 1, C4<10>, C4<0>, C4<0>, C4<0>;
v0x55556980cd70_0 .net/2u *"_ivl_202", 1 0, L_0x7ed8bfbc9690;  1 drivers
L_0x7ed8bfbc96d8 .functor BUFT 1, C4<11>, C4<0>, C4<0>, C4<0>;
v0x55556980ce50_0 .net/2u *"_ivl_210", 1 0, L_0x7ed8bfbc96d8;  1 drivers
L_0x7ed8bfbc9720 .functor BUFT 1, C4<10>, C4<0>, C4<0>, C4<0>;
v0x55556980cf30_0 .net/2u *"_ivl_214", 1 0, L_0x7ed8bfbc9720;  1 drivers
L_0x7ed8bfbc9768 .functor BUFT 1, C4<00>, C4<0>, C4<0>, C4<0>;
v0x55556980d010_0 .net/2u *"_ivl_220", 1 0, L_0x7ed8bfbc9768;  1 drivers
L_0x7ed8bfbc9060 .functor BUFT 1, C4<00>, C4<0>, C4<0>, C4<0>;
v0x55556980d0f0_0 .net/2u *"_ivl_66", 1 0, L_0x7ed8bfbc9060;  1 drivers
L_0x7ed8bfbc90a8 .functor BUFT 1, C4<00>, C4<0>, C4<0>, C4<0>;
v0x55556980d1d0_0 .net/2u *"_ivl_70", 1 0, L_0x7ed8bfbc90a8;  1 drivers
L_0x7ed8bfbc90f0 .functor BUFT 1, C4<1>, C4<0>, C4<0>, C4<0>;
v0x55556980d2b0_0 .net/2u *"_ivl_80", 0 0, L_0x7ed8bfbc90f0;  1 drivers
L_0x7ed8bfbc9138 .functor BUFT 1, C4<1>, C4<0>, C4<0>, C4<0>;
v0x55556980d390_0 .net/2u *"_ivl_86", 0 0, L_0x7ed8bfbc9138;  1 drivers
L_0x7ed8bfbc9180 .functor BUFT 1, C4<0000>, C4<0>, C4<0>, C4<0>;
v0x55556980d470_0 .net/2u *"_ivl_96", 3 0, L_0x7ed8bfbc9180;  1 drivers
L_0x7ed8bfbc9018 .functor BUFT 1, C4<0001111111>, C4<0>, C4<0>, C4<0>;
v0x55556980d550_0 .net "bias", 9 0, L_0x7ed8bfbc9018;  1 drivers
v0x55556980d630_0 .net "bias_d1", 9 0, v0x55556980f280_0;  1 drivers
o0x7ed8bfc120a8 .functor BUFZ 1, c4<z>; HiZ drive
v0x55556980d710_0 .net "clk", 0 0, o0x7ed8bfc120a8;  0 drivers
v0x55556980d7b0_0 .net "exc", 1 0, L_0x555569823fa0;  1 drivers
v0x55556980d890_0 .net "exc_d1", 1 0, v0x55556980f420_0;  1 drivers
v0x55556980d970_0 .net "excpostnorm", 1 0, L_0x555569824ce0;  1 drivers
v0x55556980dc60_0 .net "excsel", 3 0, L_0x555569823f00;  1 drivers
v0x55556980dd40_0 .net "exppostnorm", 9 0, L_0x555569824380;  1 drivers
v0x55556980de20_0 .net "expsig", 19 0, L_0x555569824740;  1 drivers
v0x55556980dee0_0 .net "expsigpostround", 19 0, L_0x555569824bf0;  1 drivers
v0x55556980dfa0_0 .net "expsum", 9 0, L_0x555569823b40;  1 drivers
v0x55556980e080_0 .net "expsumpresub", 9 0, L_0x5555697e2800;  1 drivers
v0x55556980e160_0 .net "expsumpresub_d1", 9 0, v0x55556980f1a0_0;  1 drivers
v0x55556980e240_0 .net "expx", 7 0, L_0x5555697fa280;  1 drivers
v0x55556980e320_0 .net "expy", 7 0, L_0x5555697f14d0;  1 drivers
v0x55556980e400_0 .net "finalexc", 1 0, v0x55556980ed60_0;  1 drivers
v0x55556980e4e0_0 .net "guard", 0 0, L_0x555569824990;  1 drivers
v0x55556980e5a0_0 .net "n100", 0 0, L_0x55556982a2d0;  1 drivers
v0x55556980e660_0 .net "n101", 0 0, L_0x555569829840;  1 drivers
v0x55556980e720_0 .net "n103", 2 0, L_0x55556982a5d0;  1 drivers
v0x55556980e800_0 .var "n104", 1 0;
v0x55556980e8e0_0 .net "n106", 0 0, L_0x55556982a760;  1 drivers
v0x55556980e9a0_0 .net "n108", 0 0, L_0x55556982aa20;  1 drivers
v0x55556980ea60_0 .net "n109", 0 0, L_0x55556982ab10;  1 drivers
v0x55556980eb20_0 .net "n11", 0 0, L_0x555569824450;  1 drivers
v0x55556980ebe0_0 .net "n111", 0 0, L_0x555569829460;  1 drivers
v0x55556980eca0_0 .net "n112", 0 0, L_0x55556982aef0;  1 drivers
v0x55556980ed60_0 .var "n113", 1 0;
v0x55556980ee40_0 .net "n114", 2 0, L_0x55556982b000;  1 drivers
v0x55556980ef20_0 .net "n115", 17 0, L_0x55556982b140;  1 drivers
v0x55556980f000_0 .net "n116", 20 0, L_0x55556982b380;  1 drivers
v0x55556980f0e0_0 .var "n117", 0 0;
v0x55556980f1a0_0 .var "n118", 9 0;
v0x55556980f280_0 .var "n119", 9 0;
v0x55556980f360_0 .net "n12", 0 0, L_0x555569824f90;  1 drivers
v0x55556980f420_0 .var "n120", 1 0;
v0x55556980f500_0 .var "n121", 0 0;
v0x55556980f5c0_0 .var "n122", 21 0;
v0x55556980fab0_0 .net "n13", 0 0, L_0x555569825090;  1 drivers
v0x55556980fb70_0 .net "n14", 7 0, L_0x5555698252e0;  1 drivers
v0x55556980fc50_0 .net "n15", 7 0, L_0x555569825420;  1 drivers
v0x55556980fd30_0 .net "n17", 9 0, L_0x555569825590;  1 drivers
v0x55556980fe10_0 .net "n19", 9 0, L_0x5555698256d0;  1 drivers
v0x55556980fef0_0 .net "n20", 9 0, L_0x555569825850;  1 drivers
v0x55556980ffd0_0 .net "n22", 9 0, L_0x555569825a50;  1 drivers
v0x5555698100b0_0 .net "n23", 9 0, L_0x555569825c30;  1 drivers
v0x555569810190_0 .net "n25", 10 0, L_0x555569825cd0;  1 drivers
v0x555569810270_0 .net "n26", 9 0, L_0x555569825ec0;  1 drivers
v0x555569810350_0 .net "n28", 10 0, L_0x555569825f60;  1 drivers
v0x555569810430_0 .net "n32", 1 0, L_0x555569826310;  1 drivers
v0x555569810510_0 .net "n33", 1 0, L_0x5555698263b0;  1 drivers
v0x5555698105f0_0 .net "n34", 3 0, L_0x5555698264d0;  1 drivers
v0x5555698106d0_0 .net "n37", 0 0, L_0x5555698265c0;  1 drivers
v0x555569810790_0 .net "n39", 0 0, L_0x555569826790;  1 drivers
v0x555569810850_0 .net "n40", 0 0, L_0x5555698260f0;  1 drivers
v0x555569810910_0 .net "n42", 0 0, L_0x555569826920;  1 drivers
v0x5555698109d0_0 .net "n43", 0 0, L_0x555569826af0;  1 drivers
v0x555569810a90_0 .net "n46", 0 0, L_0x555569826d00;  1 drivers
v0x555569810b50_0 .net "n49", 0 0, L_0x555569826da0;  1 drivers
v0x555569810c10_0 .net "n51", 0 0, L_0x555569826a50;  1 drivers
v0x555569810cd0_0 .net "n52", 0 0, L_0x555569826f90;  1 drivers
v0x555569810d90_0 .net "n54", 0 0, L_0x5555698270a0;  1 drivers
v0x555569810e50_0 .net "n55", 0 0, L_0x555569827250;  1 drivers
v0x555569810f10_0 .net "n57", 2 0, L_0x555569827470;  1 drivers
v0x555569810ff0_0 .var "n58", 1 0;
v0x5555698110d0_0 .net "n59", 0 0, L_0x555569827600;  1 drivers
v0x555569811190_0 .net "n61", 9 0, L_0x555569827810;  1 drivers
v0x555569811270_0 .net "n62", 9 0, L_0x555569827950;  1 drivers
v0x555569811350_0 .net "n63", 20 0, L_0x555569827c30;  1 drivers
v0x555569811430_0 .net "n65", 21 0, L_0x555569827cd0;  1 drivers
v0x555569811510_0 .net "n66", 21 0, L_0x555569827f00;  1 drivers
v0x5555698115f0_0 .net "n67", 19 0, L_0x555569828090;  1 drivers
v0x5555698116d0_0 .net "n69", 21 0, L_0x555569828230;  1 drivers
v0x5555698117b0_0 .net "n70", 9 0, L_0x555569828370;  1 drivers
v0x555569811890_0 .net "n71", 19 0, L_0x555569828570;  1 drivers
v0x555569811970_0 .net "n72", 0 0, L_0x555569828700;  1 drivers
v0x555569811a30_0 .net "n74", 10 0, L_0x555569828960;  1 drivers
v0x555569811b10_0 .net "n76", 0 0, L_0x555569828a00;  1 drivers
v0x555569811bd0_0 .net "n77", 0 0, L_0x555569828c70;  1 drivers
v0x555569811c90_0 .net "n79", 0 0, L_0x555569828e50;  1 drivers
v0x555569811d50_0 .net "n80", 0 0, L_0x5555698279f0;  1 drivers
v0x555569811e10_0 .net "n81", 0 0, L_0x555569828b40;  1 drivers
v0x555569811ed0_0 .net "n82", 0 0, L_0x555569829150;  1 drivers
v0x555569811f90_0 .net "n83", 0 0, L_0x5555698291f0;  1 drivers
v0x555569812050_0 .net "n84", 0 0, L_0x555569829300;  1 drivers
v0x555569812110_0 .net "n89", 1 0, L_0x555569829bd0;  1 drivers
v0x5555698121f0_0 .net "n92", 0 0, L_0x555569829e10;  1 drivers
v0x5555698122b0_0 .net "n95", 0 0, L_0x555569829f50;  1 drivers
v0x555569812370_0 .net "n98", 0 0, L_0x55556982a1a0;  1 drivers
v0x555569812430_0 .net "norm", 0 0, L_0x555569824150;  1 drivers
v0x5555698124f0_0 .net "norm_d1", 0 0, v0x55556980f500_0;  1 drivers
v0x5555698125b0_0 .net "round", 0 0, L_0x555569824a60;  1 drivers
v0x555569812650_0 .net "roundingadder_n86", 19 0, L_0x555569829590;  1 drivers
v0x555569812720_0 .net "sign", 0 0, L_0x5555697f9c50;  1 drivers
v0x5555698127c0_0 .net "sign_d1", 0 0, v0x55556980f0e0_0;  1 drivers
v0x555569812880_0 .net "significandmultiplication_n29", 21 0, L_0x5555698258f0;  1 drivers
v0x555569812970_0 .net "sigprod", 21 0, L_0x555569823da0;  1 drivers
v0x555569812a30_0 .net "sigprodext", 21 0, L_0x5555698244f0;  1 drivers
v0x555569812b10_0 .net "sigprodext_d1", 21 0, v0x55556980f5c0_0;  1 drivers
v0x555569812bf0_0 .net "sigx", 10 0, L_0x555569823c10;  1 drivers
v0x555569812ce0_0 .net "sigy", 10 0, L_0x555569823d30;  1 drivers
v0x555569812db0_0 .net "sticky", 0 0, L_0x555569824800;  1 drivers
E_0x555569771590 .event anyedge, v0x55556980eca0_0, v0x55556980d890_0, v0x55556980d970_0;
E_0x5555697a9c50 .event anyedge, v0x55556980e720_0;
E_0x5555697aaa10 .event anyedge, v0x555569810f10_0;
L_0x555569824450 .part o0x7ed8bfc12648, 18, 1;
L_0x555569824f90 .part o0x7ed8bfc12678, 18, 1;
L_0x5555698252e0 .part o0x7ed8bfc12648, 10, 8;
L_0x555569825420 .part o0x7ed8bfc12678, 10, 8;
L_0x555569825590 .concat [ 8 2 0 0], L_0x5555697fa280, L_0x7ed8bfbc9060;
L_0x5555698256d0 .concat [ 8 2 0 0], L_0x5555697f14d0, L_0x7ed8bfbc90a8;
L_0x555569825850 .arith/sum 10, L_0x555569825590, L_0x5555698256d0;
L_0x555569825a50 .arith/sub 10, v0x55556980f1a0_0, v0x55556980f280_0;
L_0x555569825c30 .part o0x7ed8bfc12648, 0, 10;
L_0x555569825cd0 .concat [ 10 1 0 0], L_0x555569825c30, L_0x7ed8bfbc90f0;
L_0x555569825ec0 .part o0x7ed8bfc12678, 0, 10;
L_0x555569825f60 .concat [ 10 1 0 0], L_0x555569825ec0, L_0x7ed8bfbc9138;
L_0x555569826310 .part o0x7ed8bfc12648, 19, 2;
L_0x5555698263b0 .part o0x7ed8bfc12678, 19, 2;
L_0x5555698264d0 .concat [ 2 2 0 0], L_0x5555698263b0, L_0x555569826310;
L_0x5555698265c0 .cmp/eq 4, L_0x555569823f00, L_0x7ed8bfbc9180;
L_0x555569826790 .cmp/eq 4, L_0x555569823f00, L_0x7ed8bfbc91c8;
L_0x555569826920 .cmp/eq 4, L_0x555569823f00, L_0x7ed8bfbc9210;
L_0x555569826d00 .cmp/eq 4, L_0x555569823f00, L_0x7ed8bfbc9258;
L_0x555569826da0 .cmp/eq 4, L_0x555569823f00, L_0x7ed8bfbc92a0;
L_0x555569826a50 .cmp/eq 4, L_0x555569823f00, L_0x7ed8bfbc92e8;
L_0x5555698270a0 .cmp/eq 4, L_0x555569823f00, L_0x7ed8bfbc9330;
L_0x555569827470 .concat [ 1 1 1 0], L_0x555569826af0, L_0x555569826d00, L_0x555569827250;
L_0x555569827600 .part L_0x555569823da0, 21, 1;
L_0x555569827810 .concat [ 1 9 0 0], v0x55556980f500_0, L_0x7ed8bfbc9378;
L_0x555569827950 .arith/sum 10, L_0x555569823b40, L_0x555569827810;
L_0x555569827c30 .part L_0x555569823da0, 0, 21;
L_0x555569827cd0 .concat [ 1 21 0 0], L_0x7ed8bfbc93c0, L_0x555569827c30;
L_0x555569827f00 .functor MUXZ 22, L_0x555569828230, L_0x555569827cd0, L_0x555569824150, C4<>;
L_0x555569828090 .part L_0x555569823da0, 0, 20;
L_0x555569828230 .concat [ 2 20 0 0], L_0x7ed8bfbc9408, L_0x555569828090;
L_0x555569828370 .part v0x55556980f5c0_0, 12, 10;
L_0x555569828570 .concat [ 10 10 0 0], L_0x555569828370, L_0x555569824380;
L_0x555569828700 .part L_0x5555698244f0, 11, 1;
L_0x555569828960 .part L_0x5555698244f0, 0, 11;
L_0x555569828a00 .cmp/eq 11, L_0x555569828960, L_0x7ed8bfbc9450;
L_0x555569828c70 .functor MUXZ 1, L_0x7ed8bfbc94e0, L_0x7ed8bfbc9498, L_0x555569828a00, C4<>;
L_0x555569828e50 .part L_0x5555698244f0, 12, 1;
L_0x555569829150 .part L_0x5555698244f0, 12, 1;
L_0x555569829bd0 .part L_0x555569824bf0, 18, 2;
L_0x555569829e10 .cmp/eq 2, L_0x555569829bd0, L_0x7ed8bfbc95b8;
L_0x555569829f50 .cmp/eq 2, L_0x555569829bd0, L_0x7ed8bfbc9600;
L_0x55556982a1a0 .cmp/eq 2, L_0x555569829bd0, L_0x7ed8bfbc9648;
L_0x55556982a2d0 .cmp/eq 2, L_0x555569829bd0, L_0x7ed8bfbc9690;
L_0x55556982a5d0 .concat [ 1 1 1 0], L_0x555569829e10, L_0x555569829f50, L_0x555569829840;
L_0x55556982a760 .cmp/eq 2, v0x55556980f420_0, L_0x7ed8bfbc96d8;
L_0x55556982aa20 .cmp/eq 2, v0x55556980f420_0, L_0x7ed8bfbc9720;
L_0x555569829460 .cmp/eq 2, v0x55556980f420_0, L_0x7ed8bfbc9768;
L_0x55556982b000 .concat [ 1 2 0 0], v0x55556980f0e0_0, v0x55556980ed60_0;
L_0x55556982b140 .part L_0x555569824bf0, 0, 18;
L_0x55556982b380 .concat [ 18 3 0 0], L_0x55556982b140, L_0x55556982b000;
S_0x5555697ecc80 .scope module, "roundingadder" "intadder_20_freq500_uid9" 2 330, 2 1 0, S_0x5555697f6510;
 .timescale 0 0;
    .port_info 0 /INPUT 1 "clk";
    .port_info 1 /INPUT 20 "x";
    .port_info 2 /INPUT 20 "y";
    .port_info 3 /INPUT 1 "cin";
    .port_info 4 /OUTPUT 20 "r";
L_0x555569829590 .functor BUFZ 20, L_0x555569829600, C4<00000000000000000000>, C4<00000000000000000000>, C4<00000000000000000000>;
L_0x555569829600 .functor BUFZ 20, L_0x555569829a40, C4<00000000000000000000>, C4<00000000000000000000>, C4<00000000000000000000>;
L_0x7ed8bfbc9528 .functor BUFT 1, C4<0000000000000000000>, C4<0>, C4<0>, C4<0>;
v0x5555697f9a60_0 .net/2u *"_ivl_10", 18 0, L_0x7ed8bfbc9528;  1 drivers
v0x5555697f9d60_0 .net "cin", 0 0, L_0x555569824a60;  alias, 1 drivers
v0x5555697fa040_0 .net "cin_d1", 0 0, v0x55556980ad20_0;  1 drivers
v0x5555697fa390_0 .net "clk", 0 0, o0x7ed8bfc120a8;  alias, 0 drivers
v0x5555697f17d0_0 .net "n134", 19 0, L_0x5555698297a0;  1 drivers
v0x5555697e2490_0 .net "n135", 19 0, L_0x555569829900;  1 drivers
v0x5555697e1cf0_0 .net "n136", 19 0, L_0x555569829a40;  1 drivers
v0x55556980ac40_0 .var "n137", 19 0;
v0x55556980ad20_0 .var "n138", 0 0;
v0x55556980ade0_0 .net "r", 19 0, L_0x555569829590;  alias, 1 drivers
v0x55556980aec0_0 .net "rtmp", 19 0, L_0x555569829600;  1 drivers
v0x55556980afa0_0 .net "x", 19 0, L_0x555569824740;  alias, 1 drivers
L_0x7ed8bfbc9570 .functor BUFT 1, C4<00000000000000000000>, C4<0>, C4<0>, C4<0>;
v0x55556980b080_0 .net "y", 19 0, L_0x7ed8bfbc9570;  1 drivers
v0x55556980b160_0 .net "y_d1", 19 0, v0x55556980ac40_0;  1 drivers
E_0x5555697956a0 .event posedge, v0x5555697fa390_0;
L_0x5555698297a0 .arith/sum 20, L_0x555569824740, v0x55556980ac40_0;
L_0x555569829900 .concat [ 1 19 0 0], v0x55556980ad20_0, L_0x7ed8bfbc9528;
L_0x555569829a40 .arith/sum 20, L_0x5555698297a0, L_0x555569829900;
S_0x5555697f2a10 .scope module, "significandmultiplication" "intmultiplier_11x11_22_freq500_uid5" 2 247, 2 36 0, S_0x5555697f6510;
 .timescale 0 0;
    .port_info 0 /INPUT 1 "clk";
    .port_info 1 /INPUT 11 "x";
    .port_info 2 /INPUT 11 "y";
    .port_info 3 /OUTPUT 22 "r";
L_0x5555698258f0 .functor BUFZ 22, L_0x555569826160, C4<0000000000000000000000>, C4<0000000000000000000000>, C4<0000000000000000000000>;
L_0x555569826160 .functor BUFZ 22, L_0x555569826220, C4<0000000000000000000000>, C4<0000000000000000000000>, C4<0000000000000000000000>;
v0x55556980b300_0 .net "clk", 0 0, o0x7ed8bfc120a8;  alias, 0 drivers
L_0x7ed8bfbc97b0 .functor BUFT 1, C4<00000000000zzzzzzzzzzz>, C4<0>, C4<0>, C4<0>;
v0x55556980b3a0_0 .net "n124", 21 0, L_0x7ed8bfbc97b0;  1 drivers
L_0x7ed8bfbc97f8 .functor BUFT 1, C4<00000000000zzzzzzzzzzz>, C4<0>, C4<0>, C4<0>;
v0x55556980b460_0 .net "n125", 21 0, L_0x7ed8bfbc97f8;  1 drivers
v0x55556980b520_0 .net "n126", 21 0, L_0x555569826220;  1 drivers
v0x55556980b600_0 .net "r", 21 0, L_0x5555698258f0;  alias, 1 drivers
v0x55556980b730_0 .net "rr", 21 0, L_0x555569826160;  1 drivers
v0x55556980b810_0 .net "x", 10 0, L_0x555569823c10;  alias, 1 drivers
o0x7ed8bfc124c8 .functor BUFZ 11, c4<zzzzzzzzzzz>; HiZ drive
v0x55556980b8f0_0 .net "xx", 10 0, o0x7ed8bfc124c8;  0 drivers
v0x55556980b9d0_0 .net "y", 10 0, L_0x555569823d30;  alias, 1 drivers
o0x7ed8bfc12528 .functor BUFZ 11, c4<zzzzzzzzzzz>; HiZ drive
v0x55556980bab0_0 .net "yy", 10 0, o0x7ed8bfc12528;  0 drivers
L_0x555569826220 .arith/mult 22, L_0x7ed8bfbc97b0, L_0x7ed8bfbc97f8;
    .scope S_0x5555697ecc80;
T_0 ;
    %wait E_0x5555697956a0;
    %load/vec4 v0x55556980b080_0;
    %assign/vec4 v0x55556980ac40_0, 0;
    %jmp T_0;
    .thread T_0;
    .scope S_0x5555697ecc80;
T_1 ;
    %wait E_0x5555697956a0;
    %load/vec4 v0x5555697f9d60_0;
    %assign/vec4 v0x55556980ad20_0, 0;
    %jmp T_1;
    .thread T_1;
    .scope S_0x5555697f6510;
T_2 ;
    %wait E_0x5555697aaa10;
    %load/vec4 v0x555569810f10_0;
    %dup/vec4;
    %pushi/vec4 4, 0, 3;
    %cmp/u;
    %jmp/1 T_2.0, 6;
    %dup/vec4;
    %pushi/vec4 2, 0, 3;
    %cmp/u;
    %jmp/1 T_2.1, 6;
    %dup/vec4;
    %pushi/vec4 1, 0, 3;
    %cmp/u;
    %jmp/1 T_2.2, 6;
    %pushi/vec4 3, 0, 2;
    %store/vec4 v0x555569810ff0_0, 0, 2;
    %jmp T_2.4;
T_2.0 ;
    %pushi/vec4 2, 0, 2;
    %store/vec4 v0x555569810ff0_0, 0, 2;
    %jmp T_2.4;
T_2.1 ;
    %pushi/vec4 1, 0, 2;
    %store/vec4 v0x555569810ff0_0, 0, 2;
    %jmp T_2.4;
T_2.2 ;
    %pushi/vec4 0, 0, 2;
    %store/vec4 v0x555569810ff0_0, 0, 2;
    %jmp T_2.4;
T_2.4 ;
    %pop/vec4 1;
    %jmp T_2;
    .thread T_2, $push;
    .scope S_0x5555697f6510;
T_3 ;
    %wait E_0x5555697a9c50;
    %load/vec4 v0x55556980e720_0;
    %dup/vec4;
    %pushi/vec4 4, 0, 3;
    %cmp/u;
    %jmp/1 T_3.0, 6;
    %dup/vec4;
    %pushi/vec4 2, 0, 3;
    %cmp/u;
    %jmp/1 T_3.1, 6;
    %dup/vec4;
    %pushi/vec4 1, 0, 3;
    %cmp/u;
    %jmp/1 T_3.2, 6;
    %pushi/vec4 3, 0, 2;
    %store/vec4 v0x55556980e800_0, 0, 2;
    %jmp T_3.4;
T_3.0 ;
    %pushi/vec4 0, 0, 2;
    %store/vec4 v0x55556980e800_0, 0, 2;
    %jmp T_3.4;
T_3.1 ;
    %pushi/vec4 2, 0, 2;
    %store/vec4 v0x55556980e800_0, 0, 2;
    %jmp T_3.4;
T_3.2 ;
    %pushi/vec4 1, 0, 2;
    %store/vec4 v0x55556980e800_0, 0, 2;
    %jmp T_3.4;
T_3.4 ;
    %pop/vec4 1;
    %jmp T_3;
    .thread T_3, $push;
    .scope S_0x5555697f6510;
T_4 ;
    %wait E_0x555569771590;
    %load/vec4 v0x55556980eca0_0;
    %dup/vec4;
    %pushi/vec4 1, 0, 1;
    %cmp/u;
    %jmp/1 T_4.0, 6;
    %load/vec4 v0x55556980d970_0;
    %store/vec4 v0x55556980ed60_0, 0, 2;
    %jmp T_4.2;
T_4.0 ;
    %load/vec4 v0x55556980d890_0;
    %store/vec4 v0x55556980ed60_0, 0, 2;
    %jmp T_4.2;
T_4.2 ;
    %pop/vec4 1;
    %jmp T_4;
    .thread T_4, $push;
    .scope S_0x5555697f6510;
T_5 ;
    %wait E_0x5555697956a0;
    %load/vec4 v0x555569812720_0;
    %assign/vec4 v0x55556980f0e0_0, 0;
    %jmp T_5;
    .thread T_5;
    .scope S_0x5555697f6510;
T_6 ;
    %wait E_0x5555697956a0;
    %load/vec4 v0x55556980e080_0;
    %assign/vec4 v0x55556980f1a0_0, 0;
    %jmp T_6;
    .thread T_6;
    .scope S_0x5555697f6510;
T_7 ;
    %wait E_0x5555697956a0;
    %load/vec4 v0x55556980d550_0;
    %assign/vec4 v0x55556980f280_0, 0;
    %jmp T_7;
    .thread T_7;
    .scope S_0x5555697f6510;
T_8 ;
    %wait E_0x5555697956a0;
    %load/vec4 v0x55556980d7b0_0;
    %assign/vec4 v0x55556980f420_0, 0;
    %jmp T_8;
    .thread T_8;
    .scope S_0x5555697f6510;
T_9 ;
    %wait E_0x5555697956a0;
    %load/vec4 v0x555569812430_0;
    %assign/vec4 v0x55556980f500_0, 0;
    %jmp T_9;
    .thread T_9;
    .scope S_0x5555697f6510;
T_10 ;
    %wait E_0x5555697956a0;
    %load/vec4 v0x555569812a30_0;
    %assign/vec4 v0x55556980f5c0_0, 0;
    %jmp T_10;
    .thread T_10;
# The file index is used to find the file name in the following table.
:file_names 3;
    "N/A";
    "<interactive>";
    "fpmulttf32_ghdl.v";
