#! /opt/oss-cad-suite/bin/vvp
:ivl_version "13.0 (devel)" "(s20250103-31-g7e238e7ca)";
:ivl_delay_selection "TYPICAL";
:vpi_time_precision + 0;
:vpi_module "/opt/oss-cad-suite/lib/ivl/system.vpi";
:vpi_module "/opt/oss-cad-suite/lib/ivl/vhdl_sys.vpi";
:vpi_module "/opt/oss-cad-suite/lib/ivl/vhdl_textio.vpi";
:vpi_module "/opt/oss-cad-suite/lib/ivl/v2005_math.vpi";
:vpi_module "/opt/oss-cad-suite/lib/ivl/va_math.vpi";
S_0x55556b627e60 .scope module, "top_module" "top_module" 2 1;
 .timescale 0 0;
    .port_info 0 /INPUT 1 "clk";
    .port_info 1 /INPUT 8 "X";
    .port_info 2 /INPUT 8 "Y";
    .port_info 3 /OUTPUT 16 "R";
L_0x55556b6747f0 .functor BUFZ 16, L_0x55556b674880, C4<0000000000000000>, C4<0000000000000000>, C4<0000000000000000>;
L_0x55556b674880 .functor BUFZ 16, L_0x55556b674f60, C4<0000000000000000>, C4<0000000000000000>, C4<0000000000000000>;
v0x55556b628080_0 .net "R", 15 0, L_0x55556b6747f0;  1 drivers
o0x7cf4a0267048 .functor BUFZ 8, c4<zzzzzzzz>; HiZ drive
v0x55556b673bc0_0 .net "X", 7 0, o0x7cf4a0267048;  0 drivers
o0x7cf4a0267078 .functor BUFZ 8, c4<zzzzzzzz>; HiZ drive
v0x55556b673ca0_0 .net "Y", 7 0, o0x7cf4a0267078;  0 drivers
v0x55556b673d60_0 .net *"_ivl_11", 0 0, L_0x55556b674bf0;  1 drivers
v0x55556b673e40_0 .net *"_ivl_13", 7 0, L_0x55556b674cc0;  1 drivers
v0x55556b673f20_0 .net *"_ivl_5", 0 0, L_0x55556b6748f0;  1 drivers
v0x55556b674000_0 .net *"_ivl_7", 7 0, L_0x55556b674990;  1 drivers
o0x7cf4a0267168 .functor BUFZ 1, c4<z>; HiZ drive
v0x55556b6740e0_0 .net "clk", 0 0, o0x7cf4a0267168;  0 drivers
v0x55556b6741a0_0 .net "n1", 15 0, L_0x55556b674ab0;  1 drivers
v0x55556b674310_0 .net "n2", 15 0, L_0x55556b674de0;  1 drivers
v0x55556b6743f0_0 .net "n3", 15 0, L_0x55556b674f60;  1 drivers
v0x55556b6744d0_0 .net "rr", 15 0, L_0x55556b674880;  1 drivers
o0x7cf4a0267258 .functor BUFZ 8, c4<zzzzzzzz>; HiZ drive
v0x55556b6745b0_0 .net "xx", 7 0, o0x7cf4a0267258;  0 drivers
o0x7cf4a0267288 .functor BUFZ 8, c4<zzzzzzzz>; HiZ drive
v0x55556b674690_0 .net "yy", 7 0, o0x7cf4a0267288;  0 drivers
L_0x55556b6748f0 .part o0x7cf4a0267258, 7, 1;
L_0x55556b674990 .repeat 8, 8, L_0x55556b6748f0;
L_0x55556b674ab0 .concat [ 8 8 0 0], o0x7cf4a0267258, L_0x55556b674990;
L_0x55556b674bf0 .part o0x7cf4a0267288, 7, 1;
L_0x55556b674cc0 .repeat 8, 8, L_0x55556b674bf0;
L_0x55556b674de0 .concat [ 8 8 0 0], o0x7cf4a0267288, L_0x55556b674cc0;
L_0x55556b674f60 .arith/mult 16, L_0x55556b674ab0, L_0x55556b674de0;
# The file index is used to find the file name in the following table.
:file_names 3;
    "N/A";
    "<interactive>";
    "mult8_ghdl.v";
