#! /opt/oss-cad-suite/bin/vvp
:ivl_version "13.0 (devel)" "(s20250103-31-g7e238e7ca)";
:ivl_delay_selection "TYPICAL";
:vpi_time_precision + 0;
:vpi_module "/opt/oss-cad-suite/lib/ivl/system.vpi";
:vpi_module "/opt/oss-cad-suite/lib/ivl/vhdl_sys.vpi";
:vpi_module "/opt/oss-cad-suite/lib/ivl/vhdl_textio.vpi";
:vpi_module "/opt/oss-cad-suite/lib/ivl/v2005_math.vpi";
:vpi_module "/opt/oss-cad-suite/lib/ivl/va_math.vpi";
S_0x555581834190 .scope module, "top_module" "top_module" 2 650;
 .timescale 0 0;
    .port_info 0 /INPUT 1 "clk";
    .port_info 1 /INPUT 18 "X";
    .port_info 2 /INPUT 18 "Y";
    .port_info 3 /OUTPUT 18 "R";
P_0x55558167cd40 .param/l "n269" 1 2 893, C4<000000000000000000>;
L_0x555581809c80 .functor BUFZ 18, L_0x55558181ab00, C4<000000000000000000>, C4<000000000000000000>, C4<000000000000000000>;
L_0x555581809fb0 .functor BUFZ 17, L_0x5555818198a0, C4<00000000000000000>, C4<00000000000000000>, C4<00000000000000000>;
L_0x55558180a2e0 .functor BUFZ 17, L_0x555581817f50, C4<00000000000000000>, C4<00000000000000000>, C4<00000000000000000>;
L_0x55558180a610 .functor BUFZ 1, L_0x555581807a90, C4<0>, C4<0>, C4<0>;
L_0x55558180a940 .functor BUFZ 6, L_0x555581805630, C4<000000>, C4<000000>, C4<000000>;
L_0x55558180ac70 .functor BUFZ 6, L_0x555581804950, C4<000000>, C4<000000>, C4<000000>;
L_0x55558180afa0 .functor BUFZ 6, L_0x555581803e10, C4<000000>, C4<000000>, C4<000000>;
L_0x555581817a00 .functor BUFZ 18, L_0x5555817b8480, C4<000000000000000000>, C4<000000000000000000>, C4<000000000000000000>;
L_0x5555818172b0 .functor BUFZ 18, L_0x55558180fb50, C4<000000000000000000>, C4<000000000000000000>, C4<000000000000000000>;
L_0x5555818146f0 .functor BUFZ 6, L_0x55558180fc40, C4<000000>, C4<000000>, C4<000000>;
L_0x555581810220 .functor BUFZ 2, L_0x555581842840, C4<00>, C4<00>, C4<00>;
L_0x55558181b370 .functor BUFZ 2, L_0x5555818428e0, C4<00>, C4<00>, C4<00>;
L_0x555581805f00 .functor BUFZ 1, L_0x555581808a30, C4<0>, C4<0>, C4<0>;
L_0x5555817c1c80 .functor BUFZ 1, L_0x555581842b20, C4<0>, C4<0>, C4<0>;
L_0x5555817c1450 .functor BUFZ 1, L_0x555581842c80, C4<0>, C4<0>, C4<0>;
L_0x5555817be300 .functor BUFZ 1, v0x5555818223e0_0, C4<0>, C4<0>, C4<0>;
L_0x5555817d44b0 .functor BUFZ 1, v0x555581821aa0_0, C4<0>, C4<0>, C4<0>;
L_0x5555817c0340 .functor BUFZ 1, v0x555581821b60_0, C4<0>, C4<0>, C4<0>;
L_0x5555817bf4d0 .functor BUFZ 1, v0x5555818203e0_0, C4<0>, C4<0>, C4<0>;
L_0x5555818282c0 .functor BUFZ 6, L_0x555581843130, C4<000000>, C4<000000>, C4<000000>;
L_0x555581827540 .functor BUFZ 10, L_0x5555817c1cf0, C4<0000000000>, C4<0000000000>, C4<0000000000>;
L_0x555581827ee0 .functor BUFZ 2, v0x55558180ddd0_0, C4<00>, C4<00>, C4<00>;
L_0x5555817f01e0 .functor BUFZ 2, v0x55558181eba0_0, C4<00>, C4<00>, C4<00>;
L_0x5555817eef00 .functor BUFZ 2, v0x55558181ec80_0, C4<00>, C4<00>, C4<00>;
L_0x5555817ee730 .functor BUFZ 2, v0x55558181e450_0, C4<00>, C4<00>, C4<00>;
L_0x5555817ef000 .functor BUFZ 2, v0x55558181e530_0, C4<00>, C4<00>, C4<00>;
L_0x5555817ed680 .functor BUFZ 2, v0x55558181db70_0, C4<00>, C4<00>, C4<00>;
L_0x5555817ec330 .functor BUFZ 1, L_0x55558185d3f0, C4<0>, C4<0>, C4<0>;
L_0x5555817ea7b0 .functor BUFZ 1, v0x55558181d4c0_0, C4<0>, C4<0>, C4<0>;
L_0x5555817ea880 .functor BUFZ 1, v0x5555817fcad0_0, C4<0>, C4<0>, C4<0>;
L_0x5555817e9c50 .functor BUFZ 1, v0x5555817fcb90_0, C4<0>, C4<0>, C4<0>;
L_0x5555817e9d20 .functor BUFZ 1, v0x5555817fc6c0_0, C4<0>, C4<0>, C4<0>;
L_0x5555817f7d90 .functor BUFZ 1, v0x5555817fc780_0, C4<0>, C4<0>, C4<0>;
L_0x5555817f6bc0 .functor BUFZ 1, L_0x55558185d8f0, C4<0>, C4<0>, C4<0>;
L_0x5555817f6c30 .functor BUFZ 4, L_0x55558185e280, C4<0000>, C4<0000>, C4<0000>;
L_0x5555817f6ca0 .functor BUFZ 12, L_0x55558185e3c0, C4<000000000000>, C4<000000000000>, C4<000000000000>;
L_0x5555817f5770 .functor BUFZ 1, L_0x55558185e430, C4<0>, C4<0>, C4<0>;
L_0x5555817f5850 .functor BUFZ 13, L_0x555581862990, C4<0000000000000>, C4<0000000000000>, C4<0000000000000>;
L_0x5555817f5340 .functor BUFZ 13, L_0x555581863200, C4<0000000000000>, C4<0000000000000>, C4<0000000000000>;
L_0x5555817f3f10 .functor BUFZ 13, L_0x555581863600, C4<0000000000000>, C4<0000000000000>, C4<0000000000000>;
L_0x5555817f3f80 .functor BUFZ 13, L_0x555581863fd0, C4<0000000000000>, C4<0000000000000>, C4<0000000000000>;
L_0x5555817f3ff0 .functor BUFZ 1, L_0x555581864640, C4<0>, C4<0>, C4<0>;
L_0x5555817f2d40 .functor BUFZ 13, L_0x5555818647a0, C4<0000000000000>, C4<0000000000000>, C4<0000000000000>;
L_0x5555817f2de0 .functor BUFZ 14, L_0x555581866cc0, C4<00000000000000>, C4<00000000000000>, C4<00000000000000>;
L_0x5555817f2450 .functor BUFZ 4, L_0x555581866280, C4<0000>, C4<0000>, C4<0000>;
L_0x555581840f80 .functor BUFZ 14, L_0x555581865990, C4<00000000000000>, C4<00000000000000>, C4<00000000000000>;
L_0x555581841240 .functor BUFZ 7, L_0x55558186a510, C4<0000000>, C4<0000000>, C4<0000000>;
L_0x5555818412e0 .functor BUFZ 7, v0x5555817faf10_0, C4<0000000>, C4<0000000>, C4<0000000>;
L_0x5555817f24c0 .functor BUFZ 7, v0x5555817faff0_0, C4<0000000>, C4<0000000>, C4<0000000>;
L_0x5555817f2590 .functor BUFZ 7, v0x5555817f97e0_0, C4<0000000>, C4<0000000>, C4<0000000>;
L_0x5555818413b0 .functor BUFZ 7, v0x5555817f98c0_0, C4<0000000>, C4<0000000>, C4<0000000>;
L_0x555581841480 .functor BUFZ 7, v0x5555817e37f0_0, C4<0000000>, C4<0000000>, C4<0000000>;
L_0x5555817f19c0 .functor BUFZ 8, L_0x55558186aee0, C4<00000000>, C4<00000000>, C4<00000000>;
L_0x5555817f14c0 .functor BUFZ 1, L_0x55558186b470, C4<0>, C4<0>, C4<0>;
L_0x555581816e00 .functor BUFZ 18, L_0x55558186ba10, C4<000000000000000000>, C4<000000000000000000>, C4<000000000000000000>;
L_0x555581816e70 .functor BUFZ 1, L_0x555581812e30, C4<0>, C4<0>, C4<0>;
L_0x5555818169e0 .functor BUFZ 1, L_0x55558186c440, C4<0>, C4<0>, C4<0>;
L_0x555581816ab0 .functor BUFZ 1, L_0x55558186c4e0, C4<0>, C4<0>, C4<0>;
L_0x555581815340 .functor BUFZ 1, L_0x55558186c360, C4<0>, C4<0>, C4<0>;
L_0x555581815400 .functor BUFZ 18, L_0x55558186cf30, C4<000000000000000000>, C4<000000000000000000>, C4<000000000000000000>;
L_0x555581814170 .functor BUFZ 2, L_0x55558186d7a0, C4<00>, C4<00>, C4<00>;
L_0x5555818141e0 .functor BUFZ 9, L_0x55558186dbf0, C4<000000000>, C4<000000000>, C4<000000000>;
L_0x555581813e20 .functor BUFZ 6, L_0x55558186dce0, C4<000000>, C4<000000>, C4<000000>;
L_0x555581812780 .functor BUFZ 4, L_0x55558186e0f0, C4<0000>, C4<0000>, C4<0000>;
L_0x555581811660 .functor BUFZ 2, L_0x555581870990, C4<00>, C4<00>, C4<00>;
L_0x555581811240 .functor BUFZ 1, L_0x555581871820, C4<0>, C4<0>, C4<0>;
L_0x55558181ab00 .functor BUFZ 18, L_0x555581872030, C4<000000000000000000>, C4<000000000000000000>, C4<000000000000000000>;
L_0x555581804d80 .functor NOT 1, L_0x55558180a610, C4<0>, C4<0>, C4<0>;
L_0x5555818070a0 .functor NOT 1, L_0x55558180a610, C4<0>, C4<0>, C4<0>;
L_0x555581803280 .functor NOT 1, L_0x55558180a610, C4<0>, C4<0>, C4<0>;
L_0x555581842c80 .functor XOR 1, v0x5555818231a0_0, v0x555581823260_0, C4<0>, C4<0>;
L_0x555581853c30 .functor OR 1, L_0x555581853900, L_0x555581853b40, C4<0>, C4<0>;
L_0x555581854200 .functor OR 1, L_0x555581853c30, L_0x555581854050, C4<0>, C4<0>;
L_0x5555818543b0 .functor OR 1, L_0x555581854200, L_0x555581854310, C4<0>, C4<0>;
L_0x555581854ae0 .functor OR 1, L_0x5555818547e0, L_0x5555818549f0, C4<0>, C4<0>;
L_0x555581854e10 .functor OR 1, L_0x555581854ae0, L_0x555581854bf0, C4<0>, C4<0>;
L_0x555581855340 .functor OR 1, L_0x555581854e10, L_0x555581855250, C4<0>, C4<0>;
L_0x555581854ce0 .functor OR 1, L_0x555581855340, L_0x555581855450, C4<0>, C4<0>;
L_0x555581855ab0 .functor OR 1, L_0x555581854ce0, L_0x5555818559c0, C4<0>, C4<0>;
L_0x555581855e00 .functor OR 1, L_0x555581855ab0, L_0x555581855bc0, C4<0>, C4<0>;
L_0x555581856350 .functor OR 1, L_0x555581855e00, L_0x555581856260, C4<0>, C4<0>;
L_0x5555818566b0 .functor OR 1, L_0x555581856350, L_0x555581856460, C4<0>, C4<0>;
L_0x555581856c10 .functor OR 1, L_0x5555818566b0, L_0x555581856b20, C4<0>, C4<0>;
L_0x555581856f80 .functor OR 1, L_0x555581856c10, L_0x555581856d20, C4<0>, C4<0>;
L_0x5555818574f0 .functor OR 1, L_0x555581856f80, L_0x555581857400, C4<0>, C4<0>;
L_0x555581857960 .functor OR 1, L_0x555581857600, L_0x555581857870, C4<0>, C4<0>;
L_0x555581858070 .functor OR 1, L_0x555581857960, L_0x555581857df0, C4<0>, C4<0>;
L_0x555581858270 .functor OR 1, L_0x555581858070, L_0x555581858180, C4<0>, C4<0>;
L_0x5555818589a0 .functor OR 1, L_0x555581858270, L_0x555581858710, C4<0>, C4<0>;
L_0x555581858ba0 .functor OR 1, L_0x5555818589a0, L_0x555581858ab0, C4<0>, C4<0>;
L_0x5555818592f0 .functor OR 1, L_0x555581858ba0, L_0x555581859050, C4<0>, C4<0>;
L_0x5555818594f0 .functor OR 1, L_0x5555818592f0, L_0x555581859400, C4<0>, C4<0>;
L_0x555581859c60 .functor OR 1, L_0x5555818594f0, L_0x5555818599b0, C4<0>, C4<0>;
L_0x555581859e60 .functor OR 1, L_0x555581859c60, L_0x555581859d70, C4<0>, C4<0>;
L_0x55558185a5f0 .functor OR 1, L_0x555581859e60, L_0x55558185a330, C4<0>, C4<0>;
L_0x55558185aa00 .functor OR 1, L_0x55558185a5f0, L_0x55558185a910, C4<0>, C4<0>;
L_0x55558185b1b0 .functor OR 1, L_0x55558185aa00, L_0x55558185aee0, C4<0>, C4<0>;
L_0x55558185b3b0 .functor OR 1, L_0x55558185b1b0, L_0x55558185b2c0, C4<0>, C4<0>;
L_0x55558185bb80 .functor OR 1, L_0x55558185b3b0, L_0x55558185b8a0, C4<0>, C4<0>;
L_0x55558185bd80 .functor OR 1, L_0x55558185bb80, L_0x55558185bc90, C4<0>, C4<0>;
L_0x55558185c570 .functor OR 1, L_0x55558185bd80, L_0x55558185c280, C4<0>, C4<0>;
L_0x55558185c770 .functor OR 1, L_0x55558185c570, L_0x55558185c680, C4<0>, C4<0>;
L_0x55558185d2e0 .functor OR 1, L_0x55558185cf30, L_0x55558185cfd0, C4<0>, C4<0>;
L_0x55558185ddb0 .functor NOT 1, L_0x5555817f6bc0, C4<0>, C4<0>, C4<0>;
L_0x555581863600 .functor XOR 13, L_0x5555817f5850, v0x5555817fbc90_0, C4<0000000000000>, C4<0000000000000>;
L_0x555581864160 .functor NOT 1, L_0x5555817f5770, C4<0>, C4<0>, C4<0>;
L_0x555581864640 .functor AND 1, v0x5555818224a0_0, L_0x555581864160, C4<1>, C4<1>;
L_0x55558186a5b0 .functor OR 1, L_0x55558186bba0, L_0x55558186bf20, C4<0>, C4<0>;
L_0x555581812e30 .functor OR 1, L_0x55558186a5b0, L_0x555581864220, C4<0>, C4<0>;
L_0x55558186c880 .functor AND 1, L_0x555581816e70, L_0x5555818169e0, C4<1>, C4<1>;
L_0x55558186c010 .functor NOT 1, L_0x555581816e70, C4<0>, C4<0>, C4<0>;
L_0x55558186c080 .functor AND 1, L_0x55558186c010, L_0x5555818169e0, C4<1>, C4<1>;
L_0x55558186c140 .functor AND 1, L_0x555581816ab0, L_0x55558186c080, C4<1>, C4<1>;
L_0x55558186c250 .functor OR 1, L_0x55558186c880, L_0x55558186c140, C4<0>, C4<0>;
L_0x55558186d460 .functor OR 1, L_0x55558186e230, L_0x55558186e6a0, C4<0>, C4<0>;
L_0x55558186eca0 .functor OR 1, L_0x55558186d460, L_0x55558186e830, C4<0>, C4<0>;
L_0x55558186ca80 .functor OR 1, L_0x55558186eca0, L_0x55558186c990, C4<0>, C4<0>;
L_0x55558186cc80 .functor OR 1, L_0x55558186ca80, L_0x55558186cb90, C4<0>, C4<0>;
L_0x55558186ee50 .functor OR 1, L_0x55558186cc80, L_0x55558186edb0, C4<0>, C4<0>;
L_0x55558186fd60 .functor OR 1, L_0x55558186f050, L_0x55558186f140, C4<0>, C4<0>;
L_0x55558186f660 .functor OR 1, L_0x55558186fd60, L_0x55558186f570, C4<0>, C4<0>;
L_0x55558186f860 .functor OR 1, L_0x55558186f660, L_0x55558186f770, C4<0>, C4<0>;
L_0x55558186ff60 .functor OR 1, L_0x55558186f860, L_0x55558186fe70, C4<0>, C4<0>;
L_0x55558186f970 .functor AND 1, v0x55558181efa0_0, v0x5555817e30e0_0, C4<1>, C4<1>;
L_0x5555818707c0 .functor NOT 1, L_0x555581870680, C4<0>, C4<0>, C4<0>;
L_0x555581870880 .functor AND 1, L_0x5555818707c0, L_0x55558186f970, C4<1>, C4<1>;
L_0x555581871710 .functor AND 1, v0x5555818204a0_0, v0x5555817e3020_0, C4<1>, C4<1>;
v0x5555817ac360_0 .net "R", 17 0, L_0x555581809c80;  1 drivers
o0x7317d0ce42e8 .functor BUFZ 18, c4<zzzzzzzzzzzzzzzzzz>; HiZ drive
v0x5555817ac440_0 .net "X", 17 0, o0x7317d0ce42e8;  0 drivers
o0x7317d0ce4318 .functor BUFZ 18, c4<zzzzzzzzzzzzzzzzzz>; HiZ drive
v0x5555817abf70_0 .net "Y", 17 0, o0x7317d0ce4318;  0 drivers
L_0x7317d0c98018 .functor BUFT 1, C4<1>, C4<0>, C4<0>, C4<0>;
v0x5555817ac030_0 .net/2u *"_ivl_196", 0 0, L_0x7317d0c98018;  1 drivers
L_0x7317d0c98060 .functor BUFT 1, C4<0>, C4<0>, C4<0>, C4<0>;
v0x5555817abb80_0 .net/2u *"_ivl_198", 0 0, L_0x7317d0c98060;  1 drivers
L_0x7317d0c980a8 .functor BUFT 1, C4<00>, C4<0>, C4<0>, C4<0>;
v0x5555817abc40_0 .net/2u *"_ivl_244", 1 0, L_0x7317d0c980a8;  1 drivers
L_0x7317d0c980f0 .functor BUFT 1, C4<0000000000>, C4<0>, C4<0>, C4<0>;
v0x5555817ab790_0 .net/2u *"_ivl_248", 9 0, L_0x7317d0c980f0;  1 drivers
L_0x7317d0c98138 .functor BUFT 1, C4<1>, C4<0>, C4<0>, C4<0>;
v0x5555817ab870_0 .net/2u *"_ivl_254", 0 0, L_0x7317d0c98138;  1 drivers
L_0x7317d0c98180 .functor BUFT 1, C4<000000>, C4<0>, C4<0>, C4<0>;
v0x5555817ab3d0_0 .net/2u *"_ivl_258", 5 0, L_0x7317d0c98180;  1 drivers
L_0x7317d0c981c8 .functor BUFT 1, C4<010000>, C4<0>, C4<0>, C4<0>;
v0x5555817ab4b0_0 .net/2u *"_ivl_262", 5 0, L_0x7317d0c981c8;  1 drivers
L_0x7317d0c98210 .functor BUFT 1, C4<100000>, C4<0>, C4<0>, C4<0>;
v0x5555817aafe0_0 .net/2u *"_ivl_268", 5 0, L_0x7317d0c98210;  1 drivers
L_0x7317d0c98258 .functor BUFT 1, C4<110000>, C4<0>, C4<0>, C4<0>;
v0x5555817ab0c0_0 .net/2u *"_ivl_274", 5 0, L_0x7317d0c98258;  1 drivers
L_0x7317d0c982a0 .functor BUFT 1, C4<000101>, C4<0>, C4<0>, C4<0>;
v0x5555817aac20_0 .net/2u *"_ivl_280", 5 0, L_0x7317d0c982a0;  1 drivers
L_0x7317d0c982e8 .functor BUFT 1, C4<010101>, C4<0>, C4<0>, C4<0>;
v0x5555817aad00_0 .net/2u *"_ivl_284", 5 0, L_0x7317d0c982e8;  1 drivers
L_0x7317d0c98330 .functor BUFT 1, C4<100101>, C4<0>, C4<0>, C4<0>;
v0x5555817aa830_0 .net/2u *"_ivl_290", 5 0, L_0x7317d0c98330;  1 drivers
L_0x7317d0c98378 .functor BUFT 1, C4<110101>, C4<0>, C4<0>, C4<0>;
v0x5555817aa910_0 .net/2u *"_ivl_296", 5 0, L_0x7317d0c98378;  1 drivers
L_0x7317d0c983c0 .functor BUFT 1, C4<000100>, C4<0>, C4<0>, C4<0>;
v0x5555817aa470_0 .net/2u *"_ivl_302", 5 0, L_0x7317d0c983c0;  1 drivers
L_0x7317d0c98408 .functor BUFT 1, C4<010100>, C4<0>, C4<0>, C4<0>;
v0x5555817aa510_0 .net/2u *"_ivl_308", 5 0, L_0x7317d0c98408;  1 drivers
L_0x7317d0c98450 .functor BUFT 1, C4<100100>, C4<0>, C4<0>, C4<0>;
v0x5555817aa080_0 .net/2u *"_ivl_314", 5 0, L_0x7317d0c98450;  1 drivers
L_0x7317d0c98498 .functor BUFT 1, C4<110100>, C4<0>, C4<0>, C4<0>;
v0x5555817aa140_0 .net/2u *"_ivl_320", 5 0, L_0x7317d0c98498;  1 drivers
L_0x7317d0c984e0 .functor BUFT 1, C4<000001>, C4<0>, C4<0>, C4<0>;
v0x5555817a9cc0_0 .net/2u *"_ivl_326", 5 0, L_0x7317d0c984e0;  1 drivers
L_0x7317d0c98528 .functor BUFT 1, C4<010001>, C4<0>, C4<0>, C4<0>;
v0x5555817a9da0_0 .net/2u *"_ivl_332", 5 0, L_0x7317d0c98528;  1 drivers
L_0x7317d0c98570 .functor BUFT 1, C4<100001>, C4<0>, C4<0>, C4<0>;
v0x5555817a9900_0 .net/2u *"_ivl_338", 5 0, L_0x7317d0c98570;  1 drivers
L_0x7317d0c985b8 .functor BUFT 1, C4<110001>, C4<0>, C4<0>, C4<0>;
v0x5555817a99e0_0 .net/2u *"_ivl_344", 5 0, L_0x7317d0c985b8;  1 drivers
L_0x7317d0c98600 .functor BUFT 1, C4<111010>, C4<0>, C4<0>, C4<0>;
v0x5555817a9510_0 .net/2u *"_ivl_350", 5 0, L_0x7317d0c98600;  1 drivers
L_0x7317d0c98648 .functor BUFT 1, C4<001010>, C4<0>, C4<0>, C4<0>;
v0x5555817a95f0_0 .net/2u *"_ivl_354", 5 0, L_0x7317d0c98648;  1 drivers
L_0x7317d0c98690 .functor BUFT 1, C4<001000>, C4<0>, C4<0>, C4<0>;
v0x5555817a9150_0 .net/2u *"_ivl_360", 5 0, L_0x7317d0c98690;  1 drivers
L_0x7317d0c986d8 .functor BUFT 1, C4<011000>, C4<0>, C4<0>, C4<0>;
v0x5555817a9230_0 .net/2u *"_ivl_366", 5 0, L_0x7317d0c986d8;  1 drivers
L_0x7317d0c98720 .functor BUFT 1, C4<101000>, C4<0>, C4<0>, C4<0>;
v0x5555817a8d60_0 .net/2u *"_ivl_372", 5 0, L_0x7317d0c98720;  1 drivers
L_0x7317d0c98768 .functor BUFT 1, C4<111000>, C4<0>, C4<0>, C4<0>;
v0x5555817a8e40_0 .net/2u *"_ivl_378", 5 0, L_0x7317d0c98768;  1 drivers
L_0x7317d0c987b0 .functor BUFT 1, C4<000010>, C4<0>, C4<0>, C4<0>;
v0x5555817bc170_0 .net/2u *"_ivl_384", 5 0, L_0x7317d0c987b0;  1 drivers
L_0x7317d0c987f8 .functor BUFT 1, C4<010010>, C4<0>, C4<0>, C4<0>;
v0x5555817bc250_0 .net/2u *"_ivl_390", 5 0, L_0x7317d0c987f8;  1 drivers
L_0x7317d0c98840 .functor BUFT 1, C4<100010>, C4<0>, C4<0>, C4<0>;
v0x5555817bbd80_0 .net/2u *"_ivl_396", 5 0, L_0x7317d0c98840;  1 drivers
L_0x7317d0c98888 .functor BUFT 1, C4<110010>, C4<0>, C4<0>, C4<0>;
v0x5555817bbe60_0 .net/2u *"_ivl_402", 5 0, L_0x7317d0c98888;  1 drivers
L_0x7317d0c988d0 .functor BUFT 1, C4<001001>, C4<0>, C4<0>, C4<0>;
v0x5555817bb9c0_0 .net/2u *"_ivl_408", 5 0, L_0x7317d0c988d0;  1 drivers
L_0x7317d0c98918 .functor BUFT 1, C4<011001>, C4<0>, C4<0>, C4<0>;
v0x5555817bbaa0_0 .net/2u *"_ivl_414", 5 0, L_0x7317d0c98918;  1 drivers
L_0x7317d0c98960 .functor BUFT 1, C4<101001>, C4<0>, C4<0>, C4<0>;
v0x5555817bb600_0 .net/2u *"_ivl_420", 5 0, L_0x7317d0c98960;  1 drivers
L_0x7317d0c989a8 .functor BUFT 1, C4<111001>, C4<0>, C4<0>, C4<0>;
v0x5555817bb6e0_0 .net/2u *"_ivl_426", 5 0, L_0x7317d0c989a8;  1 drivers
L_0x7317d0c989f0 .functor BUFT 1, C4<000110>, C4<0>, C4<0>, C4<0>;
v0x5555817bb210_0 .net/2u *"_ivl_432", 5 0, L_0x7317d0c989f0;  1 drivers
L_0x7317d0c98a38 .functor BUFT 1, C4<010110>, C4<0>, C4<0>, C4<0>;
v0x5555817bb2f0_0 .net/2u *"_ivl_438", 5 0, L_0x7317d0c98a38;  1 drivers
L_0x7317d0c98a80 .functor BUFT 1, C4<100110>, C4<0>, C4<0>, C4<0>;
v0x5555817a89a0_0 .net/2u *"_ivl_444", 5 0, L_0x7317d0c98a80;  1 drivers
L_0x7317d0c98ac8 .functor BUFT 1, C4<110110>, C4<0>, C4<0>, C4<0>;
v0x5555817a8a80_0 .net/2u *"_ivl_450", 5 0, L_0x7317d0c98ac8;  1 drivers
L_0x7317d0c98b10 .functor BUFT 1, C4<100000>, C4<0>, C4<0>, C4<0>;
v0x5555817bae20_0 .net/2u *"_ivl_458", 5 0, L_0x7317d0c98b10;  1 drivers
L_0x7317d0c98b58 .functor BUFT 1, C4<010000>, C4<0>, C4<0>, C4<0>;
v0x5555817baf00_0 .net/2u *"_ivl_462", 5 0, L_0x7317d0c98b58;  1 drivers
L_0x7317d0c98ba0 .functor BUFT 1, C4<0>, C4<0>, C4<0>, C4<0>;
v0x5555817baa60_0 .net/2u *"_ivl_468", 0 0, L_0x7317d0c98ba0;  1 drivers
L_0x7317d0c98be8 .functor BUFT 1, C4<001011>, C4<0>, C4<0>, C4<0>;
v0x5555817bab40_0 .net/2u *"_ivl_472", 5 0, L_0x7317d0c98be8;  1 drivers
L_0x7317d0c98c30 .functor BUFT 1, C4<1>, C4<0>, C4<0>, C4<0>;
v0x5555817ba670_0 .net/2u *"_ivl_476", 0 0, L_0x7317d0c98c30;  1 drivers
L_0x7317d0c98c78 .functor BUFT 1, C4<0>, C4<0>, C4<0>, C4<0>;
v0x5555817ba750_0 .net/2u *"_ivl_478", 0 0, L_0x7317d0c98c78;  1 drivers
L_0x7317d0c98cc0 .functor BUFT 1, C4<1100>, C4<0>, C4<0>, C4<0>;
v0x5555817ba2b0_0 .net/2u *"_ivl_486", 3 0, L_0x7317d0c98cc0;  1 drivers
L_0x7317d0c991d0 .functor BUFT 1, C4<0>, C4<0>, C4<0>, C4<0>;
v0x5555817ba390_0 .net/2u *"_ivl_490", 0 0, L_0x7317d0c991d0;  1 drivers
L_0x7317d0c99218 .functor BUFT 1, C4<01>, C4<0>, C4<0>, C4<0>;
v0x5555817b9ec0_0 .net/2u *"_ivl_506", 1 0, L_0x7317d0c99218;  1 drivers
L_0x7317d0c99260 .functor BUFT 1, C4<00>, C4<0>, C4<0>, C4<0>;
v0x5555817b9fa0_0 .net/2u *"_ivl_510", 1 0, L_0x7317d0c99260;  1 drivers
L_0x7317d0c998d8 .functor BUFT 1, C4<0>, C4<0>, C4<0>, C4<0>;
v0x5555817b9b00_0 .net/2u *"_ivl_520", 0 0, L_0x7317d0c998d8;  1 drivers
L_0x7317d0c99920 .functor BUFT 1, C4<0000001>, C4<0>, C4<0>, C4<0>;
v0x5555817b9be0_0 .net/2u *"_ivl_524", 6 0, L_0x7317d0c99920;  1 drivers
L_0x7317d0c99968 .functor BUFT 1, C4<0>, C4<0>, C4<0>, C4<0>;
v0x5555817b9740_0 .net/2u *"_ivl_528", 0 0, L_0x7317d0c99968;  1 drivers
L_0x7317d0c999b0 .functor BUFT 1, C4<0000>, C4<0>, C4<0>, C4<0>;
v0x5555817b9820_0 .net/2u *"_ivl_532", 3 0, L_0x7317d0c999b0;  1 drivers
L_0x7317d0c999f8 .functor BUFT 1, C4<1111>, C4<0>, C4<0>, C4<0>;
v0x5555817b9380_0 .net/2u *"_ivl_538", 3 0, L_0x7317d0c999f8;  1 drivers
L_0x7317d0c99a40 .functor BUFT 1, C4<1>, C4<0>, C4<0>, C4<0>;
v0x5555817b9460_0 .net/2u *"_ivl_542", 0 0, L_0x7317d0c99a40;  1 drivers
L_0x7317d0c99a88 .functor BUFT 1, C4<0>, C4<0>, C4<0>, C4<0>;
v0x5555817b8fc0_0 .net/2u *"_ivl_544", 0 0, L_0x7317d0c99a88;  1 drivers
L_0x7317d0c99ad0 .functor BUFT 1, C4<1>, C4<0>, C4<0>, C4<0>;
v0x5555817b90a0_0 .net/2u *"_ivl_576", 0 0, L_0x7317d0c99ad0;  1 drivers
L_0x7317d0c99b18 .functor BUFT 1, C4<0>, C4<0>, C4<0>, C4<0>;
v0x5555817b8c00_0 .net/2u *"_ivl_578", 0 0, L_0x7317d0c99b18;  1 drivers
L_0x7317d0c99bf0 .functor BUFT 1, C4<0000>, C4<0>, C4<0>, C4<0>;
v0x5555817b8ce0_0 .net/2u *"_ivl_592", 3 0, L_0x7317d0c99bf0;  1 drivers
L_0x7317d0c99c38 .functor BUFT 1, C4<0100>, C4<0>, C4<0>, C4<0>;
v0x5555817a85e0_0 .net/2u *"_ivl_596", 3 0, L_0x7317d0c99c38;  1 drivers
L_0x7317d0c99c80 .functor BUFT 1, C4<1000>, C4<0>, C4<0>, C4<0>;
v0x5555817a86c0_0 .net/2u *"_ivl_602", 3 0, L_0x7317d0c99c80;  1 drivers
L_0x7317d0c99cc8 .functor BUFT 1, C4<1100>, C4<0>, C4<0>, C4<0>;
v0x5555817b8840_0 .net/2u *"_ivl_608", 3 0, L_0x7317d0c99cc8;  1 drivers
L_0x7317d0c99d10 .functor BUFT 1, C4<1001>, C4<0>, C4<0>, C4<0>;
v0x5555816d2fe0_0 .net/2u *"_ivl_614", 3 0, L_0x7317d0c99d10;  1 drivers
L_0x7317d0c99d58 .functor BUFT 1, C4<1101>, C4<0>, C4<0>, C4<0>;
v0x5555817b88e0_0 .net/2u *"_ivl_620", 3 0, L_0x7317d0c99d58;  1 drivers
L_0x7317d0c99da0 .functor BUFT 1, C4<0001>, C4<0>, C4<0>, C4<0>;
v0x5555817b80c0_0 .net/2u *"_ivl_626", 3 0, L_0x7317d0c99da0;  1 drivers
L_0x7317d0c99de8 .functor BUFT 1, C4<0010>, C4<0>, C4<0>, C4<0>;
v0x5555817b8180_0 .net/2u *"_ivl_630", 3 0, L_0x7317d0c99de8;  1 drivers
L_0x7317d0c99e30 .functor BUFT 1, C4<0110>, C4<0>, C4<0>, C4<0>;
v0x5555817b7cd0_0 .net/2u *"_ivl_634", 3 0, L_0x7317d0c99e30;  1 drivers
L_0x7317d0c99e78 .functor BUFT 1, C4<1010>, C4<0>, C4<0>, C4<0>;
v0x5555817b7db0_0 .net/2u *"_ivl_640", 3 0, L_0x7317d0c99e78;  1 drivers
L_0x7317d0c99ec0 .functor BUFT 1, C4<1110>, C4<0>, C4<0>, C4<0>;
v0x5555817b78e0_0 .net/2u *"_ivl_646", 3 0, L_0x7317d0c99ec0;  1 drivers
L_0x7317d0c99f08 .functor BUFT 1, C4<0101>, C4<0>, C4<0>, C4<0>;
v0x5555817b79c0_0 .net/2u *"_ivl_652", 3 0, L_0x7317d0c99f08;  1 drivers
L_0x7317d0c99f50 .functor BUFT 1, C4<11>, C4<0>, C4<0>, C4<0>;
v0x5555817b7520_0 .net/2u *"_ivl_662", 1 0, L_0x7317d0c99f50;  1 drivers
L_0x7317d0c99f98 .functor BUFT 1, C4<00>, C4<0>, C4<0>, C4<0>;
v0x5555817b7600_0 .net/2u *"_ivl_670", 1 0, L_0x7317d0c99f98;  1 drivers
L_0x7317d0c99fe0 .functor BUFT 1, C4<0>, C4<0>, C4<0>, C4<0>;
v0x5555817b7160_0 .net/2u *"_ivl_676", 0 0, L_0x7317d0c99fe0;  1 drivers
v0x5555817b7240_0 .net "cinsigadd", 0 0, L_0x5555817f3ff0;  1 drivers
o0x7317d0ce11f8 .functor BUFZ 1, c4<z>; HiZ drive
v0x5555817b6d70_0 .net "clk", 0 0, o0x7317d0ce11f8;  0 drivers
v0x5555817b6e10_0 .net "computedr", 17 0, L_0x55558181ab00;  1 drivers
v0x5555817b6980_0 .net "effsub", 0 0, L_0x5555817c1450;  1 drivers
v0x5555817b6a40_0 .net "effsub_d1", 0 0, L_0x5555817be300;  1 drivers
v0x5555817b6590_0 .net "effsub_d2", 0 0, v0x5555818224a0_0;  1 drivers
v0x5555817b6650_0 .net "effsub_d3", 0 0, L_0x5555817d44b0;  1 drivers
v0x5555817a81f0_0 .net "effsub_d4", 0 0, L_0x5555817c0340;  1 drivers
v0x5555817a8290_0 .net "effsub_d5", 0 0, L_0x5555817bf4d0;  1 drivers
v0x5555817b61a0_0 .net "effsub_d6", 0 0, v0x5555818204a0_0;  1 drivers
v0x5555817b6260_0 .net "effsub_d7", 0 0, v0x55558181efa0_0;  1 drivers
v0x5555817b5db0_0 .net "effsubvector", 12 0, L_0x5555817f5340;  1 drivers
v0x5555817b5e70_0 .net "effsubvector_d1", 12 0, v0x5555817fbc90_0;  1 drivers
v0x5555817b59c0_0 .net "eqdiffsign", 0 0, L_0x5555817f14c0;  1 drivers
v0x5555817b5a80_0 .net "eqdiffsign_d1", 0 0, v0x5555817e3020_0;  1 drivers
v0x5555817b5600_0 .net "eqdiffsign_d2", 0 0, v0x5555817e30e0_0;  1 drivers
v0x5555817b56a0_0 .net "excexpfracx", 16 0, L_0x555581809fb0;  1 drivers
v0x5555817b5240_0 .net "excexpfracy", 16 0, L_0x55558180a2e0;  1 drivers
v0x5555817b5300_0 .net "excr", 1 0, L_0x555581811660;  1 drivers
v0x5555817b4e50_0 .net "excrt", 1 0, L_0x555581827ee0;  1 drivers
v0x5555817b4f30_0 .net "excrt2", 1 0, v0x55558182cd50_0;  1 drivers
v0x5555817b4a90_0 .net "excrt_d1", 1 0, L_0x5555817f01e0;  1 drivers
v0x5555817b4b50_0 .net "excrt_d2", 1 0, L_0x5555817eef00;  1 drivers
v0x5555817b46d0_0 .net "excrt_d3", 1 0, L_0x5555817ee730;  1 drivers
v0x5555817b47b0_0 .net "excrt_d4", 1 0, L_0x5555817ef000;  1 drivers
v0x5555817b4310_0 .net "excrt_d5", 1 0, L_0x5555817ed680;  1 drivers
v0x5555817b43d0_0 .net "excrt_d6", 1 0, v0x55558181dc50_0;  1 drivers
v0x5555817b3f50_0 .net "excrt_d7", 1 0, v0x55558181d3e0_0;  1 drivers
v0x5555817b4030_0 .net "excx", 1 0, L_0x555581810220;  1 drivers
v0x5555817a7e30_0 .net "excy", 1 0, L_0x55558181b370;  1 drivers
v0x5555817a7f10_0 .net "excy_d1", 1 0, v0x555581823670_0;  1 drivers
v0x5555817b3b90_0 .net "exexpexc", 3 0, L_0x555581812780;  1 drivers
v0x5555817b3c50_0 .net "exexpexc_d1", 3 0, v0x5555817e12c0_0;  1 drivers
v0x5555817b37d0_0 .net "exmey", 5 0, L_0x55558180a940;  1 drivers
v0x5555817b38b0_0 .net "expdiff", 5 0, L_0x55558180afa0;  1 drivers
v0x5555817b33e0_0 .net "expdiff_d1", 5 0, v0x5555818239a0_0;  1 drivers
v0x5555817b34c0_0 .net "expfrac", 17 0, L_0x555581816e00;  1 drivers
v0x5555817b3020_0 .net "expr", 5 0, L_0x555581813e20;  1 drivers
v0x5555817b30e0_0 .net "expr_d1", 5 0, v0x5555817e2730_0;  1 drivers
v0x5555817b2c60_0 .net "expx", 5 0, L_0x5555818146f0;  1 drivers
v0x5555817b2d40_0 .net "expx_d1", 5 0, v0x555581823590_0;  1 drivers
v0x5555818261a0_0 .net "extendedexpinc", 6 0, L_0x555581841240;  1 drivers
v0x555581826280_0 .net "extendedexpinc_d1", 6 0, L_0x5555818412e0;  1 drivers
v0x555581825db0_0 .net "extendedexpinc_d2", 6 0, L_0x5555817f24c0;  1 drivers
v0x555581825e90_0 .net "extendedexpinc_d3", 6 0, L_0x5555817f2590;  1 drivers
v0x5555818259c0_0 .net "extendedexpinc_d4", 6 0, L_0x5555818413b0;  1 drivers
v0x555581825aa0_0 .net "extendedexpinc_d5", 6 0, L_0x555581841480;  1 drivers
v0x555581825600_0 .net "extendedexpinc_d6", 6 0, v0x5555817e38d0_0;  1 drivers
v0x5555818256e0_0 .net "eymex", 5 0, L_0x55558180ac70;  1 drivers
v0x555581827160_0 .net "fracadder_n227", 12 0, L_0x5555818647a0;  1 drivers
v0x555581827250_0 .net "fracaddresult", 12 0, L_0x5555817f2d40;  1 drivers
v0x555581826d70_0 .net "fracr", 8 0, L_0x5555818141e0;  1 drivers
v0x555581826e50_0 .net "fracr_d1", 8 0, v0x5555817e2650_0;  1 drivers
v0x555581826980_0 .net "fracsticky", 13 0, L_0x5555817f2de0;  1 drivers
v0x555581826a70_0 .net "fracxpad", 12 0, L_0x5555817f3f80;  1 drivers
v0x555581826590_0 .net "fracy", 9 0, L_0x555581827540;  1 drivers
v0x555581826660_0 .net "fracypad", 12 0, L_0x5555817f5850;  1 drivers
v0x555581825240_0 .net "fracypadxorop", 12 0, L_0x5555817f3f10;  1 drivers
v0x555581825330_0 .net "lsb", 0 0, L_0x555581816ab0;  1 drivers
v0x5555817e4bd0_0 .net "lzcandshifter_n231", 3 0, L_0x555581866280;  1 drivers
v0x5555817e4cc0_0 .net "lzcandshifter_n232", 13 0, L_0x555581865990;  1 drivers
v0x5555817e4840_0 .net "n100", 0 0, L_0x5555818547e0;  1 drivers
v0x5555817e48e0_0 .net "n102", 0 0, L_0x5555818549f0;  1 drivers
v0x5555817e4480_0 .net "n103", 0 0, L_0x555581854ae0;  1 drivers
v0x5555817e4540_0 .net "n105", 0 0, L_0x555581854bf0;  1 drivers
v0x5555817e80e0_0 .net "n106", 0 0, L_0x555581854e10;  1 drivers
v0x5555817e8180_0 .net "n108", 0 0, L_0x555581855250;  1 drivers
v0x5555817e7d80_0 .net "n109", 0 0, L_0x555581855340;  1 drivers
v0x5555817e7e40_0 .net "n111", 0 0, L_0x555581855450;  1 drivers
v0x5555817e79c0_0 .net "n112", 0 0, L_0x555581854ce0;  1 drivers
v0x5555817e7a60_0 .net "n114", 0 0, L_0x5555818559c0;  1 drivers
v0x5555817e75d0_0 .net "n115", 0 0, L_0x555581855ab0;  1 drivers
v0x5555817e7690_0 .net "n117", 0 0, L_0x555581855bc0;  1 drivers
v0x5555817e4090_0 .net "n118", 0 0, L_0x555581855e00;  1 drivers
v0x5555817e4130_0 .net "n120", 0 0, L_0x555581856260;  1 drivers
v0x5555817e7210_0 .net "n121", 0 0, L_0x555581856350;  1 drivers
v0x5555817e72d0_0 .net "n123", 0 0, L_0x555581856460;  1 drivers
v0x5555817e6e20_0 .net "n124", 0 0, L_0x5555818566b0;  1 drivers
v0x5555817e6ec0_0 .net "n126", 0 0, L_0x555581856b20;  1 drivers
v0x5555817e6a60_0 .net "n127", 0 0, L_0x555581856c10;  1 drivers
v0x5555817e6b20_0 .net "n129", 0 0, L_0x555581856d20;  1 drivers
v0x5555817e66a0_0 .net "n130", 0 0, L_0x555581856f80;  1 drivers
v0x5555817e6740_0 .net "n132", 0 0, L_0x555581857400;  1 drivers
v0x5555817e62b0_0 .net "n133", 0 0, L_0x5555818574f0;  1 drivers
v0x5555817e6370_0 .net "n136", 0 0, L_0x555581857600;  1 drivers
v0x5555817e5ef0_0 .net "n138", 0 0, L_0x555581857870;  1 drivers
v0x5555817e5f90_0 .net "n139", 0 0, L_0x555581857960;  1 drivers
v0x5555817e5b30_0 .net "n141", 0 0, L_0x555581857df0;  1 drivers
v0x5555817e5bf0_0 .net "n142", 0 0, L_0x555581858070;  1 drivers
v0x5555817e5740_0 .net "n144", 0 0, L_0x555581858180;  1 drivers
v0x5555817e57e0_0 .net "n145", 0 0, L_0x555581858270;  1 drivers
v0x5555817e5380_0 .net "n147", 0 0, L_0x555581858710;  1 drivers
v0x5555817e5440_0 .net "n148", 0 0, L_0x5555818589a0;  1 drivers
v0x5555817e4f90_0 .net "n150", 0 0, L_0x555581858ab0;  1 drivers
v0x5555817e5030_0 .net "n151", 0 0, L_0x555581858ba0;  1 drivers
v0x5555817e3cd0_0 .net "n153", 0 0, L_0x555581859050;  1 drivers
v0x5555817e3d90_0 .net "n154", 0 0, L_0x5555818592f0;  1 drivers
v0x55558180c9d0_0 .net "n156", 0 0, L_0x555581859400;  1 drivers
v0x55558180ca70_0 .net "n157", 0 0, L_0x5555818594f0;  1 drivers
v0x55558180c5e0_0 .net "n159", 0 0, L_0x5555818599b0;  1 drivers
v0x55558180c6a0_0 .net "n160", 0 0, L_0x555581859c60;  1 drivers
v0x55558180c220_0 .net "n162", 0 0, L_0x555581859d70;  1 drivers
v0x55558180c2c0_0 .net "n163", 0 0, L_0x555581859e60;  1 drivers
v0x55558180f7c0_0 .net "n165", 0 0, L_0x55558185a330;  1 drivers
v0x55558180f880_0 .net "n166", 0 0, L_0x55558185a5f0;  1 drivers
v0x55558180f400_0 .net "n168", 0 0, L_0x55558185a910;  1 drivers
v0x55558180f4a0_0 .net "n169", 0 0, L_0x55558185aa00;  1 drivers
v0x55558180be30_0 .net "n171", 0 0, L_0x55558185aee0;  1 drivers
v0x55558180bef0_0 .net "n172", 0 0, L_0x55558185b1b0;  1 drivers
v0x55558180f010_0 .net "n174", 0 0, L_0x55558185b2c0;  1 drivers
v0x55558180f0b0_0 .net "n175", 0 0, L_0x55558185b3b0;  1 drivers
v0x55558180ec50_0 .net "n177", 0 0, L_0x55558185b8a0;  1 drivers
v0x55558180ed10_0 .net "n178", 0 0, L_0x55558185bb80;  1 drivers
v0x55558180e860_0 .net "n180", 0 0, L_0x55558185bc90;  1 drivers
v0x55558180e900_0 .net "n181", 0 0, L_0x55558185bd80;  1 drivers
v0x55558180e4a0_0 .net "n183", 0 0, L_0x55558185c280;  1 drivers
v0x55558180e560_0 .net "n184", 0 0, L_0x55558185c570;  1 drivers
v0x55558180e0e0_0 .net "n186", 0 0, L_0x55558185c680;  1 drivers
v0x55558180e180_0 .net "n187", 0 0, L_0x55558185c770;  1 drivers
v0x55558180dcf0_0 .net "n189", 2 0, L_0x55558185cc80;  1 drivers
v0x55558180ddd0_0 .var "n190", 1 0;
v0x55558180d930_0 .net "n193", 0 0, L_0x55558185cf30;  1 drivers
v0x55558180d9d0_0 .net "n195", 0 0, L_0x55558185cfd0;  1 drivers
v0x55558180d540_0 .net "n196", 0 0, L_0x55558185d2e0;  1 drivers
v0x55558180d600_0 .net "n197", 0 0, L_0x55558185d3f0;  1 drivers
v0x55558180d180_0 .net "n200", 0 0, L_0x55558185d580;  1 drivers
v0x55558180d220_0 .net "n201", 0 0, L_0x55558185d8f0;  1 drivers
v0x55558180cdc0_0 .net "n203", 3 0, L_0x55558185dad0;  1 drivers
v0x55558180cea0_0 .net "n204", 0 0, L_0x55558185ddb0;  1 drivers
v0x55558180ba70_0 .net "n205", 3 0, L_0x55558185e280;  1 drivers
v0x55558180bb50_0 .net "n214", 12 0, L_0x555581862990;  1 drivers
v0x5555817fdfb0_0 .net "n215", 3 0, L_0x555581862d70;  1 drivers
v0x5555817fe070_0 .net "n216", 3 0, L_0x555581862e60;  1 drivers
v0x5555817fdbc0_0 .net "n217", 3 0, L_0x555581863160;  1 drivers
v0x5555817fdca0_0 .net "n218", 12 0, L_0x555581863200;  1 drivers
v0x5555817fd7d0_0 .net "n219", 12 0, L_0x555581863600;  1 drivers
v0x5555817fd890_0 .net "n220", 8 0, L_0x555581863760;  1 drivers
v0x555581802510_0 .net "n222", 10 0, L_0x555581863c10;  1 drivers
v0x5555818025f0_0 .net "n224", 12 0, L_0x555581863fd0;  1 drivers
v0x555581802150_0 .net "n225", 0 0, L_0x555581864160;  1 drivers
v0x5555818021f0_0 .net "n226", 0 0, L_0x555581864640;  1 drivers
v0x555581801d90_0 .net "n230", 13 0, L_0x555581866cc0;  1 drivers
v0x555581801e70_0 .net "n238", 6 0, L_0x55558186a3d0;  1 drivers
v0x5555818019a0_0 .net "n241", 6 0, L_0x55558186a510;  1 drivers
v0x555581801a60_0 .net "n243", 7 0, L_0x55558186a9b0;  1 drivers
v0x5555818015b0_0 .net "n245", 7 0, L_0x55558186aaf0;  1 drivers
v0x555581801690_0 .net "n246", 7 0, L_0x55558186aee0;  1 drivers
v0x5555818011f0_0 .net "n249", 0 0, L_0x55558186b070;  1 drivers
v0x555581801290_0 .net "n250", 0 0, L_0x55558186b470;  1 drivers
v0x555581800e00_0 .net "n252", 9 0, L_0x55558186b650;  1 drivers
v0x555581800ee0_0 .net "n253", 17 0, L_0x55558186ba10;  1 drivers
v0x555581800a10_0 .net "n254", 0 0, L_0x55558186bba0;  1 drivers
v0x555581800ab0_0 .net "n255", 0 0, L_0x55558186bf20;  1 drivers
v0x5555817fd410_0 .net "n256", 0 0, L_0x55558186a5b0;  1 drivers
v0x5555817fd4d0_0 .net "n257", 0 0, L_0x555581864220;  1 drivers
v0x555581800620_0 .net "n258", 0 0, L_0x555581812e30;  1 drivers
v0x5555818006c0_0 .net "n259", 0 0, L_0x55558186c440;  1 drivers
v0x555581800230_0 .net "n260", 0 0, L_0x55558186c4e0;  1 drivers
v0x5555818002f0_0 .net "n262", 0 0, L_0x55558186c880;  1 drivers
v0x5555817ffe70_0 .net "n263", 0 0, L_0x55558186c010;  1 drivers
v0x5555817fff10_0 .net "n264", 0 0, L_0x55558186c080;  1 drivers
v0x5555817ffab0_0 .net "n265", 0 0, L_0x55558186c140;  1 drivers
v0x5555817ffb70_0 .net "n266", 0 0, L_0x55558186c250;  1 drivers
v0x555581835e00_0 .net "n267", 0 0, L_0x55558186c360;  1 drivers
v0x555581835ea0_0 .net "n273", 1 0, L_0x55558186d7a0;  1 drivers
v0x555581835610_0 .net "n274", 8 0, L_0x55558186dbf0;  1 drivers
v0x5555818356f0_0 .net "n275", 5 0, L_0x55558186dce0;  1 drivers
v0x5555818351f0_0 .net "n276", 3 0, L_0x55558186e0f0;  1 drivers
v0x5555818352d0_0 .net "n279", 0 0, L_0x55558186e230;  1 drivers
v0x555581834a00_0 .net "n281", 0 0, L_0x55558186e6a0;  1 drivers
v0x555581834ac0_0 .net "n282", 0 0, L_0x55558186d460;  1 drivers
v0x5555818345f0_0 .net "n284", 0 0, L_0x55558186e830;  1 drivers
v0x5555818346b0_0 .net "n285", 0 0, L_0x55558186eca0;  1 drivers
v0x555581833a10_0 .net "n287", 0 0, L_0x55558186c990;  1 drivers
v0x555581833ad0_0 .net "n288", 0 0, L_0x55558186ca80;  1 drivers
v0x555581833130_0 .net "n290", 0 0, L_0x55558186cb90;  1 drivers
v0x5555818331f0_0 .net "n291", 0 0, L_0x55558186cc80;  1 drivers
v0x555581832510_0 .net "n293", 0 0, L_0x55558186edb0;  1 drivers
v0x5555818325d0_0 .net "n294", 0 0, L_0x55558186ee50;  1 drivers
v0x5555818318f0_0 .net "n297", 0 0, L_0x55558186ef60;  1 drivers
v0x5555818319b0_0 .net "n300", 0 0, L_0x55558186f050;  1 drivers
v0x555581830cd0_0 .net "n302", 0 0, L_0x55558186f140;  1 drivers
v0x555581830d90_0 .net "n303", 0 0, L_0x55558186fd60;  1 drivers
v0x55558182f0d0_0 .net "n305", 0 0, L_0x55558186f570;  1 drivers
v0x55558182f190_0 .net "n306", 0 0, L_0x55558186f660;  1 drivers
v0x55558182e4b0_0 .net "n308", 0 0, L_0x55558186f770;  1 drivers
v0x55558182e570_0 .net "n309", 0 0, L_0x55558186f860;  1 drivers
v0x55558182d890_0 .net "n311", 0 0, L_0x55558186fe70;  1 drivers
v0x55558182d950_0 .net "n312", 0 0, L_0x55558186ff60;  1 drivers
v0x55558182cc70_0 .net "n314", 2 0, L_0x555581870070;  1 drivers
v0x55558182cd50_0 .var "n315", 1 0;
v0x55558182c050_0 .net "n317", 0 0, L_0x55558186f970;  1 drivers
v0x55558182c110_0 .net "n319", 0 0, L_0x555581870680;  1 drivers
v0x55558182a800_0 .net "n320", 0 0, L_0x5555818707c0;  1 drivers
v0x55558182a8c0_0 .net "n321", 0 0, L_0x555581870880;  1 drivers
v0x555581824d60_0 .net "n322", 1 0, L_0x555581870990;  1 drivers
v0x555581824e40_0 .net "n324", 0 0, L_0x555581871710;  1 drivers
v0x555581824200_0 .net "n325", 0 0, L_0x555581871820;  1 drivers
v0x5555818242c0_0 .net "n326", 2 0, L_0x555581871a00;  1 drivers
v0x555581823dd0_0 .net "n327", 8 0, L_0x555581871ef0;  1 drivers
v0x555581823eb0_0 .net "n328", 17 0, L_0x555581872030;  1 drivers
v0x5555818239a0_0 .var "n329", 5 0;
v0x555581823a80_0 .var "n330", 17 0;
v0x555581823590_0 .var "n331", 5 0;
v0x555581823670_0 .var "n332", 1 0;
v0x5555818231a0_0 .var "n333", 0 0;
v0x555581823260_0 .var "n334", 0 0;
v0x5555818223e0_0 .var "n335", 0 0;
v0x5555818224a0_0 .var "n336", 0 0;
v0x555581821aa0_0 .var "n337", 0 0;
v0x555581821b60_0 .var "n338", 0 0;
v0x5555818203e0_0 .var "n339", 0 0;
v0x5555818204a0_0 .var "n340", 0 0;
v0x55558181efa0_0 .var "n341", 0 0;
v0x55558181f060_0 .var "n342", 5 0;
v0x55558181eba0_0 .var "n343", 1 0;
v0x55558181ec80_0 .var "n344", 1 0;
v0x55558181e450_0 .var "n345", 1 0;
v0x55558181e530_0 .var "n346", 1 0;
v0x55558181db70_0 .var "n347", 1 0;
v0x55558181dc50_0 .var "n348", 1 0;
v0x55558181d3e0_0 .var "n349", 1 0;
v0x55558181d4c0_0 .var "n350", 0 0;
v0x5555817fcad0_0 .var "n351", 0 0;
v0x5555817fcb90_0 .var "n352", 0 0;
v0x5555817fc6c0_0 .var "n353", 0 0;
v0x5555817fc780_0 .var "n354", 0 0;
v0x5555817fc3c0_0 .var "n355", 0 0;
v0x5555817fc480_0 .var "n356", 0 0;
v0x5555817fbc90_0 .var "n357", 12 0;
v0x5555817fbd70_0 .var "n358", 3 0;
v0x5555817faf10_0 .var "n359", 6 0;
v0x5555817faff0_0 .var "n360", 6 0;
v0x5555817f97e0_0 .var "n361", 6 0;
v0x5555817f98c0_0 .var "n362", 6 0;
v0x5555817e37f0_0 .var "n363", 6 0;
v0x5555817e38d0_0 .var "n364", 6 0;
v0x5555817e3020_0 .var "n365", 0 0;
v0x5555817e30e0_0 .var "n366", 0 0;
v0x5555817e2650_0 .var "n367", 8 0;
v0x5555817e2730_0 .var "n368", 5 0;
v0x5555817e12c0_0 .var "n369", 3 0;
v0x5555817e13a0_0 .var "n370", 0 0;
v0x5555817e0ad0_0 .net "n47", 1 0, L_0x5555817c1be0;  1 drivers
v0x5555817e0bb0_0 .net "n48", 14 0, L_0x55558181abc0;  1 drivers
v0x5555817df210_0 .net "n49", 16 0, L_0x5555818198a0;  1 drivers
v0x5555817df2f0_0 .net "n50", 1 0, L_0x555581819550;  1 drivers
v0x5555817de5f0_0 .net "n51", 14 0, L_0x555581819620;  1 drivers
v0x5555817de6d0_0 .net "n52", 16 0, L_0x555581817f50;  1 drivers
v0x5555817dd9d0_0 .net "n54", 0 0, L_0x555581807e70;  1 drivers
v0x5555817dda90_0 .net "n55", 0 0, L_0x555581807a90;  1 drivers
v0x5555817dcdb0_0 .net "n57", 5 0, L_0x555581807000;  1 drivers
v0x5555817dce90_0 .net "n58", 5 0, L_0x555581805530;  1 drivers
v0x5555817dc190_0 .net "n59", 5 0, L_0x555581805630;  1 drivers
v0x5555817dc270_0 .net "n60", 5 0, L_0x555581804ce0;  1 drivers
v0x5555817db570_0 .net "n61", 5 0, L_0x5555818048b0;  1 drivers
v0x5555817db650_0 .net "n62", 5 0, L_0x555581804950;  1 drivers
v0x5555817da950_0 .net "n63", 0 0, L_0x555581804d80;  1 drivers
v0x5555817daa10_0 .net "n64", 5 0, L_0x555581803e10;  1 drivers
v0x5555817d9d30_0 .net "n65", 0 0, L_0x5555818070a0;  1 drivers
v0x5555817d9df0_0 .net "n66", 17 0, L_0x5555817b8480;  1 drivers
v0x5555817d9110_0 .net "n67", 0 0, L_0x555581803280;  1 drivers
v0x5555817d91d0_0 .net "n68", 17 0, L_0x55558180fb50;  1 drivers
v0x5555817d84f0_0 .net "n69", 5 0, L_0x55558180fc40;  1 drivers
v0x5555817d85d0_0 .net "n70", 1 0, L_0x555581842840;  1 drivers
v0x5555817d78d0_0 .net "n71", 1 0, L_0x5555818428e0;  1 drivers
v0x5555817d79b0_0 .net "n72", 0 0, L_0x555581808a30;  1 drivers
v0x5555817d6cb0_0 .net "n73", 0 0, L_0x555581842b20;  1 drivers
v0x5555817d6d70_0 .net "n74", 0 0, L_0x555581842c80;  1 drivers
v0x5555817d6090_0 .net "n75", 1 0, L_0x555581842de0;  1 drivers
v0x5555817d6170_0 .net "n76", 3 0, L_0x555581842f20;  1 drivers
v0x5555817d5470_0 .net "n77", 5 0, L_0x555581843130;  1 drivers
v0x5555817d5550_0 .net "n81", 0 0, L_0x5555818432c0;  1 drivers
v0x5555817d4850_0 .net "n82", 9 0, L_0x5555817c1cf0;  1 drivers
v0x5555817d4930_0 .net "n83", 8 0, L_0x555581853540;  1 drivers
v0x5555817d3c30_0 .net "n85", 9 0, L_0x555581853770;  1 drivers
v0x5555817d3cf0_0 .net "n88", 0 0, L_0x555581853900;  1 drivers
v0x5555817d3010_0 .net "n90", 0 0, L_0x555581853b40;  1 drivers
v0x5555817d30d0_0 .net "n91", 0 0, L_0x555581853c30;  1 drivers
v0x5555817d1c00_0 .net "n93", 0 0, L_0x555581854050;  1 drivers
v0x5555817d1cc0_0 .net "n94", 0 0, L_0x555581854200;  1 drivers
v0x5555817d0fe0_0 .net "n96", 0 0, L_0x555581854310;  1 drivers
v0x5555817d10a0_0 .net "n97", 0 0, L_0x5555818543b0;  1 drivers
v0x5555817d03c0_0 .net "needtoround", 0 0, L_0x555581815340;  1 drivers
v0x5555817d0460_0 .net "newx", 17 0, L_0x555581817a00;  1 drivers
v0x5555817cf7a0_0 .net "newy", 17 0, L_0x5555818172b0;  1 drivers
v0x5555817cf880_0 .net "newy_d1", 17 0, v0x555581823a80_0;  1 drivers
v0x5555817ceb80_0 .net "nzerosnew", 3 0, L_0x5555817f2450;  1 drivers
v0x5555817cec40_0 .net "nzerosnew_d1", 3 0, v0x5555817fbd70_0;  1 drivers
v0x5555817cdf60_0 .net "rightshiftercomponent_n207", 11 0, L_0x55558185e3c0;  1 drivers
v0x5555817ce020_0 .net "rightshiftercomponent_n208", 0 0, L_0x55558185e430;  1 drivers
v0x5555817cd340_0 .net "rnd", 0 0, L_0x5555818169e0;  1 drivers
v0x5555817cd3e0_0 .net "roundedexpfrac", 17 0, L_0x555581815400;  1 drivers
v0x5555817cc720_0 .net "roundingadder_n270", 17 0, L_0x55558186cf30;  1 drivers
v0x5555817cc7e0_0 .net "shiftedfrac", 13 0, L_0x555581840f80;  1 drivers
v0x5555817cbb00_0 .net "shiftedfracy", 11 0, L_0x5555817f6ca0;  1 drivers
v0x5555817cbbe0_0 .net "shiftedout", 0 0, L_0x5555817f6bc0;  1 drivers
v0x5555817caee0_0 .net "shiftval", 3 0, L_0x5555817f6c30;  1 drivers
v0x5555817cafa0_0 .net "signr", 0 0, L_0x5555817ec330;  1 drivers
v0x5555817ca2c0_0 .net "signr2", 0 0, L_0x555581811240;  1 drivers
v0x5555817ca380_0 .net "signr2_d1", 0 0, v0x5555817e13a0_0;  1 drivers
v0x5555817c8eb0_0 .net "signr_d1", 0 0, L_0x5555817ea7b0;  1 drivers
v0x5555817c8f70_0 .net "signr_d2", 0 0, L_0x5555817ea880;  1 drivers
v0x5555817c8290_0 .net "signr_d3", 0 0, L_0x5555817e9c50;  1 drivers
v0x5555817c8350_0 .net "signr_d4", 0 0, L_0x5555817e9d20;  1 drivers
v0x5555817c7670_0 .net "signr_d5", 0 0, L_0x5555817f7d90;  1 drivers
v0x5555817c7730_0 .net "signr_d6", 0 0, v0x5555817fc3c0_0;  1 drivers
v0x5555817c6470_0 .net "signx", 0 0, L_0x555581805f00;  1 drivers
v0x5555817c6530_0 .net "signx_d1", 0 0, v0x5555818231a0_0;  1 drivers
v0x5555817c5670_0 .net "signy", 0 0, L_0x5555817c1c80;  1 drivers
v0x5555817c5730_0 .net "signy_d1", 0 0, v0x555581823260_0;  1 drivers
v0x5555817c3ae0_0 .net "sticky", 0 0, L_0x5555817f5770;  1 drivers
v0x5555817c3ba0_0 .net "sticky_d1", 0 0, v0x5555817fc480_0;  1 drivers
v0x5555817c3050_0 .net "stk", 0 0, L_0x555581816e70;  1 drivers
v0x5555817c3110_0 .net "swap", 0 0, L_0x55558180a610;  1 drivers
v0x5555817c2c40_0 .net "sxsyexnxy", 5 0, L_0x5555818282c0;  1 drivers
v0x5555817c2d20_0 .net "sxsyexnxy_d1", 5 0, v0x55558181f060_0;  1 drivers
v0x5555817c2830_0 .net "updatedexp", 7 0, L_0x5555817f19c0;  1 drivers
v0x5555817c2910_0 .net "upexc", 1 0, L_0x555581814170;  1 drivers
E_0x5555816d7d20 .event anyedge, v0x55558182cc70_0;
E_0x5555816d8070 .event anyedge, v0x55558180dcf0_0;
L_0x5555817c1be0 .part o0x7317d0ce42e8, 16, 2;
L_0x55558181abc0 .part o0x7317d0ce42e8, 0, 15;
L_0x5555818198a0 .concat [ 15 2 0 0], L_0x55558181abc0, L_0x5555817c1be0;
L_0x555581819550 .part o0x7317d0ce4318, 16, 2;
L_0x555581819620 .part o0x7317d0ce4318, 0, 15;
L_0x555581817f50 .concat [ 15 2 0 0], L_0x555581819620, L_0x555581819550;
L_0x555581807e70 .cmp/gt 17, L_0x55558180a2e0, L_0x555581809fb0;
L_0x555581807a90 .functor MUXZ 1, L_0x7317d0c98060, L_0x7317d0c98018, L_0x555581807e70, C4<>;
L_0x555581807000 .part o0x7317d0ce42e8, 9, 6;
L_0x555581805530 .part o0x7317d0ce4318, 9, 6;
L_0x555581805630 .arith/sub 6, L_0x555581807000, L_0x555581805530;
L_0x555581804ce0 .part o0x7317d0ce4318, 9, 6;
L_0x5555818048b0 .part o0x7317d0ce42e8, 9, 6;
L_0x555581804950 .arith/sub 6, L_0x555581804ce0, L_0x5555818048b0;
L_0x555581803e10 .functor MUXZ 6, L_0x55558180ac70, L_0x55558180a940, L_0x555581804d80, C4<>;
L_0x5555817b8480 .functor MUXZ 18, o0x7317d0ce4318, o0x7317d0ce42e8, L_0x5555818070a0, C4<>;
L_0x55558180fb50 .functor MUXZ 18, o0x7317d0ce42e8, o0x7317d0ce4318, L_0x555581803280, C4<>;
L_0x55558180fc40 .part L_0x555581817a00, 9, 6;
L_0x555581842840 .part L_0x555581817a00, 16, 2;
L_0x5555818428e0 .part L_0x5555818172b0, 16, 2;
L_0x555581808a30 .part L_0x555581817a00, 15, 1;
L_0x555581842b20 .part L_0x5555818172b0, 15, 1;
L_0x555581842de0 .concat [ 1 1 0 0], L_0x5555817c1c80, L_0x555581805f00;
L_0x555581842f20 .concat [ 2 2 0 0], L_0x555581810220, L_0x555581842de0;
L_0x555581843130 .concat [ 2 4 0 0], L_0x55558181b370, L_0x555581842f20;
L_0x5555818432c0 .cmp/eq 2, v0x555581823670_0, L_0x7317d0c980a8;
L_0x5555817c1cf0 .functor MUXZ 10, L_0x555581853770, L_0x7317d0c980f0, L_0x5555818432c0, C4<>;
L_0x555581853540 .part v0x555581823a80_0, 0, 9;
L_0x555581853770 .concat [ 9 1 0 0], L_0x555581853540, L_0x7317d0c98138;
L_0x555581853900 .cmp/eq 6, v0x55558181f060_0, L_0x7317d0c98180;
L_0x555581853b40 .cmp/eq 6, v0x55558181f060_0, L_0x7317d0c981c8;
L_0x555581854050 .cmp/eq 6, v0x55558181f060_0, L_0x7317d0c98210;
L_0x555581854310 .cmp/eq 6, v0x55558181f060_0, L_0x7317d0c98258;
L_0x5555818547e0 .cmp/eq 6, v0x55558181f060_0, L_0x7317d0c982a0;
L_0x5555818549f0 .cmp/eq 6, v0x55558181f060_0, L_0x7317d0c982e8;
L_0x555581854bf0 .cmp/eq 6, v0x55558181f060_0, L_0x7317d0c98330;
L_0x555581855250 .cmp/eq 6, v0x55558181f060_0, L_0x7317d0c98378;
L_0x555581855450 .cmp/eq 6, v0x55558181f060_0, L_0x7317d0c983c0;
L_0x5555818559c0 .cmp/eq 6, v0x55558181f060_0, L_0x7317d0c98408;
L_0x555581855bc0 .cmp/eq 6, v0x55558181f060_0, L_0x7317d0c98450;
L_0x555581856260 .cmp/eq 6, v0x55558181f060_0, L_0x7317d0c98498;
L_0x555581856460 .cmp/eq 6, v0x55558181f060_0, L_0x7317d0c984e0;
L_0x555581856b20 .cmp/eq 6, v0x55558181f060_0, L_0x7317d0c98528;
L_0x555581856d20 .cmp/eq 6, v0x55558181f060_0, L_0x7317d0c98570;
L_0x555581857400 .cmp/eq 6, v0x55558181f060_0, L_0x7317d0c985b8;
L_0x555581857600 .cmp/eq 6, v0x55558181f060_0, L_0x7317d0c98600;
L_0x555581857870 .cmp/eq 6, v0x55558181f060_0, L_0x7317d0c98648;
L_0x555581857df0 .cmp/eq 6, v0x55558181f060_0, L_0x7317d0c98690;
L_0x555581858180 .cmp/eq 6, v0x55558181f060_0, L_0x7317d0c986d8;
L_0x555581858710 .cmp/eq 6, v0x55558181f060_0, L_0x7317d0c98720;
L_0x555581858ab0 .cmp/eq 6, v0x55558181f060_0, L_0x7317d0c98768;
L_0x555581859050 .cmp/eq 6, v0x55558181f060_0, L_0x7317d0c987b0;
L_0x555581859400 .cmp/eq 6, v0x55558181f060_0, L_0x7317d0c987f8;
L_0x5555818599b0 .cmp/eq 6, v0x55558181f060_0, L_0x7317d0c98840;
L_0x555581859d70 .cmp/eq 6, v0x55558181f060_0, L_0x7317d0c98888;
L_0x55558185a330 .cmp/eq 6, v0x55558181f060_0, L_0x7317d0c988d0;
L_0x55558185a910 .cmp/eq 6, v0x55558181f060_0, L_0x7317d0c98918;
L_0x55558185aee0 .cmp/eq 6, v0x55558181f060_0, L_0x7317d0c98960;
L_0x55558185b2c0 .cmp/eq 6, v0x55558181f060_0, L_0x7317d0c989a8;
L_0x55558185b8a0 .cmp/eq 6, v0x55558181f060_0, L_0x7317d0c989f0;
L_0x55558185bc90 .cmp/eq 6, v0x55558181f060_0, L_0x7317d0c98a38;
L_0x55558185c280 .cmp/eq 6, v0x55558181f060_0, L_0x7317d0c98a80;
L_0x55558185c680 .cmp/eq 6, v0x55558181f060_0, L_0x7317d0c98ac8;
L_0x55558185cc80 .concat [ 1 1 1 0], L_0x5555818543b0, L_0x5555818574f0, L_0x55558185c770;
L_0x55558185cf30 .cmp/eq 6, v0x55558181f060_0, L_0x7317d0c98b10;
L_0x55558185cfd0 .cmp/eq 6, v0x55558181f060_0, L_0x7317d0c98b58;
L_0x55558185d3f0 .functor MUXZ 1, v0x5555818231a0_0, L_0x7317d0c98ba0, L_0x55558185d2e0, C4<>;
L_0x55558185d580 .cmp/gt 6, v0x5555818239a0_0, L_0x7317d0c98be8;
L_0x55558185d8f0 .functor MUXZ 1, L_0x7317d0c98c78, L_0x7317d0c98c30, L_0x55558185d580, C4<>;
L_0x55558185dad0 .part v0x5555818239a0_0, 0, 4;
L_0x55558185e280 .functor MUXZ 4, L_0x7317d0c98cc0, L_0x55558185dad0, L_0x55558185ddb0, C4<>;
L_0x555581862990 .concat [ 12 1 0 0], L_0x5555817f6ca0, L_0x7317d0c991d0;
L_0x555581862d70 .concat [ 1 1 1 1], L_0x5555817c1450, L_0x5555817c1450, L_0x5555817c1450, L_0x5555817c1450;
L_0x555581862e60 .concat [ 1 1 1 1], L_0x5555817c1450, L_0x5555817c1450, L_0x5555817c1450, L_0x5555817c1450;
L_0x555581863160 .concat [ 1 1 1 1], L_0x5555817c1450, L_0x5555817c1450, L_0x5555817c1450, L_0x5555817c1450;
L_0x555581863200 .concat [ 1 4 4 4], L_0x5555817c1450, L_0x555581863160, L_0x555581862e60, L_0x555581862d70;
L_0x555581863760 .part L_0x555581817a00, 0, 9;
L_0x555581863c10 .concat [ 9 2 0 0], L_0x555581863760, L_0x7317d0c99218;
L_0x555581863fd0 .concat [ 2 11 0 0], L_0x7317d0c99260, L_0x555581863c10;
L_0x555581866cc0 .concat [ 1 13 0 0], v0x5555817fc480_0, L_0x5555817f2d40;
L_0x55558186a3d0 .concat [ 6 1 0 0], v0x555581823590_0, L_0x7317d0c998d8;
L_0x55558186a510 .arith/sum 7, L_0x55558186a3d0, L_0x7317d0c99920;
L_0x55558186a9b0 .concat [ 7 1 0 0], v0x5555817e38d0_0, L_0x7317d0c99968;
L_0x55558186aaf0 .concat [ 4 4 0 0], v0x5555817fbd70_0, L_0x7317d0c999b0;
L_0x55558186aee0 .arith/sub 8, L_0x55558186a9b0, L_0x55558186aaf0;
L_0x55558186b070 .cmp/eq 4, L_0x5555817f2450, L_0x7317d0c999f8;
L_0x55558186b470 .functor MUXZ 1, L_0x7317d0c99a88, L_0x7317d0c99a40, L_0x55558186b070, C4<>;
L_0x55558186b650 .part L_0x555581840f80, 3, 10;
L_0x55558186ba10 .concat [ 10 8 0 0], L_0x55558186b650, L_0x5555817f19c0;
L_0x55558186bba0 .part L_0x555581840f80, 2, 1;
L_0x55558186bf20 .part L_0x555581840f80, 1, 1;
L_0x555581864220 .part L_0x555581840f80, 0, 1;
L_0x55558186c440 .part L_0x555581840f80, 3, 1;
L_0x55558186c4e0 .part L_0x555581840f80, 4, 1;
L_0x55558186c360 .functor MUXZ 1, L_0x7317d0c99b18, L_0x7317d0c99ad0, L_0x55558186c250, C4<>;
L_0x55558186d7a0 .part L_0x555581815400, 16, 2;
L_0x55558186dbf0 .part L_0x555581815400, 1, 9;
L_0x55558186dce0 .part L_0x555581815400, 10, 6;
L_0x55558186e0f0 .concat [ 2 2 0 0], v0x55558181dc50_0, L_0x555581814170;
L_0x55558186e230 .cmp/eq 4, v0x5555817e12c0_0, L_0x7317d0c99bf0;
L_0x55558186e6a0 .cmp/eq 4, v0x5555817e12c0_0, L_0x7317d0c99c38;
L_0x55558186e830 .cmp/eq 4, v0x5555817e12c0_0, L_0x7317d0c99c80;
L_0x55558186c990 .cmp/eq 4, v0x5555817e12c0_0, L_0x7317d0c99cc8;
L_0x55558186cb90 .cmp/eq 4, v0x5555817e12c0_0, L_0x7317d0c99d10;
L_0x55558186edb0 .cmp/eq 4, v0x5555817e12c0_0, L_0x7317d0c99d58;
L_0x55558186ef60 .cmp/eq 4, v0x5555817e12c0_0, L_0x7317d0c99da0;
L_0x55558186f050 .cmp/eq 4, v0x5555817e12c0_0, L_0x7317d0c99de8;
L_0x55558186f140 .cmp/eq 4, v0x5555817e12c0_0, L_0x7317d0c99e30;
L_0x55558186f570 .cmp/eq 4, v0x5555817e12c0_0, L_0x7317d0c99e78;
L_0x55558186f770 .cmp/eq 4, v0x5555817e12c0_0, L_0x7317d0c99ec0;
L_0x55558186fe70 .cmp/eq 4, v0x5555817e12c0_0, L_0x7317d0c99f08;
L_0x555581870070 .concat [ 1 1 1 0], L_0x55558186ee50, L_0x55558186ef60, L_0x55558186ff60;
L_0x555581870680 .cmp/eq 2, v0x55558181d3e0_0, L_0x7317d0c99f50;
L_0x555581870990 .functor MUXZ 2, v0x55558182cd50_0, L_0x7317d0c99f98, L_0x555581870880, C4<>;
L_0x555581871820 .functor MUXZ 1, v0x5555817fc3c0_0, L_0x7317d0c99fe0, L_0x555581871710, C4<>;
L_0x555581871a00 .concat [ 1 2 0 0], v0x5555817e13a0_0, L_0x555581811660;
L_0x555581871ef0 .concat [ 6 3 0 0], v0x5555817e2730_0, L_0x555581871a00;
L_0x555581872030 .concat [ 9 9 0 0], v0x5555817e2650_0, L_0x555581871ef0;
S_0x55558182e010 .scope module, "fracadder" "intadder_13_freq500_uid6" 2 1404, 2 250 0, S_0x555581834190;
 .timescale 0 0;
    .port_info 0 /INPUT 1 "clk";
    .port_info 1 /INPUT 13 "x";
    .port_info 2 /INPUT 13 "y";
    .port_info 3 /INPUT 1 "cin";
    .port_info 4 /OUTPUT 13 "r";
L_0x5555818647a0 .functor BUFZ 13, L_0x555581866a90, C4<0000000000000>, C4<0000000000000>, C4<0000000000000>;
L_0x555581864880 .functor BUFZ 12, L_0x555581865580, C4<000000000000>, C4<000000000000>, C4<000000000000>;
L_0x5555818648f0 .functor BUFZ 12, v0x5555817c3fc0_0, C4<000000000000>, C4<000000000000>, C4<000000000000>;
L_0x555581864960 .functor BUFZ 12, v0x5555817c38b0_0, C4<000000000000>, C4<000000000000>, C4<000000000000>;
L_0x5555818649d0 .functor BUFZ 12, v0x5555817c3460_0, C4<000000000000>, C4<000000000000>, C4<000000000000>;
L_0x555581864ab0 .functor BUFZ 12, L_0x555581865760, C4<000000000000>, C4<000000000000>, C4<000000000000>;
L_0x555581864b70 .functor BUFZ 12, v0x55558167d0c0_0, C4<000000000000>, C4<000000000000>, C4<000000000000>;
L_0x555581864cb0 .functor BUFZ 12, L_0x555581865be0, C4<000000000000>, C4<000000000000>, C4<000000000000>;
L_0x555581864d20 .functor BUFZ 11, L_0x555581865d70, C4<00000000000>, C4<00000000000>, C4<00000000000>;
L_0x555581864e00 .functor BUFZ 1, L_0x555581865f00, C4<0>, C4<0>, C4<0>;
L_0x555581864e70 .functor BUFZ 3, L_0x5555818660f0, C4<000>, C4<000>, C4<000>;
L_0x555581864d90 .functor BUFZ 3, v0x5555817c2080_0, C4<000>, C4<000>, C4<000>;
L_0x555581864f60 .functor BUFZ 3, v0x5555817c1840_0, C4<000>, C4<000>, C4<000>;
L_0x555581865060 .functor BUFZ 3, v0x5555817c1090_0, C4<000>, C4<000>, C4<000>;
L_0x5555818651e0 .functor BUFZ 3, L_0x5555818662f0, C4<000>, C4<000>, C4<000>;
L_0x555581865250 .functor BUFZ 3, v0x5555817bf8e0_0, C4<000>, C4<000>, C4<000>;
L_0x5555818653e0 .functor BUFZ 3, L_0x555581866730, C4<000>, C4<000>, C4<000>;
L_0x555581865510 .functor BUFZ 2, L_0x555581866950, C4<00>, C4<00>, C4<00>;
L_0x7317d0c992a8 .functor BUFT 1, C4<0>, C4<0>, C4<0>, C4<0>;
v0x555581809d90_0 .net/2u *"_ivl_48", 0 0, L_0x7317d0c992a8;  1 drivers
L_0x7317d0c992f0 .functor BUFT 1, C4<0>, C4<0>, C4<0>, C4<0>;
v0x55558180a0c0_0 .net/2u *"_ivl_54", 0 0, L_0x7317d0c992f0;  1 drivers
L_0x7317d0c99338 .functor BUFT 1, C4<00000000000>, C4<0>, C4<0>, C4<0>;
v0x55558180a3f0_0 .net/2u *"_ivl_60", 10 0, L_0x7317d0c99338;  1 drivers
L_0x7317d0c99380 .functor BUFT 1, C4<0>, C4<0>, C4<0>, C4<0>;
v0x55558180a720_0 .net/2u *"_ivl_72", 0 0, L_0x7317d0c99380;  1 drivers
L_0x7317d0c993c8 .functor BUFT 1, C4<0>, C4<0>, C4<0>, C4<0>;
v0x55558180aa50_0 .net/2u *"_ivl_78", 0 0, L_0x7317d0c993c8;  1 drivers
L_0x7317d0c99410 .functor BUFT 1, C4<00>, C4<0>, C4<0>, C4<0>;
v0x55558180ad80_0 .net/2u *"_ivl_84", 1 0, L_0x7317d0c99410;  1 drivers
v0x55558180b0b0_0 .net "cin", 0 0, L_0x5555817f3ff0;  alias, 1 drivers
o0x7317d0ce1168 .functor BUFZ 1, c4<z>; HiZ drive
v0x555581822ff0_0 .net "cin_0", 0 0, o0x7317d0ce1168;  0 drivers
v0x555581822a90_0 .net "cin_0_d1", 0 0, v0x5555817c3f00_0;  1 drivers
v0x555581822180_0 .net "cin_1", 0 0, L_0x555581864e00;  1 drivers
v0x555581822240_0 .net "clk", 0 0, o0x7317d0ce11f8;  alias, 0 drivers
v0x55558182ac10_0 .net "n468", 10 0, L_0x555581865140;  1 drivers
v0x55558182acd0_0 .net "n470", 11 0, L_0x555581865580;  1 drivers
v0x55558182aed0_0 .net "n471", 10 0, L_0x5555818656c0;  1 drivers
v0x555581833630_0 .net "n473", 11 0, L_0x555581865760;  1 drivers
v0x5555818362b0_0 .net "n474", 11 0, L_0x5555818658f0;  1 drivers
v0x555581836b50_0 .net "n475", 11 0, L_0x555581865aa0;  1 drivers
v0x555581836bf0_0 .net "n476", 11 0, L_0x555581865be0;  1 drivers
v0x5555817fb6b0_0 .net "n477", 10 0, L_0x555581865d70;  1 drivers
v0x5555817fab20_0 .net "n478", 0 0, L_0x555581865f00;  1 drivers
v0x5555817fabe0_0 .net "n479", 1 0, L_0x555581865ff0;  1 drivers
v0x5555817fa600_0 .net "n481", 2 0, L_0x5555818660f0;  1 drivers
v0x5555817fa0e0_0 .net "n482", 1 0, L_0x5555818661e0;  1 drivers
v0x5555817f9c50_0 .net "n484", 2 0, L_0x5555818662f0;  1 drivers
v0x5555817e2e40_0 .net "n485", 2 0, L_0x555581866430;  1 drivers
v0x5555817df710_0 .net "n486", 2 0, L_0x5555818665f0;  1 drivers
v0x5555817c5e90_0 .net "n487", 2 0, L_0x555581866730;  1 drivers
v0x5555817c4710_0 .net "n488", 1 0, L_0x555581866950;  1 drivers
v0x5555817c42c0_0 .net "n489", 12 0, L_0x555581866a90;  1 drivers
v0x5555817c3f00_0 .var "n490", 0 0;
v0x5555817c3fc0_0 .var "n491", 11 0;
v0x5555817c38b0_0 .var "n492", 11 0;
v0x5555817c3460_0 .var "n493", 11 0;
v0x55558167cfe0_0 .var "n494", 11 0;
v0x55558167d0c0_0 .var "n495", 11 0;
v0x5555817c3500_0 .var "n496", 11 0;
v0x5555817c2080_0 .var "n497", 2 0;
v0x5555817c1840_0 .var "n498", 2 0;
v0x5555817c1090_0 .var "n499", 2 0;
v0x5555817c0680_0 .var "n500", 2 0;
v0x5555817bf8e0_0 .var "n501", 2 0;
v0x5555817bde80_0 .var "n502", 2 0;
v0x5555817bdbd0_0 .net "r", 12 0, L_0x5555818647a0;  alias, 1 drivers
v0x5555817bd760_0 .net "r_0", 10 0, L_0x555581864d20;  1 drivers
v0x5555817bd1b0_0 .net "r_1", 1 0, L_0x555581865510;  1 drivers
v0x5555817bcf00_0 .net "s_0", 11 0, L_0x555581864cb0;  1 drivers
v0x5555817bca90_0 .net "s_1", 2 0, L_0x5555818653e0;  1 drivers
v0x5555817efaf0_0 .net "x", 12 0, L_0x5555817f3f80;  alias, 1 drivers
v0x5555817ef3a0_0 .net "x_0", 11 0, L_0x555581864880;  1 drivers
v0x5555817eece0_0 .net "x_0_d1", 11 0, L_0x5555818648f0;  1 drivers
v0x5555817ed420_0 .net "x_0_d2", 11 0, L_0x555581864960;  1 drivers
v0x5555817ec880_0 .net "x_0_d3", 11 0, L_0x5555818649d0;  1 drivers
v0x5555817ebc90_0 .net "x_0_d4", 11 0, v0x55558167cfe0_0;  1 drivers
v0x5555817eb540_0 .net "x_1", 2 0, L_0x555581864e70;  1 drivers
v0x5555817eae80_0 .net "x_1_d1", 2 0, L_0x555581864d90;  1 drivers
v0x5555817e99c0_0 .net "x_1_d2", 2 0, L_0x555581864f60;  1 drivers
v0x5555817e8e00_0 .net "x_1_d3", 2 0, L_0x555581865060;  1 drivers
v0x5555817f77b0_0 .net "x_1_d4", 2 0, v0x5555817c0680_0;  1 drivers
v0x5555817f7060_0 .net "y", 12 0, L_0x5555817f3f10;  alias, 1 drivers
v0x5555817f69a0_0 .net "y_0", 11 0, L_0x555581864ab0;  1 drivers
v0x5555817f50e0_0 .net "y_0_d1", 11 0, L_0x555581864b70;  1 drivers
v0x5555817f4470_0 .net "y_0_d2", 11 0, v0x5555817c3500_0;  1 drivers
v0x5555817f3930_0 .net "y_1", 2 0, L_0x5555818651e0;  1 drivers
v0x5555817f31e0_0 .net "y_1_d1", 2 0, L_0x555581865250;  1 drivers
v0x5555817f2b20_0 .net "y_1_d2", 2 0, v0x5555817bde80_0;  1 drivers
E_0x5555816d83c0 .event posedge, v0x555581822240_0;
L_0x555581865140 .part L_0x5555817f3f80, 0, 11;
L_0x555581865580 .concat [ 11 1 0 0], L_0x555581865140, L_0x7317d0c992a8;
L_0x5555818656c0 .part L_0x5555817f3f10, 0, 11;
L_0x555581865760 .concat [ 11 1 0 0], L_0x5555818656c0, L_0x7317d0c992f0;
L_0x5555818658f0 .arith/sum 12, v0x55558167cfe0_0, v0x5555817c3500_0;
L_0x555581865aa0 .concat [ 1 11 0 0], v0x5555817c3f00_0, L_0x7317d0c99338;
L_0x555581865be0 .arith/sum 12, L_0x5555818658f0, L_0x555581865aa0;
L_0x555581865d70 .part L_0x555581864cb0, 0, 11;
L_0x555581865f00 .part L_0x555581864cb0, 11, 1;
L_0x555581865ff0 .part L_0x5555817f3f80, 11, 2;
L_0x5555818660f0 .concat [ 2 1 0 0], L_0x555581865ff0, L_0x7317d0c99380;
L_0x5555818661e0 .part L_0x5555817f3f10, 11, 2;
L_0x5555818662f0 .concat [ 2 1 0 0], L_0x5555818661e0, L_0x7317d0c993c8;
L_0x555581866430 .arith/sum 3, v0x5555817c0680_0, v0x5555817bde80_0;
L_0x5555818665f0 .concat [ 1 2 0 0], L_0x555581864e00, L_0x7317d0c99410;
L_0x555581866730 .arith/sum 3, L_0x555581866430, L_0x5555818665f0;
L_0x555581866950 .part L_0x5555818653e0, 0, 2;
L_0x555581866a90 .concat [ 11 2 0 0], L_0x555581864d20, L_0x555581865510;
S_0x55558182ec30 .scope module, "lzcandshifter" "normalizer_z_14_14_14_freq500_uid8" 2 1413, 2 71 0, S_0x555581834190;
 .timescale 0 0;
    .port_info 0 /INPUT 1 "clk";
    .port_info 1 /INPUT 14 "x";
    .port_info 2 /OUTPUT 4 "count";
    .port_info 3 /OUTPUT 14 "r";
L_0x555581866280 .functor BUFZ 4, L_0x555581867930, C4<0000>, C4<0000>, C4<0000>;
L_0x555581865990 .functor BUFZ 14, L_0x5555818678c0, C4<00000000000000>, C4<00000000000000>, C4<00000000000000>;
L_0x555581867150 .functor BUFZ 1, L_0x555581867c70, C4<0>, C4<0>, C4<0>;
L_0x5555818672a0 .functor BUFZ 14, L_0x555581867f10, C4<00000000000000>, C4<00000000000000>, C4<00000000000000>;
L_0x555581867310 .functor BUFZ 1, L_0x555581868550, C4<0>, C4<0>, C4<0>;
L_0x555581867440 .functor BUFZ 14, L_0x5555818679f0, C4<00000000000000>, C4<00000000000000>, C4<00000000000000>;
L_0x555581867580 .functor BUFZ 1, L_0x555581868df0, C4<0>, C4<0>, C4<0>;
L_0x555581867660 .functor BUFZ 14, L_0x555581869020, C4<00000000000000>, C4<00000000000000>, C4<00000000000000>;
L_0x5555818675f0 .functor BUFZ 1, L_0x555581869730, C4<0>, C4<0>, C4<0>;
L_0x5555818678c0 .functor BUFZ 14, L_0x5555818693d0, C4<00000000000000>, C4<00000000000000>, C4<00000000000000>;
L_0x555581867930 .functor BUFZ 4, L_0x55558186a160, C4<0000>, C4<0000>, C4<0000>;
L_0x555581867e50 .functor NOT 1, v0x5555817d8c70_0, C4<0>, C4<0>, C4<0>;
L_0x555581868730 .functor NOT 1, L_0x555581867310, C4<0>, C4<0>, C4<0>;
L_0x555581868ad0 .functor NOT 1, L_0x555581867580, C4<0>, C4<0>, C4<0>;
L_0x7317d0c997b8 .functor BUFT 1, C4<0>, C4<0>, C4<0>, C4<0>;
L_0x555581869560 .functor XNOR 1, L_0x555581869470, L_0x7317d0c997b8, C4<0>, C4<0>;
L_0x5555818699c0 .functor NOT 1, v0x5555817d7510_0, C4<0>, C4<0>, C4<0>;
v0x5555816bdba0_0 .net/2u *"_ivl_104", 0 0, L_0x7317d0c997b8;  1 drivers
L_0x7317d0c99800 .functor BUFT 1, C4<1>, C4<0>, C4<0>, C4<0>;
v0x5555817f2bc0_0 .net/2u *"_ivl_108", 0 0, L_0x7317d0c99800;  1 drivers
L_0x7317d0c99848 .functor BUFT 1, C4<0>, C4<0>, C4<0>, C4<0>;
v0x5555817f1260_0 .net/2u *"_ivl_110", 0 0, L_0x7317d0c99848;  1 drivers
L_0x7317d0c99890 .functor BUFT 1, C4<0>, C4<0>, C4<0>, C4<0>;
v0x5555817f06c0_0 .net/2u *"_ivl_120", 0 0, L_0x7317d0c99890;  1 drivers
L_0x7317d0c99458 .functor BUFT 1, C4<00000000>, C4<0>, C4<0>, C4<0>;
v0x555581817920_0 .net/2u *"_ivl_38", 7 0, L_0x7317d0c99458;  1 drivers
L_0x7317d0c994a0 .functor BUFT 1, C4<1>, C4<0>, C4<0>, C4<0>;
v0x5555818171d0_0 .net/2u *"_ivl_42", 0 0, L_0x7317d0c994a0;  1 drivers
L_0x7317d0c994e8 .functor BUFT 1, C4<0>, C4<0>, C4<0>, C4<0>;
v0x555581815930_0 .net/2u *"_ivl_44", 0 0, L_0x7317d0c994e8;  1 drivers
L_0x7317d0c99530 .functor BUFT 1, C4<00000000>, C4<0>, C4<0>, C4<0>;
v0x555581814d60_0 .net/2u *"_ivl_54", 7 0, L_0x7317d0c99530;  1 drivers
L_0x7317d0c99578 .functor BUFT 1, C4<0000>, C4<0>, C4<0>, C4<0>;
v0x555581814610_0 .net/2u *"_ivl_60", 3 0, L_0x7317d0c99578;  1 drivers
L_0x7317d0c995c0 .functor BUFT 1, C4<1>, C4<0>, C4<0>, C4<0>;
v0x555581812d70_0 .net/2u *"_ivl_64", 0 0, L_0x7317d0c995c0;  1 drivers
L_0x7317d0c99608 .functor BUFT 1, C4<0>, C4<0>, C4<0>, C4<0>;
v0x555581812180_0 .net/2u *"_ivl_66", 0 0, L_0x7317d0c99608;  1 drivers
L_0x7317d0c99650 .functor BUFT 1, C4<0000>, C4<0>, C4<0>, C4<0>;
v0x555581811a30_0 .net/2u *"_ivl_76", 3 0, L_0x7317d0c99650;  1 drivers
L_0x7317d0c99698 .functor BUFT 1, C4<00>, C4<0>, C4<0>, C4<0>;
v0x555581810140_0 .net/2u *"_ivl_82", 1 0, L_0x7317d0c99698;  1 drivers
L_0x7317d0c996e0 .functor BUFT 1, C4<1>, C4<0>, C4<0>, C4<0>;
v0x55558181b650_0 .net/2u *"_ivl_86", 0 0, L_0x7317d0c996e0;  1 drivers
L_0x7317d0c99728 .functor BUFT 1, C4<0>, C4<0>, C4<0>, C4<0>;
v0x55558181b290_0 .net/2u *"_ivl_88", 0 0, L_0x7317d0c99728;  1 drivers
L_0x7317d0c99770 .functor BUFT 1, C4<00>, C4<0>, C4<0>, C4<0>;
v0x55558181aed0_0 .net/2u *"_ivl_98", 1 0, L_0x7317d0c99770;  1 drivers
v0x55558181a520_0 .net "clk", 0 0, o0x7317d0ce11f8;  alias, 0 drivers
v0x55558181a5c0_0 .net "count", 3 0, L_0x555581866280;  alias, 1 drivers
v0x555581819d40_0 .net "count0", 0 0, L_0x5555818675f0;  1 drivers
v0x555581819e00_0 .net "count0_d1", 0 0, v0x5555817d7510_0;  1 drivers
v0x555581818460_0 .net "count1", 0 0, L_0x555581867580;  1 drivers
v0x555581818520_0 .net "count2", 0 0, L_0x555581867310;  1 drivers
v0x555581808710_0 .net "count2_d1", 0 0, v0x5555817d8050_0;  1 drivers
v0x5555818087d0_0 .net "count3", 0 0, L_0x555581867150;  1 drivers
v0x555581806980_0 .net "count3_d1", 0 0, v0x5555817d8c70_0;  1 drivers
v0x555581806a40_0 .net "count3_d2", 0 0, v0x5555817d8d30_0;  1 drivers
v0x555581805e20_0 .net "level0", 13 0, L_0x5555818678c0;  1 drivers
v0x555581805940_0 .net "level1", 13 0, L_0x555581867660;  1 drivers
v0x555581803730_0 .net "level1_d1", 13 0, v0x5555817d7430_0;  1 drivers
v0x555581802b30_0 .net "level2", 13 0, L_0x555581867440;  1 drivers
v0x5555817be220_0 .net "level2_d1", 13 0, v0x5555817d8110_0;  1 drivers
v0x55558182d3f0_0 .net "level3", 13 0, L_0x5555818672a0;  1 drivers
o0x7317d0ce2308 .functor BUFZ 14, c4<zzzzzzzzzzzzzz>; HiZ drive
v0x55558182d4d0_0 .net "level4", 13 0, o0x7317d0ce2308;  0 drivers
v0x55558182c7d0_0 .net "level4_d1", 13 0, v0x5555816e9920_0;  1 drivers
v0x55558182c8b0_0 .net "n517", 7 0, L_0x555581867a90;  1 drivers
v0x55558182bc40_0 .net "n519", 0 0, L_0x555581867b30;  1 drivers
v0x55558182bd00_0 .net "n520", 0 0, L_0x555581867c70;  1 drivers
v0x55558182b4e0_0 .net "n522", 0 0, L_0x555581867e50;  1 drivers
v0x55558182b5a0_0 .net "n523", 13 0, L_0x555581867f10;  1 drivers
v0x55558182a470_0 .net "n524", 5 0, L_0x5555818680a0;  1 drivers
v0x55558182a550_0 .net "n526", 13 0, L_0x555581868140;  1 drivers
v0x55558181f810_0 .net "n528", 3 0, L_0x5555818682d0;  1 drivers
v0x55558181f8f0_0 .net "n530", 0 0, L_0x5555818683c0;  1 drivers
v0x5555817e1a80_0 .net "n531", 0 0, L_0x555581868550;  1 drivers
v0x5555817e1b40_0 .net "n533", 0 0, L_0x555581868730;  1 drivers
v0x5555817e0630_0 .net "n534", 13 0, L_0x5555818679f0;  1 drivers
v0x5555817e0710_0 .net "n535", 9 0, L_0x5555818688f0;  1 drivers
v0x5555817dfe40_0 .net "n537", 13 0, L_0x555581868990;  1 drivers
v0x5555817dff20_0 .net "n539", 1 0, L_0x555581868b40;  1 drivers
v0x5555817ded70_0 .net "n541", 0 0, L_0x555581868c30;  1 drivers
v0x5555817dee30_0 .net "n542", 0 0, L_0x555581868df0;  1 drivers
v0x5555817de150_0 .net "n544", 0 0, L_0x555581868ad0;  1 drivers
v0x5555817de210_0 .net "n545", 13 0, L_0x555581869020;  1 drivers
v0x5555817dd530_0 .net "n546", 11 0, L_0x5555818691f0;  1 drivers
v0x5555817dd610_0 .net "n548", 13 0, L_0x555581869290;  1 drivers
v0x5555817dc910_0 .net "n550", 0 0, L_0x555581869470;  1 drivers
v0x5555817dc9d0_0 .net "n552", 0 0, L_0x555581869560;  1 drivers
v0x5555817dbcf0_0 .net "n553", 0 0, L_0x555581869730;  1 drivers
v0x5555817dbdb0_0 .net "n555", 0 0, L_0x5555818699c0;  1 drivers
v0x5555817db0d0_0 .net "n556", 13 0, L_0x5555818693d0;  1 drivers
v0x5555817db1b0_0 .net "n557", 12 0, L_0x555581869b70;  1 drivers
v0x5555817da4b0_0 .net "n559", 13 0, L_0x555581869cd0;  1 drivers
v0x5555817da590_0 .net "n560", 1 0, L_0x555581869e60;  1 drivers
v0x5555817d9890_0 .net "n561", 2 0, L_0x55558186a070;  1 drivers
v0x5555817d9970_0 .net "n562", 3 0, L_0x55558186a160;  1 drivers
v0x5555816e9920_0 .var "n563", 13 0;
v0x5555817d8c70_0 .var "n564", 0 0;
v0x5555817d8d30_0 .var "n565", 0 0;
v0x5555817d8050_0 .var "n566", 0 0;
v0x5555817d8110_0 .var "n567", 13 0;
v0x5555817d7430_0 .var "n568", 13 0;
v0x5555817d7510_0 .var "n569", 0 0;
v0x5555817d6810_0 .net "r", 13 0, L_0x555581865990;  alias, 1 drivers
v0x5555817d68f0_0 .net "scount", 3 0, L_0x555581867930;  1 drivers
v0x5555817d5bf0_0 .net "x", 13 0, L_0x5555817f2de0;  alias, 1 drivers
L_0x555581867a90 .part o0x7317d0ce2308, 6, 8;
L_0x555581867b30 .cmp/eq 8, L_0x555581867a90, L_0x7317d0c99458;
L_0x555581867c70 .functor MUXZ 1, L_0x7317d0c994e8, L_0x7317d0c994a0, L_0x555581867b30, C4<>;
L_0x555581867f10 .functor MUXZ 14, L_0x555581868140, v0x5555816e9920_0, L_0x555581867e50, C4<>;
L_0x5555818680a0 .part v0x5555816e9920_0, 0, 6;
L_0x555581868140 .concat [ 8 6 0 0], L_0x7317d0c99530, L_0x5555818680a0;
L_0x5555818682d0 .part L_0x5555818672a0, 10, 4;
L_0x5555818683c0 .cmp/eq 4, L_0x5555818682d0, L_0x7317d0c99578;
L_0x555581868550 .functor MUXZ 1, L_0x7317d0c99608, L_0x7317d0c995c0, L_0x5555818683c0, C4<>;
L_0x5555818679f0 .functor MUXZ 14, L_0x555581868990, L_0x5555818672a0, L_0x555581868730, C4<>;
L_0x5555818688f0 .part L_0x5555818672a0, 0, 10;
L_0x555581868990 .concat [ 4 10 0 0], L_0x7317d0c99650, L_0x5555818688f0;
L_0x555581868b40 .part v0x5555817d8110_0, 12, 2;
L_0x555581868c30 .cmp/eq 2, L_0x555581868b40, L_0x7317d0c99698;
L_0x555581868df0 .functor MUXZ 1, L_0x7317d0c99728, L_0x7317d0c996e0, L_0x555581868c30, C4<>;
L_0x555581869020 .functor MUXZ 14, L_0x555581869290, v0x5555817d8110_0, L_0x555581868ad0, C4<>;
L_0x5555818691f0 .part v0x5555817d8110_0, 0, 12;
L_0x555581869290 .concat [ 2 12 0 0], L_0x7317d0c99770, L_0x5555818691f0;
L_0x555581869470 .part L_0x555581867660, 13, 1;
L_0x555581869730 .functor MUXZ 1, L_0x7317d0c99848, L_0x7317d0c99800, L_0x555581869560, C4<>;
L_0x5555818693d0 .functor MUXZ 14, L_0x555581869cd0, v0x5555817d7430_0, L_0x5555818699c0, C4<>;
L_0x555581869b70 .part v0x5555817d7430_0, 0, 13;
L_0x555581869cd0 .concat [ 1 13 0 0], L_0x7317d0c99890, L_0x555581869b70;
L_0x555581869e60 .concat [ 1 1 0 0], v0x5555817d8050_0, v0x5555817d8d30_0;
L_0x55558186a070 .concat [ 1 2 0 0], L_0x555581867580, L_0x555581869e60;
L_0x55558186a160 .concat [ 1 3 0 0], L_0x5555818675f0, L_0x55558186a070;
S_0x55558182f850 .scope module, "rightshiftercomponent" "rightshiftersticky10_by_max_12_freq500_uid4" 2 1379, 2 432 0, S_0x555581834190;
 .timescale 0 0;
    .port_info 0 /INPUT 1 "clk";
    .port_info 1 /INPUT 10 "x";
    .port_info 2 /INPUT 4 "s";
    .port_info 3 /OUTPUT 12 "r";
    .port_info 4 /OUTPUT 1 "sticky";
L_0x55558185e3c0 .functor BUFZ 12, L_0x55558185ed40, C4<000000000000>, C4<000000000000>, C4<000000000000>;
L_0x55558185e430 .functor BUFZ 1, L_0x55558185ee50, C4<0>, C4<0>, C4<0>;
L_0x55558185e510 .functor BUFZ 12, L_0x55558185ef60, C4<000000000000>, C4<000000000000>, C4<000000000000>;
L_0x55558185e580 .functor BUFZ 12, L_0x55558185e510, C4<000000000000>, C4<000000000000>, C4<000000000000>;
L_0x55558185e640 .functor BUFZ 1, L_0x55558185edb0, C4<0>, C4<0>, C4<0>;
L_0x55558185e720 .functor BUFZ 12, L_0x55558185f820, C4<000000000000>, C4<000000000000>, C4<000000000000>;
L_0x55558185e850 .functor BUFZ 1, L_0x555581860210, C4<0>, C4<0>, C4<0>;
L_0x55558185e920 .functor BUFZ 12, L_0x555581860630, C4<000000000000>, C4<000000000000>, C4<000000000000>;
L_0x55558185ea70 .functor BUFZ 1, L_0x555581860b70, C4<0>, C4<0>, C4<0>;
L_0x55558185eae0 .functor BUFZ 12, L_0x555581861460, C4<000000000000>, C4<000000000000>, C4<000000000000>;
L_0x55558185ebd0 .functor BUFZ 1, L_0x555581862030, C4<0>, C4<0>, C4<0>;
L_0x55558185ed40 .functor BUFZ 12, L_0x555581862460, C4<000000000000>, C4<000000000000>, C4<000000000000>;
L_0x55558185ee50 .functor BUFZ 1, v0x5555817b02b0_0, C4<0>, C4<0>, C4<0>;
L_0x55558185f370 .functor AND 1, L_0x55558185f2d0, L_0x55558185f190, C4<1>, C4<1>;
L_0x55558185f760 .functor NOT 1, L_0x55558185f670, C4<0>, C4<0>, C4<0>;
L_0x55558185ff30 .functor AND 1, L_0x55558185fdd0, L_0x55558185fce0, C4<1>, C4<1>;
L_0x555581860100 .functor OR 1, L_0x55558185ff30, v0x5555817afb00_0, C4<0>, C4<0>;
L_0x55558185fec0 .functor NOT 1, L_0x5555818603f0, C4<0>, C4<0>, C4<0>;
L_0x555581860ea0 .functor AND 1, L_0x555581860d50, L_0x555581860c10, C4<1>, C4<1>;
L_0x555581860fb0 .functor OR 1, L_0x555581860ea0, L_0x55558185e850, C4<0>, C4<0>;
L_0x5555818613f0 .functor NOT 1, L_0x555581861290, C4<0>, C4<0>, C4<0>;
L_0x7317d0c990b0 .functor BUFT 1, C4<0>, C4<0>, C4<0>, C4<0>;
L_0x555581861ac0 .functor XOR 1, L_0x5555818618f0, L_0x7317d0c990b0, C4<0>, C4<0>;
L_0x555581861d60 .functor AND 1, L_0x555581861cc0, L_0x555581861ac0, C4<1>, C4<1>;
L_0x555581861e20 .functor OR 1, L_0x555581861d60, L_0x55558185ea70, C4<0>, C4<0>;
L_0x5555818623a0 .functor NOT 1, L_0x555581862300, C4<0>, C4<0>, C4<0>;
L_0x7317d0c98f90 .functor BUFT 1, C4<00>, C4<0>, C4<0>, C4<0>;
v0x5555817d5080_0 .net/2u *"_ivl_102", 1 0, L_0x7317d0c98f90;  1 drivers
L_0x7317d0c98fd8 .functor BUFT 1, C4<1>, C4<0>, C4<0>, C4<0>;
v0x5555817d43b0_0 .net/2u *"_ivl_112", 0 0, L_0x7317d0c98fd8;  1 drivers
L_0x7317d0c99020 .functor BUFT 1, C4<0>, C4<0>, C4<0>, C4<0>;
v0x5555817d3790_0 .net/2u *"_ivl_114", 0 0, L_0x7317d0c99020;  1 drivers
L_0x7317d0c99068 .functor BUFT 1, C4<00>, C4<0>, C4<0>, C4<0>;
v0x5555817d3850_0 .net/2u *"_ivl_126", 1 0, L_0x7317d0c99068;  1 drivers
v0x5555817d2b70_0 .net/2u *"_ivl_132", 0 0, L_0x7317d0c990b0;  1 drivers
L_0x7317d0c990f8 .functor BUFT 1, C4<1>, C4<0>, C4<0>, C4<0>;
v0x5555817d2380_0 .net/2u *"_ivl_142", 0 0, L_0x7317d0c990f8;  1 drivers
L_0x7317d0c99140 .functor BUFT 1, C4<0>, C4<0>, C4<0>, C4<0>;
v0x5555817d2460_0 .net/2u *"_ivl_144", 0 0, L_0x7317d0c99140;  1 drivers
L_0x7317d0c99188 .functor BUFT 1, C4<0>, C4<0>, C4<0>, C4<0>;
v0x5555817d1760_0 .net/2u *"_ivl_156", 0 0, L_0x7317d0c99188;  1 drivers
L_0x7317d0c98d08 .functor BUFT 1, C4<00>, C4<0>, C4<0>, C4<0>;
v0x5555817d1840_0 .net/2u *"_ivl_38", 1 0, L_0x7317d0c98d08;  1 drivers
L_0x7317d0c98d50 .functor BUFT 1, C4<00000000>, C4<0>, C4<0>, C4<0>;
v0x5555817d0b40_0 .net/2u *"_ivl_44", 7 0, L_0x7317d0c98d50;  1 drivers
L_0x7317d0c98d98 .functor BUFT 1, C4<1>, C4<0>, C4<0>, C4<0>;
v0x5555817d0c20_0 .net/2u *"_ivl_52", 0 0, L_0x7317d0c98d98;  1 drivers
L_0x7317d0c98de0 .functor BUFT 1, C4<0>, C4<0>, C4<0>, C4<0>;
v0x5555817cff20_0 .net/2u *"_ivl_54", 0 0, L_0x7317d0c98de0;  1 drivers
L_0x7317d0c98e28 .functor BUFT 1, C4<00000000>, C4<0>, C4<0>, C4<0>;
v0x5555817d0000_0 .net/2u *"_ivl_66", 7 0, L_0x7317d0c98e28;  1 drivers
L_0x7317d0c98e70 .functor BUFT 1, C4<0000>, C4<0>, C4<0>, C4<0>;
v0x5555817cf300_0 .net/2u *"_ivl_72", 3 0, L_0x7317d0c98e70;  1 drivers
L_0x7317d0c98eb8 .functor BUFT 1, C4<1>, C4<0>, C4<0>, C4<0>;
v0x5555817cf3e0_0 .net/2u *"_ivl_82", 0 0, L_0x7317d0c98eb8;  1 drivers
L_0x7317d0c98f00 .functor BUFT 1, C4<0>, C4<0>, C4<0>, C4<0>;
v0x5555817ce6e0_0 .net/2u *"_ivl_84", 0 0, L_0x7317d0c98f00;  1 drivers
L_0x7317d0c98f48 .functor BUFT 1, C4<0000>, C4<0>, C4<0>, C4<0>;
v0x5555817ce7c0_0 .net/2u *"_ivl_96", 3 0, L_0x7317d0c98f48;  1 drivers
v0x5555817cdac0_0 .net "clk", 0 0, o0x7317d0ce11f8;  alias, 0 drivers
v0x5555817cdb60_0 .net "level0", 11 0, L_0x55558185ed40;  1 drivers
v0x5555817ccea0_0 .net "level1", 11 0, L_0x55558185eae0;  1 drivers
v0x5555817ccf80_0 .net "level1_d1", 11 0, v0x5555817b01d0_0;  1 drivers
v0x5555817cc280_0 .net "level2", 11 0, L_0x55558185e920;  1 drivers
v0x5555817cc360_0 .net "level2_d1", 11 0, v0x5555817afef0_0;  1 drivers
v0x5555817cb660_0 .net "level3", 11 0, L_0x55558185e720;  1 drivers
v0x5555817cb740_0 .net "level3_d1", 11 0, v0x5555817afe10_0;  1 drivers
v0x5555817caa40_0 .net "level4", 11 0, L_0x55558185e580;  1 drivers
v0x5555817cab20_0 .net "n384", 11 0, L_0x55558185ef60;  1 drivers
v0x5555817c9e20_0 .net "n386", 7 0, L_0x55558185f0a0;  1 drivers
v0x5555817c9f00_0 .net "n388", 0 0, L_0x55558185f190;  1 drivers
v0x5555817c9630_0 .net "n389", 0 0, L_0x55558185f2d0;  1 drivers
v0x5555817c96f0_0 .net "n390", 0 0, L_0x55558185f370;  1 drivers
v0x5555817c8a10_0 .net "n391", 0 0, L_0x55558185edb0;  1 drivers
v0x5555817c8ad0_0 .net "n393", 0 0, L_0x55558185f670;  1 drivers
v0x5555817c7df0_0 .net "n394", 0 0, L_0x55558185f760;  1 drivers
v0x5555817c7eb0_0 .net "n395", 11 0, L_0x55558185f820;  1 drivers
v0x5555817c7260_0 .net "n396", 3 0, L_0x55558185f960;  1 drivers
v0x5555817c7340_0 .net "n398", 11 0, L_0x55558185fa50;  1 drivers
v0x5555817c6b00_0 .net "n400", 3 0, L_0x55558185fb90;  1 drivers
v0x5555817c6be0_0 .net "n402", 0 0, L_0x55558185fce0;  1 drivers
v0x5555817c4df0_0 .net "n403", 0 0, L_0x55558185fdd0;  1 drivers
v0x5555817c4eb0_0 .net "n404", 0 0, L_0x55558185ff30;  1 drivers
v0x5555817ecdf0_0 .net "n405", 0 0, L_0x555581860100;  1 drivers
v0x5555817eceb0_0 .net "n406", 0 0, L_0x555581860210;  1 drivers
v0x5555817e9390_0 .net "n408", 0 0, L_0x5555818603f0;  1 drivers
v0x5555817e9450_0 .net "n409", 0 0, L_0x55558185fec0;  1 drivers
v0x5555817f4a20_0 .net "n410", 11 0, L_0x555581860630;  1 drivers
v0x5555817f4b00_0 .net "n411", 7 0, L_0x5555818607c0;  1 drivers
v0x5555817f0c30_0 .net "n413", 11 0, L_0x5555818608f0;  1 drivers
v0x5555817f0d10_0 .net "n415", 1 0, L_0x555581860a80;  1 drivers
v0x555581815ea0_0 .net "n417", 0 0, L_0x555581860c10;  1 drivers
v0x555581815f60_0 .net "n418", 0 0, L_0x555581860d50;  1 drivers
v0x5555818132e0_0 .net "n419", 0 0, L_0x555581860ea0;  1 drivers
v0x5555818133a0_0 .net "n420", 0 0, L_0x555581860fb0;  1 drivers
v0x555581810700_0 .net "n421", 0 0, L_0x555581860b70;  1 drivers
v0x5555818107c0_0 .net "n423", 0 0, L_0x555581861290;  1 drivers
v0x555581818a10_0 .net "n424", 0 0, L_0x5555818613f0;  1 drivers
v0x555581818ad0_0 .net "n425", 11 0, L_0x555581861460;  1 drivers
v0x5555817aee50_0 .net "n426", 9 0, L_0x5555818615f0;  1 drivers
v0x5555817aef30_0 .net "n428", 11 0, L_0x555581861760;  1 drivers
v0x5555817aea60_0 .net "n430", 0 0, L_0x5555818618f0;  1 drivers
v0x5555817aeb20_0 .net "n432", 0 0, L_0x555581861ac0;  1 drivers
v0x5555817b24b0_0 .net "n433", 0 0, L_0x555581861cc0;  1 drivers
v0x5555817b2570_0 .net "n434", 0 0, L_0x555581861d60;  1 drivers
v0x5555817b0da0_0 .net "n435", 0 0, L_0x555581861e20;  1 drivers
v0x5555817b0e40_0 .net "n436", 0 0, L_0x555581862030;  1 drivers
v0x555581702d90_0 .net "n438", 0 0, L_0x555581862300;  1 drivers
v0x5555817af240_0 .net "n439", 0 0, L_0x5555818623a0;  1 drivers
v0x5555817af2e0_0 .net "n440", 11 0, L_0x555581862460;  1 drivers
v0x5555817af630_0 .net "n441", 10 0, L_0x5555818626a0;  1 drivers
v0x5555817af6f0_0 .net "n443", 11 0, L_0x555581862740;  1 drivers
v0x5555817afa20_0 .var "n444", 3 0;
v0x5555817afb00_0 .var "n445", 0 0;
v0x5555817afe10_0 .var "n446", 11 0;
v0x5555817afef0_0 .var "n447", 11 0;
v0x5555817b01d0_0 .var "n448", 11 0;
v0x5555817b02b0_0 .var "n449", 0 0;
o0x7317d0ce39e8 .functor BUFZ 4, c4<zzzz>; HiZ drive
v0x5555817b05c0_0 .net "ps", 3 0, o0x7317d0ce39e8;  0 drivers
v0x5555817b06a0_0 .net "ps_d1", 3 0, v0x5555817afa20_0;  1 drivers
v0x5555817b09b0_0 .net "r", 11 0, L_0x55558185e3c0;  alias, 1 drivers
v0x5555817b0a70_0 .net "s", 3 0, L_0x5555817f6c30;  alias, 1 drivers
v0x5555817a76b0_0 .net "sticky", 0 0, L_0x55558185e430;  alias, 1 drivers
v0x5555817a7770_0 .net "stk", 0 0, L_0x55558185ee50;  1 drivers
v0x5555817b2870_0 .net "stk0", 0 0, L_0x55558185ebd0;  1 drivers
v0x5555817b2910_0 .net "stk0_d1", 0 0, v0x5555817b02b0_0;  1 drivers
v0x5555817b1190_0 .net "stk1", 0 0, L_0x55558185ea70;  1 drivers
v0x5555817b1250_0 .net "stk2", 0 0, L_0x55558185e850;  1 drivers
v0x5555817b1580_0 .net "stk3", 0 0, L_0x55558185e640;  1 drivers
v0x5555817b1620_0 .net "stk3_d1", 0 0, v0x5555817afb00_0;  1 drivers
v0x5555817a7a70_0 .net "x", 9 0, L_0x555581827540;  alias, 1 drivers
v0x5555817a7b50_0 .net "xpadded", 11 0, L_0x55558185e510;  1 drivers
L_0x55558185ef60 .concat [ 2 10 0 0], L_0x7317d0c98d08, L_0x555581827540;
L_0x55558185f0a0 .part L_0x55558185e580, 0, 8;
L_0x55558185f190 .cmp/ne 8, L_0x55558185f0a0, L_0x7317d0c98d50;
L_0x55558185f2d0 .part o0x7317d0ce39e8, 3, 1;
L_0x55558185edb0 .functor MUXZ 1, L_0x7317d0c98de0, L_0x7317d0c98d98, L_0x55558185f370, C4<>;
L_0x55558185f670 .part o0x7317d0ce39e8, 3, 1;
L_0x55558185f820 .functor MUXZ 12, L_0x55558185fa50, L_0x55558185e580, L_0x55558185f760, C4<>;
L_0x55558185f960 .part L_0x55558185e580, 8, 4;
L_0x55558185fa50 .concat [ 4 8 0 0], L_0x55558185f960, L_0x7317d0c98e28;
L_0x55558185fb90 .part v0x5555817afe10_0, 0, 4;
L_0x55558185fce0 .cmp/ne 4, L_0x55558185fb90, L_0x7317d0c98e70;
L_0x55558185fdd0 .part v0x5555817afa20_0, 2, 1;
L_0x555581860210 .functor MUXZ 1, L_0x7317d0c98f00, L_0x7317d0c98eb8, L_0x555581860100, C4<>;
L_0x5555818603f0 .part o0x7317d0ce39e8, 2, 1;
L_0x555581860630 .functor MUXZ 12, L_0x5555818608f0, L_0x55558185e720, L_0x55558185fec0, C4<>;
L_0x5555818607c0 .part L_0x55558185e720, 4, 8;
L_0x5555818608f0 .concat [ 8 4 0 0], L_0x5555818607c0, L_0x7317d0c98f48;
L_0x555581860a80 .part v0x5555817afef0_0, 0, 2;
L_0x555581860c10 .cmp/ne 2, L_0x555581860a80, L_0x7317d0c98f90;
L_0x555581860d50 .part v0x5555817afa20_0, 1, 1;
L_0x555581860b70 .functor MUXZ 1, L_0x7317d0c99020, L_0x7317d0c98fd8, L_0x555581860fb0, C4<>;
L_0x555581861290 .part o0x7317d0ce39e8, 1, 1;
L_0x555581861460 .functor MUXZ 12, L_0x555581861760, L_0x55558185e920, L_0x5555818613f0, C4<>;
L_0x5555818615f0 .part L_0x55558185e920, 2, 10;
L_0x555581861760 .concat [ 10 2 0 0], L_0x5555818615f0, L_0x7317d0c99068;
L_0x5555818618f0 .part v0x5555817b01d0_0, 0, 1;
L_0x555581861cc0 .part v0x5555817afa20_0, 0, 1;
L_0x555581862030 .functor MUXZ 1, L_0x7317d0c99140, L_0x7317d0c990f8, L_0x555581861e20, C4<>;
L_0x555581862300 .part v0x5555817afa20_0, 0, 1;
L_0x555581862460 .functor MUXZ 12, L_0x555581862740, v0x5555817b01d0_0, L_0x5555818623a0, C4<>;
L_0x5555818626a0 .part v0x5555817b01d0_0, 1, 11;
L_0x555581862740 .concat [ 11 1 0 0], L_0x5555818626a0, L_0x7317d0c99188;
S_0x555581830040 .scope module, "roundingadder" "intadder_18_freq500_uid11" 2 1463, 2 1 0, S_0x555581834190;
 .timescale 0 0;
    .port_info 0 /INPUT 1 "clk";
    .port_info 1 /INPUT 18 "x";
    .port_info 2 /INPUT 18 "y";
    .port_info 3 /INPUT 1 "cin";
    .port_info 4 /OUTPUT 18 "r";
L_0x55558186cf30 .functor BUFZ 18, L_0x55558186cfa0, C4<000000000000000000>, C4<000000000000000000>, C4<000000000000000000>;
L_0x55558186cfa0 .functor BUFZ 18, L_0x55558186d610, C4<000000000000000000>, C4<000000000000000000>, C4<000000000000000000>;
L_0x55558186d060 .functor BUFZ 18, v0x5555817ae730_0, C4<000000000000000000>, C4<000000000000000000>, C4<000000000000000000>;
L_0x55558186d0d0 .functor BUFZ 18, v0x5555817ae280_0, C4<000000000000000000>, C4<000000000000000000>, C4<000000000000000000>;
L_0x55558186d140 .functor BUFZ 18, v0x5555817ae360_0, C4<000000000000000000>, C4<000000000000000000>, C4<000000000000000000>;
L_0x55558186d1b0 .functor BUFZ 18, v0x5555817ade90_0, C4<000000000000000000>, C4<000000000000000000>, C4<000000000000000000>;
L_0x55558186d220 .functor BUFZ 18, v0x5555817adf50_0, C4<000000000000000000>, C4<000000000000000000>, C4<000000000000000000>;
L_0x55558186d290 .functor BUFZ 18, v0x5555817adad0_0, C4<000000000000000000>, C4<000000000000000000>, C4<000000000000000000>;
L_0x7317d0c99b60 .functor BUFT 1, C4<00000000000000000>, C4<0>, C4<0>, C4<0>;
v0x5555817b1a20_0 .net/2u *"_ivl_20", 16 0, L_0x7317d0c99b60;  1 drivers
v0x5555817b1d30_0 .net "cin", 0 0, L_0x555581815340;  alias, 1 drivers
v0x5555817b1df0_0 .net "clk", 0 0, o0x7317d0ce11f8;  alias, 0 drivers
v0x5555817b20f0_0 .net "n582", 17 0, L_0x55558186d3c0;  1 drivers
v0x5555817b21b0_0 .net "n583", 17 0, L_0x55558186d520;  1 drivers
v0x5555817ae670_0 .net "n584", 17 0, L_0x55558186d610;  1 drivers
v0x5555817ae730_0 .var "n585", 17 0;
v0x5555817ae280_0 .var "n586", 17 0;
v0x5555817ae360_0 .var "n587", 17 0;
v0x5555817ade90_0 .var "n588", 17 0;
v0x5555817adf50_0 .var "n589", 17 0;
v0x5555817adad0_0 .var "n590", 17 0;
v0x5555817adbb0_0 .var "n591", 17 0;
v0x5555817ad6e0_0 .net "r", 17 0, L_0x55558186cf30;  alias, 1 drivers
v0x5555817ad7c0_0 .net "rtmp", 17 0, L_0x55558186cfa0;  1 drivers
v0x555581820e80_0 .net "x", 17 0, L_0x555581816e00;  alias, 1 drivers
L_0x7317d0c99ba8 .functor BUFT 1, C4<000000000000000000>, C4<0>, C4<0>, C4<0>;
v0x555581820f60_0 .net "y", 17 0, L_0x7317d0c99ba8;  1 drivers
v0x5555817acf30_0 .net "y_d1", 17 0, L_0x55558186d060;  1 drivers
v0x5555817ad010_0 .net "y_d2", 17 0, L_0x55558186d0d0;  1 drivers
v0x5555817acb40_0 .net "y_d3", 17 0, L_0x55558186d140;  1 drivers
v0x5555817acc20_0 .net "y_d4", 17 0, L_0x55558186d1b0;  1 drivers
v0x5555817a72f0_0 .net "y_d5", 17 0, L_0x55558186d220;  1 drivers
v0x5555817a73d0_0 .net "y_d6", 17 0, L_0x55558186d290;  1 drivers
v0x5555817ac750_0 .net "y_d7", 17 0, v0x5555817adbb0_0;  1 drivers
L_0x55558186d3c0 .arith/sum 18, L_0x555581816e00, v0x5555817adbb0_0;
L_0x55558186d520 .concat [ 1 17 0 0], L_0x555581815340, L_0x7317d0c99b60;
L_0x55558186d610 .arith/sum 18, L_0x55558186d3c0, L_0x55558186d520;
    .scope S_0x55558182f850;
T_0 ;
    %wait E_0x5555816d83c0;
    %load/vec4 v0x5555817b05c0_0;
    %assign/vec4 v0x5555817afa20_0, 0;
    %jmp T_0;
    .thread T_0;
    .scope S_0x55558182f850;
T_1 ;
    %wait E_0x5555816d83c0;
    %load/vec4 v0x5555817b1580_0;
    %assign/vec4 v0x5555817afb00_0, 0;
    %jmp T_1;
    .thread T_1;
    .scope S_0x55558182f850;
T_2 ;
    %wait E_0x5555816d83c0;
    %load/vec4 v0x5555817cb660_0;
    %assign/vec4 v0x5555817afe10_0, 0;
    %jmp T_2;
    .thread T_2;
    .scope S_0x55558182f850;
T_3 ;
    %wait E_0x5555816d83c0;
    %load/vec4 v0x5555817cc280_0;
    %assign/vec4 v0x5555817afef0_0, 0;
    %jmp T_3;
    .thread T_3;
    .scope S_0x55558182f850;
T_4 ;
    %wait E_0x5555816d83c0;
    %load/vec4 v0x5555817ccea0_0;
    %assign/vec4 v0x5555817b01d0_0, 0;
    %jmp T_4;
    .thread T_4;
    .scope S_0x55558182f850;
T_5 ;
    %wait E_0x5555816d83c0;
    %load/vec4 v0x5555817b2870_0;
    %assign/vec4 v0x5555817b02b0_0, 0;
    %jmp T_5;
    .thread T_5;
    .scope S_0x55558182e010;
T_6 ;
    %wait E_0x5555816d83c0;
    %load/vec4 v0x555581822ff0_0;
    %assign/vec4 v0x5555817c3f00_0, 0;
    %jmp T_6;
    .thread T_6;
    .scope S_0x55558182e010;
T_7 ;
    %wait E_0x5555816d83c0;
    %load/vec4 v0x5555817ef3a0_0;
    %assign/vec4 v0x5555817c3fc0_0, 0;
    %jmp T_7;
    .thread T_7;
    .scope S_0x55558182e010;
T_8 ;
    %wait E_0x5555816d83c0;
    %load/vec4 v0x5555817eece0_0;
    %assign/vec4 v0x5555817c38b0_0, 0;
    %jmp T_8;
    .thread T_8;
    .scope S_0x55558182e010;
T_9 ;
    %wait E_0x5555816d83c0;
    %load/vec4 v0x5555817ed420_0;
    %assign/vec4 v0x5555817c3460_0, 0;
    %jmp T_9;
    .thread T_9;
    .scope S_0x55558182e010;
T_10 ;
    %wait E_0x5555816d83c0;
    %load/vec4 v0x5555817ec880_0;
    %assign/vec4 v0x55558167cfe0_0, 0;
    %jmp T_10;
    .thread T_10;
    .scope S_0x55558182e010;
T_11 ;
    %wait E_0x5555816d83c0;
    %load/vec4 v0x5555817f69a0_0;
    %assign/vec4 v0x55558167d0c0_0, 0;
    %jmp T_11;
    .thread T_11;
    .scope S_0x55558182e010;
T_12 ;
    %wait E_0x5555816d83c0;
    %load/vec4 v0x5555817f50e0_0;
    %assign/vec4 v0x5555817c3500_0, 0;
    %jmp T_12;
    .thread T_12;
    .scope S_0x55558182e010;
T_13 ;
    %wait E_0x5555816d83c0;
    %load/vec4 v0x5555817eb540_0;
    %assign/vec4 v0x5555817c2080_0, 0;
    %jmp T_13;
    .thread T_13;
    .scope S_0x55558182e010;
T_14 ;
    %wait E_0x5555816d83c0;
    %load/vec4 v0x5555817eae80_0;
    %assign/vec4 v0x5555817c1840_0, 0;
    %jmp T_14;
    .thread T_14;
    .scope S_0x55558182e010;
T_15 ;
    %wait E_0x5555816d83c0;
    %load/vec4 v0x5555817e99c0_0;
    %assign/vec4 v0x5555817c1090_0, 0;
    %jmp T_15;
    .thread T_15;
    .scope S_0x55558182e010;
T_16 ;
    %wait E_0x5555816d83c0;
    %load/vec4 v0x5555817e8e00_0;
    %assign/vec4 v0x5555817c0680_0, 0;
    %jmp T_16;
    .thread T_16;
    .scope S_0x55558182e010;
T_17 ;
    %wait E_0x5555816d83c0;
    %load/vec4 v0x5555817f3930_0;
    %assign/vec4 v0x5555817bf8e0_0, 0;
    %jmp T_17;
    .thread T_17;
    .scope S_0x55558182e010;
T_18 ;
    %wait E_0x5555816d83c0;
    %load/vec4 v0x5555817f31e0_0;
    %assign/vec4 v0x5555817bde80_0, 0;
    %jmp T_18;
    .thread T_18;
    .scope S_0x55558182ec30;
T_19 ;
    %wait E_0x5555816d83c0;
    %load/vec4 v0x55558182d4d0_0;
    %assign/vec4 v0x5555816e9920_0, 0;
    %jmp T_19;
    .thread T_19;
    .scope S_0x55558182ec30;
T_20 ;
    %wait E_0x5555816d83c0;
    %load/vec4 v0x5555818087d0_0;
    %assign/vec4 v0x5555817d8c70_0, 0;
    %jmp T_20;
    .thread T_20;
    .scope S_0x55558182ec30;
T_21 ;
    %wait E_0x5555816d83c0;
    %load/vec4 v0x555581806980_0;
    %assign/vec4 v0x5555817d8d30_0, 0;
    %jmp T_21;
    .thread T_21;
    .scope S_0x55558182ec30;
T_22 ;
    %wait E_0x5555816d83c0;
    %load/vec4 v0x555581818520_0;
    %assign/vec4 v0x5555817d8050_0, 0;
    %jmp T_22;
    .thread T_22;
    .scope S_0x55558182ec30;
T_23 ;
    %wait E_0x5555816d83c0;
    %load/vec4 v0x555581802b30_0;
    %assign/vec4 v0x5555817d8110_0, 0;
    %jmp T_23;
    .thread T_23;
    .scope S_0x55558182ec30;
T_24 ;
    %wait E_0x5555816d83c0;
    %load/vec4 v0x555581805940_0;
    %assign/vec4 v0x5555817d7430_0, 0;
    %jmp T_24;
    .thread T_24;
    .scope S_0x55558182ec30;
T_25 ;
    %wait E_0x5555816d83c0;
    %load/vec4 v0x555581819d40_0;
    %assign/vec4 v0x5555817d7510_0, 0;
    %jmp T_25;
    .thread T_25;
    .scope S_0x555581830040;
T_26 ;
    %wait E_0x5555816d83c0;
    %load/vec4 v0x555581820f60_0;
    %assign/vec4 v0x5555817ae730_0, 0;
    %jmp T_26;
    .thread T_26;
    .scope S_0x555581830040;
T_27 ;
    %wait E_0x5555816d83c0;
    %load/vec4 v0x5555817acf30_0;
    %assign/vec4 v0x5555817ae280_0, 0;
    %jmp T_27;
    .thread T_27;
    .scope S_0x555581830040;
T_28 ;
    %wait E_0x5555816d83c0;
    %load/vec4 v0x5555817ad010_0;
    %assign/vec4 v0x5555817ae360_0, 0;
    %jmp T_28;
    .thread T_28;
    .scope S_0x555581830040;
T_29 ;
    %wait E_0x5555816d83c0;
    %load/vec4 v0x5555817acb40_0;
    %assign/vec4 v0x5555817ade90_0, 0;
    %jmp T_29;
    .thread T_29;
    .scope S_0x555581830040;
T_30 ;
    %wait E_0x5555816d83c0;
    %load/vec4 v0x5555817acc20_0;
    %assign/vec4 v0x5555817adf50_0, 0;
    %jmp T_30;
    .thread T_30;
    .scope S_0x555581830040;
T_31 ;
    %wait E_0x5555816d83c0;
    %load/vec4 v0x5555817a72f0_0;
    %assign/vec4 v0x5555817adad0_0, 0;
    %jmp T_31;
    .thread T_31;
    .scope S_0x555581830040;
T_32 ;
    %wait E_0x5555816d83c0;
    %load/vec4 v0x5555817a73d0_0;
    %assign/vec4 v0x5555817adbb0_0, 0;
    %jmp T_32;
    .thread T_32;
    .scope S_0x555581834190;
T_33 ;
    %wait E_0x5555816d8070;
    %load/vec4 v0x55558180dcf0_0;
    %dup/vec4;
    %pushi/vec4 4, 0, 3;
    %cmp/u;
    %jmp/1 T_33.0, 6;
    %dup/vec4;
    %pushi/vec4 2, 0, 3;
    %cmp/u;
    %jmp/1 T_33.1, 6;
    %dup/vec4;
    %pushi/vec4 1, 0, 3;
    %cmp/u;
    %jmp/1 T_33.2, 6;
    %pushi/vec4 3, 0, 2;
    %store/vec4 v0x55558180ddd0_0, 0, 2;
    %jmp T_33.4;
T_33.0 ;
    %pushi/vec4 2, 0, 2;
    %store/vec4 v0x55558180ddd0_0, 0, 2;
    %jmp T_33.4;
T_33.1 ;
    %pushi/vec4 1, 0, 2;
    %store/vec4 v0x55558180ddd0_0, 0, 2;
    %jmp T_33.4;
T_33.2 ;
    %pushi/vec4 0, 0, 2;
    %store/vec4 v0x55558180ddd0_0, 0, 2;
    %jmp T_33.4;
T_33.4 ;
    %pop/vec4 1;
    %jmp T_33;
    .thread T_33, $push;
    .scope S_0x555581834190;
T_34 ;
    %wait E_0x5555816d7d20;
    %load/vec4 v0x55558182cc70_0;
    %dup/vec4;
    %pushi/vec4 4, 0, 3;
    %cmp/u;
    %jmp/1 T_34.0, 6;
    %dup/vec4;
    %pushi/vec4 2, 0, 3;
    %cmp/u;
    %jmp/1 T_34.1, 6;
    %dup/vec4;
    %pushi/vec4 1, 0, 3;
    %cmp/u;
    %jmp/1 T_34.2, 6;
    %pushi/vec4 3, 0, 2;
    %store/vec4 v0x55558182cd50_0, 0, 2;
    %jmp T_34.4;
T_34.0 ;
    %pushi/vec4 2, 0, 2;
    %store/vec4 v0x55558182cd50_0, 0, 2;
    %jmp T_34.4;
T_34.1 ;
    %pushi/vec4 1, 0, 2;
    %store/vec4 v0x55558182cd50_0, 0, 2;
    %jmp T_34.4;
T_34.2 ;
    %pushi/vec4 0, 0, 2;
    %store/vec4 v0x55558182cd50_0, 0, 2;
    %jmp T_34.4;
T_34.4 ;
    %pop/vec4 1;
    %jmp T_34;
    .thread T_34, $push;
    .scope S_0x555581834190;
T_35 ;
    %wait E_0x5555816d83c0;
    %load/vec4 v0x5555817b38b0_0;
    %assign/vec4 v0x5555818239a0_0, 0;
    %jmp T_35;
    .thread T_35;
    .scope S_0x555581834190;
T_36 ;
    %wait E_0x5555816d83c0;
    %load/vec4 v0x5555817cf7a0_0;
    %assign/vec4 v0x555581823a80_0, 0;
    %jmp T_36;
    .thread T_36;
    .scope S_0x555581834190;
T_37 ;
    %wait E_0x5555816d83c0;
    %load/vec4 v0x5555817b2c60_0;
    %assign/vec4 v0x555581823590_0, 0;
    %jmp T_37;
    .thread T_37;
    .scope S_0x555581834190;
T_38 ;
    %wait E_0x5555816d83c0;
    %load/vec4 v0x5555817a7e30_0;
    %assign/vec4 v0x555581823670_0, 0;
    %jmp T_38;
    .thread T_38;
    .scope S_0x555581834190;
T_39 ;
    %wait E_0x5555816d83c0;
    %load/vec4 v0x5555817c6470_0;
    %assign/vec4 v0x5555818231a0_0, 0;
    %jmp T_39;
    .thread T_39;
    .scope S_0x555581834190;
T_40 ;
    %wait E_0x5555816d83c0;
    %load/vec4 v0x5555817c5670_0;
    %assign/vec4 v0x555581823260_0, 0;
    %jmp T_40;
    .thread T_40;
    .scope S_0x555581834190;
T_41 ;
    %wait E_0x5555816d83c0;
    %load/vec4 v0x5555817b6980_0;
    %assign/vec4 v0x5555818223e0_0, 0;
    %jmp T_41;
    .thread T_41;
    .scope S_0x555581834190;
T_42 ;
    %wait E_0x5555816d83c0;
    %load/vec4 v0x5555817b6a40_0;
    %assign/vec4 v0x5555818224a0_0, 0;
    %jmp T_42;
    .thread T_42;
    .scope S_0x555581834190;
T_43 ;
    %wait E_0x5555816d83c0;
    %load/vec4 v0x5555817b6590_0;
    %assign/vec4 v0x555581821aa0_0, 0;
    %jmp T_43;
    .thread T_43;
    .scope S_0x555581834190;
T_44 ;
    %wait E_0x5555816d83c0;
    %load/vec4 v0x5555817b6650_0;
    %assign/vec4 v0x555581821b60_0, 0;
    %jmp T_44;
    .thread T_44;
    .scope S_0x555581834190;
T_45 ;
    %wait E_0x5555816d83c0;
    %load/vec4 v0x5555817a81f0_0;
    %assign/vec4 v0x5555818203e0_0, 0;
    %jmp T_45;
    .thread T_45;
    .scope S_0x555581834190;
T_46 ;
    %wait E_0x5555816d83c0;
    %load/vec4 v0x5555817a8290_0;
    %assign/vec4 v0x5555818204a0_0, 0;
    %jmp T_46;
    .thread T_46;
    .scope S_0x555581834190;
T_47 ;
    %wait E_0x5555816d83c0;
    %load/vec4 v0x5555817b61a0_0;
    %assign/vec4 v0x55558181efa0_0, 0;
    %jmp T_47;
    .thread T_47;
    .scope S_0x555581834190;
T_48 ;
    %wait E_0x5555816d83c0;
    %load/vec4 v0x5555817c2c40_0;
    %assign/vec4 v0x55558181f060_0, 0;
    %jmp T_48;
    .thread T_48;
    .scope S_0x555581834190;
T_49 ;
    %wait E_0x5555816d83c0;
    %load/vec4 v0x5555817b4e50_0;
    %assign/vec4 v0x55558181eba0_0, 0;
    %jmp T_49;
    .thread T_49;
    .scope S_0x555581834190;
T_50 ;
    %wait E_0x5555816d83c0;
    %load/vec4 v0x5555817b4a90_0;
    %assign/vec4 v0x55558181ec80_0, 0;
    %jmp T_50;
    .thread T_50;
    .scope S_0x555581834190;
T_51 ;
    %wait E_0x5555816d83c0;
    %load/vec4 v0x5555817b4b50_0;
    %assign/vec4 v0x55558181e450_0, 0;
    %jmp T_51;
    .thread T_51;
    .scope S_0x555581834190;
T_52 ;
    %wait E_0x5555816d83c0;
    %load/vec4 v0x5555817b46d0_0;
    %assign/vec4 v0x55558181e530_0, 0;
    %jmp T_52;
    .thread T_52;
    .scope S_0x555581834190;
T_53 ;
    %wait E_0x5555816d83c0;
    %load/vec4 v0x5555817b47b0_0;
    %assign/vec4 v0x55558181db70_0, 0;
    %jmp T_53;
    .thread T_53;
    .scope S_0x555581834190;
T_54 ;
    %wait E_0x5555816d83c0;
    %load/vec4 v0x5555817b4310_0;
    %assign/vec4 v0x55558181dc50_0, 0;
    %jmp T_54;
    .thread T_54;
    .scope S_0x555581834190;
T_55 ;
    %wait E_0x5555816d83c0;
    %load/vec4 v0x5555817b43d0_0;
    %assign/vec4 v0x55558181d3e0_0, 0;
    %jmp T_55;
    .thread T_55;
    .scope S_0x555581834190;
T_56 ;
    %wait E_0x5555816d83c0;
    %load/vec4 v0x5555817cafa0_0;
    %assign/vec4 v0x55558181d4c0_0, 0;
    %jmp T_56;
    .thread T_56;
    .scope S_0x555581834190;
T_57 ;
    %wait E_0x5555816d83c0;
    %load/vec4 v0x5555817c8eb0_0;
    %assign/vec4 v0x5555817fcad0_0, 0;
    %jmp T_57;
    .thread T_57;
    .scope S_0x555581834190;
T_58 ;
    %wait E_0x5555816d83c0;
    %load/vec4 v0x5555817c8f70_0;
    %assign/vec4 v0x5555817fcb90_0, 0;
    %jmp T_58;
    .thread T_58;
    .scope S_0x555581834190;
T_59 ;
    %wait E_0x5555816d83c0;
    %load/vec4 v0x5555817c8290_0;
    %assign/vec4 v0x5555817fc6c0_0, 0;
    %jmp T_59;
    .thread T_59;
    .scope S_0x555581834190;
T_60 ;
    %wait E_0x5555816d83c0;
    %load/vec4 v0x5555817c8350_0;
    %assign/vec4 v0x5555817fc780_0, 0;
    %jmp T_60;
    .thread T_60;
    .scope S_0x555581834190;
T_61 ;
    %wait E_0x5555816d83c0;
    %load/vec4 v0x5555817c7670_0;
    %assign/vec4 v0x5555817fc3c0_0, 0;
    %jmp T_61;
    .thread T_61;
    .scope S_0x555581834190;
T_62 ;
    %wait E_0x5555816d83c0;
    %load/vec4 v0x5555817c3ae0_0;
    %assign/vec4 v0x5555817fc480_0, 0;
    %jmp T_62;
    .thread T_62;
    .scope S_0x555581834190;
T_63 ;
    %wait E_0x5555816d83c0;
    %load/vec4 v0x5555817b5db0_0;
    %assign/vec4 v0x5555817fbc90_0, 0;
    %jmp T_63;
    .thread T_63;
    .scope S_0x555581834190;
T_64 ;
    %wait E_0x5555816d83c0;
    %load/vec4 v0x5555817ceb80_0;
    %assign/vec4 v0x5555817fbd70_0, 0;
    %jmp T_64;
    .thread T_64;
    .scope S_0x555581834190;
T_65 ;
    %wait E_0x5555816d83c0;
    %load/vec4 v0x5555818261a0_0;
    %assign/vec4 v0x5555817faf10_0, 0;
    %jmp T_65;
    .thread T_65;
    .scope S_0x555581834190;
T_66 ;
    %wait E_0x5555816d83c0;
    %load/vec4 v0x555581826280_0;
    %assign/vec4 v0x5555817faff0_0, 0;
    %jmp T_66;
    .thread T_66;
    .scope S_0x555581834190;
T_67 ;
    %wait E_0x5555816d83c0;
    %load/vec4 v0x555581825db0_0;
    %assign/vec4 v0x5555817f97e0_0, 0;
    %jmp T_67;
    .thread T_67;
    .scope S_0x555581834190;
T_68 ;
    %wait E_0x5555816d83c0;
    %load/vec4 v0x555581825e90_0;
    %assign/vec4 v0x5555817f98c0_0, 0;
    %jmp T_68;
    .thread T_68;
    .scope S_0x555581834190;
T_69 ;
    %wait E_0x5555816d83c0;
    %load/vec4 v0x5555818259c0_0;
    %assign/vec4 v0x5555817e37f0_0, 0;
    %jmp T_69;
    .thread T_69;
    .scope S_0x555581834190;
T_70 ;
    %wait E_0x5555816d83c0;
    %load/vec4 v0x555581825aa0_0;
    %assign/vec4 v0x5555817e38d0_0, 0;
    %jmp T_70;
    .thread T_70;
    .scope S_0x555581834190;
T_71 ;
    %wait E_0x5555816d83c0;
    %load/vec4 v0x5555817b59c0_0;
    %assign/vec4 v0x5555817e3020_0, 0;
    %jmp T_71;
    .thread T_71;
    .scope S_0x555581834190;
T_72 ;
    %wait E_0x5555816d83c0;
    %load/vec4 v0x5555817b5a80_0;
    %assign/vec4 v0x5555817e30e0_0, 0;
    %jmp T_72;
    .thread T_72;
    .scope S_0x555581834190;
T_73 ;
    %wait E_0x5555816d83c0;
    %load/vec4 v0x555581826d70_0;
    %assign/vec4 v0x5555817e2650_0, 0;
    %jmp T_73;
    .thread T_73;
    .scope S_0x555581834190;
T_74 ;
    %wait E_0x5555816d83c0;
    %load/vec4 v0x5555817b3020_0;
    %assign/vec4 v0x5555817e2730_0, 0;
    %jmp T_74;
    .thread T_74;
    .scope S_0x555581834190;
T_75 ;
    %wait E_0x5555816d83c0;
    %load/vec4 v0x5555817b3b90_0;
    %assign/vec4 v0x5555817e12c0_0, 0;
    %jmp T_75;
    .thread T_75;
    .scope S_0x555581834190;
T_76 ;
    %wait E_0x5555816d83c0;
    %load/vec4 v0x5555817ca2c0_0;
    %assign/vec4 v0x5555817e13a0_0, 0;
    %jmp T_76;
    .thread T_76;
# The file index is used to find the file name in the following table.
:file_names 3;
    "N/A";
    "<interactive>";
    "fpaddmsfp_ghdl.v";
